==============================================================
File generated by Vivado(TM) HLS - High-Level Synthesis from C, C++ and SystemC
Version: 2016.1
Copyright (C) 1986-2016 Xilinx, Inc. All Rights Reserved.

==============================================================

@I [SYN-201] Setting up clock 'default' with a period of 10ns.
@I [HLS-10] Setting target device to 'xc7a100tcsg324-1'
@I [HLS-10] Analyzing design file 'shellSort.c' ... 
@I [HLS-10] Validating synthesis directives ...
@I [HLS-10] Starting code transformations ...
@I [HLS-10] Checking synthesizability ...
@I [XFORM-602] Inlining function 'swap' into 'shellSort' (shellSort.c:63) automatically.
@I [XFORM-602] Inlining function 'swap' into 'shellSort' (shellSort.c:63) automatically.
@I [HLS-111] Elapsed time: 9.112 seconds; current memory usage: 71.3 MB.
@I [HLS-10] Starting hardware synthesis ...
@I [HLS-10] Synthesizing 'shellSort' ...
@I [HLS-10] ----------------------------------------------------------------
@I [HLS-10] -- Scheduling module 'shellSort' 
@I [HLS-10] ----------------------------------------------------------------
@I [SCHED-11] Starting scheduling ...
@I [SCHED-11] Finished scheduling.
@I [HLS-111] Elapsed time: 0.079 seconds; current memory usage: 72.5 MB.
@I [HLS-10] ----------------------------------------------------------------
@I [HLS-10] -- Exploring micro-architecture for module 'shellSort' 
@I [HLS-10] ----------------------------------------------------------------
@I [BIND-100] Starting micro-architecture generation ...
@I [BIND-101] Performing variable lifetime analysis.
@I [BIND-101] Exploring resource sharing.
@I [BIND-101] Binding ...
@I [BIND-100] Finished micro-architecture generation.
@I [HLS-111] Elapsed time: 0.049 seconds; current memory usage: 72.5 MB.
@I [HLS-10] ----------------------------------------------------------------
@I [HLS-10] -- Generating RTL for module 'shellSort' 
@I [HLS-10] ----------------------------------------------------------------
@I [RTGEN-500] Setting interface mode on port 'shellSort/A' to 'ap_memory'.
@I [RTGEN-500] Setting interface mode on function 'shellSort' to 'ap_ctrl_hs'.
@I [RTGEN-100] Generating core module 'shellSort_fcmp_32ns_32ns_1_1': 1 instance(s).
@I [RTGEN-100] Finished creating RTL model for 'shellSort'.
@I [HLS-111] Elapsed time: 0.085 seconds; current memory usage: 72.5 MB.
@I [HLS-10] Finished generating all RTL models.
@I [SYSC-301] Generating SystemC RTL for shellSort.
@I [VHDL-304] Generating VHDL RTL for shellSort.
@I [VLOG-307] Generating Verilog RTL for shellSort.
@I [HLS-112] Total elapsed time: 10.68 seconds; peak memory usage: 72.5 MB.
