

================================================================
== Vivado HLS Report for 'shellSort'
================================================================
* Date:           Thu Jun 24 12:48:49 2021

* Version:        2016.1 (Build 1538259 on Fri Apr 08 16:12:49 MDT 2016)
* Project:        shellSort
* Solution:       solution1
* Product family: artix7
* Target device:  xc7a100tcsg324-1


================================================================
== Performance Estimates
================================================================
+ Timing (ns): 
    * Summary: 
    +--------+-------+----------+------------+
    |  Clock | Target| Estimated| Uncertainty|
    +--------+-------+----------+------------+
    |ap_clk  |  10.00|      7.74|        1.25|
    +--------+-------+----------+------------+

+ Latency (clock cycles): 
    * Summary: 
    +-----+-----+-----+-----+---------+
    |  Latency  |  Interval | Pipeline|
    | min | max | min | max |   Type  |
    +-----+-----+-----+-----+---------+
    |    ?|    ?|    ?|    ?|   none  |
    +-----+-----+-----+-----+---------+

    + Detail: 
        * Instance: 
        N/A

        * Loop: 
        +----------+-----+-----+----------+-----------+-----------+------+----------+
        |          |  Latency  | Iteration|  Initiation Interval  | Trip |          |
        | Loop Name| min | max |  Latency |  achieved |   target  | Count| Pipelined|
        +----------+-----+-----+----------+-----------+-----------+------+----------+
        |- Loop 1  |    ?|    ?|         5|          -|          -|     ?|    no    |
        +----------+-----+-----+----------+-----------+-----------+------+----------+



================================================================
== Utilization Estimates
================================================================
* Summary: 
+-----------------+---------+-------+--------+-------+
|       Name      | BRAM_18K| DSP48E|   FF   |  LUT  |
+-----------------+---------+-------+--------+-------+
|DSP              |        -|      -|       -|      -|
|Expression       |        -|      -|       0|    176|
|FIFO             |        -|      -|       -|      -|
|Instance         |        -|      0|      66|     70|
|Memory           |        -|      -|       -|      -|
|Multiplexer      |        -|      -|       -|     45|
|Register         |        -|      -|     179|      -|
+-----------------+---------+-------+--------+-------+
|Total            |        0|      0|     245|    291|
+-----------------+---------+-------+--------+-------+
|Available        |      270|    240|  126800|  63400|
+-----------------+---------+-------+--------+-------+
|Utilization (%)  |        0|      0|   ~0   |   ~0  |
+-----------------+---------+-------+--------+-------+

+ Detail: 
    * Instance: 
    +---------------------------------+------------------------------+---------+-------+----+----+
    |             Instance            |            Module            | BRAM_18K| DSP48E| FF | LUT|
    +---------------------------------+------------------------------+---------+-------+----+----+
    |shellSort_fcmp_32ns_32ns_1_1_U0  |shellSort_fcmp_32ns_32ns_1_1  |        0|      0|  66|  70|
    +---------------------------------+------------------------------+---------+-------+----+----+
    |Total                            |                              |        0|      0|  66|  70|
    +---------------------------------+------------------------------+---------+-------+----+----+

    * DSP48: 
    N/A

    * Memory: 
    N/A

    * FIFO: 
    N/A

    * Expression: 
    +-------------------+----------+-------+---+----+------------+------------+
    |   Variable Name   | Operation| DSP48E| FF| LUT| Bitwidth P0| Bitwidth P1|
    +-------------------+----------+-------+---+----+------------+------------+
    |index_1_fu_206_p2  |     +    |      0|  0|  32|          32|           1|
    |index_2_fu_106_p2  |     +    |      0|  0|  32|           2|          32|
    |index_fu_88_p2     |     +    |      0|  0|  32|           1|          32|
    |tmp_11_fu_192_p2   |    and   |      0|  0|   1|           1|           1|
    |tmp_s_fu_186_p2    |    and   |      0|  0|   1|           1|           1|
    |notlhs1_fu_168_p2  |   icmp   |      0|  0|   3|           8|           2|
    |notlhs_fu_150_p2   |   icmp   |      0|  0|   3|           8|           2|
    |notrhs2_fu_174_p2  |   icmp   |      0|  0|   8|          23|           1|
    |notrhs_fu_156_p2   |   icmp   |      0|  0|   8|          23|           1|
    |tmp_2_fu_82_p2     |   icmp   |      0|  0|  11|          32|           1|
    |tmp_fu_76_p2       |   icmp   |      0|  0|  11|          32|           6|
    |tmp_8_fu_162_p2    |    or    |      0|  0|   1|           1|           1|
    |tmp_9_fu_180_p2    |    or    |      0|  0|   1|           1|           1|
    |i_assign_fu_94_p3  |  select  |      0|  0|  32|           1|          32|
    +-------------------+----------+-------+---+----+------------+------------+
    |Total              |          |      0|  0| 176|         166|         114|
    +-------------------+----------+-------+---+----+------------+------------+

    * Multiplexer: 
    +---------------+----+-----------+-----+-----------+
    |      Name     | LUT| Input Size| Bits| Total Bits|
    +---------------+----+-----------+-----+-----------+
    |A_address0     |   6|          4|    6|         24|
    |A_address1     |   6|          3|    6|         18|
    |ap_NS_fsm      |   1|          7|    1|          7|
    |index_3_fu_28  |  32|          3|   32|         96|
    +---------------+----+-----------+-----+-----------+
    |Total          |  45|         17|   45|        145|
    +---------------+----+-----------+-----+-----------+

    * Register: 
    +------------------+----+----+-----+-----------+
    |       Name       | FF | LUT| Bits| Const Bits|
    +------------------+----+----+-----+-----------+
    |A_addr_1_reg_245  |   6|   0|    6|          0|
    |A_addr_2_reg_268  |   6|   0|    6|          0|
    |A_load_1_reg_257  |  32|   0|   32|          0|
    |A_load_reg_251    |  32|   0|   32|          0|
    |ap_CS_fsm         |   6|   0|    6|          0|
    |i_assign_reg_227  |  32|   0|   32|          0|
    |index_2_reg_240   |  32|   0|   32|          0|
    |index_3_fu_28     |  32|   0|   32|          0|
    |tmp_11_reg_264    |   1|   0|    1|          0|
    +------------------+----+----+-----+-----------+
    |Total             | 179|   0|  179|          0|
    +------------------+----+----+-----+-----------+



================================================================
== Interface
================================================================
* Summary: 
+------------+-----+-----+------------+--------------+--------------+
|  RTL Ports | Dir | Bits|  Protocol  | Source Object|    C Type    |
+------------+-----+-----+------------+--------------+--------------+
|ap_clk      |  in |    1| ap_ctrl_hs |   shellSort  | return value |
|ap_rst      |  in |    1| ap_ctrl_hs |   shellSort  | return value |
|ap_start    |  in |    1| ap_ctrl_hs |   shellSort  | return value |
|ap_done     | out |    1| ap_ctrl_hs |   shellSort  | return value |
|ap_idle     | out |    1| ap_ctrl_hs |   shellSort  | return value |
|ap_ready    | out |    1| ap_ctrl_hs |   shellSort  | return value |
|A_address0  | out |    6|  ap_memory |       A      |     array    |
|A_ce0       | out |    1|  ap_memory |       A      |     array    |
|A_we0       | out |    1|  ap_memory |       A      |     array    |
|A_d0        | out |   32|  ap_memory |       A      |     array    |
|A_q0        |  in |   32|  ap_memory |       A      |     array    |
|A_address1  | out |    6|  ap_memory |       A      |     array    |
|A_ce1       | out |    1|  ap_memory |       A      |     array    |
|A_we1       | out |    1|  ap_memory |       A      |     array    |
|A_d1        | out |   32|  ap_memory |       A      |     array    |
|A_q1        |  in |   32|  ap_memory |       A      |     array    |
+------------+-----+-----+------------+--------------+--------------+

