==============================================================
File generated by Vivado(TM) HLS - High-Level Synthesis from C, C++ and SystemC
Version: 2016.1
Copyright (C) 1986-2016 Xilinx, Inc. All Rights Reserved.

==============================================================

@I [SYN-201] Setting up clock 'default' with a period of 10ns.
@I [HLS-10] Setting target device to 'xc7a100tcsg324-1'
@I [SYN-201] Setting up clock 'default' with a period of 10ns.
@I [HLS-10] Analyzing design file 'mergeSort.c' ... 
@I [HLS-10] Validating synthesis directives ...
@I [HLS-10] Starting code transformations ...
@E [SYNCHK-74] Recursive functions are not supported: recursion found in the following functions 
               'mergeRecurv(mergeSort.c:16) --> 'mergeRecurv'(mergeSort.c:23:9)
@I [SYNCHK-10] 1 error(s), 0 warning(s).
@E [HLS-70] Synthesizability check failed.
@I [HLS-111] Elapsed time: 22.433 seconds; current memory usage: 277 MB.
command 'ap_source' returned error code
    while executing
"source C:/Users/aaron/Desktop/git_article/vivadoProjects/mergeSort/solution1/csynth.tcl"
    invoked from within
"hls::main C:/Users/aaron/Desktop/git_article/vivadoProjects/mergeSort/solution1/csynth.tcl"
    ("uplevel" body line 1)
    invoked from within
"uplevel 1 hls::main {*}$args"
    (procedure "hls_proc" line 5)
    invoked from within
"hls_proc $argv"
@I [HLS-112] Total elapsed time: 22.499 seconds; peak memory usage: 277 MB.
