Vivado Simulator 2016.1
Copyright 1986-1999, 2001-2016 Xilinx, Inc. All Rights Reserved.
Running: C:/Xilinx/Vivado/2016.1/bin/unwrapped/win64.o/xelab.exe xil_defaultlib.apatb_heapSort_top -prj heapSort.prj --lib ieee_proposed=./ieee_proposed -s heapSort -debug wave 
Multi-threading is on. Using 6 slave threads.
INFO: [VRFC 10-2263] Analyzing Verilog file "C:/Users/aaron/Desktop/git_article/vivadoProjects/heapSort/solution1/sim/verilog/heapSort.autotb.v" into library xil_defaultlib
INFO: [VRFC 10-311] analyzing module apatb_heapSort_top
INFO: [VRFC 10-2458] undeclared symbol ap_clk, assumed default net type wire [C:/Users/aaron/Desktop/git_article/vivadoProjects/heapSort/solution1/sim/verilog/heapSort.autotb.v:83]
INFO: [VRFC 10-2458] undeclared symbol ap_rst, assumed default net type wire [C:/Users/aaron/Desktop/git_article/vivadoProjects/heapSort/solution1/sim/verilog/heapSort.autotb.v:84]
INFO: [VRFC 10-2458] undeclared symbol ap_rst_n, assumed default net type wire [C:/Users/aaron/Desktop/git_article/vivadoProjects/heapSort/solution1/sim/verilog/heapSort.autotb.v:96]
INFO: [VRFC 10-2263] Analyzing Verilog file "C:/Users/aaron/Desktop/git_article/vivadoProjects/heapSort/solution1/sim/verilog/heapSort.v" into library xil_defaultlib
INFO: [VRFC 10-311] analyzing module heapSort
INFO: [VRFC 10-2263] Analyzing Verilog file "C:/Users/aaron/Desktop/git_article/vivadoProjects/heapSort/solution1/sim/verilog/heapSort_A.v" into library xil_defaultlib
INFO: [VRFC 10-311] analyzing module heapSort_A_ram
INFO: [VRFC 10-311] analyzing module heapSort_A
INFO: [VRFC 10-2263] Analyzing Verilog file "C:/Users/aaron/Desktop/git_article/vivadoProjects/heapSort/solution1/sim/verilog/heapSort_maxHeapify_noRecurv.v" into library xil_defaultlib
INFO: [VRFC 10-311] analyzing module heapSort_maxHeapify_noRecurv
Starting static elaboration
Completed static elaboration
Starting simulation data flow analysis
Completed simulation data flow analysis
Time Resolution for simulation is 1ps
Compiling module xil_defaultlib.heapSort_A_ram
Compiling module xil_defaultlib.heapSort_A(DataWidth=16,AddressR...
Compiling module xil_defaultlib.heapSort_maxHeapify_noRecurv
Compiling module xil_defaultlib.heapSort
Compiling module xil_defaultlib.apatb_heapSort_top
Built simulation snapshot heapSort
