   Compiling(apcc) ../../../../insertion_sort_tb.c in debug mode
INFO: [HLS 200-10] Running 'c:/Xilinx/Vivado_HLS/2016.1/bin/unwrapped/win64.o/apcc.exe'
INFO: [HLS 200-10] For user 'aaron' on host 'desktop-92aekaj' (Windows NT_amd64 version 6.2) on Mon Jul 05 14:00:45 -0700 2021
INFO: [HLS 200-10] In directory 'C:/Users/aaron/Desktop/git_article/vivadoProjects/insertion_sort/solution1/csim/build'
INFO: [APCC 202-3] Tmp directory is apcc_db
INFO: [APCC 202-1] APCC is done.
   Compiling(apcc) ../../../../insertion_sort.c in debug mode
INFO: [HLS 200-10] Running 'c:/Xilinx/Vivado_HLS/2016.1/bin/unwrapped/win64.o/apcc.exe'
INFO: [HLS 200-10] For user 'aaron' on host 'desktop-92aekaj' (Windows NT_amd64 version 6.2) on Mon Jul 05 14:00:50 -0700 2021
INFO: [HLS 200-10] In directory 'C:/Users/aaron/Desktop/git_article/vivadoProjects/insertion_sort/solution1/csim/build'
INFO: [APCC 202-3] Tmp directory is apcc_db
INFO: [APCC 202-1] APCC is done.
   Generating csim.exe
A[0] = 1.000000
A[1] = 2.000000
A[2] = 3.000000
A[3] = 4.000000
A[4] = 5.000000
----------
INFO: [SIM 1] CSim done with 0 errors.
