@I [HLS-0] Workspace C:/Users/aaron/Desktop/git_article/vivadoProjects/bubbleSort/solution1 opened at Wed Jun 23 13:05:35 -0700 2021
@I [HLS-100] Command "config_clock -quiet -name default -period 10 -default=false "
@I [SYN-201] Setting up clock 'default' with a period of 10ns.
@I [HLS-100] Command 'config_clock' returned 0; elapsed 0.001Total elapsed time: 0.887 sec.
@I [HLS-100] Command "open_platform DefaultPlatform "
@I [HLS-100] Command 'open_platform' returned 0; elapsed 0Total elapsed time: 0.888 sec.
@I [HLS-100] Command "import_lib C:/Xilinx/Vivado_HLS/2016.1/common/technology/xilinx/artix7/artix7 "
@I [HLS-100] Command "source C:/Xilinx/Vivado_HLS/2016.1/common/technology/xilinx/common/xilinx.lib "
@I [HLS-100] Command "source C:/Xilinx/Vivado_HLS/2016.1/common/technology/xilinx/interface/xilinx_interface.lib "
@I [HLS-100] Command "source C:/Xilinx/Vivado_HLS/2016.1/common/technology/xilinx/interface/plb46.lib "
@I [HLS-100] Command 'ap_source' returned 0; elapsed 0Total elapsed time: 0.892 sec.
@I [HLS-100] Command "source C:/Xilinx/Vivado_HLS/2016.1/common/technology/xilinx/interface/fsl.lib "
@I [HLS-100] Command 'ap_source' returned 0; elapsed 0Total elapsed time: 0.894 sec.
@I [HLS-100] Command "source C:/Xilinx/Vivado_HLS/2016.1/common/technology/xilinx/interface/axi4.lib "
@I [HLS-100] Command 'ap_source' returned 0; elapsed 0.001Total elapsed time: 0.896 sec.
@I [HLS-100] Command "source C:/Xilinx/Vivado_HLS/2016.1/common/technology/xilinx/interface/maxi.lib "
@I [HLS-100] Command 'ap_source' returned 0; elapsed 0.001Total elapsed time: 0.898 sec.
@I [HLS-100] Command "source C:/Xilinx/Vivado_HLS/2016.1/common/technology/xilinx/interface/saxilite.lib "
@I [HLS-100] Command 'ap_source' returned 0; elapsed 0Total elapsed time: 0.899 sec.
@I [HLS-100] Command 'ap_source' returned 0; elapsed 0.01Total elapsed time: 0.900 sec.
@I [HLS-100] Command "source C:/Xilinx/Vivado_HLS/2016.1/common/technology/xilinx/common/dsp48.lib "
@I [HLS-100] Command 'ap_source' returned 0; elapsed 0.001Total elapsed time: 0.903 sec.
@I [HLS-100] Command "source C:/Xilinx/Vivado_HLS/2016.1/common/technology/xilinx/ip/dds_compiler.lib "
@I [HLS-100] Command 'ap_source' returned 0; elapsed 0Total elapsed time: 0.906 sec.
@I [HLS-100] Command "source C:/Xilinx/Vivado_HLS/2016.1/common/technology/xilinx/ip/xfft.lib "
@I [HLS-100] Command 'ap_source' returned 0; elapsed 0.001Total elapsed time: 0.908 sec.
@I [HLS-100] Command "source C:/Xilinx/Vivado_HLS/2016.1/common/technology/xilinx/ip/xfir.lib "
@I [HLS-100] Command 'ap_source' returned 0; elapsed 0Total elapsed time: 0.909 sec.
@I [HLS-100] Command 'ap_source' returned 0; elapsed 0.024Total elapsed time: 0.913 sec.
@I [HLS-100] Command "source C:/Xilinx/Vivado_HLS/2016.1/common/technology/xilinx/common/xilinx_old.lib "
@I [HLS-100] Command 'ap_source' returned 0; elapsed 0.003Total elapsed time: 0.918 sec.
@I [HLS-100] Command "source C:/Xilinx/Vivado_HLS/2016.1/common/technology/xilinx/common/xilinx_vivado.lib "
@I [HLS-100] Command 'ap_source' returned 0; elapsed 0.001Total elapsed time: 0.920 sec.
@I [HLS-100] Command "source C:/Xilinx/Vivado_HLS/2016.1/common/technology/xilinx/common/xilinx.hlp "
@I [HLS-100] Command "source C:/Xilinx/Vivado_HLS/2016.1/common/technology/xilinx/common/target_info.tcl "
@I [HLS-100] Command 'ap_source' returned 0; elapsed 0.002Total elapsed time: 0.931 sec.
@I [HLS-100] Command "source C:/Xilinx/Vivado_HLS/2016.1/common/technology/xilinx/interface/xilinx_interface.hlp "
@I [HLS-100] Command "source C:/Xilinx/Vivado_HLS/2016.1/common/technology/xilinx/interface/maxi.hlp "
@I [HLS-100] Command 'ap_source' returned 0; elapsed 0Total elapsed time: 0.932 sec.
@I [HLS-100] Command "source C:/Xilinx/Vivado_HLS/2016.1/common/technology/xilinx/interface/saxilite.hlp "
@I [HLS-100] Command 'ap_source' returned 0; elapsed 0Total elapsed time: 0.933 sec.
@I [HLS-100] Command 'ap_source' returned 0; elapsed 0.003Total elapsed time: 0.934 sec.
@I [HLS-100] Command "source C:/Xilinx/Vivado_HLS/2016.1/common/technology/xilinx/common/dsp48.hlp "
@I [HLS-100] Command 'ap_source' returned 0; elapsed 0.004Total elapsed time: 0.939 sec.
@I [HLS-100] Command 'ap_source' returned 0; elapsed 0.014Total elapsed time: 0.940 sec.
@I [HLS-100] Command "source C:/Xilinx/Vivado_HLS/2016.1/common/technology/xilinx/artix7/dsp48e1.hlp "
@I [HLS-100] Command 'ap_source' returned 0; elapsed 0.001Total elapsed time: 0.942 sec.
@I [HLS-100] Command "get_default_platform "
@I [HLS-100] Command 'get_default_platform' returned 0; elapsed 0Total elapsed time: 0.942 sec.
@I [HLS-100] Command "config_chip_info -quiet -resource  {SLICE 15850} {LUT 63400}     {FF 126800} {DSP48E 240}    {BRAM 270}  "
@I [HLS-100] Command 'config_chip_info' returned 0; elapsed 0Total elapsed time: 0.943 sec.
@I [HLS-100] Command "config_chip_info -quiet -speed medium "
@I [HLS-100] Command 'config_chip_info' returned 0; elapsed 0Total elapsed time: 0.943 sec.
@I [HLS-100] Command 'import_lib' returned 0; elapsed 0.057Total elapsed time: 0.945 sec.
@I [HLS-100] Command "source C:/Xilinx/Vivado_HLS/2016.1/common/technology/xilinx/artix7/artix7.gen "
@I [HLS-100] Command "source C:/Xilinx/Vivado_HLS/2016.1/common/technology/xilinx/common/virtex.gen "
@I [HLS-100] Command "source C:/Xilinx/Vivado_HLS/2016.1/common/technology/xilinx/common/xilinx.gen "
@I [HLS-100] Command "source C:/Xilinx/Vivado_HLS/2016.1/common/technology/xilinx/interface/plb46.gen "
@I [HLS-100] Command 'ap_source' returned 0; elapsed 0.003Total elapsed time: 0.954 sec.
@I [HLS-100] Command "source C:/Xilinx/Vivado_HLS/2016.1/common/technology/xilinx/interface/fsl.gen "
@I [HLS-100] Command 'ap_source' returned 0; elapsed 0.002Total elapsed time: 0.957 sec.
@I [HLS-100] Command "source C:/Xilinx/Vivado_HLS/2016.1/common/technology/xilinx/interface/axi4.gen "
@I [HLS-100] Command 'ap_source' returned 0; elapsed 0.004Total elapsed time: 0.961 sec.
@I [HLS-100] Command "source C:/Xilinx/Vivado_HLS/2016.1/common/technology/xilinx/interface/nativeAXI4.gen "
@I [HLS-100] Command "source C:/Xilinx/Vivado_HLS/2016.1/common/technology/xilinx/interface/saxilite.gen "
@I [HLS-100] Command 'ap_source' returned 0; elapsed 0.005Total elapsed time: 0.967 sec.
@I [HLS-100] Command "source C:/Xilinx/Vivado_HLS/2016.1/common/technology/xilinx/interface/maxi.gen "
@I [HLS-100] Command 'ap_source' returned 0; elapsed 0.012Total elapsed time: 0.981 sec.
@I [HLS-100] Command 'ap_source' returned 0; elapsed 0.02Total elapsed time: 0.981 sec.
@I [HLS-100] Command "source C:/Xilinx/Vivado_HLS/2016.1/common/technology/xilinx/scripts/xilinxcoregen.gen "
@I [HLS-100] Command 'ap_source' returned 0; elapsed 0.013Total elapsed time: 0.995 sec.
@I [HLS-100] Command "source C:/Xilinx/Vivado_HLS/2016.1/common/technology/xilinx/interface/XilEDKCoreGen.gen "
@I [HLS-100] Command 'ap_source' returned 0; elapsed 0.01Total elapsed time: 1.5 sec.
@I [HLS-100] Command "source C:/Xilinx/Vivado_HLS/2016.1/common/technology/xilinx/ip/dds_compiler.gen "
@I [HLS-100] Command 'ap_source' returned 0; elapsed 0.006Total elapsed time: 1.12 sec.
@I [HLS-100] Command "source C:/Xilinx/Vivado_HLS/2016.1/common/technology/xilinx/ip/util.gen "
@I [HLS-100] Command 'ap_source' returned 0; elapsed 0.001Total elapsed time: 1.13 sec.
@I [HLS-100] Command "source C:/Xilinx/Vivado_HLS/2016.1/common/technology/xilinx/ip/xfft.gen "
@I [HLS-100] Command 'ap_source' returned 0; elapsed 0.17Total elapsed time: 1.184 sec.
@I [HLS-100] Command "source C:/Xilinx/Vivado_HLS/2016.1/common/technology/xilinx/ip/xfir.gen "
@I [HLS-100] Command 'ap_source' returned 0; elapsed 0.003Total elapsed time: 1.188 sec.
@I [HLS-100] Command 'ap_source' returned 0; elapsed 0.239Total elapsed time: 1.189 sec.
@I [HLS-100] Command "source C:/Xilinx/Vivado_HLS/2016.1/common/technology/xilinx/common/dsp48.gen "
@I [HLS-100] Command 'ap_source' returned 0; elapsed 0.002Total elapsed time: 1.196 sec.
@I [HLS-100] Command 'ap_source' returned 0; elapsed 0.25Total elapsed time: 1.198 sec.
@I [HLS-100] Command 'ap_source' returned 0; elapsed 0.251Total elapsed time: 1.198 sec.
@I [HLS-100] Command "open_platform DefaultPlatform "
@I [HLS-100] Command 'open_platform' returned 0; elapsed 0Total elapsed time: 1.199 sec.
@I [HLS-100] Command "import_lib C:/Xilinx/Vivado_HLS/2016.1/common/technology/xilinx/artix7/artix7_fpv6 "
@I [HLS-100] Command "source C:/Xilinx/Vivado_HLS/2016.1/common/technology/xilinx/common/xilinx_fpv7.lib "
@I [HLS-100] Command "source C:/Xilinx/Vivado_HLS/2016.1/common/technology/xilinx/common/xilinx_hp.lib "
@I [HLS-100] Command 'ap_source' returned 0; elapsed 0.003Total elapsed time: 1.206 sec.
@I [HLS-100] Command 'ap_source' returned 0; elapsed 0.01Total elapsed time: 1.210 sec.
@I [HLS-100] Command "source C:/Xilinx/Vivado_HLS/2016.1/common/technology/xilinx/common/xilinx_fpv.hlp "
@I [HLS-100] Command "source C:/Xilinx/Vivado_HLS/2016.1/common/technology/xilinx/common/xilinx.hlp "
@I [HLS-100] Command "source C:/Xilinx/Vivado_HLS/2016.1/common/technology/xilinx/common/target_info.tcl "
@I [HLS-100] Command 'ap_source' returned 0; elapsed 0.003Total elapsed time: 1.226 sec.
@I [HLS-100] Command "source C:/Xilinx/Vivado_HLS/2016.1/common/technology/xilinx/interface/xilinx_interface.hlp "
@I [HLS-100] Command "source C:/Xilinx/Vivado_HLS/2016.1/common/technology/xilinx/interface/maxi.hlp "
@I [HLS-100] Command 'ap_source' returned 0; elapsed 0Total elapsed time: 1.227 sec.
@I [HLS-100] Command "source C:/Xilinx/Vivado_HLS/2016.1/common/technology/xilinx/interface/saxilite.hlp "
@I [HLS-100] Command 'ap_source' returned 0; elapsed 0Total elapsed time: 1.228 sec.
@I [HLS-100] Command 'ap_source' returned 0; elapsed 0.001Total elapsed time: 1.228 sec.
@I [HLS-100] Command "source C:/Xilinx/Vivado_HLS/2016.1/common/technology/xilinx/common/dsp48.hlp "
@I [HLS-100] Command 'ap_source' returned 0; elapsed 0.001Total elapsed time: 1.230 sec.
@I [HLS-100] Command 'ap_source' returned 0; elapsed 0.008Total elapsed time: 1.230 sec.
@I [HLS-100] Command 'ap_source' returned 0; elapsed 0.015Total elapsed time: 1.235 sec.
@I [HLS-100] Command "source C:/Xilinx/Vivado_HLS/2016.1/common/technology/xilinx/artix7/artix7_hp.hlp "
@I [HLS-100] Command 'ap_source' returned 0; elapsed 0.003Total elapsed time: 1.239 sec.
@I [HLS-100] Command 'import_lib' returned 0; elapsed 0.051Total elapsed time: 1.250 sec.
@I [HLS-100] Command "source C:/Xilinx/Vivado_HLS/2016.1/common/technology/xilinx/artix7/artix7_fpv6.gen "
@I [HLS-100] Command "source C:/Xilinx/Vivado_HLS/2016.1/common/technology/xilinx/common/xilinx_fpv6.gen "
@I [HLS-100] Command 'ap_source' returned 0; elapsed 0.005Total elapsed time: 1.257 sec.
@I [HLS-100] Command 'ap_source' returned 0; elapsed 0.01Total elapsed time: 1.261 sec.
@I [HLS-100] Command "set_part xc7a100tcsg324-1 "
@I [HLS-100] Command "add_library xilinx/artix7/artix7:xc7a100t:csg324:-1 "
@I [HLS-100] Command "get_default_platform "
@I [HLS-100] Command 'get_default_platform' returned 0; elapsed 0Total elapsed time: 1.270 sec.
@I [HLS-100] Command "license_isbetapart xc7a100t "
@I [HLS-100] Command 'license_isbetapart' returned 1; elapsed 0.158Total elapsed time: 1.430 sec.
@I [HLS-100] Command "get_default_platform "
@I [HLS-100] Command 'get_default_platform' returned 0; elapsed 0Total elapsed time: 1.432 sec.
@I [HLS-100] Command "config_chip_info -quiet -resource  {SLICE 15850} {LUT 63400}     {FF 126800} {DSP48E 240}    {BRAM 270}  "
@I [HLS-100] Command 'config_chip_info' returned 0; elapsed 0Total elapsed time: 1.433 sec.
@I [HLS-100] Command "config_chip_info -quiet -speed slow "
@I [HLS-100] Command 'config_chip_info' returned 0; elapsed 0Total elapsed time: 1.434 sec.
@I [HLS-100] Command 'add_library' returned 0; elapsed 0.166Total elapsed time: 1.435 sec.
@I [HLS-100] Command "add_library xilinx/artix7/artix7_fpv6 "
@I [HLS-100] Command "get_default_platform "
@I [HLS-100] Command 'get_default_platform' returned 0; elapsed 0Total elapsed time: 1.436 sec.
@I [HLS-100] Command 'add_library' returned 0; elapsed 0.002Total elapsed time: 1.438 sec.
@I [HLS-10] Setting target device to 'xc7a100tcsg324-1'
@I [HLS-100] Command 'set_part' returned 0; elapsed 0.173Total elapsed time: 1.439 sec.
@I [HLS-100] Command "get_default_platform "
@I [HLS-100] Command 'get_default_platform' returned 0; elapsed 0Total elapsed time: 1.439 sec.
@I [HLS-100] Command "config_chip_info -quiet -resource  {SLICE 15850} {LUT 63400}     {FF 126800} {DSP48E 240}    {BRAM 270}  "
@I [HLS-100] Command 'config_chip_info' returned 0; elapsed 0Total elapsed time: 1.439 sec.
@I [HLS-100] Command "config_chip_info -quiet -speed slow "
@I [HLS-100] Command 'config_chip_info' returned 0; elapsed 0Total elapsed time: 1.439 sec.
@I [HLS-100] Command 'open_solution' returned 0; elapsed 0.567Total elapsed time: 1.440 sec.
@I [HLS-100] Command "set_part xc7a100tcsg324-1 -tool vivado "
@I [HLS-100] Command "add_library xilinx/artix7/artix7:xc7a100t:csg324:-1 "
@I [HLS-100] Command "get_default_platform "
@I [HLS-100] Command 'get_default_platform' returned 0; elapsed 0Total elapsed time: 1.444 sec.
@I [HLS-100] Command "license_isbetapart xc7a100t "
@I [HLS-100] Command 'license_isbetapart' returned 1; elapsed 0Total elapsed time: 1.444 sec.
@I [HLS-100] Command "get_default_platform "
@I [HLS-100] Command 'get_default_platform' returned 0; elapsed 0Total elapsed time: 1.445 sec.
@I [HLS-100] Command "config_chip_info -quiet -resource  {SLICE 15850} {LUT 63400}     {FF 126800} {DSP48E 240}    {BRAM 270}  "
@I [HLS-100] Command 'config_chip_info' returned 0; elapsed 0Total elapsed time: 1.446 sec.
@I [HLS-100] Command "config_chip_info -quiet -speed slow "
@I [HLS-100] Command 'config_chip_info' returned 0; elapsed 0Total elapsed time: 1.446 sec.
@I [HLS-100] Command 'add_library' returned 0; elapsed 0.004Total elapsed time: 1.447 sec.
@I [HLS-100] Command "add_library xilinx/artix7/artix7_fpv6 "
@I [HLS-100] Command "get_default_platform "
@I [HLS-100] Command 'get_default_platform' returned 0; elapsed 0Total elapsed time: 1.448 sec.
@I [HLS-100] Command 'add_library' returned 0; elapsed 0.002Total elapsed time: 1.450 sec.
@I [HLS-100] Command 'set_part' returned 0; elapsed 0.01Total elapsed time: 1.451 sec.
@I [HLS-100] Command "create_clock -period 10 -name default "
@I [HLS-100] Command 'create_clock' returned 0; elapsed 0.001Total elapsed time: 1.453 sec.
@I [HLS-100] Command "csynth_design "
@I [HLS-100] Command "elaborate -effort=medium -skip_syncheck=0 -keep_printf=0 -lm=0 -skip_cdt=0 -skip_transform=0 -ng=0 -g=0 -opt_fp=0 "
@I [HLS-10] Analyzing design file 'bubbleSort.c' ... 
@0 [HLS-0] Analyzing design file 'bubbleSort.c' ... 
@I [HLS-0] Compiling one TU...
@I [HLS-0] 
Checking before pre-process: exec clang -fno-limit-debug-info -gcc-toolchain "C:/Xilinx/Vivado_HLS/2016.1/msys" -hls    -fno-math-errno -c -emit-llvm -O0  -mllvm -disable-llvm-optzns -std=gnu89   -DAESL_SYN -D__SYNTHESIS__ -D__HLS_SYN__ -I "C:/Xilinx/Vivado_HLS/2016.1/common/technology/autopilot" -I "C:/Xilinx/Vivado_HLS/2016.1/common/technology/autopilot/ap_sysc" -include etc/autopilot_ssdm_op.h -D__cdecl=  "bubbleSort.c"  -o "C:/Users/aaron/Desktop/git_article/vivadoProjects/bubbleSort/solution1/.autopilot/db/bubbleSort.pp.00.o"

@I [HLS-100] Command "is_encrypted C:/Users/aaron/Desktop/git_article/vivadoProjects/bubbleSort/solution1/.autopilot/db/bubbleSort.pp.00.o "
@I [HLS-100] Command 'is_encrypted' returned 0; elapsed 0.001Total elapsed time: 2.925 sec.
@I [HLS-0] Syntax Checker time: 1 seconds per iteration
@I [HLS-0] 
Source preprocessing: exec clang -fno-limit-debug-info -gcc-toolchain "C:/Xilinx/Vivado_HLS/2016.1/msys" -hls -fno-exceptions  -D__llvm__  -CC -E "bubbleSort.c"     -fno-math-errno -c -emit-llvm -O0  -mllvm -disable-llvm-optzns -std=gnu89   -DAESL_SYN -D__SYNTHESIS__ -D__HLS_SYN__ -I "C:/Xilinx/Vivado_HLS/2016.1/common/technology/autopilot" -I "C:/Xilinx/Vivado_HLS/2016.1/common/technology/autopilot/ap_sysc" -include etc/autopilot_ssdm_op.h -D__cdecl=  -o "C:/Users/aaron/Desktop/git_article/vivadoProjects/bubbleSort/solution1/.autopilot/db/bubbleSort.pp.0.c"

@I [HLS-0] GCC PP time: 1 seconds per iteration
@I [HLS-100] Command "list_core -type functional_unit "
@I [HLS-100] Command 'list_core' returned 0; elapsed 0Total elapsed time: 3.986 sec.
@I [HLS-0] Marker-Pragma convertor: C:/Users/aaron/Desktop/git_article/vivadoProjects/bubbleSort/solution1/.autopilot/db/bubbleSort.pp.0.c C:/Users/aaron/Desktop/git_article/vivadoProjects/bubbleSort/solution1/.autopilot/db/bubbleSort.pp.0.c.ap-line.c C:/Users/aaron/Desktop/git_article/vivadoProjects/bubbleSort/solution1/.autopilot/db/bubbleSort.pp.0.c.ap-line.c.CXX 1
@I [HLS-0] 
Source processor: exec C:/Xilinx/Vivado_HLS/2016.1/tps/win64/jre/bin/java -Xmx512m -classpath   "C:/Xilinx/Vivado_HLS/2016.1/lib/classes/autopilot.sourceprocessor.jar;C:/Xilinx/Vivado_HLS/2016.1/lib/classes/org.eclipse.cdt.core_5.3.0.xilinx_patch.jar;C:/Xilinx/Vivado_HLS/2016.1/lib/classes/org.eclipse.core.runtime_3.7.0.v20110110.jar;C:/Xilinx/Vivado_HLS/2016.1/lib/classes/org.eclipse.equinox.common_3.6.0.v20110523.jar;C:/Xilinx/Vivado_HLS/2016.1/lib/classes/com.ibm.icu_4.4.2.v20110208.jar;C:/Xilinx/Vivado_HLS/2016.1/lib/classes/jargs.jar;C:/Xilinx/Vivado_HLS/2016.1/win64/tools/eclipse/plugins/org.eclipse.emf.common_2.10.1.v20150123-0348.jar;C:/Xilinx/Vivado_HLS/2016.1/win64/tools/eclipse/plugins/org.eclipse.emf.ecore_2.10.2.v20150123-0348.jar;C:/Xilinx/Vivado_HLS/2016.1/win64/tools/eclipse/plugins/org.eclipse.emf.ecore.xmi_2.10.2.v20150123-0348.jar;C:/Xilinx/Vivado_HLS/2016.1/win64/tools/eclipse/plugins/com.autoesl.autopilot.ui.directiveFileModel_1.0.0.jar;C:/Xilinx/Vivado_HLS/2016.1/win64/tools/eclipse/plugins/com.autoesl.autopilot.ui.common_1.0.0.jar"  autopilot.sourceprocessor.CParser  "C:/Users/aaron/Desktop/git_article/vivadoProjects/bubbleSort/solution1/.autopilot/db/bubbleSort.pp.0.c.ap-line.c"  -m "bubbleSort" -o "C:/Users/aaron/Desktop/git_article/vivadoProjects/bubbleSort/solution1/.autopilot/db/bubbleSort.pp.0.c.ap-cdt.c" -c --pp --directive C:/Users/aaron/Desktop/git_article/vivadoProjects/bubbleSort/solution1/solution1.directive --source C:/Users/aaron/Desktop/git_article/vivadoProjects/bubbleSort.c --error C:/Users/aaron/Desktop/git_article/vivadoProjects/bubbleSort/solution1/.autopilot/db --funcunit "AddSub AddSub_DSP AddSubnS DAddSub_fulldsp DAddSub_nodsp DDiv DExp_fulldsp DExp_meddsp DExp_nodsp DLog_fulldsp DLog_meddsp DLog_nodsp DMul_fulldsp DMul_maxdsp DMul_meddsp DMul_nodsp DRSqrt DRecip DSqrt DivnS FAddSub_fulldsp FAddSub_nodsp FDiv FExp_fulldsp FExp_meddsp FExp_nodsp FLog_fulldsp FLog_meddsp FLog_nodsp FMul_fulldsp FMul_maxdsp FMul_meddsp FMul_nodsp FRSqrt_fulldsp FRSqrt_nodsp FRecip_fulldsp FRecip_nodsp FSqrt HAddSub_nodsp HDiv HMul_fulldsp HMul_maxdsp HMul_nodsp HSqrt Mul Mul2S Mul3S Mul4S Mul5S Mul6S Mul_LUT MulnS MuxnS" --ca --gf --pd --p2d C:/Users/aaron/Desktop/git_article/vivadoProjects/bubbleSort/solution1/.autopilot/db --sd --scff C:/Users/aaron/Desktop/git_article/vivadoProjects/bubbleSort/solution1/.autopilot/db/.systemc_flag --ad

@I [HLS-0] Marker-Pragma convertor: C:/Users/aaron/Desktop/git_article/vivadoProjects/bubbleSort/solution1/.autopilot/db/bubbleSort.pp.0.c.ap-cdt.c C:/Users/aaron/Desktop/git_article/vivadoProjects/bubbleSort/solution1/.autopilot/db/bubbleSort.pragma.0.c C:/Users/aaron/Desktop/git_article/vivadoProjects/bubbleSort/solution1/.autopilot/db/bubbleSort.pragma.0.c.ap-line.CXX 0
@I [HLS-100] Command "source C:/Users/aaron/Desktop/git_article/vivadoProjects/bubbleSort/solution1/.autopilot/db/pragma.status.tcl "
@I [HLS-100] Command 'ap_source' returned 0; elapsed 0.001Total elapsed time: 5.46 sec.
@I [HLS-0] CDT processor time: 1 seconds per iteration
@I [HLS-0] Pragma handling time: 0 seconds per iteration
@I [HLS-0] 
Source preprocessing: exec clang -fno-limit-debug-info -gcc-toolchain "C:/Xilinx/Vivado_HLS/2016.1/msys" -hls -fno-exceptions  -D__llvm__  -CC -E "C:/Users/aaron/Desktop/git_article/vivadoProjects/bubbleSort/solution1/.autopilot/db/bubbleSort.pragma.1.c"     -fno-math-errno -c -emit-llvm -O0  -mllvm -disable-llvm-optzns -std=gnu89   -DAESL_SYN -D__SYNTHESIS__ -D__HLS_SYN__ -I "C:/Xilinx/Vivado_HLS/2016.1/common/technology/autopilot" -I "C:/Xilinx/Vivado_HLS/2016.1/common/technology/autopilot/ap_sysc" -include etc/autopilot_ssdm_op.h -D__cdecl=  -o "C:/Users/aaron/Desktop/git_article/vivadoProjects/bubbleSort/solution1/.autopilot/db/bubbleSort.pragma.2.c"

@I [HLS-0] exec clang -fno-limit-debug-info -gcc-toolchain C:/Xilinx/Vivado_HLS/2016.1/msys -hls -hls-analyze-label -hls-analyze-pragma -fno-exceptions  -D__llvm__  -w  "C:/Users/aaron/Desktop/git_article/vivadoProjects/bubbleSort/solution1/.autopilot/db/bubbleSort.pragma.2.c"    -fno-math-errno -c -emit-llvm -O0  -mllvm -disable-llvm-optzns -std=gnu89  -DAESL_SYN -D__SYNTHESIS__ -D__HLS_SYN__ -I "C:/Xilinx/Vivado_HLS/2016.1/common/technology/autopilot" -I "C:/Xilinx/Vivado_HLS/2016.1/common/technology/autopilot/ap_sysc" -include etc/autopilot_ssdm_op.h -g -o "C:/Users/aaron/Desktop/git_article/vivadoProjects/bubbleSort/solution1/.autopilot/db/bubbleSort.g.bc"
@I [HLS-10] Validating synthesis directives ...
@0 [HLS-0] Validating synthesis directives ...
@I [HLS-100] Command "source C:/Users/aaron/Desktop/git_article/vivadoProjects/bubbleSort/solution1/.autopilot/db/pragma.status.tcl "
@I [HLS-100] Command 'ap_source' returned 0; elapsed 0.002Total elapsed time: 7.112 sec.
@I [HLS-0] Linking all ...
@I [HLS-0] exec llvm-ld  "C:/Users/aaron/Desktop/git_article/vivadoProjects/bubbleSort/solution1/.autopilot/db/bubbleSort.bc"  -disable-opt  -LC:/Xilinx/Vivado_HLS/2016.1/win64/lib -lm_basic -o "C:/Users/aaron/Desktop/git_article/vivadoProjects/bubbleSort/solution1/.autopilot/db/a.o.pre"
@I [HLS-0] Link time: 1 seconds per iteration
@I [HLS-0] Linking all ...
@I [HLS-0] exec llvm-ld  "C:/Users/aaron/Desktop/git_article/vivadoProjects/bubbleSort/solution1/.autopilot/db/bubbleSort.g.bc"  -disable-opt  -LC:/Xilinx/Vivado_HLS/2016.1/win64/lib -lm_basic -o "C:/Users/aaron/Desktop/git_article/vivadoProjects/bubbleSort/solution1/.autopilot/db/a.g.pre"
@I [HLS-0] Link time: 0 seconds per iteration
@I [HLS-100] Command "opt_and_import_c a -opt_level=2 -skip_syncheck=0 -ng=0 -keep_printf=0 "
@I [HLS-100] Command "cleanup_all_models "
@I [HLS-100] Command 'cleanup_all_models' returned 0; elapsed 0Total elapsed time: 8.731 sec.
@I [HLS-10] Starting code transformations ...
@0 [HLS-0] Starting code transformations ...
@I [HLS-0] std xform: transform -hls -share-std-xform -always-inline -promote-dbg-pointer  -interface-preproc  -scalarrepl -mem2reg -keep-read-access -instcombine -dce  -promote-dbg-pointer  -bitop-raise  -indvars -loop-simplify -xunroll  -constprop -instcombine -simplifycfg -indvars  -simplifycfg -dce -globaldce  -basicaa  -simplifycfg -mem2reg -globalopt  -global-constprop -deadargelim -instcombine -simplifycfg  -prune-eh -simplifycfg  -scalarrepl -instcombine -reassociate -licm  -simplifycfg -loop-simplify -indvars -instcombine  -simplifycfg -mem2reg -loop-simplify -indvars -instcombine  -gvn -gvn -instcombine -adce  -break-crit-edges  -simplifycfg -loop-delete  -global-array-opt -dce -dse -adce  -find-syn-modules -top bubbleSort  -deadargelim  -mem2reg -instcombine -dce  -presyn-prepare -auto-rom-infer  -interface-preproc  -syn-check -check-rec-only  -find-region -simplifycfg -func-extr -function-inline  -globaldce -mem2reg -instcombine -dce   -gvn -globaldce -adce -adse  -constprop -instcombine -bit-constprop  -instcombine -dce -simplifycfg -bitop-raise  -simplifycfg -dce -loop-delete -reassociate  -globalopt -global-privatize -mem2reg -dce  -global-constprop -pointer-simplify -constprop -dce  -func-inst -deadargelim  -promote-dbg-pointer  -norm-name   C:/Users/aaron/Desktop/git_article/vivadoProjects/bubbleSort/solution1/.autopilot/db/a.g.0.bc -o C:/Users/aaron/Desktop/git_article/vivadoProjects/bubbleSort/solution1/.autopilot/db/a.g.1.bc -f  -phase std-opt
@I [XFORM-603] Inlining function 'ap_fixed_base<78, 55, false, (ap_q_mode)5, (ap_o_mode)3, 0>::operator<<' into 'hls::cast_IEEE754<int, float>' (r:/builds/2016.1/continuous/2016_04_08_1538259/src/products/hls/hls_lib/src/hls/hls_round.h:371).
@I [XFORM-603] Inlining function 'ap_fixed_base<1, 33, false, (ap_q_mode)5, (ap_o_mode)0, 0>::overflow_adjust' into 'ap_fixed_base<1, 33, false, (ap_q_mode)5, (ap_o_mode)0, 0>::ap_fixed_base<55, 55, false, (ap_q_mode)5, (ap_o_mode)3, 0>' ().
@I [HLS-0] Std xform time: 1 seconds per iteration
@I [HLS-100] Command "is_encrypted C:/Users/aaron/Desktop/git_article/vivadoProjects/bubbleSort/solution1/.autopilot/db/a.g.1.bc "
@I [HLS-100] Command 'is_encrypted' returned 0; elapsed 0Total elapsed time: 12.176 sec.
@I [HLS-10] Checking synthesizability ...
@0 [HLS-0] Checking synthesizability ...
@I [HLS-0] syn check 1/2: transform -hls -syn-check -check-rec-only -disaggr -scalarrepl -norm-name -dce  -mem2reg -instcombine  -function-uniquify -directive-preproc -mem2reg -dse -dce -auto-rom-infer -dce  -array-normalize -instcombine -dce  -array-seg-normalize -instcombine -dce  -array-flatten -instcombine -dce  -array-burst -dce  -deadargelim -promote-global-argument  -simplifycfg -mem2reg -globaldce -resolve-double-ptr  -dce -deadargelim -dce -instcombine  -function-inline -globaldce -dce  -doublePtrSimplify -doublePtrElim -dce  -doublePtrSimplify -promote-dbg-pointer  -dce -scalarrepl -dse -adse -instcombine  -ptrLegalization  -simplifycfg -dce -instcombine  -pointer-simplify -ptrArgReplace -dce -instcombine   -disaggr -scalarrepl -norm-name -dce  -mem2reg -instcombine -ptrLegalization   -simplifycfg -deadargelim  -instcombine -dce -inst-simplify  -function-uniquify -directive-preproc -mem2reg -dse -dce  -globaldce    C:/Users/aaron/Desktop/git_article/vivadoProjects/bubbleSort/solution1/.autopilot/db/a.g.1.bc -o C:/Users/aaron/Desktop/git_article/vivadoProjects/bubbleSort/solution1/.autopilot/db/a.g.2.prechk.bc -f
@I [XFORM-602] Inlining function 'fp_struct<float>::mantissa' into 'hls::cast_IEEE754<int, float>' (r:/builds/2016.1/continuous/2016_04_08_1538259/src/products/hls/hls_lib/src/hls/hls_round.h:368) automatically.
@I [XFORM-602] Inlining function 'fp_struct<float>::expv' into 'hls::cast_IEEE754<int, float>' (r:/builds/2016.1/continuous/2016_04_08_1538259/src/products/hls/hls_lib/src/hls/hls_round.h:371) automatically.
@I [XFORM-602] Inlining function 'fp_struct<float>::__signbit' into 'hls::cast_IEEE754<int, float>' (r:/builds/2016.1/continuous/2016_04_08_1538259/src/products/hls/hls_lib/src/hls/hls_round.h:383) automatically.
@I [XFORM-602] Inlining function 'hls::cast_IEEE754<int, float>' into '__hls_fptosi_float_i32' (r:/builds/2016.1/continuous/2016_04_08_1538259/src/products/hls/hls_lib/src/lib_floatconversion.cpp:39) automatically.
@I [XFORM-602] Inlining function '__hls_fptosi_float_i32' into 'swap' (bubbleSort.c:17) automatically.
@I [XFORM-602] Inlining function 'swap' into 'bubbleSort' (bubbleSort.c:31) automatically.
@I [HLS-0] Syn check 1/2 time: 0 seconds per iteration
@I [HLS-0] syn check 2/2: transform -syn-check   C:/Users/aaron/Desktop/git_article/vivadoProjects/bubbleSort/solution1/.autopilot/db/a.g.2.prechk.bc -o C:/Users/aaron/Desktop/git_article/vivadoProjects/bubbleSort/solution1/.autopilot/db/a.g.2.bc -f  -phase syn-check
@I [HLS-0] Syn check 2/2 time: 0 seconds per iteration
@I [HLS-0] Compiler optimizing ...
@I [HLS-0] Share syncheck's 1.bc for syn flow: copy C:/Users/aaron/Desktop/git_article/vivadoProjects/bubbleSort/solution1/.autopilot/db/a.g.1.bc to C:/Users/aaron/Desktop/git_article/vivadoProjects/bubbleSort/solution1/.autopilot/db/a.o.1.bc
@I [HLS-0] presyn 1: transform -hls -tmp C:/Users/aaron/Desktop/git_article/vivadoProjects/bubbleSort/solution1/.autopilot/db -type-info  -function-uniquify -directive-preproc -mem2reg -dse -dce  -disaggr -scalarrepl -norm-name -deadargelim  -mem2reg -instcombine -dce -auto-rom-infer -dce -function-uniquify  -resource-proc  -simplifycfg -mem2reg -globaldce -resolve-double-ptr -dce -deadargelim -dce -instcombine  -clib-intrinsic-prepare -dce  -func-buffer -dce -array-normalize  -func-legal -instcombine -gvn -constprop -dce   -ptrArgReplace -mem2reg -instcombine -dce  -array-seg-normalize -deadargelim  -instcombine -dce  -pointer-simplify -dce  -port-alignment -dce  -interface-preproc  -data-pack -instcombine -dce   -basicaa -aggr-aa -aggrmodref-aa -aggr-aa -gvn -gvn  -basicaa -aggr-aa -aggrmodref-aa -aggr-aa -dse -adse -adce  -loop-simplify -indvars -instcombine  -gvn -loop-simplify -mem2reg -dce -simplifycfg  -find-region -instcombine  -auto-loop-pipeline  -inst-simplify  -interface-preproc  -indvars -auto-loop-unroll -loop-simplify -loop-bound -xunroll  -constprop -instcombine -simplifycfg -indvars  -simplifycfg -dce -globaldce  -attach-range  -gvn -inst-simplify  -constprop -simplifycfg -dce  -pointer-simplify -dce  -globalopt -constprop -dce  -array-promote -constprop -instcombine -dce  -ptrArgReplace -mem2reg  -instcombine -simplifycfg -dce  -auto-par -instcombine -dce  -array-transform-check  -array-reshape -instcombine -simplifycfg -dce  -ptrArgReplace -deadargelim -mem2reg  -instcombine -simplifycfg -dce   -indvars -loop-simplify -loop-bound -xunroll  -constprop -instcombine -simplifycfg -indvars  -simplifycfg -dce -globaldce  -duplicate-dataflow-processes -globaldce  -array-partition -instcombine -simplifycfg -dce  -ptrArgReplace -global-constprop -deadargelim -mem2reg  -func-legal -instcombine -dce -global-constprop -deadargelim -mem2reg  -instcombine -simplifycfg -dce   -globalopt -constprop -dce  -array-promote -constprop -instcombine -dce  -ptrArgReplace -mem2reg  -instcombine -simplifycfg -dce   -mem-intrinsic-preproc -dce  -global-privatize  -mem2reg -globaldce  -promote-global-argument  -ptrArgReplace -mem2reg -instcombine -dce  -globalopt -mergereturn -simplify-global-access -mem2reg -dce  -pointer-simplify -dce  -functionattrs  -basicaa -aggr-aa -aggrmodref-aa -aggr-aa -gvn -gvn  -basicaa -aggr-aa -aggrmodref-aa -aggr-aa -dse -adse -adce  -inst-simplify -dce -norm-name  -function-inline -globaldce  -func-inst -constprop -instcombine -simplifycfg -dce  -func-legal -dce   -loop-bound  -arraycheck -bitwidthmin -on-by-dataflow  -loop-delete -instcombine -simplifycfg  -globaldce -dce -gvn -deadargelim -dce -loop-simplify -clean-region -simplifycfg -propagate-stable-arguments  -loop-stream -instcombine -simplifycfg -dce -globaldce  -stream-intrinsic-preproc -dce  -check-ap-stream -loop-simplify -eliminate-keepreads  -extract-dataflow-in-loop -loop-simplify -dce -gvn -deadargelim -dse  -check-dataflow-syntax  -legalize-stream-variable -legalize-global -legalize-global-1  -extract-subproc -dce -dead-channel-elimination  -canonicalize-gep -globaldce -dce -gvn -deadargelim  -scalar-propagation -deadargelim -globaldce -mem2reg  -check-dataflow-channels -function-stream -dce -globaldce  -prop-fifo-spec -internal-stream-gen  -canonicalize-gep -globaldce -dce -gvn -deadargelim   -mergereturn -indvars -loop-simplify -instcombine  -array-stream -instcombine -simplifycfg -dce  -bundle-memfifo-ops -deadargelim    -function-uniquify -directive-preproc -mem2reg -dse -dce  -group-axi-access    -licm -simplifycfg -dce -loop-delete  -norm-name  C:/Users/aaron/Desktop/git_article/vivadoProjects/bubbleSort/solution1/.autopilot/db/a.o.1.bc -o C:/Users/aaron/Desktop/git_article/vivadoProjects/bubbleSort/solution1/.autopilot/db/a.o.1.tmp.bc -f
@I [XFORM-602] Inlining function 'fp_struct<float>::mantissa' into 'hls::cast_IEEE754<int, float>' (r:/builds/2016.1/continuous/2016_04_08_1538259/src/products/hls/hls_lib/src/hls/hls_round.h:368) automatically.
@I [XFORM-602] Inlining function 'fp_struct<float>::expv' into 'hls::cast_IEEE754<int, float>' (r:/builds/2016.1/continuous/2016_04_08_1538259/src/products/hls/hls_lib/src/hls/hls_round.h:371) automatically.
@I [XFORM-602] Inlining function 'fp_struct<float>::__signbit' into 'hls::cast_IEEE754<int, float>' (r:/builds/2016.1/continuous/2016_04_08_1538259/src/products/hls/hls_lib/src/hls/hls_round.h:383) automatically.
@I [XFORM-602] Inlining function 'hls::cast_IEEE754<int, float>' into '__hls_fptosi_float_i32' (r:/builds/2016.1/continuous/2016_04_08_1538259/src/products/hls/hls_lib/src/lib_floatconversion.cpp:39) automatically.
@I [XFORM-602] Inlining function '__hls_fptosi_float_i32' into 'swap' (bubbleSort.c:17) automatically.
@I [XFORM-602] Inlining function 'swap' into 'bubbleSort' (bubbleSort.c:31) automatically.
@I [HLS-0] Presyn 1 time: 0 seconds per iteration
@I [HLS-0] presyn 2: transform -hls -keep-callgraph -scalarrepl -mem2reg  -port-alignment -attach-range -dce  -pipe-mux-gen  -indvars -loop-bound  -inst-simplify -instcombine -dce  -merge-array-access -mem2reg -dce  -clean-region -mergereturn -if-conv  -instcombine -dce -constprop  -basicaa -aggr-aa -aggrmodref-aa -aggr-aa -gvn -gvn  -basicaa -aggr-aa -aggrmodref-aa -aggr-aa -dse -adse -adce  -scalarrepl -mem2reg  -global-constprop -deadargelim -deadargelim  -instcombine -dce -simplifycfg    -ptrArgReplace -mem2reg -function-inline  -globaldce -mem2reg -instcombine -dce -expr-balance  -instcombine -dce  -bitwidthmin  -interface-preproc -directive-preproc  -inst-rectify -instcombine -dce  -functionattrs  -constprop -instcombine -bit-constprop  -simplify-global-access  -globalopt -globaldce  -inst-simplify -instcombine -elimdeaddata -dce  -loop-delete -simplifycfg -loop-simplify -auto-burst   -norm-name C:/Users/aaron/Desktop/git_article/vivadoProjects/bubbleSort/solution1/.autopilot/db/a.o.1.tmp.bc -o C:/Users/aaron/Desktop/git_article/vivadoProjects/bubbleSort/solution1/.autopilot/db/a.o.2.bc -f  -phase presyn
@I [XFORM-401] Performing if-conversion on hyperblock from (bubbleSort.c:14:18) to (bubbleSort.c:31:21) in function 'bubbleSort'... converting 4 basic blocks.
@I [HLS-0] Presyn 2 time: 0 seconds per iteration
@I [HLS-100] Command "is_encrypted C:/Users/aaron/Desktop/git_article/vivadoProjects/bubbleSort/solution1/.autopilot/db/a.o.2.bc "
@I [HLS-100] Command 'is_encrypted' returned 0; elapsed 0Total elapsed time: 14.912 sec.
@I [HLS-0] build ssdm: transform -hls  -function-uniquify -auto-function-inline -globaldce  -ptrArgReplace -mem2reg -instcombine -dce  -reset-lda  -loop-simplify -indvars -licm -loop-dep  -loop-bound -licm -loop-simplify -flattenloopnest  -array-flatten -gvn -instcombine -dce  -array-map -dce -func-legal  -gvn -adce -instcombine -cfgopt -simplifycfg -loop-simplify   -array-burst -promote-global-argument -dce  -axi4-lower -array-seg-normalize  -basicaa -aggrmodref-aa -globalsmodref-aa -aggr-aa -gvn -gvn  -basicaa -aggrmodref-aa -globalsmodref-aa -aggr-aa -dse -adse -adce -licm  -inst-simplify -dce  -globaldce -instcombine -array-stream -eliminate-keepreads -instcombine  -dce   -deadargelim -doublePtrSimplify  -doublePtrElim -dce -doublePtrSimplify -promote-dbg-pointer  -dce -scalarrepl -mem2reg -disaggr -norm-name -mem2reg  -instcombine  -dse -adse -adce -ptrLegalization -dce -auto-rom-infer -array-flatten -dce -instcombine  -loop-rot -constprop -cfgopt -simplifycfg -loop-simplify -indvars -pointer-simplify -dce -loop-bound  -loop-simplify -loop-preproc  -constprop -global-constprop -gvn -mem2reg -instcombine -dce  -loop-merge -dce  -bitwidthmin  -deadargelim -dce  -scalar-propagation -deadargelim -globaldce -mem2reg  -interface-preproc -interface-gen  -deadargelim -directive-preproc -inst-simplify -dce  -gvn -mem2reg -instcombine -dce -adse  -loop-bound  -instcombine -cfgopt -simplifycfg -loop-simplify  -clean-region -io-protocol  -find-region -mem2reg  -bitop-raise  -inst-simplify -inst-rectify -instcombine -adce -deadargelim  -loop-simplify -phi-opt -bitop-raise  -cfgopt -simplifycfg -strip-dead-prototypes  -interface-lower -bitop-lower -intrinsic-lower -auto-function-inline  -basicaa -aggrmodref-aa -globalsmodref-aa -aggr-aa  -inst-simplify -simplifycfg   -mergereturn -inst-simplify -inst-rectify  -dce -bitop-lower  -loop-rewind -pointer-simplify -dce -cfgopt  -read-loop-dep -dce -bitwidth -norm-name -legalize    -cdfg-build  C:/Users/aaron/Desktop/git_article/vivadoProjects/bubbleSort/solution1/.autopilot/db/a.o.2.bc -o C:/Users/aaron/Desktop/git_article/vivadoProjects/bubbleSort/solution1/.autopilot/db/a.o.3.bc -f  -phase build-ssdm
@I [HLS-0] Build ssdm time: 0 seconds per iteration
@I [HLS-100] Command "is_encrypted C:/Users/aaron/Desktop/git_article/vivadoProjects/bubbleSort/solution1/.autopilot/db/a.o.3.bc "
@I [HLS-100] Command 'is_encrypted' returned 0; elapsed 0Total elapsed time: 16.47 sec.
@I [HLS-0] Finish building internal data model.
@I [HLS-100] Command 'opt_and_import_c' returned 0; elapsed 7.858Total elapsed time: 16.589 sec.
@I [HLS-111] Elapsed time: 16.646 seconds; current memory usage: 290 MB.
@I [HLS-100] Command 'elaborate' returned 0; elapsed 15.19Total elapsed time: 16.644 sec.
@I [HLS-100] Command "autosyn "
@I [HLS-10] Starting hardware synthesis ...
@0 [HLS-0] Starting hardware synthesis ...
@I [HLS-0] Synthesizing C/C++ design ...
@I [HLS-10] Synthesizing 'bubbleSort' ...
@0 [HLS-0] Synthesizing 'bubbleSort' ...
@I [HLS-100] Command "ap_set_top_model bubbleSort "
@I [HLS-100] Command 'ap_set_top_model' returned 0; elapsed 0Total elapsed time: 16.649 sec.
@I [HLS-100] Command "get_model_list bubbleSort -filter all-wo-channel -topdown "
@I [HLS-100] Command 'get_model_list' returned 0; elapsed 0Total elapsed time: 16.649 sec.
@I [HLS-100] Command "preproc_iomode -model bubbleSort "
@I [HLS-100] Command 'preproc_iomode' returned 0; elapsed 0.001Total elapsed time: 16.651 sec.
@I [HLS-100] Command "get_model_list bubbleSort -filter all-wo-channel "
@I [HLS-100] Command 'get_model_list' returned 0; elapsed 0Total elapsed time: 16.652 sec.
@I [HLS-0] Model list for configure: bubbleSort
@I [HLS-0] Configuring Module : bubbleSort ...
@I [HLS-100] Command "set_default_model bubbleSort "
@I [HLS-100] Command 'set_default_model' returned 0; elapsed 0Total elapsed time: 16.653 sec.
@I [HLS-100] Command "apply_spec_resource_limit bubbleSort "
@I [HLS-100] Command 'apply_spec_resource_limit' returned 0; elapsed 0Total elapsed time: 16.653 sec.
@I [HLS-0] Model list for preprocess: bubbleSort
@I [HLS-0] Preprocessing Module: bubbleSort ...
@I [HLS-100] Command "set_default_model bubbleSort "
@I [HLS-100] Command 'set_default_model' returned 0; elapsed 0Total elapsed time: 16.654 sec.
@I [HLS-100] Command "cdfg_preprocess -model bubbleSort "
@I [HLS-100] Command 'cdfg_preprocess' returned 0; elapsed 0.004Total elapsed time: 16.658 sec.
@I [HLS-100] Command "rtl_gen_preprocess bubbleSort "
@I [HLS-100] Command 'rtl_gen_preprocess' returned 0; elapsed 0.002Total elapsed time: 16.660 sec.
@I [HLS-0] Model list for synthesis: bubbleSort
@I [HLS-10] ----------------------------------------------------------------
@0 [HLS-0] ----------------------------------------------------------------
@I [HLS-10] -- Scheduling module 'bubbleSort' 
@0 [HLS-0] -- Scheduling module 'bubbleSort' 
@I [HLS-10] ----------------------------------------------------------------
@0 [HLS-0] ----------------------------------------------------------------
@I [HLS-100] Command "set_default_model bubbleSort "
@I [HLS-100] Command 'set_default_model' returned 0; elapsed 0Total elapsed time: 16.661 sec.
@I [HLS-100] Command "schedule -model bubbleSort "
@I [SCHED-11] Starting scheduling ...
@I [SCHED-11] Finished scheduling.
@I [HLS-100] Command 'schedule' returned 0; elapsed 0.099Total elapsed time: 16.761 sec.
@I [HLS-111] Elapsed time: 0.162 seconds; current memory usage: 290 MB.
@I [HLS-100] Command "report -o C:/Users/aaron/Desktop/git_article/vivadoProjects/bubbleSort/solution1/.autopilot/db/bubbleSort.verbose.sched.rpt -verbose -f "
@I [HLS-100] Command 'report' returned 0; elapsed 0.01Total elapsed time: 16.818 sec.
@I [HLS-100] Command "db_write -o C:/Users/aaron/Desktop/git_article/vivadoProjects/bubbleSort/solution1/.autopilot/db/bubbleSort.sched.adb -f "
@I [HLS-100] Command 'db_write' returned 0; elapsed 0.02Total elapsed time: 16.840 sec.
@I [HLS-0] Finish scheduling bubbleSort.
@I [HLS-10] ----------------------------------------------------------------
@0 [HLS-0] ----------------------------------------------------------------
@I [HLS-10] -- Exploring micro-architecture for module 'bubbleSort' 
@0 [HLS-0] -- Exploring micro-architecture for module 'bubbleSort' 
@I [HLS-10] ----------------------------------------------------------------
@0 [HLS-0] ----------------------------------------------------------------
@I [HLS-100] Command "set_default_model bubbleSort "
@I [HLS-100] Command 'set_default_model' returned 0; elapsed 0Total elapsed time: 16.845 sec.
@I [HLS-100] Command "bind -model bubbleSort "
@I [BIND-110] clear=
@I [BIND-110] debug=
@I [BIND-110] drf=
@I [BIND-110] effort=
@I [BIND-110] fast_refine=
@I [BIND-110] fu_weight=[ 0.0 -- 1.0 ]
@I [BIND-110] global_opt=
@I [BIND-110] gsearch=
@I [BIND-110] help=
@I [BIND-110] help-hidden=
@I [BIND-110] min_mem_port=
@I [BIND-110] min_op=
@I [BIND-110] minreg=
@I [BIND-110] ml=
@I [BIND-110] model=bubbleSort
@I [BIND-110] no_false_path=
@I [BIND-110] no_min_op=
@I [BIND-110] normalize=
@I [BIND-110] quiet=
@I [BIND-110] refine=
@I [BIND-110] reg_weight=[ 0.0 -- 1.0 ]
@I [BIND-110] search=
@I [BIND-110] tight_delay=
@I [BIND-110] verbose=
@I [BIND-110] wFF=
@I [BIND-110] wFU=
@I [BIND-110] wMUX=
@I [BIND-110] wNET=
@I [BIND-100] Starting micro-architecture generation ...
@I [BIND-101] Performing variable lifetime analysis.
@I [BIND-101] Exploring resource sharing.
@I [BIND-101] Binding ...
@I [BIND-100] Finished micro-architecture generation.
@I [HLS-100] Command 'bind' returned 0; elapsed 0.018Total elapsed time: 16.864 sec.
@I [HLS-111] Elapsed time: 0.104 seconds; current memory usage: 290 MB.
@I [HLS-100] Command "report -o C:/Users/aaron/Desktop/git_article/vivadoProjects/bubbleSort/solution1/.autopilot/db/bubbleSort.verbose.bind.rpt -verbose -f "
@I [HLS-100] Command 'report' returned 0; elapsed 0.022Total elapsed time: 16.935 sec.
@I [HLS-100] Command "db_write -o C:/Users/aaron/Desktop/git_article/vivadoProjects/bubbleSort/solution1/.autopilot/db/bubbleSort.bind.adb -f "
@I [HLS-100] Command 'db_write' returned 0; elapsed 0.018Total elapsed time: 16.954 sec.
@I [HLS-0] Finish binding bubbleSort.
@I [HLS-100] Command "get_model_list bubbleSort -filter all-wo-channel "
@I [HLS-100] Command 'get_model_list' returned 0; elapsed 0Total elapsed time: 16.955 sec.
@I [HLS-0] Preprocessing for RTLGen ...
@I [HLS-100] Command "rtl_gen_preprocess bubbleSort "
@I [HLS-100] Command 'rtl_gen_preprocess' returned 0; elapsed 0Total elapsed time: 16.955 sec.
@I [HLS-0] Model list for RTL generation: bubbleSort
@I [HLS-10] ----------------------------------------------------------------
@0 [HLS-0] ----------------------------------------------------------------
@I [HLS-10] -- Generating RTL for module 'bubbleSort' 
@0 [HLS-0] -- Generating RTL for module 'bubbleSort' 
@I [HLS-10] ----------------------------------------------------------------
@0 [HLS-0] ----------------------------------------------------------------
@I [HLS-100] Command "create_rtl_model bubbleSort -vendor xilinx -mg_file C:/Users/aaron/Desktop/git_article/vivadoProjects/bubbleSort/solution1/.autopilot/db/bubbleSort.compgen.tcl "
@I [RTGEN-500] Setting interface mode on port 'bubbleSort/A' to 'ap_memory'.
@I [RTGEN-500] Setting interface mode on function 'bubbleSort' to 'ap_ctrl_hs'.
@I [RTGEN-100] Generating core module 'bubbleSort_fcmp_32ns_32ns_1_1': 1 instance(s).
@I [RTGEN-100] Generating core module 'bubbleSort_sitofp_32ns_32_6': 1 instance(s).
@I [RTGEN-100] Finished creating RTL model for 'bubbleSort'.
@I [HLS-100] Command 'create_rtl_model' returned 0; elapsed 0.026Total elapsed time: 16.990 sec.
@I [HLS-111] Elapsed time: 0.126 seconds; current memory usage: 290 MB.
@I [HLS-100] Command "source C:/Users/aaron/Desktop/git_article/vivadoProjects/bubbleSort/solution1/.autopilot/db/bubbleSort.rtl_wrap.cfg.tcl "
@I [HLS-100] Command 'ap_source' returned 0; elapsed 0.001Total elapsed time: 17.38 sec.
@I [HLS-100] Command "gen_rtl bubbleSort -istop -style xilinx -tracefl mytrace -tracefmt vcd -traceopt all -f -lang sc -o C:/Users/aaron/Desktop/git_article/vivadoProjects/bubbleSort/solution1/syn/systemc/bubbleSort -synmodules bubbleSort "
@I [HLS-100] Command 'gen_rtl' returned 0; elapsed 0.009Total elapsed time: 17.48 sec.
@I [HLS-100] Command "gen_rtl bubbleSort -istop -style xilinx -f -lang vhdl -o C:/Users/aaron/Desktop/git_article/vivadoProjects/bubbleSort/solution1/syn/vhdl/bubbleSort "
@I [HLS-100] Command 'gen_rtl' returned 0; elapsed 0.018Total elapsed time: 17.67 sec.
@I [HLS-100] Command "gen_rtl bubbleSort -istop -style xilinx -f -lang vlog -o C:/Users/aaron/Desktop/git_article/vivadoProjects/bubbleSort/solution1/syn/verilog/bubbleSort "
@I [HLS-100] Command 'gen_rtl' returned 0; elapsed 0.013Total elapsed time: 17.80 sec.
@I [HLS-100] Command "export_constraint_db -o C:/Users/aaron/Desktop/git_article/vivadoProjects/bubbleSort/solution1/.autopilot/db/bubbleSort.constraint.tcl -f -tool general "
@I [HLS-100] Command 'export_constraint_db' returned 0; elapsed 0.002Total elapsed time: 17.83 sec.
@I [HLS-100] Command "report -model bubbleSort -o C:/Users/aaron/Desktop/git_article/vivadoProjects/bubbleSort/solution1/.autopilot/db/bubbleSort.design.xml -verbose -f -dv "
@I [HLS-100] Command 'report' returned 0; elapsed 0.015Total elapsed time: 17.100 sec.
@I [HLS-100] Command "report -model bubbleSort -o C:/Users/aaron/Desktop/git_article/vivadoProjects/bubbleSort/solution1/.autopilot/db/bubbleSort.sdaccel.xml -verbose -f -sdaccel "
@I [HLS-100] Command 'report' returned 0; elapsed 0.024Total elapsed time: 17.125 sec.
@I [HLS-100] Command "gen_tb_info bubbleSort -o C:/Users/aaron/Desktop/git_article/vivadoProjects/bubbleSort/solution1/.autopilot/db/bubbleSort -p C:/Users/aaron/Desktop/git_article/vivadoProjects/bubbleSort/solution1/.autopilot/db "
@I [HLS-100] Command 'gen_tb_info' returned 0; elapsed 0.007Total elapsed time: 17.133 sec.
@I [HLS-100] Command "report -model bubbleSort -o C:/Users/aaron/Desktop/git_article/vivadoProjects/bubbleSort/solution1/syn/report/bubbleSort_csynth.rpt -f "
@I [HLS-100] Command 'report' returned 0; elapsed 0.009Total elapsed time: 17.143 sec.
@I [HLS-100] Command "report -model bubbleSort -o C:/Users/aaron/Desktop/git_article/vivadoProjects/bubbleSort/solution1/syn/report/bubbleSort_csynth.xml -f -x "
@I [HLS-100] Command 'report' returned 0; elapsed 0.007Total elapsed time: 17.151 sec.
@I [HLS-100] Command "report -model bubbleSort -o C:/Users/aaron/Desktop/git_article/vivadoProjects/bubbleSort/solution1/.autopilot/db/bubbleSort.verbose.rpt -verbose -f "
@I [HLS-100] Command 'report' returned 0; elapsed 0.03Total elapsed time: 17.182 sec.
@I [HLS-100] Command "db_write -model bubbleSort -o C:/Users/aaron/Desktop/git_article/vivadoProjects/bubbleSort/solution1/.autopilot/db/bubbleSort.adb -f "
@I [HLS-100] Command 'db_write' returned 0; elapsed 0.025Total elapsed time: 17.208 sec.
@I [HLS-100] Command "sc_get_clocks bubbleSort "
@I [HLS-100] Command 'sc_get_clocks' returned 0; elapsed 0Total elapsed time: 17.271 sec.
@I [HLS-100] Command "sc_get_portdomain bubbleSort "
@I [HLS-100] Command 'sc_get_portdomain' returned 0; elapsed 0Total elapsed time: 17.271 sec.
@I [HLS-0] Model list for RTL component generation: bubbleSort
@I [HLS-0] Handling components in module [bubbleSort] ... 
@I [HLS-100] Command "source C:/Users/aaron/Desktop/git_article/vivadoProjects/bubbleSort/solution1/.autopilot/db/bubbleSort.compgen.tcl "
@I [HLS-0] Found component bubbleSort_sitofp_32ns_32_6.
@I [HLS-0] Append model bubbleSort_sitofp_32ns_32_6
@I [HLS-0] Found component bubbleSort_fcmp_32ns_32ns_1_1.
@I [HLS-0] Append model bubbleSort_fcmp_32ns_32ns_1_1
@I [HLS-100] Command 'ap_source' returned 0; elapsed 0.002Total elapsed time: 17.283 sec.
@I [HLS-0] Append model bubbleSort
@I [HLS-0] Generating RTL model list ...
@I [HLS-0] All models in this session: bubbleSort_sitofp_32ns_32_6 bubbleSort_fcmp_32ns_32ns_1_1 bubbleSort
@I [HLS-0] To file: write model bubbleSort_sitofp_32ns_32_6
@I [HLS-0] To file: write model bubbleSort_fcmp_32ns_32ns_1_1
@I [HLS-0] To file: write model bubbleSort
@I [HLS-0] Finished generating RTL model list.


@I [HLS-0] RTL Generation done.
@I [HLS-0] CAS Generation done.
@I [HLS-0] CBC Generation done.
@I [HLS-100] Command "export_ssdm C:/Users/aaron/Desktop/git_article/vivadoProjects/bubbleSort/solution1/.autopilot/db/a.export.ll "
@I [HLS-100] Command 'export_ssdm' returned 0; elapsed 0.001Total elapsed time: 17.290 sec.
@I [HLS-100] Command "source C:/Users/aaron/Desktop/git_article/vivadoProjects/bubbleSort/solution1/.autopilot/db/global.setting.tcl "
@I [HLS-100] Command 'ap_source' returned 0; elapsed 0.001Total elapsed time: 17.295 sec.
@I [HLS-100] Command "source C:/Xilinx/Vivado_HLS/2016.1/common/technology/generic/autopilot/common.gen "
@I [HLS-100] Command "source C:/Xilinx/Vivado_HLS/2016.1/common/technology/generic/autopilot/APCoreGen.gen "
@I [HLS-100] Command 'ap_source' returned 0; elapsed 0.01Total elapsed time: 17.323 sec.
@I [HLS-100] Command 'ap_source' returned 0; elapsed 0.023Total elapsed time: 17.323 sec.
@I [HLS-100] Command "source C:/Xilinx/Vivado_HLS/2016.1/common/technology/generic/autopilot/op.gen "
@I [HLS-100] Command 'ap_source' returned 0; elapsed 0.01Total elapsed time: 17.334 sec.
@I [HLS-100] Command "source C:/Xilinx/Vivado_HLS/2016.1/common/technology/generic/autopilot/op_simcore.gen "
@I [HLS-100] Command 'ap_source' returned 0; elapsed 0.014Total elapsed time: 17.349 sec.
@I [HLS-100] Command "source C:/Xilinx/Vivado_HLS/2016.1/common/technology/generic/autopilot/interface.gen "
@I [HLS-100] Command 'ap_source' returned 0; elapsed 0.007Total elapsed time: 17.357 sec.
@I [HLS-100] Command "source C:/Users/aaron/Desktop/git_article/vivadoProjects/bubbleSort/solution1/.autopilot/db/global.setting.tcl "
@I [HLS-100] Command 'ap_source' returned 0; elapsed 0.001Total elapsed time: 17.358 sec.
@I [HLS-100] Command "source C:/Xilinx/Vivado_HLS/2016.1/common/technology/xilinx/artix7/artix7.gen "
@I [HLS-100] Command "source C:/Xilinx/Vivado_HLS/2016.1/common/technology/xilinx/common/virtex.gen "
@I [HLS-100] Command "source C:/Xilinx/Vivado_HLS/2016.1/common/technology/xilinx/common/xilinx.gen "
@I [HLS-100] Command "source C:/Xilinx/Vivado_HLS/2016.1/common/technology/xilinx/interface/plb46.gen "
@I [HLS-100] Command 'ap_source' returned 0; elapsed 0.001Total elapsed time: 17.360 sec.
@I [HLS-100] Command "source C:/Xilinx/Vivado_HLS/2016.1/common/technology/xilinx/interface/fsl.gen "
@I [HLS-100] Command 'ap_source' returned 0; elapsed 0Total elapsed time: 17.361 sec.
@I [HLS-100] Command "source C:/Xilinx/Vivado_HLS/2016.1/common/technology/xilinx/interface/axi4.gen "
@I [HLS-100] Command 'ap_source' returned 0; elapsed 0.002Total elapsed time: 17.363 sec.
@I [HLS-100] Command "source C:/Xilinx/Vivado_HLS/2016.1/common/technology/xilinx/interface/nativeAXI4.gen "
@I [HLS-100] Command "source C:/Xilinx/Vivado_HLS/2016.1/common/technology/xilinx/interface/saxilite.gen "
@I [HLS-100] Command 'ap_source' returned 0; elapsed 0.004Total elapsed time: 17.368 sec.
@I [HLS-100] Command "source C:/Xilinx/Vivado_HLS/2016.1/common/technology/xilinx/interface/maxi.gen "
@I [HLS-100] Command 'ap_source' returned 0; elapsed 0.009Total elapsed time: 17.377 sec.
@I [HLS-100] Command 'ap_source' returned 0; elapsed 0.013Total elapsed time: 17.377 sec.
@I [HLS-100] Command "source C:/Xilinx/Vivado_HLS/2016.1/common/technology/xilinx/scripts/xilinxcoregen.gen "
@I [HLS-100] Command 'ap_source' returned 0; elapsed 0.01Total elapsed time: 17.387 sec.
@I [HLS-100] Command "source C:/Xilinx/Vivado_HLS/2016.1/common/technology/xilinx/interface/XilEDKCoreGen.gen "
@I [HLS-100] Command 'ap_source' returned 0; elapsed 0.01Total elapsed time: 17.397 sec.
@I [HLS-100] Command "source C:/Xilinx/Vivado_HLS/2016.1/common/technology/xilinx/ip/dds_compiler.gen "
@I [HLS-100] Command 'ap_source' returned 0; elapsed 0.003Total elapsed time: 17.401 sec.
@I [HLS-100] Command "source C:/Xilinx/Vivado_HLS/2016.1/common/technology/xilinx/ip/util.gen "
@I [HLS-100] Command 'ap_source' returned 0; elapsed 0Total elapsed time: 17.402 sec.
@I [HLS-100] Command "source C:/Xilinx/Vivado_HLS/2016.1/common/technology/xilinx/ip/xfft.gen "
@I [HLS-100] Command 'ap_source' returned 0; elapsed 0.103Total elapsed time: 17.505 sec.
@I [HLS-100] Command "source C:/Xilinx/Vivado_HLS/2016.1/common/technology/xilinx/ip/xfir.gen "
@I [HLS-100] Command 'ap_source' returned 0; elapsed 0.001Total elapsed time: 17.507 sec.
@I [HLS-100] Command 'ap_source' returned 0; elapsed 0.148Total elapsed time: 17.507 sec.
@I [HLS-100] Command "source C:/Xilinx/Vivado_HLS/2016.1/common/technology/xilinx/common/dsp48.gen "
@I [HLS-100] Command 'ap_source' returned 0; elapsed 0Total elapsed time: 17.509 sec.
@I [HLS-100] Command 'ap_source' returned 0; elapsed 0.151Total elapsed time: 17.509 sec.
@I [HLS-100] Command 'ap_source' returned 0; elapsed 0.152Total elapsed time: 17.510 sec.
@I [HLS-100] Command "source C:/Xilinx/Vivado_HLS/2016.1/common/technology/xilinx/artix7/artix7_fpv6.gen "
@I [HLS-100] Command "source C:/Xilinx/Vivado_HLS/2016.1/common/technology/xilinx/common/xilinx_fpv6.gen "
@I [HLS-100] Command 'ap_source' returned 0; elapsed 0.002Total elapsed time: 17.512 sec.
@I [HLS-100] Command 'ap_source' returned 0; elapsed 0.002Total elapsed time: 17.512 sec.
@I [HLS-100] Command "source C:/Users/aaron/Desktop/git_article/vivadoProjects/bubbleSort/solution1/.autopilot/db/global.setting.tcl "
@I [HLS-100] Command 'ap_source' returned 0; elapsed 0.002Total elapsed time: 17.516 sec.
@I [HLS-100] Command "source C:/Users/aaron/Desktop/git_article/vivadoProjects/bubbleSort/solution1/.autopilot/db/global.setting.tcl "
@I [HLS-100] Command 'ap_source' returned 0; elapsed 0Total elapsed time: 17.518 sec.
@I [HLS-100] Command "source C:/Users/aaron/Desktop/git_article/vivadoProjects/bubbleSort/solution1/.autopilot/db/global.setting.tcl "
@I [HLS-100] Command 'ap_source' returned 0; elapsed 0.001Total elapsed time: 17.521 sec.
@I [HLS-100] Command "source C:/Users/aaron/Desktop/git_article/vivadoProjects/bubbleSort/solution1/.autopilot/db/global.setting.tcl "
@I [HLS-100] Command 'ap_source' returned 0; elapsed 0.002Total elapsed time: 17.523 sec.
@I [HLS-100] Command "source C:/Users/aaron/Desktop/git_article/vivadoProjects/bubbleSort/solution1/.autopilot/db/bubbleSort.compgen.tcl "
@I [HLS-100] Command 'ap_source' returned 0; elapsed 0.088Total elapsed time: 17.613 sec.
@I [HLS-10] Finished generating all RTL models.
@0 [HLS-0] Finished generating all RTL models.
@I [SYSC-301] Generating SystemC RTL for bubbleSort.
@I [VHDL-304] Generating VHDL RTL for bubbleSort.
@I [VLOG-307] Generating Verilog RTL for bubbleSort.
@I [HLS-100] Command 'autosyn' returned 0; elapsed 1.017Total elapsed time: 17.662 sec.
@I [HLS-100] Command 'csynth_design' returned 0; elapsed 16.208Total elapsed time: 17.662 sec.
@I [HLS-100] Command 'ap_source' returned 0; elapsed 16.816Total elapsed time: 17.663 sec.
@I [HLS-100] Command "cleanup_all "
@I [HLS-100] Command 'cleanup_all' returned 0; elapsed 0.003Total elapsed time: 17.666 sec.
