

================================================================
== Vivado HLS Report for 'selectionSort'
================================================================
* Date:           Fri Jul 09 11:38:26 2021

* Version:        2016.1 (Build 1538259 on Fri Apr 08 16:12:49 MDT 2016)
* Project:        selection_sort
* Solution:       solution1
* Product family: artix7
* Target device:  xc7a100tcsg324-1


================================================================
== Performance Estimates
================================================================
+ Timing (ns): 
    * Summary: 
    +--------+-------+----------+------------+
    |  Clock | Target| Estimated| Uncertainty|
    +--------+-------+----------+------------+
    |ap_clk  |  10.00|      7.01|        1.25|
    +--------+-------+----------+------------+

+ Latency (clock cycles): 
    * Summary: 
    +-----+--------+-----+--------+---------+
    |    Latency   |   Interval   | Pipeline|
    | min |   max  | min |   max  |   Type  |
    +-----+--------+-----+--------+---------+
    |    1|  131328|    2|  131329|   none  |
    +-----+--------+-----+--------+---------+

    + Detail: 
        * Instance: 
        N/A

        * Loop: 
        +-------------+------+--------+----------+-----------+-----------+---------+----------+
        |             |    Latency    | Iteration|  Initiation Interval  |   Trip  |          |
        |  Loop Name  |  min |   max  |  Latency |  achieved |   target  |  Count  | Pipelined|
        +-------------+------+--------+----------+-----------+-----------+---------+----------+
        |- Loop 1     |  1785|  131325|  7 ~ 515 |          -|          -|      255|    no    |
        | + Loop 1.1  |     2|     510|         2|          -|          -| 1 ~ 255 |    no    |
        +-------------+------+--------+----------+-----------+-----------+---------+----------+



================================================================
== Utilization Estimates
================================================================
* Summary: 
+-----------------+---------+-------+--------+-------+
|       Name      | BRAM_18K| DSP48E|   FF   |  LUT  |
+-----------------+---------+-------+--------+-------+
|DSP              |        -|      -|       -|      -|
|Expression       |        -|      -|       0|    213|
|FIFO             |        -|      -|       -|      -|
|Instance         |        -|      -|       -|      -|
|Memory           |        1|      -|       0|      0|
|Multiplexer      |        -|      -|       -|    140|
|Register         |        -|      -|     211|      -|
+-----------------+---------+-------+--------+-------+
|Total            |        1|      0|     211|    353|
+-----------------+---------+-------+--------+-------+
|Available        |      270|    240|  126800|  63400|
+-----------------+---------+-------+--------+-------+
|Utilization (%)  |    ~0   |      0|   ~0   |   ~0  |
+-----------------+---------+-------+--------+-------+

+ Detail: 
    * Instance: 
    N/A

    * DSP48: 
    N/A

    * Memory: 
    +-------+-----------------+---------+---+----+------+-----+------+-------------+
    | Memory|      Module     | BRAM_18K| FF| LUT| Words| Bits| Banks| W*Bits*Banks|
    +-------+-----------------+---------+---+----+------+-----+------+-------------+
    |A_U    |selectionSort_A  |        1|  0|   0|   256|   16|     1|         4096|
    +-------+-----------------+---------+---+----+------+-----+------+-------------+
    |Total  |                 |        1|  0|   0|   256|   16|     1|         4096|
    +-------+-----------------+---------+---+----+------+-----+------+-------------+

    * FIFO: 
    N/A

    * Expression: 
    +--------------------------------------+----------+-------+---+----+------------+------------+
    |             Variable Name            | Operation| DSP48E| FF| LUT| Bitwidth P0| Bitwidth P1|
    +--------------------------------------+----------+-------+---+----+------------+------------+
    |i_fu_223_p2                           |     +    |      0|  0|   8|           8|           1|
    |j_fu_271_p2                           |     +    |      0|  0|  16|          16|           1|
    |tmp_2_fu_201_p2                       |     +    |      0|  0|  32|          32|           1|
    |exitcond1_i_fu_217_p2                 |   icmp   |      0|  0|   3|           8|           2|
    |exitcond_i_fu_277_p2                  |   icmp   |      0|  0|   6|          16|           8|
    |icmp_fu_186_p2                        |   icmp   |      0|  0|   9|          24|           1|
    |tmp_i_5_fu_297_p2                     |   icmp   |      0|  0|  11|          32|          32|
    |gepindex2_fu_254_p3                   |  select  |      0|  0|  64|           1|           8|
    |index_min_1_i_index_min1_i_fu_314_p3  |  select  |      0|  0|  32|           1|          32|
    |min_1_i_min1_i_fu_306_p3              |  select  |      0|  0|  32|           1|          32|
    +--------------------------------------+----------+-------+---+----+------------+------------+
    |Total                                 |          |      0|  0| 213|         139|         118|
    +--------------------------------------+----------+-------+---+----+------------+------------+

    * Multiplexer: 
    +----------------------+----+-----------+-----+-----------+
    |         Name         | LUT| Input Size| Bits| Total Bits|
    +----------------------+----+-----------+-----+-----------+
    |A_address0            |  16|          8|    8|         64|
    |A_d0                  |  16|          4|   16|         64|
    |ap_NS_fsm             |   4|         10|    1|         10|
    |i_i_reg_114           |   8|          2|    8|         16|
    |index_min1_i_reg_145  |  32|          2|   32|         64|
    |j_0_in_i_reg_136      |  16|          2|   16|         32|
    |min1_i_reg_126        |  32|          2|   32|         64|
    |p_0_reg_155           |  16|          2|   16|         32|
    +----------------------+----+-----------+-----+-----------+
    |Total                 | 140|         32|  129|        346|
    +----------------------+----+-----------+-----+-----------+

    * Register: 
    +-----------------------+----+----+-----+-----------+
    |          Name         | FF | LUT| Bits| Const Bits|
    +-----------------------+----+----+-----+-----------+
    |A_addr_1_reg_348       |   8|   0|    8|          0|
    |A_addr_2_reg_382       |   8|   0|    8|          0|
    |ap_CS_fsm              |   9|   0|    9|          0|
    |count                  |  32|   0|   32|          0|
    |flagFill               |   1|   0|    1|          0|
    |flagFill_load_reg_331  |   1|   0|    1|          0|
    |i_i_cast1_reg_335      |   8|   0|   16|          8|
    |i_i_reg_114            |   8|   0|    8|          0|
    |i_reg_343              |   8|   0|    8|          0|
    |index_min1_i_reg_145   |  32|   0|   32|          0|
    |j_0_in_i_reg_136       |  16|   0|   16|          0|
    |j_reg_368              |  16|   0|   16|          0|
    |min1_i_reg_126         |  32|   0|   32|          0|
    |p_0_reg_155            |  16|   0|   16|          0|
    |reg_166                |  16|   0|   16|          0|
    +-----------------------+----+----+-----+-----------+
    |Total                  | 211|   0|  219|          8|
    +-----------------------+----+----+-----+-----------+



================================================================
== Interface
================================================================
* Summary: 
+------------+-----+-----+------------+---------------+--------------+
|  RTL Ports | Dir | Bits|  Protocol  | Source Object |    C Type    |
+------------+-----+-----+------------+---------------+--------------+
|ap_clk      |  in |    1| ap_ctrl_hs | selectionSort | return value |
|ap_rst      |  in |    1| ap_ctrl_hs | selectionSort | return value |
|ap_start    |  in |    1| ap_ctrl_hs | selectionSort | return value |
|ap_done     | out |    1| ap_ctrl_hs | selectionSort | return value |
|ap_idle     | out |    1| ap_ctrl_hs | selectionSort | return value |
|ap_ready    | out |    1| ap_ctrl_hs | selectionSort | return value |
|ap_return   | out |   16| ap_ctrl_hs | selectionSort | return value |
|dataIn      |  in |   16|   ap_none  |     dataIn    |    scalar    |
|posOutData  |  in |    8|   ap_none  |   posOutData  |    scalar    |
+------------+-----+-----+------------+---------------+--------------+

