@I [HLS-0] Workspace C:/Users/aaron/Desktop/git_article/vivadoProjects/selection_sort/solution1 opened at Fri Jul 09 11:38:57 -0700 2021
@I [HLS-100] Command "config_clock -quiet -name default -period 10 -default=false "
@I [SYN-201] Setting up clock 'default' with a period of 10ns.
@I [HLS-100] Command 'config_clock' returned 0; elapsed 0Total elapsed time: 0.689 sec.
@I [HLS-100] Command "open_platform DefaultPlatform "
@I [HLS-100] Command 'open_platform' returned 0; elapsed 0Total elapsed time: 0.691 sec.
@I [HLS-100] Command "import_lib C:/Xilinx/Vivado_HLS/2016.1/common/technology/xilinx/artix7/artix7 "
@I [HLS-100] Command "source C:/Xilinx/Vivado_HLS/2016.1/common/technology/xilinx/common/xilinx.lib "
@I [HLS-100] Command "source C:/Xilinx/Vivado_HLS/2016.1/common/technology/xilinx/interface/xilinx_interface.lib "
@I [HLS-100] Command "source C:/Xilinx/Vivado_HLS/2016.1/common/technology/xilinx/interface/plb46.lib "
@I [HLS-100] Command 'ap_source' returned 0; elapsed 0Total elapsed time: 0.693 sec.
@I [HLS-100] Command "source C:/Xilinx/Vivado_HLS/2016.1/common/technology/xilinx/interface/fsl.lib "
@I [HLS-100] Command 'ap_source' returned 0; elapsed 0.001Total elapsed time: 0.694 sec.
@I [HLS-100] Command "source C:/Xilinx/Vivado_HLS/2016.1/common/technology/xilinx/interface/axi4.lib "
@I [HLS-100] Command 'ap_source' returned 0; elapsed 0.001Total elapsed time: 0.695 sec.
@I [HLS-100] Command "source C:/Xilinx/Vivado_HLS/2016.1/common/technology/xilinx/interface/maxi.lib "
@I [HLS-100] Command 'ap_source' returned 0; elapsed 0Total elapsed time: 0.695 sec.
@I [HLS-100] Command "source C:/Xilinx/Vivado_HLS/2016.1/common/technology/xilinx/interface/saxilite.lib "
@I [HLS-100] Command 'ap_source' returned 0; elapsed 0Total elapsed time: 0.696 sec.
@I [HLS-100] Command 'ap_source' returned 0; elapsed 0.004Total elapsed time: 0.696 sec.
@I [HLS-100] Command "source C:/Xilinx/Vivado_HLS/2016.1/common/technology/xilinx/common/dsp48.lib "
@I [HLS-100] Command 'ap_source' returned 0; elapsed 0Total elapsed time: 0.697 sec.
@I [HLS-100] Command "source C:/Xilinx/Vivado_HLS/2016.1/common/technology/xilinx/ip/dds_compiler.lib "
@I [HLS-100] Command 'ap_source' returned 0; elapsed 0Total elapsed time: 0.698 sec.
@I [HLS-100] Command "source C:/Xilinx/Vivado_HLS/2016.1/common/technology/xilinx/ip/xfft.lib "
@I [HLS-100] Command 'ap_source' returned 0; elapsed 0Total elapsed time: 0.698 sec.
@I [HLS-100] Command "source C:/Xilinx/Vivado_HLS/2016.1/common/technology/xilinx/ip/xfir.lib "
@I [HLS-100] Command 'ap_source' returned 0; elapsed 0Total elapsed time: 0.699 sec.
@I [HLS-100] Command 'ap_source' returned 0; elapsed 0.008Total elapsed time: 0.700 sec.
@I [HLS-100] Command "source C:/Xilinx/Vivado_HLS/2016.1/common/technology/xilinx/common/xilinx_old.lib "
@I [HLS-100] Command 'ap_source' returned 0; elapsed 0.001Total elapsed time: 0.702 sec.
@I [HLS-100] Command "source C:/Xilinx/Vivado_HLS/2016.1/common/technology/xilinx/common/xilinx_vivado.lib "
@I [HLS-100] Command 'ap_source' returned 0; elapsed 0Total elapsed time: 0.702 sec.
@I [HLS-100] Command "source C:/Xilinx/Vivado_HLS/2016.1/common/technology/xilinx/common/xilinx.hlp "
@I [HLS-100] Command "source C:/Xilinx/Vivado_HLS/2016.1/common/technology/xilinx/common/target_info.tcl "
@I [HLS-100] Command 'ap_source' returned 0; elapsed 0Total elapsed time: 0.706 sec.
@I [HLS-100] Command "source C:/Xilinx/Vivado_HLS/2016.1/common/technology/xilinx/interface/xilinx_interface.hlp "
@I [HLS-100] Command "source C:/Xilinx/Vivado_HLS/2016.1/common/technology/xilinx/interface/maxi.hlp "
@I [HLS-100] Command 'ap_source' returned 0; elapsed 0Total elapsed time: 0.707 sec.
@I [HLS-100] Command "source C:/Xilinx/Vivado_HLS/2016.1/common/technology/xilinx/interface/saxilite.hlp "
@I [HLS-100] Command 'ap_source' returned 0; elapsed 0Total elapsed time: 0.708 sec.
@I [HLS-100] Command 'ap_source' returned 0; elapsed 0.001Total elapsed time: 0.708 sec.
@I [HLS-100] Command "source C:/Xilinx/Vivado_HLS/2016.1/common/technology/xilinx/common/dsp48.hlp "
@I [HLS-100] Command 'ap_source' returned 0; elapsed 0.001Total elapsed time: 0.710 sec.
@I [HLS-100] Command 'ap_source' returned 0; elapsed 0.005Total elapsed time: 0.710 sec.
@I [HLS-100] Command "source C:/Xilinx/Vivado_HLS/2016.1/common/technology/xilinx/artix7/dsp48e1.hlp "
@I [HLS-100] Command 'ap_source' returned 0; elapsed 0Total elapsed time: 0.711 sec.
@I [HLS-100] Command "get_default_platform "
@I [HLS-100] Command 'get_default_platform' returned 0; elapsed 0Total elapsed time: 0.711 sec.
@I [HLS-100] Command "config_chip_info -quiet -resource  {SLICE 15850} {LUT 63400}     {FF 126800} {DSP48E 240}    {BRAM 270}  "
@I [HLS-100] Command 'config_chip_info' returned 0; elapsed 0Total elapsed time: 0.713 sec.
@I [HLS-100] Command "config_chip_info -quiet -speed medium "
@I [HLS-100] Command 'config_chip_info' returned 0; elapsed 0Total elapsed time: 0.714 sec.
@I [HLS-100] Command 'import_lib' returned 0; elapsed 0.024Total elapsed time: 0.715 sec.
@I [HLS-100] Command "source C:/Xilinx/Vivado_HLS/2016.1/common/technology/xilinx/artix7/artix7.gen "
@I [HLS-100] Command "source C:/Xilinx/Vivado_HLS/2016.1/common/technology/xilinx/common/virtex.gen "
@I [HLS-100] Command "source C:/Xilinx/Vivado_HLS/2016.1/common/technology/xilinx/common/xilinx.gen "
@I [HLS-100] Command "source C:/Xilinx/Vivado_HLS/2016.1/common/technology/xilinx/interface/plb46.gen "
@I [HLS-100] Command 'ap_source' returned 0; elapsed 0.001Total elapsed time: 0.719 sec.
@I [HLS-100] Command "source C:/Xilinx/Vivado_HLS/2016.1/common/technology/xilinx/interface/fsl.gen "
@I [HLS-100] Command 'ap_source' returned 0; elapsed 0.001Total elapsed time: 0.720 sec.
@I [HLS-100] Command "source C:/Xilinx/Vivado_HLS/2016.1/common/technology/xilinx/interface/axi4.gen "
@I [HLS-100] Command 'ap_source' returned 0; elapsed 0.002Total elapsed time: 0.722 sec.
@I [HLS-100] Command "source C:/Xilinx/Vivado_HLS/2016.1/common/technology/xilinx/interface/nativeAXI4.gen "
@I [HLS-100] Command "source C:/Xilinx/Vivado_HLS/2016.1/common/technology/xilinx/interface/saxilite.gen "
@I [HLS-100] Command 'ap_source' returned 0; elapsed 0.004Total elapsed time: 0.727 sec.
@I [HLS-100] Command "source C:/Xilinx/Vivado_HLS/2016.1/common/technology/xilinx/interface/maxi.gen "
@I [HLS-100] Command 'ap_source' returned 0; elapsed 0.009Total elapsed time: 0.737 sec.
@I [HLS-100] Command 'ap_source' returned 0; elapsed 0.015Total elapsed time: 0.738 sec.
@I [HLS-100] Command "source C:/Xilinx/Vivado_HLS/2016.1/common/technology/xilinx/scripts/xilinxcoregen.gen "
@I [HLS-100] Command 'ap_source' returned 0; elapsed 0.012Total elapsed time: 0.750 sec.
@I [HLS-100] Command "source C:/Xilinx/Vivado_HLS/2016.1/common/technology/xilinx/interface/XilEDKCoreGen.gen "
@I [HLS-100] Command 'ap_source' returned 0; elapsed 0.009Total elapsed time: 0.759 sec.
@I [HLS-100] Command "source C:/Xilinx/Vivado_HLS/2016.1/common/technology/xilinx/ip/dds_compiler.gen "
@I [HLS-100] Command 'ap_source' returned 0; elapsed 0.003Total elapsed time: 0.763 sec.
@I [HLS-100] Command "source C:/Xilinx/Vivado_HLS/2016.1/common/technology/xilinx/ip/util.gen "
@I [HLS-100] Command 'ap_source' returned 0; elapsed 0Total elapsed time: 0.763 sec.
@I [HLS-100] Command "source C:/Xilinx/Vivado_HLS/2016.1/common/technology/xilinx/ip/xfft.gen "
@I [HLS-100] Command 'ap_source' returned 0; elapsed 0.095Total elapsed time: 0.859 sec.
@I [HLS-100] Command "source C:/Xilinx/Vivado_HLS/2016.1/common/technology/xilinx/ip/xfir.gen "
@I [HLS-100] Command 'ap_source' returned 0; elapsed 0.001Total elapsed time: 0.861 sec.
@I [HLS-100] Command 'ap_source' returned 0; elapsed 0.144Total elapsed time: 0.861 sec.
@I [HLS-100] Command "source C:/Xilinx/Vivado_HLS/2016.1/common/technology/xilinx/common/dsp48.gen "
@I [HLS-100] Command 'ap_source' returned 0; elapsed 0.001Total elapsed time: 0.863 sec.
@I [HLS-100] Command 'ap_source' returned 0; elapsed 0.147Total elapsed time: 0.863 sec.
@I [HLS-100] Command 'ap_source' returned 0; elapsed 0.148Total elapsed time: 0.863 sec.
@I [HLS-100] Command "open_platform DefaultPlatform "
@I [HLS-100] Command 'open_platform' returned 0; elapsed 0Total elapsed time: 0.864 sec.
@I [HLS-100] Command "import_lib C:/Xilinx/Vivado_HLS/2016.1/common/technology/xilinx/artix7/artix7_fpv6 "
@I [HLS-100] Command "source C:/Xilinx/Vivado_HLS/2016.1/common/technology/xilinx/common/xilinx_fpv7.lib "
@I [HLS-100] Command "source C:/Xilinx/Vivado_HLS/2016.1/common/technology/xilinx/common/xilinx_hp.lib "
@I [HLS-100] Command 'ap_source' returned 0; elapsed 0Total elapsed time: 0.865 sec.
@I [HLS-100] Command 'ap_source' returned 0; elapsed 0.003Total elapsed time: 0.867 sec.
@I [HLS-100] Command "source C:/Xilinx/Vivado_HLS/2016.1/common/technology/xilinx/common/xilinx_fpv.hlp "
@I [HLS-100] Command "source C:/Xilinx/Vivado_HLS/2016.1/common/technology/xilinx/common/xilinx.hlp "
@I [HLS-100] Command "source C:/Xilinx/Vivado_HLS/2016.1/common/technology/xilinx/common/target_info.tcl "
@I [HLS-100] Command 'ap_source' returned 0; elapsed 0.002Total elapsed time: 0.876 sec.
@I [HLS-100] Command "source C:/Xilinx/Vivado_HLS/2016.1/common/technology/xilinx/interface/xilinx_interface.hlp "
@I [HLS-100] Command "source C:/Xilinx/Vivado_HLS/2016.1/common/technology/xilinx/interface/maxi.hlp "
@I [HLS-100] Command 'ap_source' returned 0; elapsed 0Total elapsed time: 0.877 sec.
@I [HLS-100] Command "source C:/Xilinx/Vivado_HLS/2016.1/common/technology/xilinx/interface/saxilite.hlp "
@I [HLS-100] Command 'ap_source' returned 0; elapsed 0Total elapsed time: 0.878 sec.
@I [HLS-100] Command 'ap_source' returned 0; elapsed 0.001Total elapsed time: 0.878 sec.
@I [HLS-100] Command "source C:/Xilinx/Vivado_HLS/2016.1/common/technology/xilinx/common/dsp48.hlp "
@I [HLS-100] Command 'ap_source' returned 0; elapsed 0Total elapsed time: 0.879 sec.
@I [HLS-100] Command 'ap_source' returned 0; elapsed 0.007Total elapsed time: 0.880 sec.
@I [HLS-100] Command 'ap_source' returned 0; elapsed 0.007Total elapsed time: 0.880 sec.
@I [HLS-100] Command "source C:/Xilinx/Vivado_HLS/2016.1/common/technology/xilinx/artix7/artix7_hp.hlp "
@I [HLS-100] Command 'ap_source' returned 0; elapsed 0Total elapsed time: 0.881 sec.
@I [HLS-100] Command 'import_lib' returned 0; elapsed 0.021Total elapsed time: 0.885 sec.
@I [HLS-100] Command "source C:/Xilinx/Vivado_HLS/2016.1/common/technology/xilinx/artix7/artix7_fpv6.gen "
@I [HLS-100] Command "source C:/Xilinx/Vivado_HLS/2016.1/common/technology/xilinx/common/xilinx_fpv6.gen "
@I [HLS-100] Command 'ap_source' returned 0; elapsed 0.002Total elapsed time: 0.888 sec.
@I [HLS-100] Command 'ap_source' returned 0; elapsed 0.002Total elapsed time: 0.888 sec.
@I [HLS-100] Command "set_part xc7a100tcsg324-1 "
@I [HLS-100] Command "add_library xilinx/artix7/artix7:xc7a100t:csg324:-1 "
@I [HLS-100] Command "get_default_platform "
@I [HLS-100] Command 'get_default_platform' returned 0; elapsed 0Total elapsed time: 0.893 sec.
@I [HLS-100] Command "license_isbetapart xc7a100t "
@I [HLS-100] Command 'license_isbetapart' returned 1; elapsed 0.017Total elapsed time: 0.911 sec.
@I [HLS-100] Command "get_default_platform "
@I [HLS-100] Command 'get_default_platform' returned 0; elapsed 0Total elapsed time: 0.913 sec.
@I [HLS-100] Command "config_chip_info -quiet -resource  {SLICE 15850} {LUT 63400}     {FF 126800} {DSP48E 240}    {BRAM 270}  "
@I [HLS-100] Command 'config_chip_info' returned 0; elapsed 0Total elapsed time: 0.914 sec.
@I [HLS-100] Command "config_chip_info -quiet -speed slow "
@I [HLS-100] Command 'config_chip_info' returned 0; elapsed 0Total elapsed time: 0.915 sec.
@I [HLS-100] Command 'add_library' returned 0; elapsed 0.024Total elapsed time: 0.917 sec.
@I [HLS-100] Command "add_library xilinx/artix7/artix7_fpv6 "
@I [HLS-100] Command "get_default_platform "
@I [HLS-100] Command 'get_default_platform' returned 0; elapsed 0Total elapsed time: 0.919 sec.
@I [HLS-100] Command 'add_library' returned 0; elapsed 0.003Total elapsed time: 0.921 sec.
@I [HLS-10] Setting target device to 'xc7a100tcsg324-1'
@I [HLS-100] Command 'set_part' returned 0; elapsed 0.032Total elapsed time: 0.921 sec.
@I [HLS-100] Command "get_default_platform "
@I [HLS-100] Command 'get_default_platform' returned 0; elapsed 0Total elapsed time: 0.922 sec.
@I [HLS-100] Command "config_chip_info -quiet -resource  {SLICE 15850} {LUT 63400}     {FF 126800} {DSP48E 240}    {BRAM 270}  "
@I [HLS-100] Command 'config_chip_info' returned 0; elapsed 0Total elapsed time: 0.922 sec.
@I [HLS-100] Command "config_chip_info -quiet -speed slow "
@I [HLS-100] Command 'config_chip_info' returned 0; elapsed 0Total elapsed time: 0.922 sec.
@I [HLS-100] Command 'open_solution' returned 0; elapsed 0.245Total elapsed time: 0.924 sec.
@I [HLS-100] Command "cosim_design -trace_level all "
@I [HLS-100] Command "source C:/Users/aaron/Desktop/git_article/vivadoProjects/selection_sort/solution1/.autopilot/db/global.setting.tcl "
@I [HLS-100] Command 'ap_source' returned 0; elapsed 0.001Total elapsed time: 0.928 sec.
@I [HLS-100] Command "source C:/Users/aaron/Desktop/git_article/vivadoProjects/selection_sort/solution1/.autopilot/db/global.setting.tcl "
@I [HLS-100] Command 'ap_source' returned 0; elapsed 0.001Total elapsed time: 0.936 sec.
@I [HLS-100] Command "source C:/Users/aaron/Desktop/git_article/vivadoProjects/selection_sort/solution1/.autopilot/db/global.setting.tcl "
@I [HLS-100] Command 'ap_source' returned 0; elapsed 0.001Total elapsed time: 0.958 sec.
@I [HLS-100] Command "source C:/Xilinx/Vivado_HLS/2016.1/common/technology/generic/autopilot/common.gen "
@I [HLS-100] Command "source C:/Xilinx/Vivado_HLS/2016.1/common/technology/generic/autopilot/APCoreGen.gen "
@I [HLS-100] Command 'ap_source' returned 0; elapsed 0.001Total elapsed time: 0.962 sec.
@I [HLS-100] Command 'ap_source' returned 0; elapsed 0.003Total elapsed time: 0.963 sec.
@I [HLS-100] Command "source C:/Xilinx/Vivado_HLS/2016.1/common/technology/generic/autopilot/op.gen "
@I [HLS-100] Command 'ap_source' returned 0; elapsed 0.001Total elapsed time: 0.964 sec.
@I [HLS-100] Command "source C:/Xilinx/Vivado_HLS/2016.1/common/technology/generic/autopilot/op_simcore.gen "
@I [HLS-100] Command 'ap_source' returned 0; elapsed 0.001Total elapsed time: 0.965 sec.
@I [HLS-100] Command "source C:/Xilinx/Vivado_HLS/2016.1/common/technology/generic/autopilot/interface.gen "
@I [HLS-100] Command 'ap_source' returned 0; elapsed 0Total elapsed time: 0.966 sec.
@I [HLS-100] Command "source C:/Users/aaron/Desktop/git_article/vivadoProjects/selection_sort/solution1/.autopilot/db/global.setting.tcl "
@I [HLS-100] Command 'ap_source' returned 0; elapsed 0.001Total elapsed time: 0.967 sec.
@I [HLS-100] Command "source C:/Xilinx/Vivado_HLS/2016.1/common/technology/xilinx/artix7/artix7.gen "
@I [HLS-100] Command "source C:/Xilinx/Vivado_HLS/2016.1/common/technology/xilinx/common/virtex.gen "
@I [HLS-100] Command "source C:/Xilinx/Vivado_HLS/2016.1/common/technology/xilinx/common/xilinx.gen "
@I [HLS-100] Command "source C:/Xilinx/Vivado_HLS/2016.1/common/technology/xilinx/interface/plb46.gen "
@I [HLS-100] Command 'ap_source' returned 0; elapsed 0.001Total elapsed time: 0.970 sec.
@I [HLS-100] Command "source C:/Xilinx/Vivado_HLS/2016.1/common/technology/xilinx/interface/fsl.gen "
@I [HLS-100] Command 'ap_source' returned 0; elapsed 0.001Total elapsed time: 0.971 sec.
@I [HLS-100] Command "source C:/Xilinx/Vivado_HLS/2016.1/common/technology/xilinx/interface/axi4.gen "
@I [HLS-100] Command 'ap_source' returned 0; elapsed 0.002Total elapsed time: 0.973 sec.
@I [HLS-100] Command "source C:/Xilinx/Vivado_HLS/2016.1/common/technology/xilinx/interface/nativeAXI4.gen "
@I [HLS-100] Command "source C:/Xilinx/Vivado_HLS/2016.1/common/technology/xilinx/interface/saxilite.gen "
@I [HLS-100] Command 'ap_source' returned 0; elapsed 0.005Total elapsed time: 0.977 sec.
@I [HLS-100] Command "source C:/Xilinx/Vivado_HLS/2016.1/common/technology/xilinx/interface/maxi.gen "
@I [HLS-100] Command 'ap_source' returned 0; elapsed 0.009Total elapsed time: 0.987 sec.
@I [HLS-100] Command 'ap_source' returned 0; elapsed 0.016Total elapsed time: 0.988 sec.
@I [HLS-100] Command "source C:/Xilinx/Vivado_HLS/2016.1/common/technology/xilinx/scripts/xilinxcoregen.gen "
@I [HLS-100] Command 'ap_source' returned 0; elapsed 0.012Total elapsed time: 1.0 sec.
@I [HLS-100] Command "source C:/Xilinx/Vivado_HLS/2016.1/common/technology/xilinx/interface/XilEDKCoreGen.gen "
@I [HLS-100] Command 'ap_source' returned 0; elapsed 0.008Total elapsed time: 1.9 sec.
@I [HLS-100] Command "source C:/Xilinx/Vivado_HLS/2016.1/common/technology/xilinx/ip/dds_compiler.gen "
@I [HLS-100] Command 'ap_source' returned 0; elapsed 0.003Total elapsed time: 1.14 sec.
@I [HLS-100] Command "source C:/Xilinx/Vivado_HLS/2016.1/common/technology/xilinx/ip/util.gen "
@I [HLS-100] Command 'ap_source' returned 0; elapsed 0.001Total elapsed time: 1.16 sec.
@I [HLS-100] Command "source C:/Xilinx/Vivado_HLS/2016.1/common/technology/xilinx/ip/xfft.gen "
@I [HLS-100] Command 'ap_source' returned 0; elapsed 0.117Total elapsed time: 1.133 sec.
@I [HLS-100] Command "source C:/Xilinx/Vivado_HLS/2016.1/common/technology/xilinx/ip/xfir.gen "
@I [HLS-100] Command 'ap_source' returned 0; elapsed 0.001Total elapsed time: 1.134 sec.
@I [HLS-100] Command 'ap_source' returned 0; elapsed 0.166Total elapsed time: 1.134 sec.
@I [HLS-100] Command "source C:/Xilinx/Vivado_HLS/2016.1/common/technology/xilinx/common/dsp48.gen "
@I [HLS-100] Command 'ap_source' returned 0; elapsed 0Total elapsed time: 1.136 sec.
@I [HLS-100] Command 'ap_source' returned 0; elapsed 0.169Total elapsed time: 1.136 sec.
@I [HLS-100] Command 'ap_source' returned 0; elapsed 0.17Total elapsed time: 1.137 sec.
@I [HLS-100] Command "source C:/Xilinx/Vivado_HLS/2016.1/common/technology/xilinx/artix7/artix7_fpv6.gen "
@I [HLS-100] Command "source C:/Xilinx/Vivado_HLS/2016.1/common/technology/xilinx/common/xilinx_fpv6.gen "
@I [HLS-100] Command 'ap_source' returned 0; elapsed 0.002Total elapsed time: 1.139 sec.
@I [HLS-100] Command 'ap_source' returned 0; elapsed 0.002Total elapsed time: 1.139 sec.
@I [HLS-100] Command "source C:/Users/aaron/Desktop/git_article/vivadoProjects/selection_sort/solution1/.autopilot/db/global.setting.tcl "
@I [HLS-100] Command 'ap_source' returned 0; elapsed 0.001Total elapsed time: 1.141 sec.
@I [HLS-100] Command "source C:/Users/aaron/Desktop/git_article/vivadoProjects/selection_sort/solution1/.autopilot/db/selectionSort.rtl_wrap.cfg.tcl "
@I [HLS-100] Command 'ap_source' returned 0; elapsed 0.001Total elapsed time: 1.144 sec.
@I [HLS-100] Command "source C:/Users/aaron/Desktop/git_article/vivadoProjects/selection_sort/solution1/.autopilot/db/selectionSort.tbgen.tcl "
@I [HLS-100] Command 'ap_source' returned 0; elapsed 0.001Total elapsed time: 1.146 sec.
@I [HLS-100] Command "is_encrypted C:/Users/aaron/Desktop/git_article/vivadoProjects/selection_sort_tb.c "
@I [HLS-100] Command 'is_encrypted' returned 0; elapsed 0Total elapsed time: 1.152 sec.
@I [HLS-100] Command "is_encrypted C:/Users/aaron/Desktop/git_article/vivadoProjects/selection_sort.c "
@I [HLS-100] Command 'is_encrypted' returned 0; elapsed 0.001Total elapsed time: 1.153 sec.
@I [HLS-100] Command "source C:/Users/aaron/Desktop/git_article/vivadoProjects/selection_sort/solution1/.autopilot/db/selectionSort.tbgen.tcl "
@I [HLS-100] Command 'ap_source' returned 0; elapsed 0.001Total elapsed time: 1.154 sec.
@I [HLS-100] Command "source C:/Users/aaron/Desktop/git_article/vivadoProjects/selection_sort/solution1/.autopilot/db/selectionSort.tbgen.tcl "
@I [HLS-100] Command 'ap_source' returned 0; elapsed 0.001Total elapsed time: 1.155 sec.
@I [COSIM-47] Using XSIM for RTL simulation.
@I [COSIM-14] Instrumenting C test bench ...
@I [HLS-100] Command "source C:/Users/aaron/Desktop/git_article/vivadoProjects/selection_sort/solution1/.autopilot/db/selectionSort.rtl_wrap.cfg.tcl "
@I [HLS-100] Command 'ap_source' returned 0; elapsed 0.001Total elapsed time: 1.167 sec.
@I [HLS-100] Command "source C:/Users/aaron/Desktop/git_article/vivadoProjects/selection_sort/solution1/.autopilot/db/selectionSort.rtl_wrap.cfg.tcl "
@I [HLS-100] Command 'ap_source' returned 0; elapsed 0.001Total elapsed time: 1.169 sec.
@I [HLS-100] Command "source C:/Users/aaron/Desktop/git_article/vivadoProjects/selection_sort/solution1/.autopilot/db/selectionSort.rtl_wrap.cfg.tcl "
@I [HLS-100] Command 'ap_source' returned 0; elapsed 0.002Total elapsed time: 1.171 sec.
@I [HLS-100] Command "source C:/Users/aaron/Desktop/git_article/vivadoProjects/selection_sort/solution1/.autopilot/db/selectionSort.tbgen.tcl "
@I [HLS-100] Command 'ap_source' returned 0; elapsed 0Total elapsed time: 1.172 sec.
@I [HLS-100] Command "source C:/Users/aaron/Desktop/git_article/vivadoProjects/selection_sort/solution1/.autopilot/db/selectionSort.tbgen.tcl "
@I [HLS-100] Command 'ap_source' returned 0; elapsed 0.001Total elapsed time: 1.174 sec.
@I [HLS-0] Marker-Pragma convertor: C:/Users/aaron/Desktop/git_article/vivadoProjects/selection_sort/solution1/./sim/autowrap/testbench/selection_sort_tb.c_pre.c C:/Users/aaron/Desktop/git_article/vivadoProjects/selection_sort/solution1/./sim/autowrap/testbench/selection_sort_tb.c_pre.c.line.c ./sim/autowrap/testbench/line.tmp 1
@I [HLS-0] Marker-Pragma convertor: ./sim/autowrap/testbench/selection_sort_tb.c_pre.c.tb.c.line ./sim/autowrap/testbench/selection_sort_tb.c_pre.c.tb.c ./sim/autowrap/testbench/line.tmp 0
@I [HLS-0] Marker-Pragma convertor: C:/Users/aaron/Desktop/git_article/vivadoProjects/selection_sort/solution1/./sim/autowrap/testbench/selection_sort.c_pre.c C:/Users/aaron/Desktop/git_article/vivadoProjects/selection_sort/solution1/./sim/autowrap/testbench/selection_sort.c_pre.c.line.c ./sim/autowrap/testbench/line.tmp 1
@I [HLS-0] Marker-Pragma convertor: ./sim/autowrap/testbench/selection_sort.c_pre.c.tb.c.line ./sim/autowrap/testbench/selection_sort.c_pre.c.tb.c ./sim/autowrap/testbench/line.tmp 0
@I [HLS-100] Command "source C:/Users/aaron/Desktop/git_article/vivadoProjects/selection_sort/solution1/.autopilot/db/selectionSort.rtl_wrap.cfg.tcl "
@I [HLS-100] Command 'ap_source' returned 0; elapsed 0.001Total elapsed time: 2.704 sec.
@I [HLS-100] Command "source .run_sim.tcl "
@I [COSIM-302] Starting C TB testing ... 
@I [HLS-100] Command 'ap_source' returned 0; elapsed 0.143Total elapsed time: 25.122 sec.
@I [COSIM-333] Generating C post check test bench ...
@I [HLS-100] Command "source C:/Users/aaron/Desktop/git_article/vivadoProjects/selection_sort/solution1/.autopilot/db/selectionSort.rtl_wrap.cfg.tcl "
@I [HLS-100] Command 'ap_source' returned 0; elapsed 0Total elapsed time: 25.135 sec.
@I [COSIM-12] Generating RTL test bench ...
@I [HLS-100] Command "source C:/Users/aaron/Desktop/git_article/vivadoProjects/selection_sort/solution1/.autopilot/db/selectionSort.tbgen.tcl "
@I [HLS-100] Command 'ap_source' returned 0; elapsed 0.001Total elapsed time: 25.163 sec.
@I [HLS-100] Command "source C:/Users/aaron/Desktop/git_article/vivadoProjects/selection_sort/solution1/.autopilot/db/selectionSort.tbgen.tcl "
@I [HLS-100] Command 'ap_source' returned 0; elapsed 0.001Total elapsed time: 25.164 sec.
@I [HLS-100] Command "source C:/Users/aaron/Desktop/git_article/vivadoProjects/selection_sort/solution1/.autopilot/db/selectionSort.tbgen.tcl "
@I [HLS-100] Command 'ap_source' returned 0; elapsed 0.001Total elapsed time: 25.165 sec.
@I [HLS-100] Command "source C:/Users/aaron/Desktop/git_article/vivadoProjects/selection_sort/solution1/.autopilot/db/selectionSort.tbgen.tcl "
@I [HLS-100] Command 'ap_source' returned 0; elapsed 0.001Total elapsed time: 25.167 sec.
@I [HLS-100] Command "source ../tv/cdatafile/ref.tcl "
@I [HLS-100] Command 'ap_source' returned 0; elapsed 0.001Total elapsed time: 25.169 sec.
@I [HLS-100] Command "source C:/Users/aaron/Desktop/git_article/vivadoProjects/selection_sort/solution1/.autopilot/db/selectionSort.tbgen.tcl "
@I [HLS-100] Command 'ap_source' returned 0; elapsed 0.001Total elapsed time: 25.170 sec.
@I [HLS-100] Command "source C:/Users/aaron/Desktop/git_article/vivadoProjects/selection_sort/solution1/.autopilot/db/selectionSort.tbgen.tcl "
@I [HLS-100] Command 'ap_source' returned 0; elapsed 0.001Total elapsed time: 25.171 sec.
@I [HLS-100] Command "source C:/Users/aaron/Desktop/git_article/vivadoProjects/selection_sort/solution1/.autopilot/db/selectionSort.tbgen.tcl "
@I [HLS-100] Command 'ap_source' returned 0; elapsed 0.001Total elapsed time: 25.173 sec.
@I [HLS-100] Command "source C:/Users/aaron/Desktop/git_article/vivadoProjects/selection_sort/solution1/.autopilot/db/selectionSort.tbgen.tcl "
@I [HLS-100] Command 'ap_source' returned 0; elapsed 0.001Total elapsed time: 25.174 sec.
@I [HLS-100] Command "source C:/Users/aaron/Desktop/git_article/vivadoProjects/selection_sort/solution1/.autopilot/db/selectionSort.tbgen.tcl "
@I [HLS-100] Command 'ap_source' returned 0; elapsed 0.001Total elapsed time: 25.177 sec.
@I [HLS-100] Command "source C:/Users/aaron/Desktop/git_article/vivadoProjects/selection_sort/solution1/.autopilot/db/selectionSort.tbgen.tcl "
@I [HLS-100] Command 'ap_source' returned 0; elapsed 0Total elapsed time: 25.179 sec.
@I [HLS-100] Command "source C:/Users/aaron/Desktop/git_article/vivadoProjects/selection_sort/solution1/.autopilot/db/selectionSort.tbgen.tcl "
@I [HLS-100] Command 'ap_source' returned 0; elapsed 0Total elapsed time: 25.187 sec.
@I [HLS-100] Command "source C:/Users/aaron/Desktop/git_article/vivadoProjects/selection_sort/solution1/.autopilot/db/selectionSort.tbgen.tcl "
@I [HLS-100] Command 'ap_source' returned 0; elapsed 0.001Total elapsed time: 25.189 sec.
@I [HLS-100] Command "source C:/Users/aaron/Desktop/git_article/vivadoProjects/selection_sort/solution1/.autopilot/db/selectionSort.tbgen.tcl "
@I [HLS-100] Command 'ap_source' returned 0; elapsed 0.001Total elapsed time: 25.190 sec.
@I [HLS-100] Command "source C:/Users/aaron/Desktop/git_article/vivadoProjects/selection_sort/solution1/.autopilot/db/selectionSort.tbgen.tcl "
@I [HLS-100] Command 'ap_source' returned 0; elapsed 0.003Total elapsed time: 25.207 sec.
@I [HLS-100] Command "source C:/Users/aaron/Desktop/git_article/vivadoProjects/selection_sort/solution1/.autopilot/db/selectionSort.tbgen.tcl "
@I [HLS-100] Command 'ap_source' returned 0; elapsed 0.001Total elapsed time: 25.211 sec.
@I [HLS-100] Command "source C:/Users/aaron/Desktop/git_article/vivadoProjects/selection_sort/solution1/.autopilot/db/selectionSort.tbgen.tcl "
@I [HLS-100] Command 'ap_source' returned 0; elapsed 0.001Total elapsed time: 25.213 sec.
@I [HLS-100] Command "source C:/Users/aaron/Desktop/git_article/vivadoProjects/selection_sort/solution1/.autopilot/db/selectionSort.tbgen.tcl "
@I [HLS-100] Command 'ap_source' returned 0; elapsed 0.001Total elapsed time: 25.215 sec.
@I [HLS-100] Command "source C:/Users/aaron/Desktop/git_article/vivadoProjects/selection_sort/solution1/.autopilot/db/selectionSort.tbgen.tcl "
@I [HLS-100] Command 'ap_source' returned 0; elapsed 0.001Total elapsed time: 25.216 sec.
@I [HLS-100] Command "source ../tv/cdatafile/ref.tcl "
@I [HLS-100] Command 'ap_source' returned 0; elapsed 0.001Total elapsed time: 25.218 sec.
@I [HLS-100] Command "source C:/Users/aaron/Desktop/git_article/vivadoProjects/selection_sort/solution1/.autopilot/db/selectionSort.tbgen.tcl "
@I [HLS-100] Command 'ap_source' returned 0; elapsed 0.001Total elapsed time: 25.219 sec.
@I [HLS-100] Command "source C:/Users/aaron/Desktop/git_article/vivadoProjects/selection_sort/solution1/.autopilot/db/selectionSort.tbgen.tcl "
@I [HLS-100] Command 'ap_source' returned 0; elapsed 0.001Total elapsed time: 25.220 sec.
@I [HLS-100] Command "source C:/Users/aaron/Desktop/git_article/vivadoProjects/selection_sort/solution1/.autopilot/db/selectionSort.tbgen.tcl "
@I [HLS-100] Command 'ap_source' returned 0; elapsed 0.001Total elapsed time: 25.221 sec.
@I [HLS-100] Command "source C:/Users/aaron/Desktop/git_article/vivadoProjects/selection_sort/solution1/.autopilot/db/selectionSort.tbgen.tcl "
@I [HLS-100] Command 'ap_source' returned 0; elapsed 0.001Total elapsed time: 25.223 sec.
@I [HLS-100] Command "source C:/Users/aaron/Desktop/git_article/vivadoProjects/selection_sort/solution1/.autopilot/db/selectionSort.tbgen.tcl "
@I [HLS-100] Command 'ap_source' returned 0; elapsed 0.001Total elapsed time: 25.225 sec.
@I [HLS-100] Command "source C:/Users/aaron/Desktop/git_article/vivadoProjects/selection_sort/solution1/.autopilot/db/selectionSort.tbgen.tcl "
@I [HLS-100] Command 'ap_source' returned 0; elapsed 0Total elapsed time: 25.227 sec.
@I [HLS-100] Command "source C:/Users/aaron/Desktop/git_article/vivadoProjects/selection_sort/solution1/.autopilot/db/selectionSort.tbgen.tcl "
@I [HLS-100] Command 'ap_source' returned 0; elapsed 0.001Total elapsed time: 25.230 sec.
@I [HLS-100] Command "source C:/Users/aaron/Desktop/git_article/vivadoProjects/selection_sort/solution1/.autopilot/db/selectionSort.tbgen.tcl "
@I [HLS-100] Command 'ap_source' returned 0; elapsed 0.001Total elapsed time: 25.231 sec.
@I [HLS-100] Command "source C:/Users/aaron/Desktop/git_article/vivadoProjects/selection_sort/solution1/.autopilot/db/selectionSort.tbgen.tcl "
@I [HLS-100] Command 'ap_source' returned 0; elapsed 0.001Total elapsed time: 25.232 sec.
@I [HLS-100] Command "source C:/Users/aaron/Desktop/git_article/vivadoProjects/selection_sort/solution1/.autopilot/db/selectionSort.tbgen.tcl "
@I [HLS-100] Command 'ap_source' returned 0; elapsed 0.001Total elapsed time: 25.266 sec.
@I [HLS-100] Command "source .run_sim.tcl "
@I [HLS-100] Command "source check_sim.tcl "
@I [HLS-100] Command 'ap_source' returned 0; elapsed 0.001Total elapsed time: 25.294 sec.
@I [HLS-100] Command "source .sim.status.tcl "
@I [HLS-100] Command 'ap_source' returned 0; elapsed 0.001Total elapsed time: 25.299 sec.
@I [COSIM-323] Starting verilog simulation. 
@I [COSIM-15] Starting XSIM ...
@I [COSIM-316] Starting C post checking ...
@I [HLS-100] Command 'ap_source' returned 0; elapsed 9.682Total elapsed time: 34.973 sec.
@I [COSIM-1000] *** C/RTL co-simulation finished: PASS ***
@I [HLS-100] Command 'cosim_design' returned 0; elapsed 34.196Total elapsed time: 35.120 sec.
@I [HLS-100] Command 'ap_source' returned 0; elapsed 34.448Total elapsed time: 35.121 sec.
@I [HLS-100] Command "cleanup_all "
@I [HLS-100] Command 'cleanup_all' returned 0; elapsed 0.001Total elapsed time: 35.123 sec.
