

================================================================
== Vivado HLS Report for 'bubbleSort'
================================================================
* Date:           Wed Jun 23 13:05:51 2021

* Version:        2016.1 (Build 1538259 on Fri Apr 08 16:12:49 MDT 2016)
* Project:        bubbleSort
* Solution:       solution1
* Product family: artix7
* Target device:  xc7a100tcsg324-1


================================================================
== Performance Estimates
================================================================
+ Timing (ns): 
    * Summary: 
    +--------+-------+----------+------------+
    |  Clock | Target| Estimated| Uncertainty|
    +--------+-------+----------+------------+
    |ap_clk  |  10.00|      8.69|        1.25|
    +--------+-------+----------+------------+

+ Latency (clock cycles): 
    * Summary: 
    +-----+-------+-----+-------+---------+
    |   Latency   |   Interval  | Pipeline|
    | min |  max  | min |  max  |   Type  |
    +-----+-------+-----+-------+---------+
    |   97|  22657|   98|  22658|   none  |
    +-----+-------+-----+-------+---------+

    + Detail: 
        * Instance: 
        N/A

        * Loop: 
        +-------------+-----+-------+----------+-----------+-----------+--------+----------+
        |             |   Latency   | Iteration|  Initiation Interval  |  Trip  |          |
        |  Loop Name  | min |  max  |  Latency |  achieved |   target  |  Count | Pipelined|
        +-------------+-----+-------+----------+-----------+-----------+--------+----------+
        |- Loop 1     |   96|  22656|  2 ~ 472 |          -|          -|      48|    no    |
        | + Loop 1.1  |    0|    470|  4 ~ 10  |          -|          -| 0 ~ 47 |    no    |
        +-------------+-----+-------+----------+-----------+-----------+--------+----------+



================================================================
== Utilization Estimates
================================================================
* Summary: 
+-----------------+---------+-------+--------+-------+
|       Name      | BRAM_18K| DSP48E|   FF   |  LUT  |
+-----------------+---------+-------+--------+-------+
|DSP              |        -|      -|       -|      -|
|Expression       |        -|      -|       0|    499|
|FIFO             |        -|      -|       -|      -|
|Instance         |        -|      0|     405|    443|
|Memory           |        -|      -|       -|      -|
|Multiplexer      |        -|      -|       -|     31|
|Register         |        -|      -|     205|      -|
+-----------------+---------+-------+--------+-------+
|Total            |        0|      0|     610|    973|
+-----------------+---------+-------+--------+-------+
|Available        |      270|    240|  126800|  63400|
+-----------------+---------+-------+--------+-------+
|Utilization (%)  |        0|      0|   ~0   |      1|
+-----------------+---------+-------+--------+-------+

+ Detail: 
    * Instance: 
    +----------------------------------+-------------------------------+---------+-------+-----+-----+
    |             Instance             |             Module            | BRAM_18K| DSP48E|  FF | LUT |
    +----------------------------------+-------------------------------+---------+-------+-----+-----+
    |bubbleSort_fcmp_32ns_32ns_1_1_U1  |bubbleSort_fcmp_32ns_32ns_1_1  |        0|      0|   66|   70|
    |bubbleSort_sitofp_32ns_32_6_U0    |bubbleSort_sitofp_32ns_32_6    |        0|      0|  339|  373|
    +----------------------------------+-------------------------------+---------+-------+-----+-----+
    |Total                             |                               |        0|      0|  405|  443|
    +----------------------------------+-------------------------------+---------+-------+-----+-----+

    * DSP48: 
    N/A

    * Memory: 
    N/A

    * FIFO: 
    N/A

    * Expression: 
    +--------------------------+----------+-------+---+-----+------------+------------+
    |       Variable Name      | Operation| DSP48E| FF| LUT | Bitwidth P0| Bitwidth P1|
    +--------------------------+----------+-------+---+-----+------------+------------+
    |i_fu_149_p2               |     +    |      0|  0|    7|           7|           2|
    |j_fu_133_p2               |     +    |      0|  0|    6|           6|           1|
    |sh_assign_fu_261_p2       |     +    |      0|  0|    9|           9|           8|
    |p_Val2_7_i_i_i_fu_347_p2  |     -    |      0|  0|   32|           1|          32|
    |tmp_6_i_i_i_fu_275_p2     |     -    |      0|  0|    8|           7|           8|
    |tmp_4_fu_231_p2           |    and   |      0|  0|    1|           1|           1|
    |tmp_8_fu_225_p2           |    and   |      0|  0|    1|           1|           1|
    |exitcond_fu_127_p2        |   icmp   |      0|  0|    3|           7|           7|
    |notlhs3_fu_207_p2         |   icmp   |      0|  0|    3|           8|           2|
    |notlhs_fu_189_p2          |   icmp   |      0|  0|    3|           8|           2|
    |notrhs4_fu_213_p2         |   icmp   |      0|  0|    8|          23|           1|
    |notrhs_fu_195_p2          |   icmp   |      0|  0|    8|          23|           1|
    |tmp_9_i_i_i_fu_305_p2     |   lshr   |      0|  0|   67|          24|          24|
    |tmp_5_fu_201_p2           |    or    |      0|  0|    1|           1|           1|
    |tmp_7_fu_219_p2           |    or    |      0|  0|    1|           1|           1|
    |grp_fu_108_p0             |  select  |      0|  0|   32|           1|          32|
    |p_Val2_4_fu_339_p3        |  select  |      0|  0|   32|           1|          32|
    |sh_assign_1_fu_285_p3     |  select  |      0|  0|    9|           1|           9|
    |tmp_1_i_i_i_fu_311_p2     |    shl   |      0|  0|  268|          78|          78|
    +--------------------------+----------+-------+---+-----+------------+------------+
    |Total                     |          |      0|  0|  499|         208|         243|
    +--------------------------+----------+-------+---+-----+------------+------------+

    * Multiplexer: 
    +-------------------+----+-----------+-----+-----------+
    |        Name       | LUT| Input Size| Bits| Total Bits|
    +-------------------+----+-----------+-----+-----------+
    |A_address0         |   6|          3|    6|         18|
    |A_address1         |   6|          3|    6|         18|
    |ap_NS_fsm          |   6|         13|    1|         13|
    |i_assign_reg_97    |   6|          2|    6|         12|
    |indvars_iv_reg_85  |   7|          2|    7|         14|
    +-------------------+----+-----------+-----+-----------+
    |Total              |  31|         23|   26|         75|
    +-------------------+----+-----------+-----+-----------+

    * Register: 
    +------------------------+----+----+-----+-----------+
    |          Name          | FF | LUT| Bits| Const Bits|
    +------------------------+----+----+-----+-----------+
    |A_addr_1_reg_375        |   6|   0|    6|          0|
    |A_addr_reg_370          |   6|   0|    6|          0|
    |A_load_1_reg_391        |  32|   0|   32|          0|
    |A_load_reg_385          |  32|   0|   32|          0|
    |ap_CS_fsm               |  12|   0|   12|          0|
    |i_assign_reg_97         |   6|   0|    6|          0|
    |indvars_iv_reg_85       |   7|   0|    7|          0|
    |j_reg_365               |   6|   0|    6|          0|
    |p_Result_s_reg_402      |   1|   0|    1|          0|
    |p_Val2_4_reg_407        |  32|   0|   32|          0|
    |p_Val2_7_i_i_i_reg_412  |  32|   0|   32|          0|
    |tmp_2_i_reg_422         |  32|   0|   32|          0|
    |tmp_4_reg_398           |   1|   0|    1|          0|
    +------------------------+----+----+-----+-----------+
    |Total                   | 205|   0|  205|          0|
    +------------------------+----+----+-----+-----------+



================================================================
== Interface
================================================================
* Summary: 
+------------+-----+-----+------------+--------------+--------------+
|  RTL Ports | Dir | Bits|  Protocol  | Source Object|    C Type    |
+------------+-----+-----+------------+--------------+--------------+
|ap_clk      |  in |    1| ap_ctrl_hs |  bubbleSort  | return value |
|ap_rst      |  in |    1| ap_ctrl_hs |  bubbleSort  | return value |
|ap_start    |  in |    1| ap_ctrl_hs |  bubbleSort  | return value |
|ap_done     | out |    1| ap_ctrl_hs |  bubbleSort  | return value |
|ap_idle     | out |    1| ap_ctrl_hs |  bubbleSort  | return value |
|ap_ready    | out |    1| ap_ctrl_hs |  bubbleSort  | return value |
|A_address0  | out |    6|  ap_memory |       A      |     array    |
|A_ce0       | out |    1|  ap_memory |       A      |     array    |
|A_we0       | out |    1|  ap_memory |       A      |     array    |
|A_d0        | out |   32|  ap_memory |       A      |     array    |
|A_q0        |  in |   32|  ap_memory |       A      |     array    |
|A_address1  | out |    6|  ap_memory |       A      |     array    |
|A_ce1       | out |    1|  ap_memory |       A      |     array    |
|A_we1       | out |    1|  ap_memory |       A      |     array    |
|A_d1        | out |   32|  ap_memory |       A      |     array    |
|A_q1        |  in |   32|  ap_memory |       A      |     array    |
+------------+-----+-----+------------+--------------+--------------+

