Flow report for insertionSort
Thu Jul 08 12:32:49 2021
Quartus II 64-Bit Version 13.0.0 Build 156 04/24/2013 SJ Web Edition


---------------------
; Table of Contents ;
---------------------
  1. Legal Notice
  2. Flow Summary
  3. Flow Settings
  4. Flow Non-Default Global Settings
  5. Flow Elapsed Time
  6. Flow OS Summary
  7. Flow Log
  8. Flow Messages
  9. Flow Suppressed Messages



----------------
; Legal Notice ;
----------------
Copyright (C) 1991-2013 Altera Corporation
Your use of Altera Corporation's design tools, logic functions 
and other software and tools, and its AMPP partner logic 
functions, and any output files from any of the foregoing 
(including device programming or simulation files), and any 
associated documentation or information are expressly subject 
to the terms and conditions of the Altera Program License 
Subscription Agreement, Altera MegaCore Function License 
Agreement, or other applicable license agreement, including, 
without limitation, that your use is for the sole purpose of 
programming logic devices manufactured by Altera and sold by 
Altera or its authorized distributors.  Please refer to the 
applicable agreement for further details.



+---------------------------------------------------------------------------------+
; Flow Summary                                                                    ;
+------------------------------------+--------------------------------------------+
; Flow Status                        ; Successful - Thu Jul 08 12:32:49 2021      ;
; Quartus II 64-Bit Version          ; 13.0.0 Build 156 04/24/2013 SJ Web Edition ;
; Revision Name                      ; insertionSort                              ;
; Top-level Entity Name              ; topInsertionSort                           ;
; Family                             ; Cyclone IV GX                              ;
; Total logic elements               ; 10,306 / 21,280 ( 48 % )                   ;
;     Total combinational functions  ; 10,283 / 21,280 ( 48 % )                   ;
;     Dedicated logic registers      ; 4,225 / 21,280 ( 20 % )                    ;
; Total registers                    ; 4225                                       ;
; Total pins                         ; 46 / 167 ( 28 % )                          ;
; Total virtual pins                 ; 0                                          ;
; Total memory bits                  ; 0 / 774,144 ( 0 % )                        ;
; Embedded Multiplier 9-bit elements ; 0 / 80 ( 0 % )                             ;
; Total GXB Receiver Channel PCS     ; 0 / 4 ( 0 % )                              ;
; Total GXB Receiver Channel PMA     ; 0 / 4 ( 0 % )                              ;
; Total GXB Transmitter Channel PCS  ; 0 / 4 ( 0 % )                              ;
; Total GXB Transmitter Channel PMA  ; 0 / 4 ( 0 % )                              ;
; Total PLLs                         ; 0 / 4 ( 0 % )                              ;
; Device                             ; EP4CGX22CF19C6                             ;
; Timing Models                      ; Final                                      ;
+------------------------------------+--------------------------------------------+


+-----------------------------------------+
; Flow Settings                           ;
+-------------------+---------------------+
; Option            ; Setting             ;
+-------------------+---------------------+
; Start date & time ; 07/08/2021 12:27:09 ;
; Main task         ; Compilation         ;
; Revision Name     ; insertionSort       ;
+-------------------+---------------------+


+--------------------------------------------------------------------------------------------------------------------------+
; Flow Non-Default Global Settings                                                                                         ;
+-------------------------------------+--------------------------------+---------------+------------------+----------------+
; Assignment Name                     ; Value                          ; Default Value ; Entity Name      ; Section Id     ;
+-------------------------------------+--------------------------------+---------------+------------------+----------------+
; COMPILER_SIGNATURE_ID               ; 10995770589201.162577242913724 ; --            ; --               ; --             ;
; EDA_OUTPUT_DATA_FORMAT              ; Verilog Hdl                    ; --            ; --               ; eda_simulation ;
; EDA_SIMULATION_TOOL                 ; ModelSim-Altera (Verilog)      ; <None>        ; --               ; --             ;
; PARTITION_COLOR                     ; 16764057                       ; --            ; topInsertionSort ; Top            ;
; PARTITION_FITTER_PRESERVATION_LEVEL ; PLACEMENT_AND_ROUTING          ; --            ; topInsertionSort ; Top            ;
; PARTITION_NETLIST_TYPE              ; SOURCE                         ; --            ; topInsertionSort ; Top            ;
; PROJECT_OUTPUT_DIRECTORY            ; output_files                   ; --            ; --               ; --             ;
; RTLV_SIMPLIFIED_LOGIC               ; Off                            ; On            ; --               ; --             ;
; TOP_LEVEL_ENTITY                    ; topInsertionSort               ; insertionSort ; --               ; --             ;
+-------------------------------------+--------------------------------+---------------+------------------+----------------+


+-------------------------------------------------------------------------------------------------------------------------------+
; Flow Elapsed Time                                                                                                             ;
+---------------------------+--------------+-------------------------+---------------------+------------------------------------+
; Module Name               ; Elapsed Time ; Average Processors Used ; Peak Virtual Memory ; Total CPU Time (on all processors) ;
+---------------------------+--------------+-------------------------+---------------------+------------------------------------+
; Analysis & Synthesis      ; 00:00:28     ; 1.0                     ; 4707 MB             ; 00:00:27                           ;
; Fitter                    ; 00:04:13     ; 1.0                     ; 5072 MB             ; 00:04:11                           ;
; Assembler                 ; 00:00:07     ; 1.0                     ; 4638 MB             ; 00:00:07                           ;
; TimeQuest Timing Analyzer ; 00:00:20     ; 1.0                     ; 4748 MB             ; 00:00:20                           ;
; EDA Netlist Writer        ; 00:00:21     ; 1.0                     ; 4696 MB             ; 00:00:21                           ;
; Total                     ; 00:05:29     ; --                      ; --                  ; 00:05:26                           ;
+---------------------------+--------------+-------------------------+---------------------+------------------------------------+


+----------------------------------------------------------------------------------------+
; Flow OS Summary                                                                        ;
+---------------------------+------------------+-----------+------------+----------------+
; Module Name               ; Machine Hostname ; OS Name   ; OS Version ; Processor type ;
+---------------------------+------------------+-----------+------------+----------------+
; Analysis & Synthesis      ; DESKTOP-92AEKAJ  ; Windows 7 ; 6.2        ; x86_64         ;
; Fitter                    ; DESKTOP-92AEKAJ  ; Windows 7 ; 6.2        ; x86_64         ;
; Assembler                 ; DESKTOP-92AEKAJ  ; Windows 7 ; 6.2        ; x86_64         ;
; TimeQuest Timing Analyzer ; DESKTOP-92AEKAJ  ; Windows 7 ; 6.2        ; x86_64         ;
; EDA Netlist Writer        ; DESKTOP-92AEKAJ  ; Windows 7 ; 6.2        ; x86_64         ;
+---------------------------+------------------+-----------+------------+----------------+


------------
; Flow Log ;
------------
quartus_map --read_settings_files=on --write_settings_files=off insertionSort -c insertionSort
quartus_fit --read_settings_files=off --write_settings_files=off insertionSort -c insertionSort
quartus_asm --read_settings_files=off --write_settings_files=off insertionSort -c insertionSort
quartus_sta insertionSort -c insertionSort
quartus_eda --read_settings_files=off --write_settings_files=off insertionSort -c insertionSort



