@I [HLS-0] Workspace C:/Users/aaron/Desktop/git_article/vivadoProjects/heapSort/solution1 opened at Thu Jul 15 22:18:48 -0700 2021
@I [HLS-100] Command "config_clock -quiet -name default -period 10 -default=false "
@I [SYN-201] Setting up clock 'default' with a period of 10ns.
@I [HLS-100] Command 'config_clock' returned 0; elapsed 0Total elapsed time: 0.864 sec.
@I [HLS-100] Command "open_platform DefaultPlatform "
@I [HLS-100] Command 'open_platform' returned 0; elapsed 0Total elapsed time: 0.866 sec.
@I [HLS-100] Command "import_lib C:/Xilinx/Vivado_HLS/2016.1/common/technology/xilinx/artix7/artix7 "
@I [HLS-100] Command "source C:/Xilinx/Vivado_HLS/2016.1/common/technology/xilinx/common/xilinx.lib "
@I [HLS-100] Command "source C:/Xilinx/Vivado_HLS/2016.1/common/technology/xilinx/interface/xilinx_interface.lib "
@I [HLS-100] Command "source C:/Xilinx/Vivado_HLS/2016.1/common/technology/xilinx/interface/plb46.lib "
@I [HLS-100] Command 'ap_source' returned 0; elapsed 0Total elapsed time: 0.868 sec.
@I [HLS-100] Command "source C:/Xilinx/Vivado_HLS/2016.1/common/technology/xilinx/interface/fsl.lib "
@I [HLS-100] Command 'ap_source' returned 0; elapsed 0Total elapsed time: 0.869 sec.
@I [HLS-100] Command "source C:/Xilinx/Vivado_HLS/2016.1/common/technology/xilinx/interface/axi4.lib "
@I [HLS-100] Command 'ap_source' returned 0; elapsed 0.001Total elapsed time: 0.870 sec.
@I [HLS-100] Command "source C:/Xilinx/Vivado_HLS/2016.1/common/technology/xilinx/interface/maxi.lib "
@I [HLS-100] Command 'ap_source' returned 0; elapsed 0Total elapsed time: 0.870 sec.
@I [HLS-100] Command "source C:/Xilinx/Vivado_HLS/2016.1/common/technology/xilinx/interface/saxilite.lib "
@I [HLS-100] Command 'ap_source' returned 0; elapsed 0Total elapsed time: 0.871 sec.
@I [HLS-100] Command 'ap_source' returned 0; elapsed 0.003Total elapsed time: 0.871 sec.
@I [HLS-100] Command "source C:/Xilinx/Vivado_HLS/2016.1/common/technology/xilinx/common/dsp48.lib "
@I [HLS-100] Command 'ap_source' returned 0; elapsed 0Total elapsed time: 0.872 sec.
@I [HLS-100] Command "source C:/Xilinx/Vivado_HLS/2016.1/common/technology/xilinx/ip/dds_compiler.lib "
@I [HLS-100] Command 'ap_source' returned 0; elapsed 0Total elapsed time: 0.873 sec.
@I [HLS-100] Command "source C:/Xilinx/Vivado_HLS/2016.1/common/technology/xilinx/ip/xfft.lib "
@I [HLS-100] Command 'ap_source' returned 0; elapsed 0Total elapsed time: 0.874 sec.
@I [HLS-100] Command "source C:/Xilinx/Vivado_HLS/2016.1/common/technology/xilinx/ip/xfir.lib "
@I [HLS-100] Command 'ap_source' returned 0; elapsed 0.001Total elapsed time: 0.875 sec.
@I [HLS-100] Command 'ap_source' returned 0; elapsed 0.009Total elapsed time: 0.876 sec.
@I [HLS-100] Command "source C:/Xilinx/Vivado_HLS/2016.1/common/technology/xilinx/common/xilinx_old.lib "
@I [HLS-100] Command 'ap_source' returned 0; elapsed 0.001Total elapsed time: 0.878 sec.
@I [HLS-100] Command "source C:/Xilinx/Vivado_HLS/2016.1/common/technology/xilinx/common/xilinx_vivado.lib "
@I [HLS-100] Command 'ap_source' returned 0; elapsed 0.001Total elapsed time: 0.880 sec.
@I [HLS-100] Command "source C:/Xilinx/Vivado_HLS/2016.1/common/technology/xilinx/common/xilinx.hlp "
@I [HLS-100] Command "source C:/Xilinx/Vivado_HLS/2016.1/common/technology/xilinx/common/target_info.tcl "
@I [HLS-100] Command 'ap_source' returned 0; elapsed 0.001Total elapsed time: 0.888 sec.
@I [HLS-100] Command "source C:/Xilinx/Vivado_HLS/2016.1/common/technology/xilinx/interface/xilinx_interface.hlp "
@I [HLS-100] Command "source C:/Xilinx/Vivado_HLS/2016.1/common/technology/xilinx/interface/maxi.hlp "
@I [HLS-100] Command 'ap_source' returned 0; elapsed 0.001Total elapsed time: 0.891 sec.
@I [HLS-100] Command "source C:/Xilinx/Vivado_HLS/2016.1/common/technology/xilinx/interface/saxilite.hlp "
@I [HLS-100] Command 'ap_source' returned 0; elapsed 0.001Total elapsed time: 0.894 sec.
@I [HLS-100] Command 'ap_source' returned 0; elapsed 0.007Total elapsed time: 0.896 sec.
@I [HLS-100] Command "source C:/Xilinx/Vivado_HLS/2016.1/common/technology/xilinx/common/dsp48.hlp "
@I [HLS-100] Command 'ap_source' returned 0; elapsed 0.001Total elapsed time: 0.899 sec.
@I [HLS-100] Command 'ap_source' returned 0; elapsed 0.017Total elapsed time: 0.902 sec.
@I [HLS-100] Command "source C:/Xilinx/Vivado_HLS/2016.1/common/technology/xilinx/artix7/dsp48e1.hlp "
@I [HLS-100] Command 'ap_source' returned 0; elapsed 0Total elapsed time: 0.904 sec.
@I [HLS-100] Command "get_default_platform "
@I [HLS-100] Command 'get_default_platform' returned 0; elapsed 0Total elapsed time: 0.906 sec.
@I [HLS-100] Command "config_chip_info -quiet -resource  {SLICE 15850} {LUT 63400}     {FF 126800} {DSP48E 240}    {BRAM 270}  "
@I [HLS-100] Command 'config_chip_info' returned 0; elapsed 0.001Total elapsed time: 0.907 sec.
@I [HLS-100] Command "config_chip_info -quiet -speed medium "
@I [HLS-100] Command 'config_chip_info' returned 0; elapsed 0Total elapsed time: 0.907 sec.
@I [HLS-100] Command 'import_lib' returned 0; elapsed 0.042Total elapsed time: 0.909 sec.
@I [HLS-100] Command "source C:/Xilinx/Vivado_HLS/2016.1/common/technology/xilinx/artix7/artix7.gen "
@I [HLS-100] Command "source C:/Xilinx/Vivado_HLS/2016.1/common/technology/xilinx/common/virtex.gen "
@I [HLS-100] Command "source C:/Xilinx/Vivado_HLS/2016.1/common/technology/xilinx/common/xilinx.gen "
@I [HLS-100] Command "source C:/Xilinx/Vivado_HLS/2016.1/common/technology/xilinx/interface/plb46.gen "
@I [HLS-100] Command 'ap_source' returned 0; elapsed 0.001Total elapsed time: 0.913 sec.
@I [HLS-100] Command "source C:/Xilinx/Vivado_HLS/2016.1/common/technology/xilinx/interface/fsl.gen "
@I [HLS-100] Command 'ap_source' returned 0; elapsed 0.001Total elapsed time: 0.916 sec.
@I [HLS-100] Command "source C:/Xilinx/Vivado_HLS/2016.1/common/technology/xilinx/interface/axi4.gen "
@I [HLS-100] Command 'ap_source' returned 0; elapsed 0.003Total elapsed time: 0.920 sec.
@I [HLS-100] Command "source C:/Xilinx/Vivado_HLS/2016.1/common/technology/xilinx/interface/nativeAXI4.gen "
@I [HLS-100] Command "source C:/Xilinx/Vivado_HLS/2016.1/common/technology/xilinx/interface/saxilite.gen "
@I [HLS-100] Command 'ap_source' returned 0; elapsed 0.005Total elapsed time: 0.927 sec.
@I [HLS-100] Command "source C:/Xilinx/Vivado_HLS/2016.1/common/technology/xilinx/interface/maxi.gen "
@I [HLS-100] Command 'ap_source' returned 0; elapsed 0.012Total elapsed time: 0.940 sec.
@I [HLS-100] Command 'ap_source' returned 0; elapsed 0.02Total elapsed time: 0.941 sec.
@I [HLS-100] Command "source C:/Xilinx/Vivado_HLS/2016.1/common/technology/xilinx/scripts/xilinxcoregen.gen "
@I [HLS-100] Command 'ap_source' returned 0; elapsed 0.015Total elapsed time: 0.956 sec.
@I [HLS-100] Command "source C:/Xilinx/Vivado_HLS/2016.1/common/technology/xilinx/interface/XilEDKCoreGen.gen "
@I [HLS-100] Command 'ap_source' returned 0; elapsed 0.01Total elapsed time: 0.967 sec.
@I [HLS-100] Command "source C:/Xilinx/Vivado_HLS/2016.1/common/technology/xilinx/ip/dds_compiler.gen "
@I [HLS-100] Command 'ap_source' returned 0; elapsed 0.004Total elapsed time: 0.974 sec.
@I [HLS-100] Command "source C:/Xilinx/Vivado_HLS/2016.1/common/technology/xilinx/ip/util.gen "
@I [HLS-100] Command 'ap_source' returned 0; elapsed 0.001Total elapsed time: 0.975 sec.
@I [HLS-100] Command "source C:/Xilinx/Vivado_HLS/2016.1/common/technology/xilinx/ip/xfft.gen "
@I [HLS-100] Command 'ap_source' returned 0; elapsed 0.142Total elapsed time: 1.117 sec.
@I [HLS-100] Command "source C:/Xilinx/Vivado_HLS/2016.1/common/technology/xilinx/ip/xfir.gen "
@I [HLS-100] Command 'ap_source' returned 0; elapsed 0Total elapsed time: 1.119 sec.
@I [HLS-100] Command 'ap_source' returned 0; elapsed 0.209Total elapsed time: 1.120 sec.
@I [HLS-100] Command "source C:/Xilinx/Vivado_HLS/2016.1/common/technology/xilinx/common/dsp48.gen "
@I [HLS-100] Command 'ap_source' returned 0; elapsed 0Total elapsed time: 1.122 sec.
@I [HLS-100] Command 'ap_source' returned 0; elapsed 0.212Total elapsed time: 1.123 sec.
@I [HLS-100] Command 'ap_source' returned 0; elapsed 0.212Total elapsed time: 1.123 sec.
@I [HLS-100] Command "open_platform DefaultPlatform "
@I [HLS-100] Command 'open_platform' returned 0; elapsed 0Total elapsed time: 1.123 sec.
@I [HLS-100] Command "import_lib C:/Xilinx/Vivado_HLS/2016.1/common/technology/xilinx/artix7/artix7_fpv6 "
@I [HLS-100] Command "source C:/Xilinx/Vivado_HLS/2016.1/common/technology/xilinx/common/xilinx_fpv7.lib "
@I [HLS-100] Command "source C:/Xilinx/Vivado_HLS/2016.1/common/technology/xilinx/common/xilinx_hp.lib "
@I [HLS-100] Command 'ap_source' returned 0; elapsed 0.001Total elapsed time: 1.126 sec.
@I [HLS-100] Command 'ap_source' returned 0; elapsed 0.003Total elapsed time: 1.128 sec.
@I [HLS-100] Command "source C:/Xilinx/Vivado_HLS/2016.1/common/technology/xilinx/common/xilinx_fpv.hlp "
@I [HLS-100] Command "source C:/Xilinx/Vivado_HLS/2016.1/common/technology/xilinx/common/xilinx.hlp "
@I [HLS-100] Command "source C:/Xilinx/Vivado_HLS/2016.1/common/technology/xilinx/common/target_info.tcl "
@I [HLS-100] Command 'ap_source' returned 0; elapsed 0.007Total elapsed time: 1.145 sec.
@I [HLS-100] Command "source C:/Xilinx/Vivado_HLS/2016.1/common/technology/xilinx/interface/xilinx_interface.hlp "
@I [HLS-100] Command "source C:/Xilinx/Vivado_HLS/2016.1/common/technology/xilinx/interface/maxi.hlp "
@I [HLS-100] Command 'ap_source' returned 0; elapsed 0Total elapsed time: 1.146 sec.
@I [HLS-100] Command "source C:/Xilinx/Vivado_HLS/2016.1/common/technology/xilinx/interface/saxilite.hlp "
@I [HLS-100] Command 'ap_source' returned 0; elapsed 0Total elapsed time: 1.147 sec.
@I [HLS-100] Command 'ap_source' returned 0; elapsed 0.003Total elapsed time: 1.149 sec.
@I [HLS-100] Command "source C:/Xilinx/Vivado_HLS/2016.1/common/technology/xilinx/common/dsp48.hlp "
@I [HLS-100] Command 'ap_source' returned 0; elapsed 0.002Total elapsed time: 1.152 sec.
@I [HLS-100] Command 'ap_source' returned 0; elapsed 0.016Total elapsed time: 1.153 sec.
@I [HLS-100] Command 'ap_source' returned 0; elapsed 0.017Total elapsed time: 1.154 sec.
@I [HLS-100] Command "source C:/Xilinx/Vivado_HLS/2016.1/common/technology/xilinx/artix7/artix7_hp.hlp "
@I [HLS-100] Command 'ap_source' returned 0; elapsed 0.001Total elapsed time: 1.156 sec.
@I [HLS-100] Command 'import_lib' returned 0; elapsed 0.038Total elapsed time: 1.161 sec.
@I [HLS-100] Command "source C:/Xilinx/Vivado_HLS/2016.1/common/technology/xilinx/artix7/artix7_fpv6.gen "
@I [HLS-100] Command "source C:/Xilinx/Vivado_HLS/2016.1/common/technology/xilinx/common/xilinx_fpv6.gen "
@I [HLS-100] Command 'ap_source' returned 0; elapsed 0.005Total elapsed time: 1.167 sec.
@I [HLS-100] Command 'ap_source' returned 0; elapsed 0.006Total elapsed time: 1.168 sec.
@I [HLS-100] Command "set_part xc7a100tcsg324-1 "
@I [HLS-100] Command "add_library xilinx/artix7/artix7:xc7a100t:csg324:-1 "
@I [HLS-100] Command "get_default_platform "
@I [HLS-100] Command 'get_default_platform' returned 0; elapsed 0Total elapsed time: 1.176 sec.
@I [HLS-100] Command "license_isbetapart xc7a100t "
@I [HLS-100] Command 'license_isbetapart' returned 1; elapsed 0.026Total elapsed time: 1.204 sec.
@I [HLS-100] Command "get_default_platform "
@I [HLS-100] Command 'get_default_platform' returned 0; elapsed 0Total elapsed time: 1.206 sec.
@I [HLS-100] Command "config_chip_info -quiet -resource  {SLICE 15850} {LUT 63400}     {FF 126800} {DSP48E 240}    {BRAM 270}  "
@I [HLS-100] Command 'config_chip_info' returned 0; elapsed 0Total elapsed time: 1.207 sec.
@I [HLS-100] Command "config_chip_info -quiet -speed slow "
@I [HLS-100] Command 'config_chip_info' returned 0; elapsed 0Total elapsed time: 1.208 sec.
@I [HLS-100] Command 'add_library' returned 0; elapsed 0.035Total elapsed time: 1.210 sec.
@I [HLS-100] Command "add_library xilinx/artix7/artix7_fpv6 "
@I [HLS-100] Command "get_default_platform "
@I [HLS-100] Command 'get_default_platform' returned 0; elapsed 0Total elapsed time: 1.212 sec.
@I [HLS-100] Command 'add_library' returned 0; elapsed 0.005Total elapsed time: 1.217 sec.
@I [HLS-10] Setting target device to 'xc7a100tcsg324-1'
@I [HLS-100] Command 'set_part' returned 0; elapsed 0.049Total elapsed time: 1.220 sec.
@I [HLS-100] Command "get_default_platform "
@I [HLS-100] Command 'get_default_platform' returned 0; elapsed 0Total elapsed time: 1.221 sec.
@I [HLS-100] Command "config_chip_info -quiet -resource  {SLICE 15850} {LUT 63400}     {FF 126800} {DSP48E 240}    {BRAM 270}  "
@I [HLS-100] Command 'config_chip_info' returned 0; elapsed 0Total elapsed time: 1.221 sec.
@I [HLS-100] Command "config_chip_info -quiet -speed slow "
@I [HLS-100] Command 'config_chip_info' returned 0; elapsed 0Total elapsed time: 1.222 sec.
@I [HLS-100] Command 'open_solution' returned 0; elapsed 0.378Total elapsed time: 1.223 sec.
@I [HLS-100] Command "set_part xc7a100tcsg324-1 -tool vivado "
@I [HLS-100] Command "add_library xilinx/artix7/artix7:xc7a100t:csg324:-1 "
@I [HLS-100] Command "get_default_platform "
@I [HLS-100] Command 'get_default_platform' returned 0; elapsed 0Total elapsed time: 1.228 sec.
@I [HLS-100] Command "license_isbetapart xc7a100t "
@I [HLS-100] Command 'license_isbetapart' returned 1; elapsed 0Total elapsed time: 1.229 sec.
@I [HLS-100] Command "get_default_platform "
@I [HLS-100] Command 'get_default_platform' returned 0; elapsed 0Total elapsed time: 1.231 sec.
@I [HLS-100] Command "config_chip_info -quiet -resource  {SLICE 15850} {LUT 63400}     {FF 126800} {DSP48E 240}    {BRAM 270}  "
@I [HLS-100] Command 'config_chip_info' returned 0; elapsed 0Total elapsed time: 1.233 sec.
@I [HLS-100] Command "config_chip_info -quiet -speed slow "
@I [HLS-100] Command 'config_chip_info' returned 0; elapsed 0Total elapsed time: 1.233 sec.
@I [HLS-100] Command 'add_library' returned 0; elapsed 0.008Total elapsed time: 1.235 sec.
@I [HLS-100] Command "add_library xilinx/artix7/artix7_fpv6 "
@I [HLS-100] Command "get_default_platform "
@I [HLS-100] Command 'get_default_platform' returned 0; elapsed 0Total elapsed time: 1.236 sec.
@I [HLS-100] Command 'add_library' returned 0; elapsed 0.003Total elapsed time: 1.239 sec.
@I [HLS-100] Command 'set_part' returned 0; elapsed 0.016Total elapsed time: 1.240 sec.
@I [HLS-100] Command "create_clock -period 10 -name default "
@I [HLS-100] Command 'create_clock' returned 0; elapsed 0.002Total elapsed time: 1.243 sec.
@I [HLS-100] Command "csynth_design "
@I [HLS-100] Command "elaborate -effort=medium -skip_syncheck=0 -keep_printf=0 -lm=0 -skip_cdt=0 -skip_transform=0 -ng=0 -g=0 -opt_fp=0 "
@I [HLS-10] Analyzing design file 'heapSort/heapSort.cpp' ... 
@0 [HLS-0] Analyzing design file 'heapSort/heapSort.cpp' ... 
@I [HLS-0] Compiling one TU...
@I [HLS-0] 
Checking before pre-process: exec clang -fno-limit-debug-info -gcc-toolchain "C:/Xilinx/Vivado_HLS/2016.1/msys" -hls    -fno-math-errno -c -emit-llvm -O0  -mllvm -disable-llvm-optzns -fno-threadsafe-statics  -fno-use-cxa-atexit  -fno-threadsafe-statics -fno-use-cxa-atexit -D__cdecl=   -I "C:/Xilinx/Vivado_HLS/2016.1/win64/tools/systemc/include" -I "C:/Xilinx/Vivado_HLS/2016.1/include" -I "C:/Xilinx/Vivado_HLS/2016.1/include/ap_sysc" -fexceptions -I "C:/Xilinx/Vivado_HLS/2016.1/common/technology/autopilot" -include etc/autopilot_ssdm_op.h "heapSort/heapSort.cpp"  -o "C:/Users/aaron/Desktop/git_article/vivadoProjects/heapSort/solution1/.autopilot/db/heapSort.pp.00.o"

@I [HLS-100] Command "is_encrypted C:/Users/aaron/Desktop/git_article/vivadoProjects/heapSort/solution1/.autopilot/db/heapSort.pp.00.o "
@I [HLS-100] Command 'is_encrypted' returned 0; elapsed 0.001Total elapsed time: 2.901 sec.
@I [HLS-0] Syntax Checker time: 1 seconds per iteration
@I [HLS-0] 
Source preprocessing: exec clang -fno-limit-debug-info -gcc-toolchain "C:/Xilinx/Vivado_HLS/2016.1/msys" -hls -fno-exceptions  -D__llvm__  -CC -E "heapSort/heapSort.cpp"     -fno-math-errno -c -emit-llvm -O0  -mllvm -disable-llvm-optzns -fno-threadsafe-statics  -fno-use-cxa-atexit  -fno-threadsafe-statics -fno-use-cxa-atexit -D__cdecl= -DAESL_SYN -D__SYNTHESIS__ -D__HLS_SYN__ -I "C:/Xilinx/Vivado_HLS/2016.1/common/technology/autopilot" -I "C:/Xilinx/Vivado_HLS/2016.1/common/technology/autopilot/ap_sysc" -include etc/autopilot_ssdm_op.h  -o "C:/Users/aaron/Desktop/git_article/vivadoProjects/heapSort/solution1/.autopilot/db/heapSort.pp.0.cpp"

@I [HLS-0] GCC PP time: 0 seconds per iteration
@I [HLS-100] Command "list_core -type functional_unit "
@I [HLS-100] Command 'list_core' returned 0; elapsed 0Total elapsed time: 3.837 sec.
@I [HLS-0] Marker-Pragma convertor: C:/Users/aaron/Desktop/git_article/vivadoProjects/heapSort/solution1/.autopilot/db/heapSort.pp.0.cpp C:/Users/aaron/Desktop/git_article/vivadoProjects/heapSort/solution1/.autopilot/db/heapSort.pp.0.cpp.ap-line.cpp C:/Users/aaron/Desktop/git_article/vivadoProjects/heapSort/solution1/.autopilot/db/heapSort.pp.0.cpp.ap-line.cpp.CXX 1
@I [HLS-0] 
Source processor: exec C:/Xilinx/Vivado_HLS/2016.1/tps/win64/jre/bin/java -Xmx512m -classpath   "C:/Xilinx/Vivado_HLS/2016.1/lib/classes/autopilot.sourceprocessor.jar;C:/Xilinx/Vivado_HLS/2016.1/lib/classes/org.eclipse.cdt.core_5.3.0.xilinx_patch.jar;C:/Xilinx/Vivado_HLS/2016.1/lib/classes/org.eclipse.core.runtime_3.7.0.v20110110.jar;C:/Xilinx/Vivado_HLS/2016.1/lib/classes/org.eclipse.equinox.common_3.6.0.v20110523.jar;C:/Xilinx/Vivado_HLS/2016.1/lib/classes/com.ibm.icu_4.4.2.v20110208.jar;C:/Xilinx/Vivado_HLS/2016.1/lib/classes/jargs.jar;C:/Xilinx/Vivado_HLS/2016.1/win64/tools/eclipse/plugins/org.eclipse.emf.common_2.10.1.v20150123-0348.jar;C:/Xilinx/Vivado_HLS/2016.1/win64/tools/eclipse/plugins/org.eclipse.emf.ecore_2.10.2.v20150123-0348.jar;C:/Xilinx/Vivado_HLS/2016.1/win64/tools/eclipse/plugins/org.eclipse.emf.ecore.xmi_2.10.2.v20150123-0348.jar;C:/Xilinx/Vivado_HLS/2016.1/win64/tools/eclipse/plugins/com.autoesl.autopilot.ui.directiveFileModel_1.0.0.jar;C:/Xilinx/Vivado_HLS/2016.1/win64/tools/eclipse/plugins/com.autoesl.autopilot.ui.common_1.0.0.jar"  autopilot.sourceprocessor.CParser  "C:/Users/aaron/Desktop/git_article/vivadoProjects/heapSort/solution1/.autopilot/db/heapSort.pp.0.cpp.ap-line.cpp"  -m "heapSort" -o "C:/Users/aaron/Desktop/git_article/vivadoProjects/heapSort/solution1/.autopilot/db/heapSort.pp.0.cpp.ap-cdt.cpp" --pp --directive C:/Users/aaron/Desktop/git_article/vivadoProjects/heapSort/solution1/solution1.directive --source C:/Users/aaron/Desktop/git_article/vivadoProjects/heapSort/heapSort.cpp --error C:/Users/aaron/Desktop/git_article/vivadoProjects/heapSort/solution1/.autopilot/db --funcunit "AddSub AddSub_DSP AddSubnS DAddSub_fulldsp DAddSub_nodsp DDiv DExp_fulldsp DExp_meddsp DExp_nodsp DLog_fulldsp DLog_meddsp DLog_nodsp DMul_fulldsp DMul_maxdsp DMul_meddsp DMul_nodsp DRSqrt DRecip DSqrt DivnS FAddSub_fulldsp FAddSub_nodsp FDiv FExp_fulldsp FExp_meddsp FExp_nodsp FLog_fulldsp FLog_meddsp FLog_nodsp FMul_fulldsp FMul_maxdsp FMul_meddsp FMul_nodsp FRSqrt_fulldsp FRSqrt_nodsp FRecip_fulldsp FRecip_nodsp FSqrt HAddSub_nodsp HDiv HMul_fulldsp HMul_maxdsp HMul_nodsp HSqrt Mul Mul2S Mul3S Mul4S Mul5S Mul6S Mul_LUT MulnS MuxnS" --ve --vetcl C:/Users/aaron/Desktop/git_article/vivadoProjects/heapSort/solution1/.autopilot/db --ca --es --gf --pd --p2d C:/Users/aaron/Desktop/git_article/vivadoProjects/heapSort/solution1/.autopilot/db --sd --scff C:/Users/aaron/Desktop/git_article/vivadoProjects/heapSort/solution1/.autopilot/db/.systemc_flag --ad

@I [HLS-0] Marker-Pragma convertor: C:/Users/aaron/Desktop/git_article/vivadoProjects/heapSort/solution1/.autopilot/db/heapSort.pp.0.cpp.ap-cdt.cpp C:/Users/aaron/Desktop/git_article/vivadoProjects/heapSort/solution1/.autopilot/db/heapSort.pragma.0.cpp C:/Users/aaron/Desktop/git_article/vivadoProjects/heapSort/solution1/.autopilot/db/heapSort.pragma.0.cpp.ap-line.CXX 0
@I [HLS-100] Command "source C:/Users/aaron/Desktop/git_article/vivadoProjects/heapSort/solution1/.autopilot/db/pragma.status.tcl "
@I [HLS-100] Command 'ap_source' returned 0; elapsed 0.001Total elapsed time: 11.317 sec.
@I [HLS-0] CDT processor time: 7 seconds per iteration
@I [HLS-0] Pragma handling time: 0 seconds per iteration
@I [HLS-0] 
Source preprocessing: exec clang -fno-limit-debug-info -gcc-toolchain "C:/Xilinx/Vivado_HLS/2016.1/msys" -hls -fno-exceptions  -D__llvm__  -CC -E "C:/Users/aaron/Desktop/git_article/vivadoProjects/heapSort/solution1/.autopilot/db/heapSort.pragma.1.cpp"     -fno-math-errno -c -emit-llvm -O0  -mllvm -disable-llvm-optzns -fno-threadsafe-statics  -fno-use-cxa-atexit  -fno-threadsafe-statics -fno-use-cxa-atexit -D__cdecl= -DAESL_SYN -D__SYNTHESIS__ -D__HLS_SYN__ -I "C:/Xilinx/Vivado_HLS/2016.1/common/technology/autopilot" -I "C:/Xilinx/Vivado_HLS/2016.1/common/technology/autopilot/ap_sysc" -include etc/autopilot_ssdm_op.h  -o "C:/Users/aaron/Desktop/git_article/vivadoProjects/heapSort/solution1/.autopilot/db/heapSort.pragma.2.cpp"

@I [HLS-0] exec clang -fno-limit-debug-info -gcc-toolchain C:/Xilinx/Vivado_HLS/2016.1/msys -hls -hls-analyze-label -hls-analyze-pragma -fno-exceptions  -D__llvm__  -w  "C:/Users/aaron/Desktop/git_article/vivadoProjects/heapSort/solution1/.autopilot/db/heapSort.pragma.2.cpp"    -fno-math-errno -c -emit-llvm -O0  -mllvm -disable-llvm-optzns -fno-threadsafe-statics  -fno-use-cxa-atexit -DAESL_SYN -D__SYNTHESIS__ -D__HLS_SYN__ -I "C:/Xilinx/Vivado_HLS/2016.1/common/technology/autopilot" -I "C:/Xilinx/Vivado_HLS/2016.1/common/technology/autopilot/ap_sysc" -include etc/autopilot_ssdm_op.h -g -o "C:/Users/aaron/Desktop/git_article/vivadoProjects/heapSort/solution1/.autopilot/db/heapSort.g.bc"
@I [HLS-100] Command "source C:/Users/aaron/Desktop/git_article/vivadoProjects/heapSort/solution1/.autopilot/db/ve_warning.tcl "
@I [HLS-100] Command 'ap_source' returned 0; elapsed 0.001Total elapsed time: 13.842 sec.
@I [HLS-10] Validating synthesis directives ...
@0 [HLS-0] Validating synthesis directives ...
@I [HLS-100] Command "source C:/Users/aaron/Desktop/git_article/vivadoProjects/heapSort/solution1/.autopilot/db/pragma.status.tcl "
@I [HLS-100] Command 'ap_source' returned 0; elapsed 0.002Total elapsed time: 13.845 sec.
@I [HLS-0] Linking all ...
@I [HLS-0] exec llvm-ld  "C:/Users/aaron/Desktop/git_article/vivadoProjects/heapSort/solution1/.autopilot/db/heapSort.bc"  -disable-opt  -LC:/Xilinx/Vivado_HLS/2016.1/win64/lib -lm_basic -o "C:/Users/aaron/Desktop/git_article/vivadoProjects/heapSort/solution1/.autopilot/db/a.o.pre"
@I [HLS-0] Link time: 0 seconds per iteration
@I [HLS-0] Linking all ...
@I [HLS-0] exec llvm-ld  "C:/Users/aaron/Desktop/git_article/vivadoProjects/heapSort/solution1/.autopilot/db/heapSort.g.bc"  -disable-opt  -LC:/Xilinx/Vivado_HLS/2016.1/win64/lib -lm_basic -o "C:/Users/aaron/Desktop/git_article/vivadoProjects/heapSort/solution1/.autopilot/db/a.g.pre"
@I [HLS-0] Link time: 0 seconds per iteration
@I [HLS-100] Command "opt_and_import_c a -opt_level=2 -skip_syncheck=0 -ng=0 -keep_printf=0 "
@I [HLS-100] Command "cleanup_all_models "
@I [HLS-100] Command 'cleanup_all_models' returned 0; elapsed 0Total elapsed time: 15.33 sec.
@I [HLS-10] Starting code transformations ...
@0 [HLS-0] Starting code transformations ...
@I [HLS-0] std xform: transform -hls -share-std-xform -always-inline -promote-dbg-pointer  -interface-preproc  -scalarrepl -mem2reg -keep-read-access -instcombine -dce  -promote-dbg-pointer  -bitop-raise  -indvars -loop-simplify -xunroll  -constprop -instcombine -simplifycfg -indvars  -simplifycfg -dce -globaldce  -basicaa  -simplifycfg -mem2reg -globalopt  -global-constprop -deadargelim -instcombine -simplifycfg  -prune-eh -simplifycfg  -scalarrepl -instcombine -reassociate -licm  -simplifycfg -loop-simplify -indvars -instcombine  -simplifycfg -mem2reg -loop-simplify -indvars -instcombine  -gvn -gvn -instcombine -adce  -break-crit-edges  -simplifycfg -loop-delete  -global-array-opt -dce -dse -adce  -find-syn-modules -top heapSort  -deadargelim  -mem2reg -instcombine -dce  -presyn-prepare -auto-rom-infer  -interface-preproc  -syn-check -check-rec-only  -find-region -simplifycfg -func-extr -function-inline  -globaldce -mem2reg -instcombine -dce   -gvn -globaldce -adce -adse  -constprop -instcombine -bit-constprop  -instcombine -dce -simplifycfg -bitop-raise  -simplifycfg -dce -loop-delete -reassociate  -globalopt -global-privatize -mem2reg -dce  -global-constprop -pointer-simplify -constprop -dce  -func-inst -deadargelim  -promote-dbg-pointer  -norm-name   C:/Users/aaron/Desktop/git_article/vivadoProjects/heapSort/solution1/.autopilot/db/a.g.0.bc -o C:/Users/aaron/Desktop/git_article/vivadoProjects/heapSort/solution1/.autopilot/db/a.g.1.bc -f  -phase std-opt
@I [HLS-0] Std xform time: 0 seconds per iteration
@I [HLS-100] Command "is_encrypted C:/Users/aaron/Desktop/git_article/vivadoProjects/heapSort/solution1/.autopilot/db/a.g.1.bc "
@I [HLS-100] Command 'is_encrypted' returned 0; elapsed 0Total elapsed time: 15.368 sec.
@I [HLS-10] Checking synthesizability ...
@0 [HLS-0] Checking synthesizability ...
@I [HLS-0] syn check 1/2: transform -hls -syn-check -check-rec-only -disaggr -scalarrepl -norm-name -dce  -mem2reg -instcombine  -function-uniquify -directive-preproc -mem2reg -dse -dce -auto-rom-infer -dce  -array-normalize -instcombine -dce  -array-seg-normalize -instcombine -dce  -array-flatten -instcombine -dce  -array-burst -dce  -deadargelim -promote-global-argument  -simplifycfg -mem2reg -globaldce -resolve-double-ptr  -dce -deadargelim -dce -instcombine  -function-inline -globaldce -dce  -doublePtrSimplify -doublePtrElim -dce  -doublePtrSimplify -promote-dbg-pointer  -dce -scalarrepl -dse -adse -instcombine  -ptrLegalization  -simplifycfg -dce -instcombine  -pointer-simplify -ptrArgReplace -dce -instcombine   -disaggr -scalarrepl -norm-name -dce  -mem2reg -instcombine -ptrLegalization   -simplifycfg -deadargelim  -instcombine -dce -inst-simplify  -function-uniquify -directive-preproc -mem2reg -dse -dce  -globaldce    C:/Users/aaron/Desktop/git_article/vivadoProjects/heapSort/solution1/.autopilot/db/a.g.1.bc -o C:/Users/aaron/Desktop/git_article/vivadoProjects/heapSort/solution1/.autopilot/db/a.g.2.prechk.bc -f
@I [XFORM-602] Inlining function 'heapSort_noRecurv' into 'heapSort' (heapSort/heapSort.cpp:65) automatically.
@I [HLS-0] Syn check 1/2 time: 0 seconds per iteration
@I [HLS-0] syn check 2/2: transform -syn-check   C:/Users/aaron/Desktop/git_article/vivadoProjects/heapSort/solution1/.autopilot/db/a.g.2.prechk.bc -o C:/Users/aaron/Desktop/git_article/vivadoProjects/heapSort/solution1/.autopilot/db/a.g.2.bc -f  -phase syn-check
@I [HLS-0] Syn check 2/2 time: 0 seconds per iteration
@I [HLS-0] Compiler optimizing ...
@I [HLS-0] Share syncheck's 1.bc for syn flow: copy C:/Users/aaron/Desktop/git_article/vivadoProjects/heapSort/solution1/.autopilot/db/a.g.1.bc to C:/Users/aaron/Desktop/git_article/vivadoProjects/heapSort/solution1/.autopilot/db/a.o.1.bc
@I [HLS-0] presyn 1: transform -hls -tmp C:/Users/aaron/Desktop/git_article/vivadoProjects/heapSort/solution1/.autopilot/db -type-info  -function-uniquify -directive-preproc -mem2reg -dse -dce  -disaggr -scalarrepl -norm-name -deadargelim  -mem2reg -instcombine -dce -auto-rom-infer -dce -function-uniquify  -resource-proc  -simplifycfg -mem2reg -globaldce -resolve-double-ptr -dce -deadargelim -dce -instcombine  -clib-intrinsic-prepare -dce  -func-buffer -dce -array-normalize  -func-legal -instcombine -gvn -constprop -dce   -ptrArgReplace -mem2reg -instcombine -dce  -array-seg-normalize -deadargelim  -instcombine -dce  -pointer-simplify -dce  -port-alignment -dce  -interface-preproc  -data-pack -instcombine -dce   -basicaa -aggr-aa -aggrmodref-aa -aggr-aa -gvn -gvn  -basicaa -aggr-aa -aggrmodref-aa -aggr-aa -dse -adse -adce  -loop-simplify -indvars -instcombine  -gvn -loop-simplify -mem2reg -dce -simplifycfg  -find-region -instcombine  -auto-loop-pipeline  -inst-simplify  -interface-preproc  -indvars -auto-loop-unroll -loop-simplify -loop-bound -xunroll  -constprop -instcombine -simplifycfg -indvars  -simplifycfg -dce -globaldce  -attach-range  -gvn -inst-simplify  -constprop -simplifycfg -dce  -pointer-simplify -dce  -globalopt -constprop -dce  -array-promote -constprop -instcombine -dce  -ptrArgReplace -mem2reg  -instcombine -simplifycfg -dce  -auto-par -instcombine -dce  -array-transform-check  -array-reshape -instcombine -simplifycfg -dce  -ptrArgReplace -deadargelim -mem2reg  -instcombine -simplifycfg -dce   -indvars -loop-simplify -loop-bound -xunroll  -constprop -instcombine -simplifycfg -indvars  -simplifycfg -dce -globaldce  -duplicate-dataflow-processes -globaldce  -array-partition -instcombine -simplifycfg -dce  -ptrArgReplace -global-constprop -deadargelim -mem2reg  -func-legal -instcombine -dce -global-constprop -deadargelim -mem2reg  -instcombine -simplifycfg -dce   -globalopt -constprop -dce  -array-promote -constprop -instcombine -dce  -ptrArgReplace -mem2reg  -instcombine -simplifycfg -dce   -mem-intrinsic-preproc -dce  -global-privatize  -mem2reg -globaldce  -promote-global-argument  -ptrArgReplace -mem2reg -instcombine -dce  -globalopt -mergereturn -simplify-global-access -mem2reg -dce  -pointer-simplify -dce  -functionattrs  -basicaa -aggr-aa -aggrmodref-aa -aggr-aa -gvn -gvn  -basicaa -aggr-aa -aggrmodref-aa -aggr-aa -dse -adse -adce  -inst-simplify -dce -norm-name  -function-inline -globaldce  -func-inst -constprop -instcombine -simplifycfg -dce  -func-legal -dce   -loop-bound  -arraycheck -bitwidthmin -on-by-dataflow  -loop-delete -instcombine -simplifycfg  -globaldce -dce -gvn -deadargelim -dce -loop-simplify -clean-region -simplifycfg -propagate-stable-arguments  -loop-stream -instcombine -simplifycfg -dce -globaldce  -stream-intrinsic-preproc -dce  -check-ap-stream -loop-simplify -eliminate-keepreads  -extract-dataflow-in-loop -loop-simplify -dce -gvn -deadargelim -dse  -check-dataflow-syntax  -legalize-stream-variable -legalize-global -legalize-global-1  -extract-subproc -dce -dead-channel-elimination  -canonicalize-gep -globaldce -dce -gvn -deadargelim  -scalar-propagation -deadargelim -globaldce -mem2reg  -check-dataflow-channels -function-stream -dce -globaldce  -prop-fifo-spec -internal-stream-gen  -canonicalize-gep -globaldce -dce -gvn -deadargelim   -mergereturn -indvars -loop-simplify -instcombine  -array-stream -instcombine -simplifycfg -dce  -bundle-memfifo-ops -deadargelim    -function-uniquify -directive-preproc -mem2reg -dse -dce  -group-axi-access    -licm -simplifycfg -dce -loop-delete  -norm-name  C:/Users/aaron/Desktop/git_article/vivadoProjects/heapSort/solution1/.autopilot/db/a.o.1.bc -o C:/Users/aaron/Desktop/git_article/vivadoProjects/heapSort/solution1/.autopilot/db/a.o.1.tmp.bc -f
@I [XFORM-602] Inlining function 'heapSort_noRecurv' into 'heapSort' (heapSort/heapSort.cpp:65) automatically.
@I [HLS-0] Presyn 1 time: 0 seconds per iteration
@I [HLS-0] presyn 2: transform -hls -keep-callgraph -scalarrepl -mem2reg  -port-alignment -attach-range -dce  -pipe-mux-gen  -indvars -loop-bound  -inst-simplify -instcombine -dce  -merge-array-access -mem2reg -dce  -clean-region -mergereturn -if-conv  -instcombine -dce -constprop  -basicaa -aggr-aa -aggrmodref-aa -aggr-aa -gvn -gvn  -basicaa -aggr-aa -aggrmodref-aa -aggr-aa -dse -adse -adce  -scalarrepl -mem2reg  -global-constprop -deadargelim -deadargelim  -instcombine -dce -simplifycfg    -ptrArgReplace -mem2reg -function-inline  -globaldce -mem2reg -instcombine -dce -expr-balance  -instcombine -dce  -bitwidthmin  -interface-preproc -directive-preproc  -inst-rectify -instcombine -dce  -functionattrs  -constprop -instcombine -bit-constprop  -simplify-global-access  -globalopt -globaldce  -inst-simplify -instcombine -elimdeaddata -dce  -loop-delete -simplifycfg -loop-simplify -auto-burst   -norm-name C:/Users/aaron/Desktop/git_article/vivadoProjects/heapSort/solution1/.autopilot/db/a.o.1.tmp.bc -o C:/Users/aaron/Desktop/git_article/vivadoProjects/heapSort/solution1/.autopilot/db/a.o.2.bc -f  -phase presyn
@W [XFORM-561] Updating loop upper bound from 32767 to 256 for loop 'Loop-0' in function 'maxHeapify_noRecurv'.
@I [XFORM-401] Performing if-conversion on hyperblock from (heapSort/heapSort.cpp:38:37) to (heapSort/heapSort.cpp:45:9) in function 'maxHeapify_noRecurv'... converting 5 basic blocks.
@I [HLS-0] Presyn 2 time: 0 seconds per iteration
@I [HLS-100] Command "is_encrypted C:/Users/aaron/Desktop/git_article/vivadoProjects/heapSort/solution1/.autopilot/db/a.o.2.bc "
@I [HLS-100] Command 'is_encrypted' returned 0; elapsed 0Total elapsed time: 15.578 sec.
@I [HLS-0] build ssdm: transform -hls  -function-uniquify -auto-function-inline -globaldce  -ptrArgReplace -mem2reg -instcombine -dce  -reset-lda  -loop-simplify -indvars -licm -loop-dep  -loop-bound -licm -loop-simplify -flattenloopnest  -array-flatten -gvn -instcombine -dce  -array-map -dce -func-legal  -gvn -adce -instcombine -cfgopt -simplifycfg -loop-simplify   -array-burst -promote-global-argument -dce  -axi4-lower -array-seg-normalize  -basicaa -aggrmodref-aa -globalsmodref-aa -aggr-aa -gvn -gvn  -basicaa -aggrmodref-aa -globalsmodref-aa -aggr-aa -dse -adse -adce -licm  -inst-simplify -dce  -globaldce -instcombine -array-stream -eliminate-keepreads -instcombine  -dce   -deadargelim -doublePtrSimplify  -doublePtrElim -dce -doublePtrSimplify -promote-dbg-pointer  -dce -scalarrepl -mem2reg -disaggr -norm-name -mem2reg  -instcombine  -dse -adse -adce -ptrLegalization -dce -auto-rom-infer -array-flatten -dce -instcombine  -loop-rot -constprop -cfgopt -simplifycfg -loop-simplify -indvars -pointer-simplify -dce -loop-bound  -loop-simplify -loop-preproc  -constprop -global-constprop -gvn -mem2reg -instcombine -dce  -loop-merge -dce  -bitwidthmin  -deadargelim -dce  -scalar-propagation -deadargelim -globaldce -mem2reg  -interface-preproc -interface-gen  -deadargelim -directive-preproc -inst-simplify -dce  -gvn -mem2reg -instcombine -dce -adse  -loop-bound  -instcombine -cfgopt -simplifycfg -loop-simplify  -clean-region -io-protocol  -find-region -mem2reg  -bitop-raise  -inst-simplify -inst-rectify -instcombine -adce -deadargelim  -loop-simplify -phi-opt -bitop-raise  -cfgopt -simplifycfg -strip-dead-prototypes  -interface-lower -bitop-lower -intrinsic-lower -auto-function-inline  -basicaa -aggrmodref-aa -globalsmodref-aa -aggr-aa  -inst-simplify -simplifycfg   -mergereturn -inst-simplify -inst-rectify  -dce -bitop-lower  -loop-rewind -pointer-simplify -dce -cfgopt  -read-loop-dep -dce -bitwidth -norm-name -legalize    -cdfg-build  C:/Users/aaron/Desktop/git_article/vivadoProjects/heapSort/solution1/.autopilot/db/a.o.2.bc -o C:/Users/aaron/Desktop/git_article/vivadoProjects/heapSort/solution1/.autopilot/db/a.o.3.bc -f  -phase build-ssdm
@I [HLS-0] Build ssdm time: 0 seconds per iteration
@I [HLS-100] Command "is_encrypted C:/Users/aaron/Desktop/git_article/vivadoProjects/heapSort/solution1/.autopilot/db/a.o.3.bc "
@I [HLS-100] Command 'is_encrypted' returned 0; elapsed 0Total elapsed time: 15.680 sec.
@I [HLS-0] Finish building internal data model.
@I [HLS-100] Command 'opt_and_import_c' returned 0; elapsed 0.67Total elapsed time: 15.702 sec.
@I [HLS-111] Elapsed time: 15.727 seconds; current memory usage: 91.6 MB.
@I [HLS-100] Command 'elaborate' returned 0; elapsed 14.465Total elapsed time: 15.709 sec.
@I [HLS-100] Command "autosyn "
@I [HLS-10] Starting hardware synthesis ...
@0 [HLS-0] Starting hardware synthesis ...
@I [HLS-0] Synthesizing C/C++ design ...
@I [HLS-10] Synthesizing 'heapSort' ...
@0 [HLS-0] Synthesizing 'heapSort' ...
@I [HLS-100] Command "ap_set_top_model heapSort "
@I [HLS-100] Command 'ap_set_top_model' returned 0; elapsed 0Total elapsed time: 15.713 sec.
@I [HLS-100] Command "get_model_list heapSort -filter all-wo-channel -topdown "
@I [HLS-100] Command 'get_model_list' returned 0; elapsed 0Total elapsed time: 15.714 sec.
@I [HLS-100] Command "preproc_iomode -model heapSort "
@I [HLS-100] Command 'preproc_iomode' returned 0; elapsed 0.001Total elapsed time: 15.715 sec.
@I [HLS-100] Command "preproc_iomode -model heapSort_maxHeapify_noRecurv "
@I [HLS-100] Command 'preproc_iomode' returned 0; elapsed 0Total elapsed time: 15.715 sec.
@I [HLS-100] Command "get_model_list heapSort -filter all-wo-channel "
@I [HLS-100] Command 'get_model_list' returned 0; elapsed 0Total elapsed time: 15.716 sec.
@I [HLS-0] Model list for configure: heapSort_maxHeapify_noRecurv heapSort
@I [HLS-0] Configuring Module : heapSort_maxHeapify_noRecurv ...
@I [HLS-100] Command "set_default_model heapSort_maxHeapify_noRecurv "
@I [HLS-100] Command 'set_default_model' returned 0; elapsed 0Total elapsed time: 15.716 sec.
@I [HLS-100] Command "apply_spec_resource_limit heapSort_maxHeapify_noRecurv "
@I [HLS-100] Command 'apply_spec_resource_limit' returned 0; elapsed 0Total elapsed time: 15.717 sec.
@I [HLS-0] Configuring Module : heapSort ...
@I [HLS-100] Command "set_default_model heapSort "
@I [HLS-100] Command 'set_default_model' returned 0; elapsed 0Total elapsed time: 15.717 sec.
@I [HLS-100] Command "apply_spec_resource_limit heapSort "
@I [HLS-100] Command 'apply_spec_resource_limit' returned 0; elapsed 0Total elapsed time: 15.718 sec.
@I [HLS-0] Model list for preprocess: heapSort_maxHeapify_noRecurv heapSort
@I [HLS-0] Preprocessing Module: heapSort_maxHeapify_noRecurv ...
@I [HLS-100] Command "set_default_model heapSort_maxHeapify_noRecurv "
@I [HLS-100] Command 'set_default_model' returned 0; elapsed 0Total elapsed time: 15.718 sec.
@I [HLS-100] Command "cdfg_preprocess -model heapSort_maxHeapify_noRecurv "
@I [HLS-100] Command 'cdfg_preprocess' returned 0; elapsed 0Total elapsed time: 15.719 sec.
@I [HLS-100] Command "rtl_gen_preprocess heapSort_maxHeapify_noRecurv "
@I [HLS-100] Command 'rtl_gen_preprocess' returned 0; elapsed 0.001Total elapsed time: 15.720 sec.
@I [HLS-0] Preprocessing Module: heapSort ...
@I [HLS-100] Command "set_default_model heapSort "
@I [HLS-100] Command 'set_default_model' returned 0; elapsed 0Total elapsed time: 15.720 sec.
@I [HLS-100] Command "cdfg_preprocess -model heapSort "
@I [HLS-100] Command 'cdfg_preprocess' returned 0; elapsed 0Total elapsed time: 15.721 sec.
@I [HLS-100] Command "rtl_gen_preprocess heapSort "
@I [HLS-100] Command 'rtl_gen_preprocess' returned 0; elapsed 0.001Total elapsed time: 15.722 sec.
@I [HLS-0] Model list for synthesis: heapSort_maxHeapify_noRecurv heapSort
@I [HLS-10] ----------------------------------------------------------------
@0 [HLS-0] ----------------------------------------------------------------
@I [HLS-10] -- Scheduling module 'heapSort_maxHeapify_noRecurv' 
@0 [HLS-0] -- Scheduling module 'heapSort_maxHeapify_noRecurv' 
@I [HLS-10] ----------------------------------------------------------------
@0 [HLS-0] ----------------------------------------------------------------
@I [HLS-100] Command "set_default_model heapSort_maxHeapify_noRecurv "
@I [HLS-100] Command 'set_default_model' returned 0; elapsed 0Total elapsed time: 15.723 sec.
@I [HLS-100] Command "schedule -model heapSort_maxHeapify_noRecurv "
@I [SCHED-11] Starting scheduling ...
@I [SCHED-11] Finished scheduling.
@I [HLS-100] Command 'schedule' returned 0; elapsed 0.016Total elapsed time: 15.740 sec.
@I [HLS-111] Elapsed time: 0.036 seconds; current memory usage: 92.9 MB.
@I [HLS-100] Command "report -o C:/Users/aaron/Desktop/git_article/vivadoProjects/heapSort/solution1/.autopilot/db/heapSort_maxHeapify_noRecurv.verbose.sched.rpt -verbose -f "
@I [HLS-100] Command 'report' returned 0; elapsed 0.003Total elapsed time: 15.753 sec.
@I [HLS-100] Command "db_write -o C:/Users/aaron/Desktop/git_article/vivadoProjects/heapSort/solution1/.autopilot/db/heapSort_maxHeapify_noRecurv.sched.adb -f "
@I [HLS-100] Command 'db_write' returned 0; elapsed 0.009Total elapsed time: 15.762 sec.
@I [HLS-0] Finish scheduling heapSort_maxHeapify_noRecurv.
@I [HLS-10] ----------------------------------------------------------------
@0 [HLS-0] ----------------------------------------------------------------
@I [HLS-10] -- Exploring micro-architecture for module 'heapSort_maxHeapify_noRecurv' 
@0 [HLS-0] -- Exploring micro-architecture for module 'heapSort_maxHeapify_noRecurv' 
@I [HLS-10] ----------------------------------------------------------------
@0 [HLS-0] ----------------------------------------------------------------
@I [HLS-100] Command "set_default_model heapSort_maxHeapify_noRecurv "
@I [HLS-100] Command 'set_default_model' returned 0; elapsed 0Total elapsed time: 15.766 sec.
@I [HLS-100] Command "bind -model heapSort_maxHeapify_noRecurv "
@I [BIND-110] clear=
@I [BIND-110] debug=
@I [BIND-110] drf=
@I [BIND-110] effort=
@I [BIND-110] fast_refine=
@I [BIND-110] fu_weight=[ 0.0 -- 1.0 ]
@I [BIND-110] global_opt=
@I [BIND-110] gsearch=
@I [BIND-110] help=
@I [BIND-110] help-hidden=
@I [BIND-110] min_mem_port=
@I [BIND-110] min_op=
@I [BIND-110] minreg=
@I [BIND-110] ml=
@I [BIND-110] model=heapSort_maxHeapify_noRecurv
@I [BIND-110] no_false_path=
@I [BIND-110] no_min_op=
@I [BIND-110] normalize=
@I [BIND-110] quiet=
@I [BIND-110] refine=
@I [BIND-110] reg_weight=[ 0.0 -- 1.0 ]
@I [BIND-110] search=
@I [BIND-110] tight_delay=
@I [BIND-110] verbose=
@I [BIND-110] wFF=
@I [BIND-110] wFU=
@I [BIND-110] wMUX=
@I [BIND-110] wNET=
@I [BIND-100] Starting micro-architecture generation ...
@I [BIND-101] Performing variable lifetime analysis.
@I [BIND-101] Exploring resource sharing.
@I [BIND-101] Binding ...
@I [BIND-100] Finished micro-architecture generation.
@I [HLS-100] Command 'bind' returned 0; elapsed 0.005Total elapsed time: 15.772 sec.
@I [HLS-111] Elapsed time: 0.031 seconds; current memory usage: 92.9 MB.
@I [HLS-100] Command "report -o C:/Users/aaron/Desktop/git_article/vivadoProjects/heapSort/solution1/.autopilot/db/heapSort_maxHeapify_noRecurv.verbose.bind.rpt -verbose -f "
@I [HLS-100] Command 'report' returned 0; elapsed 0.012Total elapsed time: 15.790 sec.
@I [HLS-100] Command "db_write -o C:/Users/aaron/Desktop/git_article/vivadoProjects/heapSort/solution1/.autopilot/db/heapSort_maxHeapify_noRecurv.bind.adb -f "
@I [HLS-100] Command 'db_write' returned 0; elapsed 0.011Total elapsed time: 15.802 sec.
@I [HLS-0] Finish binding heapSort_maxHeapify_noRecurv.
@I [HLS-10] ----------------------------------------------------------------
@0 [HLS-0] ----------------------------------------------------------------
@I [HLS-10] -- Scheduling module 'heapSort' 
@0 [HLS-0] -- Scheduling module 'heapSort' 
@I [HLS-10] ----------------------------------------------------------------
@0 [HLS-0] ----------------------------------------------------------------
@I [HLS-100] Command "set_default_model heapSort "
@I [HLS-100] Command 'set_default_model' returned 0; elapsed 0Total elapsed time: 15.804 sec.
@I [HLS-100] Command "schedule -model heapSort "
@I [SCHED-11] Starting scheduling ...
@I [SCHED-11] Finished scheduling.
@I [HLS-100] Command 'schedule' returned 0; elapsed 0.01Total elapsed time: 15.814 sec.
@I [HLS-111] Elapsed time: 0.042 seconds; current memory usage: 93.5 MB.
@I [HLS-100] Command "report -o C:/Users/aaron/Desktop/git_article/vivadoProjects/heapSort/solution1/.autopilot/db/heapSort.verbose.sched.rpt -verbose -f "
@I [HLS-100] Command 'report' returned 0; elapsed 0.002Total elapsed time: 15.825 sec.
@I [HLS-100] Command "db_write -o C:/Users/aaron/Desktop/git_article/vivadoProjects/heapSort/solution1/.autopilot/db/heapSort.sched.adb -f "
@I [HLS-100] Command 'db_write' returned 0; elapsed 0.007Total elapsed time: 15.833 sec.
@I [HLS-0] Finish scheduling heapSort.
@I [HLS-10] ----------------------------------------------------------------
@0 [HLS-0] ----------------------------------------------------------------
@I [HLS-10] -- Exploring micro-architecture for module 'heapSort' 
@0 [HLS-0] -- Exploring micro-architecture for module 'heapSort' 
@I [HLS-10] ----------------------------------------------------------------
@0 [HLS-0] ----------------------------------------------------------------
@I [HLS-100] Command "set_default_model heapSort "
@I [HLS-100] Command 'set_default_model' returned 0; elapsed 0Total elapsed time: 15.836 sec.
@I [HLS-100] Command "bind -model heapSort "
@I [BIND-110] clear=
@I [BIND-110] debug=
@I [BIND-110] drf=
@I [BIND-110] effort=
@I [BIND-110] fast_refine=
@I [BIND-110] fu_weight=[ 0.0 -- 1.0 ]
@I [BIND-110] global_opt=
@I [BIND-110] gsearch=
@I [BIND-110] help=
@I [BIND-110] help-hidden=
@I [BIND-110] min_mem_port=
@I [BIND-110] min_op=
@I [BIND-110] minreg=
@I [BIND-110] ml=
@I [BIND-110] model=heapSort
@I [BIND-110] no_false_path=
@I [BIND-110] no_min_op=
@I [BIND-110] normalize=
@I [BIND-110] quiet=
@I [BIND-110] refine=
@I [BIND-110] reg_weight=[ 0.0 -- 1.0 ]
@I [BIND-110] search=
@I [BIND-110] tight_delay=
@I [BIND-110] verbose=
@I [BIND-110] wFF=
@I [BIND-110] wFU=
@I [BIND-110] wMUX=
@I [BIND-110] wNET=
@I [BIND-100] Starting micro-architecture generation ...
@I [BIND-101] Performing variable lifetime analysis.
@I [BIND-101] Exploring resource sharing.
@I [BIND-101] Binding ...
@I [BIND-100] Finished micro-architecture generation.
@I [HLS-100] Command 'bind' returned 0; elapsed 0.006Total elapsed time: 15.842 sec.
@I [HLS-111] Elapsed time: 0.027 seconds; current memory usage: 93.4 MB.
@I [HLS-100] Command "report -o C:/Users/aaron/Desktop/git_article/vivadoProjects/heapSort/solution1/.autopilot/db/heapSort.verbose.bind.rpt -verbose -f "
@I [HLS-100] Command 'report' returned 0; elapsed 0.012Total elapsed time: 15.862 sec.
@I [HLS-100] Command "db_write -o C:/Users/aaron/Desktop/git_article/vivadoProjects/heapSort/solution1/.autopilot/db/heapSort.bind.adb -f "
@I [HLS-100] Command 'db_write' returned 0; elapsed 0.011Total elapsed time: 15.874 sec.
@I [HLS-0] Finish binding heapSort.
@I [HLS-100] Command "get_model_list heapSort -filter all-wo-channel "
@I [HLS-100] Command 'get_model_list' returned 0; elapsed 0Total elapsed time: 15.875 sec.
@I [HLS-0] Preprocessing for RTLGen ...
@I [HLS-100] Command "rtl_gen_preprocess heapSort_maxHeapify_noRecurv "
@I [HLS-100] Command 'rtl_gen_preprocess' returned 0; elapsed 0.001Total elapsed time: 15.876 sec.
@I [HLS-100] Command "rtl_gen_preprocess heapSort "
@I [HLS-100] Command 'rtl_gen_preprocess' returned 0; elapsed 0.001Total elapsed time: 15.877 sec.
@I [HLS-0] Model list for RTL generation: heapSort_maxHeapify_noRecurv heapSort
@I [HLS-10] ----------------------------------------------------------------
@0 [HLS-0] ----------------------------------------------------------------
@I [HLS-10] -- Generating RTL for module 'heapSort_maxHeapify_noRecurv' 
@0 [HLS-0] -- Generating RTL for module 'heapSort_maxHeapify_noRecurv' 
@I [HLS-10] ----------------------------------------------------------------
@0 [HLS-0] ----------------------------------------------------------------
@I [HLS-100] Command "create_rtl_model heapSort_maxHeapify_noRecurv -vendor xilinx -mg_file C:/Users/aaron/Desktop/git_article/vivadoProjects/heapSort/solution1/.autopilot/db/heapSort_maxHeapify_noRecurv.compgen.tcl "
@I [RTGEN-100] Finished creating RTL model for 'heapSort_maxHeapify_noRecurv'.
@I [HLS-100] Command 'create_rtl_model' returned 0; elapsed 0.012Total elapsed time: 15.894 sec.
@I [HLS-111] Elapsed time: 0.054 seconds; current memory usage: 93.4 MB.
@I [HLS-100] Command "source C:/Users/aaron/Desktop/git_article/vivadoProjects/heapSort/solution1/.autopilot/db/heapSort.rtl_wrap.cfg.tcl "
@I [HLS-100] Command 'ap_source' returned 0; elapsed 0.001Total elapsed time: 15.905 sec.
@I [HLS-100] Command "gen_rtl heapSort_maxHeapify_noRecurv -style xilinx -tracefl mytrace -tracefmt vcd -traceopt all -f -lang sc -o C:/Users/aaron/Desktop/git_article/vivadoProjects/heapSort/solution1/syn/systemc/heapSort_maxHeapify_noRecurv -synmodules heapSort_maxHeapify_noRecurv heapSort "
@I [HLS-100] Command 'gen_rtl' returned 0; elapsed 0.002Total elapsed time: 15.909 sec.
@I [HLS-100] Command "gen_rtl heapSort_maxHeapify_noRecurv -style xilinx -f -lang vhdl -o C:/Users/aaron/Desktop/git_article/vivadoProjects/heapSort/solution1/syn/vhdl/heapSort_maxHeapify_noRecurv "
@I [HLS-100] Command 'gen_rtl' returned 0; elapsed 0.002Total elapsed time: 15.911 sec.
@I [HLS-100] Command "gen_rtl heapSort_maxHeapify_noRecurv -style xilinx -f -lang vlog -o C:/Users/aaron/Desktop/git_article/vivadoProjects/heapSort/solution1/syn/verilog/heapSort_maxHeapify_noRecurv "
@I [HLS-100] Command 'gen_rtl' returned 0; elapsed 0.003Total elapsed time: 15.914 sec.
@I [HLS-100] Command "gen_tb_info heapSort_maxHeapify_noRecurv -o C:/Users/aaron/Desktop/git_article/vivadoProjects/heapSort/solution1/.autopilot/db/heapSort_maxHeapify_noRecurv -p C:/Users/aaron/Desktop/git_article/vivadoProjects/heapSort/solution1/.autopilot/db "
@I [HLS-100] Command 'gen_tb_info' returned 0; elapsed 0.006Total elapsed time: 15.920 sec.
@I [HLS-100] Command "report -model heapSort_maxHeapify_noRecurv -o C:/Users/aaron/Desktop/git_article/vivadoProjects/heapSort/solution1/syn/report/heapSort_maxHeapify_noRecurv_csynth.rpt -f "
@I [HLS-100] Command 'report' returned 0; elapsed 0.006Total elapsed time: 15.927 sec.
@I [HLS-100] Command "report -model heapSort_maxHeapify_noRecurv -o C:/Users/aaron/Desktop/git_article/vivadoProjects/heapSort/solution1/syn/report/heapSort_maxHeapify_noRecurv_csynth.xml -f -x "
@I [HLS-100] Command 'report' returned 0; elapsed 0.006Total elapsed time: 15.934 sec.
@I [HLS-100] Command "report -model heapSort_maxHeapify_noRecurv -o C:/Users/aaron/Desktop/git_article/vivadoProjects/heapSort/solution1/.autopilot/db/heapSort_maxHeapify_noRecurv.verbose.rpt -verbose -f "
@I [HLS-100] Command 'report' returned 0; elapsed 0.016Total elapsed time: 15.951 sec.
@I [HLS-100] Command "db_write -model heapSort_maxHeapify_noRecurv -o C:/Users/aaron/Desktop/git_article/vivadoProjects/heapSort/solution1/.autopilot/db/heapSort_maxHeapify_noRecurv.adb -f "
@I [HLS-100] Command 'db_write' returned 0; elapsed 0.019Total elapsed time: 15.971 sec.
@I [HLS-10] ----------------------------------------------------------------
@0 [HLS-0] ----------------------------------------------------------------
@I [HLS-10] -- Generating RTL for module 'heapSort' 
@0 [HLS-0] -- Generating RTL for module 'heapSort' 
@I [HLS-10] ----------------------------------------------------------------
@0 [HLS-0] ----------------------------------------------------------------
@I [HLS-100] Command "create_rtl_model heapSort -vendor xilinx -mg_file C:/Users/aaron/Desktop/git_article/vivadoProjects/heapSort/solution1/.autopilot/db/heapSort.compgen.tcl "
@I [RTGEN-500] Setting interface mode on port 'heapSort/indexOutputData' to 'ap_none'.
@I [RTGEN-500] Setting interface mode on port 'heapSort/operation_V' to 'ap_none'.
@I [RTGEN-500] Setting interface mode on port 'heapSort/A' to 'ap_memory'.
@I [RTGEN-500] Setting interface mode on function 'heapSort' to 'ap_ctrl_hs'.
@I [RTGEN-100] Finished creating RTL model for 'heapSort'.
@I [HLS-100] Command 'create_rtl_model' returned 0; elapsed 0.017Total elapsed time: 16.62 sec.
@I [HLS-111] Elapsed time: 0.168 seconds; current memory usage: 93.3 MB.
@I [HLS-100] Command "source C:/Users/aaron/Desktop/git_article/vivadoProjects/heapSort/solution1/.autopilot/db/heapSort.rtl_wrap.cfg.tcl "
@I [HLS-100] Command 'ap_source' returned 0; elapsed 0.001Total elapsed time: 16.74 sec.
@I [HLS-100] Command "gen_rtl heapSort -istop -style xilinx -tracefl mytrace -tracefmt vcd -traceopt all -f -lang sc -o C:/Users/aaron/Desktop/git_article/vivadoProjects/heapSort/solution1/syn/systemc/heapSort -synmodules heapSort_maxHeapify_noRecurv heapSort "
@I [HLS-100] Command 'gen_rtl' returned 0; elapsed 0.003Total elapsed time: 16.78 sec.
@I [HLS-100] Command "gen_rtl heapSort -istop -style xilinx -f -lang vhdl -o C:/Users/aaron/Desktop/git_article/vivadoProjects/heapSort/solution1/syn/vhdl/heapSort "
@I [HLS-100] Command 'gen_rtl' returned 0; elapsed 0.004Total elapsed time: 16.83 sec.
@I [HLS-100] Command "gen_rtl heapSort -istop -style xilinx -f -lang vlog -o C:/Users/aaron/Desktop/git_article/vivadoProjects/heapSort/solution1/syn/verilog/heapSort "
@I [HLS-100] Command 'gen_rtl' returned 0; elapsed 0.002Total elapsed time: 16.86 sec.
@I [HLS-100] Command "export_constraint_db -o C:/Users/aaron/Desktop/git_article/vivadoProjects/heapSort/solution1/.autopilot/db/heapSort.constraint.tcl -f -tool general "
@I [HLS-100] Command 'export_constraint_db' returned 0; elapsed 0.001Total elapsed time: 16.88 sec.
@I [HLS-100] Command "report -model heapSort -o C:/Users/aaron/Desktop/git_article/vivadoProjects/heapSort/solution1/.autopilot/db/heapSort.design.xml -verbose -f -dv "
@I [HLS-100] Command 'report' returned 0; elapsed 0.01Total elapsed time: 16.98 sec.
@I [HLS-100] Command "report -model heapSort -o C:/Users/aaron/Desktop/git_article/vivadoProjects/heapSort/solution1/.autopilot/db/heapSort.sdaccel.xml -verbose -f -sdaccel "
@I [HLS-100] Command 'report' returned 0; elapsed 0.005Total elapsed time: 16.104 sec.
@I [HLS-100] Command "gen_tb_info heapSort -o C:/Users/aaron/Desktop/git_article/vivadoProjects/heapSort/solution1/.autopilot/db/heapSort -p C:/Users/aaron/Desktop/git_article/vivadoProjects/heapSort/solution1/.autopilot/db "
@I [HLS-100] Command 'gen_tb_info' returned 0; elapsed 0.004Total elapsed time: 16.109 sec.
@I [HLS-100] Command "report -model heapSort -o C:/Users/aaron/Desktop/git_article/vivadoProjects/heapSort/solution1/syn/report/heapSort_csynth.rpt -f "
@I [HLS-100] Command 'report' returned 0; elapsed 0.004Total elapsed time: 16.114 sec.
@I [HLS-100] Command "report -model heapSort -o C:/Users/aaron/Desktop/git_article/vivadoProjects/heapSort/solution1/syn/report/heapSort_csynth.xml -f -x "
@I [HLS-100] Command 'report' returned 0; elapsed 0.002Total elapsed time: 16.117 sec.
@I [HLS-100] Command "report -model heapSort -o C:/Users/aaron/Desktop/git_article/vivadoProjects/heapSort/solution1/.autopilot/db/heapSort.verbose.rpt -verbose -f "
@I [HLS-100] Command 'report' returned 0; elapsed 0.014Total elapsed time: 16.132 sec.
@I [HLS-100] Command "db_write -model heapSort -o C:/Users/aaron/Desktop/git_article/vivadoProjects/heapSort/solution1/.autopilot/db/heapSort.adb -f "
@I [HLS-100] Command 'db_write' returned 0; elapsed 0.021Total elapsed time: 16.154 sec.
@I [HLS-100] Command "sc_get_clocks heapSort "
@I [HLS-100] Command 'sc_get_clocks' returned 0; elapsed 0Total elapsed time: 16.199 sec.
@I [HLS-100] Command "sc_get_portdomain heapSort "
@I [HLS-100] Command 'sc_get_portdomain' returned 0; elapsed 0Total elapsed time: 16.200 sec.
@I [HLS-0] Model list for RTL component generation: heapSort_maxHeapify_noRecurv heapSort
@I [HLS-0] Handling components in module [heapSort_maxHeapify_noRecurv] ... 
@I [HLS-100] Command "source C:/Users/aaron/Desktop/git_article/vivadoProjects/heapSort/solution1/.autopilot/db/heapSort_maxHeapify_noRecurv.compgen.tcl "
@I [HLS-100] Command 'ap_source' returned 0; elapsed 0.002Total elapsed time: 16.209 sec.
@I [HLS-0] Handling components in module [heapSort] ... 
@I [HLS-100] Command "source C:/Users/aaron/Desktop/git_article/vivadoProjects/heapSort/solution1/.autopilot/db/heapSort.compgen.tcl "
@I [HLS-100] Command 'ap_source' returned 0; elapsed 0.001Total elapsed time: 16.211 sec.
@I [HLS-0] Append model heapSort_maxHeapify_noRecurv
@I [HLS-0] Append model heapSort
@I [HLS-0] Generating RTL model list ...
@I [HLS-0] All models in this session: heapSort_maxHeapify_noRecurv heapSort
@I [HLS-0] To file: write model heapSort_maxHeapify_noRecurv
@I [HLS-0] To file: write model heapSort
@I [HLS-0] Finished generating RTL model list.


@I [HLS-0] RTL Generation done.
@I [HLS-0] CAS Generation done.
@I [HLS-0] CBC Generation done.
@I [HLS-100] Command "export_ssdm C:/Users/aaron/Desktop/git_article/vivadoProjects/heapSort/solution1/.autopilot/db/a.export.ll "
@I [HLS-100] Command 'export_ssdm' returned 0; elapsed 0.002Total elapsed time: 16.218 sec.
@I [HLS-100] Command "source C:/Users/aaron/Desktop/git_article/vivadoProjects/heapSort/solution1/.autopilot/db/global.setting.tcl "
@I [HLS-100] Command 'ap_source' returned 0; elapsed 0.001Total elapsed time: 16.223 sec.
@I [HLS-100] Command "source C:/Xilinx/Vivado_HLS/2016.1/common/technology/generic/autopilot/common.gen "
@I [HLS-100] Command "source C:/Xilinx/Vivado_HLS/2016.1/common/technology/generic/autopilot/APCoreGen.gen "
@I [HLS-100] Command 'ap_source' returned 0; elapsed 0Total elapsed time: 16.225 sec.
@I [HLS-100] Command 'ap_source' returned 0; elapsed 0.002Total elapsed time: 16.226 sec.
@I [HLS-100] Command "source C:/Xilinx/Vivado_HLS/2016.1/common/technology/generic/autopilot/op.gen "
@I [HLS-100] Command 'ap_source' returned 0; elapsed 0.001Total elapsed time: 16.227 sec.
@I [HLS-100] Command "source C:/Xilinx/Vivado_HLS/2016.1/common/technology/generic/autopilot/op_simcore.gen "
@I [HLS-100] Command 'ap_source' returned 0; elapsed 0.002Total elapsed time: 16.229 sec.
@I [HLS-100] Command "source C:/Xilinx/Vivado_HLS/2016.1/common/technology/generic/autopilot/interface.gen "
@I [HLS-100] Command 'ap_source' returned 0; elapsed 0.001Total elapsed time: 16.230 sec.
@I [HLS-100] Command "source C:/Users/aaron/Desktop/git_article/vivadoProjects/heapSort/solution1/.autopilot/db/global.setting.tcl "
@I [HLS-100] Command 'ap_source' returned 0; elapsed 0.001Total elapsed time: 16.231 sec.
@I [HLS-100] Command "source C:/Xilinx/Vivado_HLS/2016.1/common/technology/xilinx/artix7/artix7.gen "
@I [HLS-100] Command "source C:/Xilinx/Vivado_HLS/2016.1/common/technology/xilinx/common/virtex.gen "
@I [HLS-100] Command "source C:/Xilinx/Vivado_HLS/2016.1/common/technology/xilinx/common/xilinx.gen "
@I [HLS-100] Command "source C:/Xilinx/Vivado_HLS/2016.1/common/technology/xilinx/interface/plb46.gen "
@I [HLS-100] Command 'ap_source' returned 0; elapsed 0.001Total elapsed time: 16.233 sec.
@I [HLS-100] Command "source C:/Xilinx/Vivado_HLS/2016.1/common/technology/xilinx/interface/fsl.gen "
@I [HLS-100] Command 'ap_source' returned 0; elapsed 0Total elapsed time: 16.234 sec.
@I [HLS-100] Command "source C:/Xilinx/Vivado_HLS/2016.1/common/technology/xilinx/interface/axi4.gen "
@I [HLS-100] Command 'ap_source' returned 0; elapsed 0.001Total elapsed time: 16.236 sec.
@I [HLS-100] Command "source C:/Xilinx/Vivado_HLS/2016.1/common/technology/xilinx/interface/nativeAXI4.gen "
@I [HLS-100] Command "source C:/Xilinx/Vivado_HLS/2016.1/common/technology/xilinx/interface/saxilite.gen "
@I [HLS-100] Command 'ap_source' returned 0; elapsed 0.005Total elapsed time: 16.242 sec.
@I [HLS-100] Command "source C:/Xilinx/Vivado_HLS/2016.1/common/technology/xilinx/interface/maxi.gen "
@I [HLS-100] Command 'ap_source' returned 0; elapsed 0.008Total elapsed time: 16.251 sec.
@I [HLS-100] Command 'ap_source' returned 0; elapsed 0.014Total elapsed time: 16.251 sec.
@I [HLS-100] Command "source C:/Xilinx/Vivado_HLS/2016.1/common/technology/xilinx/scripts/xilinxcoregen.gen "
@I [HLS-100] Command 'ap_source' returned 0; elapsed 0.012Total elapsed time: 16.263 sec.
@I [HLS-100] Command "source C:/Xilinx/Vivado_HLS/2016.1/common/technology/xilinx/interface/XilEDKCoreGen.gen "
@I [HLS-100] Command 'ap_source' returned 0; elapsed 0.008Total elapsed time: 16.271 sec.
@I [HLS-100] Command "source C:/Xilinx/Vivado_HLS/2016.1/common/technology/xilinx/ip/dds_compiler.gen "
@I [HLS-100] Command 'ap_source' returned 0; elapsed 0.003Total elapsed time: 16.275 sec.
@I [HLS-100] Command "source C:/Xilinx/Vivado_HLS/2016.1/common/technology/xilinx/ip/util.gen "
@I [HLS-100] Command 'ap_source' returned 0; elapsed 0Total elapsed time: 16.275 sec.
@I [HLS-100] Command "source C:/Xilinx/Vivado_HLS/2016.1/common/technology/xilinx/ip/xfft.gen "
@I [HLS-100] Command 'ap_source' returned 0; elapsed 0.086Total elapsed time: 16.362 sec.
@I [HLS-100] Command "source C:/Xilinx/Vivado_HLS/2016.1/common/technology/xilinx/ip/xfir.gen "
@I [HLS-100] Command 'ap_source' returned 0; elapsed 0.001Total elapsed time: 16.364 sec.
@I [HLS-100] Command 'ap_source' returned 0; elapsed 0.132Total elapsed time: 16.364 sec.
@I [HLS-100] Command "source C:/Xilinx/Vivado_HLS/2016.1/common/technology/xilinx/common/dsp48.gen "
@I [HLS-100] Command 'ap_source' returned 0; elapsed 0.001Total elapsed time: 16.366 sec.
@I [HLS-100] Command 'ap_source' returned 0; elapsed 0.135Total elapsed time: 16.366 sec.
@I [HLS-100] Command 'ap_source' returned 0; elapsed 0.135Total elapsed time: 16.366 sec.
@I [HLS-100] Command "source C:/Xilinx/Vivado_HLS/2016.1/common/technology/xilinx/artix7/artix7_fpv6.gen "
@I [HLS-100] Command "source C:/Xilinx/Vivado_HLS/2016.1/common/technology/xilinx/common/xilinx_fpv6.gen "
@I [HLS-100] Command 'ap_source' returned 0; elapsed 0.001Total elapsed time: 16.368 sec.
@I [HLS-100] Command 'ap_source' returned 0; elapsed 0.002Total elapsed time: 16.369 sec.
@I [HLS-100] Command "source C:/Users/aaron/Desktop/git_article/vivadoProjects/heapSort/solution1/.autopilot/db/global.setting.tcl "
@I [HLS-100] Command 'ap_source' returned 0; elapsed 0.001Total elapsed time: 16.372 sec.
@I [HLS-100] Command "source C:/Users/aaron/Desktop/git_article/vivadoProjects/heapSort/solution1/.autopilot/db/global.setting.tcl "
@I [HLS-100] Command 'ap_source' returned 0; elapsed 0.001Total elapsed time: 16.374 sec.
@I [HLS-100] Command "source C:/Users/aaron/Desktop/git_article/vivadoProjects/heapSort/solution1/.autopilot/db/global.setting.tcl "
@I [HLS-100] Command 'ap_source' returned 0; elapsed 0.001Total elapsed time: 16.375 sec.
@I [HLS-100] Command "source C:/Users/aaron/Desktop/git_article/vivadoProjects/heapSort/solution1/.autopilot/db/global.setting.tcl "
@I [HLS-100] Command 'ap_source' returned 0; elapsed 0Total elapsed time: 16.376 sec.
@I [HLS-100] Command "source C:/Users/aaron/Desktop/git_article/vivadoProjects/heapSort/solution1/.autopilot/db/heapSort_maxHeapify_noRecurv.compgen.tcl "
@I [HLS-100] Command 'ap_source' returned 0; elapsed 0.001Total elapsed time: 16.380 sec.
@I [HLS-100] Command "source C:/Users/aaron/Desktop/git_article/vivadoProjects/heapSort/solution1/.autopilot/db/heapSort.compgen.tcl "
@I [HLS-100] Command 'ap_source' returned 0; elapsed 0.001Total elapsed time: 16.382 sec.
@I [HLS-10] Finished generating all RTL models.
@0 [HLS-0] Finished generating all RTL models.
@I [SYSC-301] Generating SystemC RTL for heapSort.
@I [VHDL-304] Generating VHDL RTL for heapSort.
@I [VLOG-307] Generating Verilog RTL for heapSort.
@I [HLS-100] Command 'autosyn' returned 0; elapsed 0.678Total elapsed time: 16.387 sec.
@I [HLS-100] Command 'csynth_design' returned 0; elapsed 15.143Total elapsed time: 16.387 sec.
@I [HLS-100] Command 'ap_source' returned 0; elapsed 15.56Total elapsed time: 16.388 sec.
@I [HLS-100] Command "cleanup_all "
@I [HLS-100] Command 'cleanup_all' returned 0; elapsed 0.003Total elapsed time: 16.391 sec.
