

================================================================
== Vivado HLS Report for 'heapSort_noRecurv'
================================================================
* Date:           Wed Jun 23 13:52:52 2021

* Version:        2016.1 (Build 1538259 on Fri Apr 08 16:12:49 MDT 2016)
* Project:        heapSort
* Solution:       solution1
* Product family: artix7
* Target device:  xc7a100tcsg324-1


================================================================
== Performance Estimates
================================================================
+ Timing (ns): 
    * Summary: 
    +--------+-------+----------+------------+
    |  Clock | Target| Estimated| Uncertainty|
    +--------+-------+----------+------------+
    |ap_clk  |  10.00|      7.74|        1.25|
    +--------+-------+----------+------------+

+ Latency (clock cycles): 
    * Summary: 
    +-----+-------+-----+-------+---------+
    |   Latency   |   Interval  | Pipeline|
    | min |  max  | min |  max  |   Type  |
    +-----+-------+-----+-------+---------+
    |  698|  55994|  699|  55995|   none  |
    +-----+-------+-----+-------+---------+

    + Detail: 
        * Instance: 
        +--------------------------------------------------+---------------------------------------+-----+-----+-----+-----+---------+
        |                                                  |                                       |  Latency  |  Interval | Pipeline|
        |                     Instance                     |                 Module                | min | max | min | max |   Type  |
        +--------------------------------------------------+---------------------------------------+-----+-----+-----+-----+---------+
        |grp_heapSort_noRecurv_maxHeapify_noRecurv_fu_116  |heapSort_noRecurv_maxHeapify_noRecurv  |    1|  769|    1|  769|   none  |
        +--------------------------------------------------+---------------------------------------+-----+-----+-----+-----+---------+

        * Loop: 
        +----------+-----+-------+----------+-----------+-----------+------+----------+
        |          |   Latency   | Iteration|  Initiation Interval  | Trip |          |
        | Loop Name| min |  max  |  Latency |  achieved |   target  | Count| Pipelined|
        +----------+-----+-------+----------+-----------+-----------+------+----------+
        |- Loop 1  |   72|  18504|  3 ~ 771 |          -|          -|    24|    no    |
        |- Loop 2  |  624|  37488| 13 ~ 781 |          -|          -|    48|    no    |
        +----------+-----+-------+----------+-----------+-----------+------+----------+



================================================================
== Utilization Estimates
================================================================
* Summary: 
+-----------------+---------+-------+--------+-------+
|       Name      | BRAM_18K| DSP48E|   FF   |  LUT  |
+-----------------+---------+-------+--------+-------+
|DSP              |        -|      -|       -|      -|
|Expression       |        -|      -|       0|    470|
|FIFO             |        -|      -|       -|      -|
|Instance         |        -|      0|    1149|   1668|
|Memory           |        -|      -|       -|      -|
|Multiplexer      |        -|      -|       -|    116|
|Register         |        -|      -|     146|      -|
+-----------------+---------+-------+--------+-------+
|Total            |        0|      0|    1295|   2254|
+-----------------+---------+-------+--------+-------+
|Available        |      270|    240|  126800|  63400|
+-----------------+---------+-------+--------+-------+
|Utilization (%)  |        0|      0|       1|      3|
+-----------------+---------+-------+--------+-------+

+ Detail: 
    * Instance: 
    +--------------------------------------------------+---------------------------------------+---------+-------+-----+------+
    |                     Instance                     |                 Module                | BRAM_18K| DSP48E|  FF |  LUT |
    +--------------------------------------------------+---------------------------------------+---------+-------+-----+------+
    |grp_heapSort_noRecurv_maxHeapify_noRecurv_fu_116  |heapSort_noRecurv_maxHeapify_noRecurv  |        0|      0|  810|  1295|
    |heapSort_noRecurv_sitofp_32ns_32_6_U5             |heapSort_noRecurv_sitofp_32ns_32_6     |        0|      0|  339|   373|
    +--------------------------------------------------+---------------------------------------+---------+-------+-----+------+
    |Total                                             |                                       |        0|      0| 1149|  1668|
    +--------------------------------------------------+---------------------------------------+---------+-------+-----+------+

    * DSP48: 
    N/A

    * Memory: 
    N/A

    * FIFO: 
    N/A

    * Expression: 
    +--------------------------+----------+-------+---+-----+------------+------------+
    |       Variable Name      | Operation| DSP48E| FF| LUT | Bitwidth P0| Bitwidth P1|
    +--------------------------+----------+-------+---+-----+------------+------------+
    |i_2_fu_139_p2             |     +    |      0|  0|    6|           6|           2|
    |i_3_fu_299_p2             |     +    |      0|  0|    7|           2|           7|
    |sh_assign_fu_192_p2       |     +    |      0|  0|    9|           8|           9|
    |p_Val2_7_i_i_i_fu_286_p2  |     -    |      0|  0|   32|           1|          32|
    |tmp_2_i_i_i_fu_206_p2     |     -    |      0|  0|    8|           7|           8|
    |tmp_4_i_i_i_fu_245_p2     |   lshr   |      0|  0|   67|          24|          24|
    |p_Val2_8_fu_279_p3        |  select  |      0|  0|   32|           1|          32|
    |p_Val2_s_fu_292_p3        |  select  |      0|  0|   32|           1|          32|
    |sh_assign_2_fu_216_p3     |  select  |      0|  0|    9|           1|           9|
    |tmp_6_i_i_i_fu_251_p2     |    shl   |      0|  0|  268|          78|          78|
    +--------------------------+----------+-------+---+-----+------------+------------+
    |Total                     |          |      0|  0|  470|         129|         233|
    +--------------------------+----------+-------+---+-----+------------+------------+

    * Multiplexer: 
    +---------------------------------------------------------+----+-----------+-----+-----------+
    |                           Name                          | LUT| Input Size| Bits| Total Bits|
    +---------------------------------------------------------+----+-----------+-----+-----------+
    |A_address0                                               |   6|          4|    6|         24|
    |A_address1                                               |   6|          3|    6|         18|
    |A_ce0                                                    |   1|          3|    1|          3|
    |A_ce1                                                    |   1|          3|    1|          3|
    |A_d0                                                     |  32|          3|   32|         96|
    |A_d1                                                     |  32|          3|   32|         96|
    |A_we0                                                    |   1|          3|    1|          3|
    |A_we1                                                    |   1|          3|    1|          3|
    |ap_NS_fsm                                                |  10|         16|    1|         16|
    |grp_heapSort_noRecurv_maxHeapify_noRecurv_fu_116_endA    |   7|          3|    7|         21|
    |grp_heapSort_noRecurv_maxHeapify_noRecurv_fu_116_startA  |   6|          3|    6|         18|
    |i_assign_reg_104                                         |   7|          2|    7|         14|
    |i_reg_92                                                 |   6|          2|    6|         12|
    +---------------------------------------------------------+----+-----------+-----+-----------+
    |Total                                                    | 116|         51|  107|        327|
    +---------------------------------------------------------+----+-----------+-----+-----------+

    * Register: 
    +------------------------------------------------------------------+----+----+-----+-----------+
    |                               Name                               | FF | LUT| Bits| Const Bits|
    +------------------------------------------------------------------+----+----+-----+-----------+
    |A_addr_6_reg_321                                                  |   6|   0|    6|          0|
    |ap_CS_fsm                                                         |  15|   0|   15|          0|
    |ap_reg_grp_heapSort_noRecurv_maxHeapify_noRecurv_fu_116_ap_start  |   1|   0|    1|          0|
    |i_2_reg_308                                                       |   6|   0|    6|          0|
    |i_3_reg_357                                                       |   7|   0|    7|          0|
    |i_assign_reg_104                                                  |   7|   0|    7|          0|
    |i_reg_92                                                          |   6|   0|    6|          0|
    |isNeg_reg_336                                                     |   1|   0|    1|          0|
    |loc_V_2_reg_331                                                   |  23|   0|   23|          0|
    |p_Result_s_reg_326                                                |   1|   0|    1|          0|
    |p_Val2_s_reg_347                                                  |  32|   0|   32|          0|
    |sh_assign_2_reg_341                                               |   9|   0|    9|          0|
    |tmp_2_i_reg_352                                                   |  32|   0|   32|          0|
    +------------------------------------------------------------------+----+----+-----+-----------+
    |Total                                                             | 146|   0|  146|          0|
    +------------------------------------------------------------------+----+----+-----+-----------+



================================================================
== Interface
================================================================
* Summary: 
+------------+-----+-----+------------+-------------------+--------------+
|  RTL Ports | Dir | Bits|  Protocol  |   Source Object   |    C Type    |
+------------+-----+-----+------------+-------------------+--------------+
|ap_clk      |  in |    1| ap_ctrl_hs | heapSort_noRecurv | return value |
|ap_rst      |  in |    1| ap_ctrl_hs | heapSort_noRecurv | return value |
|ap_start    |  in |    1| ap_ctrl_hs | heapSort_noRecurv | return value |
|ap_done     | out |    1| ap_ctrl_hs | heapSort_noRecurv | return value |
|ap_idle     | out |    1| ap_ctrl_hs | heapSort_noRecurv | return value |
|ap_ready    | out |    1| ap_ctrl_hs | heapSort_noRecurv | return value |
|A_address0  | out |    6|  ap_memory |         A         |     array    |
|A_ce0       | out |    1|  ap_memory |         A         |     array    |
|A_we0       | out |    1|  ap_memory |         A         |     array    |
|A_d0        | out |   32|  ap_memory |         A         |     array    |
|A_q0        |  in |   32|  ap_memory |         A         |     array    |
|A_address1  | out |    6|  ap_memory |         A         |     array    |
|A_ce1       | out |    1|  ap_memory |         A         |     array    |
|A_we1       | out |    1|  ap_memory |         A         |     array    |
|A_d1        | out |   32|  ap_memory |         A         |     array    |
|A_q1        |  in |   32|  ap_memory |         A         |     array    |
+------------+-----+-----+------------+-------------------+--------------+

============================================================
+ Verbose Summary: Synthesis Manager
============================================================
InlineROM: 1
ExposeGlobal: 0
============================================================
+ Verbose Summary: CDFG Model
============================================================
IsTopModel: 1
ResetActiveHigh: 1
IsCombinational: 2
IsDatapathOnly: 2
HasWiredReturn: 1
HasMFsm: 0
HasVarLatency: 1
IsPipeline: 0
IsRtlPipelined: 0
IsInstanceOverlapped: 0
IsDontTouch: 0
HasImplIP: 0
IsGatedGlobalClock: 0


============================================================
+ Verbose Summary: Schedule
============================================================
* Number of FSM states: 15
* Pipeline: 0
* Dataflow Pipeline: 0

* FSM state transitions: 
1 --> 
	2  / true
2 --> 
	3  / (!tmp)
	4  / (tmp)
3 --> 
	2  / true
4 --> 
	5  / (!tmp_31)
5 --> 
	6  / true
6 --> 
	7  / true
7 --> 
	8  / true
8 --> 
	9  / true
9 --> 
	10  / true
10 --> 
	11  / true
11 --> 
	12  / true
12 --> 
	13  / true
13 --> 
	14  / true
14 --> 
	15  / true
15 --> 
	4  / true
* FSM state operations: 

 <State 1>: 1.57ns
ST_1: stg_16 [1/1] 0.00ns
:0  call void (...)* @_ssdm_op_SpecBitsMap([48 x float]* %A) nounwind, !map !8

ST_1: stg_17 [1/1] 0.00ns
:1  call void (...)* @_ssdm_op_SpecTopModule([18 x i8]* @heapSort_noRecurv_str) nounwind

ST_1: stg_18 [1/1] 1.57ns
:2  br label %1


 <State 2>: 2.61ns
ST_2: i [1/1] 0.00ns
:0  %i = phi i6 [ 23, %0 ], [ %i_2, %2 ]

ST_2: tmp [1/1] 0.00ns
:1  %tmp = call i1 @_ssdm_op_BitSelect.i1.i6.i32(i6 %i, i32 5)

ST_2: empty [1/1] 0.00ns
:2  %empty = call i32 (...)* @_ssdm_op_SpecLoopTripCount(i64 24, i64 24, i64 24) nounwind

ST_2: stg_22 [1/1] 0.00ns
:3  br i1 %tmp, label %.preheader.preheader, label %2

ST_2: stg_23 [2/2] 2.61ns
:0  call fastcc void @heapSort_noRecurv_maxHeapify_noRecurv([48 x float]* %A, i6 %i, i7 48) nounwind

ST_2: i_2 [1/1] 1.67ns
:1  %i_2 = add i6 %i, -1

ST_2: A_addr [1/1] 0.00ns
.preheader.preheader:0  %A_addr = getelementptr [48 x float]* %A, i64 0, i64 0

ST_2: stg_26 [1/1] 1.57ns
.preheader.preheader:1  br label %.preheader


 <State 3>: 0.00ns
ST_3: stg_27 [1/2] 0.00ns
:0  call fastcc void @heapSort_noRecurv_maxHeapify_noRecurv([48 x float]* %A, i6 %i, i7 48) nounwind

ST_3: stg_28 [1/1] 0.00ns
:2  br label %1


 <State 4>: 2.71ns
ST_4: i_assign [1/1] 0.00ns
.preheader:0  %i_assign = phi i7 [ %i_3, %_ifconv ], [ 47, %.preheader.preheader ]

ST_4: i_assign_cast [1/1] 0.00ns
.preheader:1  %i_assign_cast = sext i7 %i_assign to i32

ST_4: tmp_31 [1/1] 0.00ns
.preheader:2  %tmp_31 = call i1 @_ssdm_op_BitSelect.i1.i7.i32(i7 %i_assign, i32 6)

ST_4: empty_7 [1/1] 0.00ns
.preheader:3  %empty_7 = call i32 (...)* @_ssdm_op_SpecLoopTripCount(i64 48, i64 48, i64 48) nounwind

ST_4: stg_33 [1/1] 0.00ns
.preheader:4  br i1 %tmp_31, label %3, label %_ifconv

ST_4: tmp_i [1/1] 0.00ns
_ifconv:0  %tmp_i = zext i32 %i_assign_cast to i64

ST_4: A_addr_6 [1/1] 0.00ns
_ifconv:1  %A_addr_6 = getelementptr [48 x float]* %A, i64 0, i64 %tmp_i

ST_4: A_load_6 [2/2] 2.71ns
_ifconv:2  %A_load_6 = load float* %A_addr_6, align 4

ST_4: A_load [2/2] 2.71ns
_ifconv:26  %A_load = load float* %A_addr, align 4

ST_4: stg_38 [1/1] 0.00ns
:0  ret void


 <State 5>: 5.75ns
ST_5: A_load_6 [1/2] 2.71ns
_ifconv:2  %A_load_6 = load float* %A_addr_6, align 4

ST_5: p_Val2_5 [1/1] 0.00ns
_ifconv:3  %p_Val2_5 = bitcast float %A_load_6 to i32

ST_5: p_Result_s [1/1] 0.00ns
_ifconv:4  %p_Result_s = call i1 @_ssdm_op_BitSelect.i1.i32.i32(i32 %p_Val2_5, i32 31)

ST_5: loc_V [1/1] 0.00ns
_ifconv:5  %loc_V = call i8 @_ssdm_op_PartSelect.i8.i32.i32.i32(i32 %p_Val2_5, i32 23, i32 30) nounwind

ST_5: loc_V_2 [1/1] 0.00ns
_ifconv:6  %loc_V_2 = trunc i32 %p_Val2_5 to i23

ST_5: tmp_i_i_i_i_cast1 [1/1] 0.00ns
_ifconv:9  %tmp_i_i_i_i_cast1 = zext i8 %loc_V to i9

ST_5: sh_assign [1/1] 1.67ns
_ifconv:10  %sh_assign = add i9 -127, %tmp_i_i_i_i_cast1

ST_5: isNeg [1/1] 0.00ns
_ifconv:11  %isNeg = call i1 @_ssdm_op_BitSelect.i1.i9.i32(i9 %sh_assign, i32 8)

ST_5: tmp_2_i_i_i [1/1] 1.67ns
_ifconv:12  %tmp_2_i_i_i = sub i8 127, %loc_V

ST_5: tmp_2_i_i_i_cast [1/1] 0.00ns
_ifconv:13  %tmp_2_i_i_i_cast = sext i8 %tmp_2_i_i_i to i9

ST_5: sh_assign_2 [1/1] 1.37ns
_ifconv:14  %sh_assign_2 = select i1 %isNeg, i9 %tmp_2_i_i_i_cast, i9 %sh_assign

ST_5: A_load [1/2] 2.71ns
_ifconv:26  %A_load = load float* %A_addr, align 4

ST_5: stg_51 [1/1] 2.71ns
_ifconv:27  store float %A_load, float* %A_addr_6, align 4


 <State 6>: 7.02ns
ST_6: p_Result_2 [1/1] 0.00ns
_ifconv:7  %p_Result_2 = call i24 @_ssdm_op_BitConcatenate.i24.i1.i23(i1 true, i23 %loc_V_2) nounwind

ST_6: tmp_i_i_i [1/1] 0.00ns (grouped into LUT with out node p_Val2_8)
_ifconv:8  %tmp_i_i_i = zext i24 %p_Result_2 to i78

ST_6: sh_assign_2_cast [1/1] 0.00ns (grouped into LUT with out node p_Val2_8)
_ifconv:15  %sh_assign_2_cast = sext i9 %sh_assign_2 to i32

ST_6: sh_assign_2_cast_cast [1/1] 0.00ns (grouped into LUT with out node p_Val2_8)
_ifconv:16  %sh_assign_2_cast_cast = sext i9 %sh_assign_2 to i24

ST_6: tmp_3_i_i_i [1/1] 0.00ns (grouped into LUT with out node p_Val2_8)
_ifconv:17  %tmp_3_i_i_i = zext i32 %sh_assign_2_cast to i78

ST_6: tmp_4_i_i_i [1/1] 0.00ns (grouped into LUT with out node p_Val2_8)
_ifconv:18  %tmp_4_i_i_i = lshr i24 %p_Result_2, %sh_assign_2_cast_cast

ST_6: tmp_6_i_i_i [1/1] 0.00ns (grouped into LUT with out node p_Val2_8)
_ifconv:19  %tmp_6_i_i_i = shl i78 %tmp_i_i_i, %tmp_3_i_i_i

ST_6: tmp_37 [1/1] 0.00ns (grouped into LUT with out node p_Val2_8)
_ifconv:20  %tmp_37 = call i1 @_ssdm_op_BitSelect.i1.i24.i32(i24 %tmp_4_i_i_i, i32 23)

ST_6: tmp_s [1/1] 0.00ns (grouped into LUT with out node p_Val2_8)
_ifconv:21  %tmp_s = zext i1 %tmp_37 to i32

ST_6: tmp_27 [1/1] 0.00ns (grouped into LUT with out node p_Val2_8)
_ifconv:22  %tmp_27 = call i32 @_ssdm_op_PartSelect.i32.i78.i32.i32(i78 %tmp_6_i_i_i, i32 23, i32 54)

ST_6: p_Val2_8 [1/1] 3.26ns (out node of the LUT)
_ifconv:23  %p_Val2_8 = select i1 %isNeg, i32 %tmp_s, i32 %tmp_27

ST_6: p_Val2_7_i_i_i [1/1] 2.39ns
_ifconv:24  %p_Val2_7_i_i_i = sub i32 0, %p_Val2_8

ST_6: p_Val2_s [1/1] 1.37ns
_ifconv:25  %p_Val2_s = select i1 %p_Result_s, i32 %p_Val2_7_i_i_i, i32 %p_Val2_8


 <State 7>: 6.18ns
ST_7: tmp_2_i [6/6] 6.18ns
_ifconv:28  %tmp_2_i = sitofp i32 %p_Val2_s to float


 <State 8>: 6.18ns
ST_8: tmp_2_i [5/6] 6.18ns
_ifconv:28  %tmp_2_i = sitofp i32 %p_Val2_s to float


 <State 9>: 6.18ns
ST_9: tmp_2_i [4/6] 6.18ns
_ifconv:28  %tmp_2_i = sitofp i32 %p_Val2_s to float


 <State 10>: 6.18ns
ST_10: tmp_2_i [3/6] 6.18ns
_ifconv:28  %tmp_2_i = sitofp i32 %p_Val2_s to float


 <State 11>: 6.18ns
ST_11: tmp_2_i [2/6] 6.18ns
_ifconv:28  %tmp_2_i = sitofp i32 %p_Val2_s to float


 <State 12>: 6.18ns
ST_12: tmp_2_i [1/6] 6.18ns
_ifconv:28  %tmp_2_i = sitofp i32 %p_Val2_s to float


 <State 13>: 2.71ns
ST_13: stg_71 [1/1] 2.71ns
_ifconv:29  store float %tmp_2_i, float* %A_addr, align 4


 <State 14>: 2.61ns
ST_14: stg_72 [2/2] 2.61ns
_ifconv:30  call fastcc void @heapSort_noRecurv_maxHeapify_noRecurv([48 x float]* %A, i6 0, i7 %i_assign) nounwind

ST_14: i_3 [1/1] 1.67ns
_ifconv:31  %i_3 = add i7 -1, %i_assign


 <State 15>: 0.00ns
ST_15: stg_74 [1/2] 0.00ns
_ifconv:30  call fastcc void @heapSort_noRecurv_maxHeapify_noRecurv([48 x float]* %A, i6 0, i7 %i_assign) nounwind

ST_15: stg_75 [1/1] 0.00ns
_ifconv:32  br label %.preheader



============================================================
+ Verbose Summary: Binding
============================================================
STG Binding: 
---------------- STG Properties BEGIN ----------------
- Is combinational: 0
- Is one-state seq: 0
- Is datapath-only: 0
- Is clock enabled: 0
- Is pipelined: 0
- Is top level: 1
Port [ Return ] is wired: 1; IO mode=ap_ctrl_hs:ce=0
Port [ A]:  wired=1; compound=1; hidden=0; nouse=0; global=0; static=0; extern=0; dir=2; type=1; pingpong=0; private_global=0; MemPort=[22]; IO mode=ap_memory:ce=0
---------------- STG Properties END ------------------

---------------- Datapath Model BEGIN ----------------

<LifeTime>
<method=bitvector/>
stg_16                (specbitsmap      ) [ 0000000000000000]
stg_17                (spectopmodule    ) [ 0000000000000000]
stg_18                (br               ) [ 0111000000000000]
i                     (phi              ) [ 0011000000000000]
tmp                   (bitselect        ) [ 0011000000000000]
empty                 (speclooptripcount) [ 0000000000000000]
stg_22                (br               ) [ 0000000000000000]
i_2                   (add              ) [ 0111000000000000]
A_addr                (getelementptr    ) [ 0000111111111111]
stg_26                (br               ) [ 0011111111111111]
stg_27                (call             ) [ 0000000000000000]
stg_28                (br               ) [ 0111000000000000]
i_assign              (phi              ) [ 0000111111111111]
i_assign_cast         (sext             ) [ 0000000000000000]
tmp_31                (bitselect        ) [ 0000111111111111]
empty_7               (speclooptripcount) [ 0000000000000000]
stg_33                (br               ) [ 0000000000000000]
tmp_i                 (zext             ) [ 0000000000000000]
A_addr_6              (getelementptr    ) [ 0000010000000000]
stg_38                (ret              ) [ 0000000000000000]
A_load_6              (load             ) [ 0000000000000000]
p_Val2_5              (bitcast          ) [ 0000000000000000]
p_Result_s            (bitselect        ) [ 0000001000000000]
loc_V                 (partselect       ) [ 0000000000000000]
loc_V_2               (trunc            ) [ 0000001000000000]
tmp_i_i_i_i_cast1     (zext             ) [ 0000000000000000]
sh_assign             (add              ) [ 0000000000000000]
isNeg                 (bitselect        ) [ 0000001000000000]
tmp_2_i_i_i           (sub              ) [ 0000000000000000]
tmp_2_i_i_i_cast      (sext             ) [ 0000000000000000]
sh_assign_2           (select           ) [ 0000001000000000]
A_load                (load             ) [ 0000000000000000]
stg_51                (store            ) [ 0000000000000000]
p_Result_2            (bitconcatenate   ) [ 0000000000000000]
tmp_i_i_i             (zext             ) [ 0000000000000000]
sh_assign_2_cast      (sext             ) [ 0000000000000000]
sh_assign_2_cast_cast (sext             ) [ 0000000000000000]
tmp_3_i_i_i           (zext             ) [ 0000000000000000]
tmp_4_i_i_i           (lshr             ) [ 0000000000000000]
tmp_6_i_i_i           (shl              ) [ 0000000000000000]
tmp_37                (bitselect        ) [ 0000000000000000]
tmp_s                 (zext             ) [ 0000000000000000]
tmp_27                (partselect       ) [ 0000000000000000]
p_Val2_8              (select           ) [ 0000000000000000]
p_Val2_7_i_i_i        (sub              ) [ 0000000000000000]
p_Val2_s              (select           ) [ 0000000111111000]
tmp_2_i               (sitofp           ) [ 0000000000000100]
stg_71                (store            ) [ 0000000000000000]
i_3                   (add              ) [ 0010100000000001]
stg_74                (call             ) [ 0000000000000000]
stg_75                (br               ) [ 0010111111111111]
</LifeTime>

<model>

<comp_list>
<comp id="0" class="1000" name="A">
<pin_list>
<pin id="1" dir="1" index="0" bw="1" slack="0"/>
</pin_list>
<bind>
<StgValue><ssdm name="A"/><MemPortTyVec>2 2 </MemPortTyVec>
</StgValue>
</bind>
</comp>

<comp id="2" class="1001" name="const_2">
<pin_list>
<pin id="3" dir="1" index="0" bw="1" slack="2147483647"/>
</pin_list>
<bind>
<StgValue><ssdm name="_ssdm_op_SpecBitsMap"/></StgValue>
</bind>
</comp>

<comp id="4" class="1001" name="const_4">
<pin_list>
<pin id="5" dir="1" index="0" bw="1" slack="2147483647"/>
</pin_list>
<bind>
<StgValue><ssdm name="_ssdm_op_SpecTopModule"/></StgValue>
</bind>
</comp>

<comp id="6" class="1001" name="const_6">
<pin_list>
<pin id="7" dir="1" index="0" bw="1" slack="2147483647"/>
</pin_list>
<bind>
<StgValue><ssdm name="heapSort_noRecurv_str"/></StgValue>
</bind>
</comp>

<comp id="8" class="1001" name="const_8">
<pin_list>
<pin id="9" dir="1" index="0" bw="1" slack="1"/>
</pin_list>
<bind>
<StgValue><ssdm name=""/></StgValue>
</bind>
</comp>

<comp id="10" class="1001" name="const_10">
<pin_list>
<pin id="11" dir="1" index="0" bw="1" slack="0"/>
</pin_list>
<bind>
<StgValue><ssdm name="_ssdm_op_BitSelect.i1.i6.i32"/></StgValue>
</bind>
</comp>

<comp id="12" class="1001" name="const_12">
<pin_list>
<pin id="13" dir="1" index="0" bw="1" slack="0"/>
</pin_list>
<bind>
<StgValue><ssdm name=""/></StgValue>
</bind>
</comp>

<comp id="14" class="1001" name="const_14">
<pin_list>
<pin id="15" dir="1" index="0" bw="1" slack="2147483647"/>
</pin_list>
<bind>
<StgValue><ssdm name="_ssdm_op_SpecLoopTripCount"/></StgValue>
</bind>
</comp>

<comp id="16" class="1001" name="const_16">
<pin_list>
<pin id="17" dir="1" index="0" bw="1" slack="2147483647"/>
</pin_list>
<bind>
<StgValue><ssdm name=""/></StgValue>
</bind>
</comp>

<comp id="18" class="1001" name="const_18">
<pin_list>
<pin id="19" dir="1" index="0" bw="1" slack="0"/>
</pin_list>
<bind>
<StgValue><ssdm name="heapSort_noRecurv_maxHeapify_noRecurv"/></StgValue>
</bind>
</comp>

<comp id="20" class="1001" name="const_20">
<pin_list>
<pin id="21" dir="1" index="0" bw="1" slack="0"/>
</pin_list>
<bind>
<StgValue><ssdm name=""/></StgValue>
</bind>
</comp>

<comp id="22" class="1001" name="const_22">
<pin_list>
<pin id="23" dir="1" index="0" bw="1" slack="0"/>
</pin_list>
<bind>
<StgValue><ssdm name=""/></StgValue>
</bind>
</comp>

<comp id="24" class="1001" name="const_24">
<pin_list>
<pin id="25" dir="1" index="0" bw="1" slack="0"/>
</pin_list>
<bind>
<StgValue><ssdm name=""/></StgValue>
</bind>
</comp>

<comp id="26" class="1001" name="const_26">
<pin_list>
<pin id="27" dir="1" index="0" bw="1" slack="1"/>
</pin_list>
<bind>
<StgValue><ssdm name=""/></StgValue>
</bind>
</comp>

<comp id="28" class="1001" name="const_28">
<pin_list>
<pin id="29" dir="1" index="0" bw="1" slack="0"/>
</pin_list>
<bind>
<StgValue><ssdm name="_ssdm_op_BitSelect.i1.i7.i32"/></StgValue>
</bind>
</comp>

<comp id="30" class="1001" name="const_30">
<pin_list>
<pin id="31" dir="1" index="0" bw="1" slack="0"/>
</pin_list>
<bind>
<StgValue><ssdm name=""/></StgValue>
</bind>
</comp>

<comp id="32" class="1001" name="const_32">
<pin_list>
<pin id="33" dir="1" index="0" bw="1" slack="2147483647"/>
</pin_list>
<bind>
<StgValue><ssdm name=""/></StgValue>
</bind>
</comp>

<comp id="34" class="1001" name="const_34">
<pin_list>
<pin id="35" dir="1" index="0" bw="1" slack="0"/>
</pin_list>
<bind>
<StgValue><ssdm name="_ssdm_op_BitSelect.i1.i32.i32"/></StgValue>
</bind>
</comp>

<comp id="36" class="1001" name="const_36">
<pin_list>
<pin id="37" dir="1" index="0" bw="1" slack="0"/>
</pin_list>
<bind>
<StgValue><ssdm name=""/></StgValue>
</bind>
</comp>

<comp id="38" class="1001" name="const_38">
<pin_list>
<pin id="39" dir="1" index="0" bw="1" slack="0"/>
</pin_list>
<bind>
<StgValue><ssdm name="_ssdm_op_PartSelect.i8.i32.i32.i32"/></StgValue>
</bind>
</comp>

<comp id="40" class="1001" name="const_40">
<pin_list>
<pin id="41" dir="1" index="0" bw="1" slack="0"/>
</pin_list>
<bind>
<StgValue><ssdm name=""/></StgValue>
</bind>
</comp>

<comp id="42" class="1001" name="const_42">
<pin_list>
<pin id="43" dir="1" index="0" bw="1" slack="0"/>
</pin_list>
<bind>
<StgValue><ssdm name=""/></StgValue>
</bind>
</comp>

<comp id="44" class="1001" name="const_44">
<pin_list>
<pin id="45" dir="1" index="0" bw="1" slack="0"/>
</pin_list>
<bind>
<StgValue><ssdm name=""/></StgValue>
</bind>
</comp>

<comp id="46" class="1001" name="const_46">
<pin_list>
<pin id="47" dir="1" index="0" bw="1" slack="0"/>
</pin_list>
<bind>
<StgValue><ssdm name="_ssdm_op_BitSelect.i1.i9.i32"/></StgValue>
</bind>
</comp>

<comp id="48" class="1001" name="const_48">
<pin_list>
<pin id="49" dir="1" index="0" bw="1" slack="0"/>
</pin_list>
<bind>
<StgValue><ssdm name=""/></StgValue>
</bind>
</comp>

<comp id="50" class="1001" name="const_50">
<pin_list>
<pin id="51" dir="1" index="0" bw="1" slack="0"/>
</pin_list>
<bind>
<StgValue><ssdm name=""/></StgValue>
</bind>
</comp>

<comp id="52" class="1001" name="const_52">
<pin_list>
<pin id="53" dir="1" index="0" bw="1" slack="0"/>
</pin_list>
<bind>
<StgValue><ssdm name="_ssdm_op_BitConcatenate.i24.i1.i23"/></StgValue>
</bind>
</comp>

<comp id="54" class="1001" name="const_54">
<pin_list>
<pin id="55" dir="1" index="0" bw="1" slack="0"/>
</pin_list>
<bind>
<StgValue><ssdm name=""/></StgValue>
</bind>
</comp>

<comp id="56" class="1001" name="const_56">
<pin_list>
<pin id="57" dir="1" index="0" bw="1" slack="0"/>
</pin_list>
<bind>
<StgValue><ssdm name="_ssdm_op_BitSelect.i1.i24.i32"/></StgValue>
</bind>
</comp>

<comp id="58" class="1001" name="const_58">
<pin_list>
<pin id="59" dir="1" index="0" bw="1" slack="0"/>
</pin_list>
<bind>
<StgValue><ssdm name="_ssdm_op_PartSelect.i32.i78.i32.i32"/></StgValue>
</bind>
</comp>

<comp id="60" class="1001" name="const_60">
<pin_list>
<pin id="61" dir="1" index="0" bw="1" slack="0"/>
</pin_list>
<bind>
<StgValue><ssdm name=""/></StgValue>
</bind>
</comp>

<comp id="62" class="1001" name="const_62">
<pin_list>
<pin id="63" dir="1" index="0" bw="1" slack="0"/>
</pin_list>
<bind>
<StgValue><ssdm name=""/></StgValue>
</bind>
</comp>

<comp id="64" class="1001" name="const_64">
<pin_list>
<pin id="65" dir="1" index="0" bw="1" slack="0"/>
</pin_list>
<bind>
<StgValue><ssdm name=""/></StgValue>
</bind>
</comp>

<comp id="66" class="1001" name="const_66">
<pin_list>
<pin id="67" dir="1" index="0" bw="1" slack="0"/>
</pin_list>
<bind>
<StgValue><ssdm name=""/></StgValue>
</bind>
</comp>

<comp id="68" class="1004" name="A_addr_gep_fu_68">
<pin_list>
<pin id="69" dir="0" index="0" bw="32" slack="0"/>
<pin id="70" dir="0" index="1" bw="1" slack="0"/>
<pin id="71" dir="0" index="2" bw="1" slack="0"/>
<pin id="72" dir="1" index="3" bw="6" slack="1"/>
</pin_list>
<bind>
<opcode="getelementptr(29) " fcode="getelementptr"/>
<opset="A_addr/2 "/>
</bind>
</comp>

<comp id="76" class="1004" name="A_addr_6_gep_fu_76">
<pin_list>
<pin id="77" dir="0" index="0" bw="32" slack="0"/>
<pin id="78" dir="0" index="1" bw="1" slack="0"/>
<pin id="79" dir="0" index="2" bw="32" slack="0"/>
<pin id="80" dir="1" index="3" bw="6" slack="0"/>
</pin_list>
<bind>
<opcode="getelementptr(29) " fcode="getelementptr"/>
<opset="A_addr_6/4 "/>
</bind>
</comp>

<comp id="83" class="1004" name="grp_access_fu_83">
<pin_list>
<pin id="84" dir="0" index="0" bw="6" slack="0"/>
<pin id="85" dir="0" index="1" bw="32" slack="0"/>
<pin id="88" dir="0" index="3" bw="6" slack="1"/>
<pin id="89" dir="0" index="4" bw="32" slack="1"/>
<pin id="86" dir="1" index="2" bw="32" slack="0"/>
<pin id="90" dir="1" index="5" bw="32" slack="0"/>
</pin_list>
<bind>
<opcode="load(27) store(28) " fcode="store"/>
<opset="A_load_6/4 A_load/4 stg_51/5 stg_71/13 "/>
</bind>
</comp>

<comp id="92" class="1005" name="i_reg_92">
<pin_list>
<pin id="93" dir="0" index="0" bw="6" slack="1"/>
<pin id="94" dir="1" index="1" bw="6" slack="1"/>
</pin_list>
<bind>
<opset="i (phireg) "/>
</bind>
</comp>

<comp id="96" class="1004" name="i_phi_fu_96">
<pin_list>
<pin id="97" dir="0" index="0" bw="6" slack="1"/>
<pin id="98" dir="0" index="1" bw="0" slack="2147483647"/>
<pin id="99" dir="0" index="2" bw="6" slack="0"/>
<pin id="100" dir="0" index="3" bw="0" slack="2147483647"/>
<pin id="101" dir="1" index="4" bw="6" slack="0"/>
</pin_list>
<bind>
<opcode="phi(47) " fcode="phi"/>
<opset="i/2 "/>
</bind>
</comp>

<comp id="104" class="1005" name="i_assign_reg_104">
<pin_list>
<pin id="105" dir="0" index="0" bw="7" slack="1"/>
<pin id="106" dir="1" index="1" bw="7" slack="1"/>
</pin_list>
<bind>
<opset="i_assign (phireg) "/>
</bind>
</comp>

<comp id="108" class="1004" name="i_assign_phi_fu_108">
<pin_list>
<pin id="109" dir="0" index="0" bw="7" slack="1"/>
<pin id="110" dir="0" index="1" bw="0" slack="2147483647"/>
<pin id="111" dir="0" index="2" bw="7" slack="1"/>
<pin id="112" dir="0" index="3" bw="0" slack="2147483647"/>
<pin id="113" dir="1" index="4" bw="7" slack="0"/>
</pin_list>
<bind>
<opcode="phi(47) " fcode="phi"/>
<opset="i_assign/4 "/>
</bind>
</comp>

<comp id="116" class="1004" name="grp_heapSort_noRecurv_maxHeapify_noRecurv_fu_116">
<pin_list>
<pin id="117" dir="0" index="0" bw="0" slack="0"/>
<pin id="118" dir="0" index="1" bw="32" slack="0"/>
<pin id="119" dir="0" index="2" bw="6" slack="0"/>
<pin id="120" dir="0" index="3" bw="7" slack="0"/>
<pin id="121" dir="1" index="4" bw="0" slack="2147483647"/>
</pin_list>
<bind>
<opcode="call(48) " fcode="call"/>
<opset="stg_23/2 stg_72/14 "/>
</bind>
</comp>

<comp id="128" class="1004" name="grp_fu_128">
<pin_list>
<pin id="129" dir="0" index="0" bw="32" slack="1"/>
<pin id="130" dir="1" index="1" bw="32" slack="1"/>
</pin_list>
<bind>
<opcode="sitofp(39) " fcode="sitofp"/>
<opset="tmp_2_i/7 "/>
</bind>
</comp>

<comp id="131" class="1004" name="tmp_fu_131">
<pin_list>
<pin id="132" dir="0" index="0" bw="1" slack="0"/>
<pin id="133" dir="0" index="1" bw="6" slack="0"/>
<pin id="134" dir="0" index="2" bw="4" slack="0"/>
<pin id="135" dir="1" index="3" bw="1" slack="2147483647"/>
</pin_list>
<bind>
<opcode="bitselect(1000) " fcode="bitselect"/>
<opset="tmp/2 "/>
</bind>
</comp>

<comp id="139" class="1004" name="i_2_fu_139">
<pin_list>
<pin id="140" dir="0" index="0" bw="6" slack="0"/>
<pin id="141" dir="0" index="1" bw="1" slack="0"/>
<pin id="142" dir="1" index="2" bw="6" slack="0"/>
</pin_list>
<bind>
<opcode="add(8) " fcode="add"/>
<opset="i_2/2 "/>
</bind>
</comp>

<comp id="145" class="1004" name="i_assign_cast_fu_145">
<pin_list>
<pin id="146" dir="0" index="0" bw="7" slack="0"/>
<pin id="147" dir="1" index="1" bw="32" slack="0"/>
</pin_list>
<bind>
<opcode="sext(35) " fcode="sext"/>
<opset="i_assign_cast/4 "/>
</bind>
</comp>

<comp id="149" class="1004" name="tmp_31_fu_149">
<pin_list>
<pin id="150" dir="0" index="0" bw="1" slack="0"/>
<pin id="151" dir="0" index="1" bw="7" slack="0"/>
<pin id="152" dir="0" index="2" bw="4" slack="0"/>
<pin id="153" dir="1" index="3" bw="1" slack="2147483647"/>
</pin_list>
<bind>
<opcode="bitselect(1000) " fcode="bitselect"/>
<opset="tmp_31/4 "/>
</bind>
</comp>

<comp id="157" class="1004" name="tmp_i_fu_157">
<pin_list>
<pin id="158" dir="0" index="0" bw="7" slack="0"/>
<pin id="159" dir="1" index="1" bw="64" slack="0"/>
</pin_list>
<bind>
<opcode="zext(34) " fcode="zext"/>
<opset="tmp_i/4 "/>
</bind>
</comp>

<comp id="162" class="1004" name="p_Val2_5_fu_162">
<pin_list>
<pin id="163" dir="0" index="0" bw="32" slack="0"/>
<pin id="164" dir="1" index="1" bw="32" slack="0"/>
</pin_list>
<bind>
<opcode="bitcast(44) " fcode="bitcast"/>
<opset="p_Val2_5/5 "/>
</bind>
</comp>

<comp id="166" class="1004" name="p_Result_s_fu_166">
<pin_list>
<pin id="167" dir="0" index="0" bw="1" slack="0"/>
<pin id="168" dir="0" index="1" bw="32" slack="0"/>
<pin id="169" dir="0" index="2" bw="6" slack="0"/>
<pin id="170" dir="1" index="3" bw="1" slack="1"/>
</pin_list>
<bind>
<opcode="bitselect(1000) " fcode="bitselect"/>
<opset="p_Result_s/5 "/>
</bind>
</comp>

<comp id="174" class="1004" name="loc_V_fu_174">
<pin_list>
<pin id="175" dir="0" index="0" bw="8" slack="0"/>
<pin id="176" dir="0" index="1" bw="32" slack="0"/>
<pin id="177" dir="0" index="2" bw="6" slack="0"/>
<pin id="178" dir="0" index="3" bw="6" slack="0"/>
<pin id="179" dir="1" index="4" bw="8" slack="0"/>
</pin_list>
<bind>
<opcode="partselect(1002) " fcode="partselect"/>
<opset="loc_V/5 "/>
</bind>
</comp>

<comp id="184" class="1004" name="loc_V_2_fu_184">
<pin_list>
<pin id="185" dir="0" index="0" bw="32" slack="0"/>
<pin id="186" dir="1" index="1" bw="23" slack="1"/>
</pin_list>
<bind>
<opcode="trunc(33) " fcode="trunc"/>
<opset="loc_V_2/5 "/>
</bind>
</comp>

<comp id="188" class="1004" name="tmp_i_i_i_i_cast1_fu_188">
<pin_list>
<pin id="189" dir="0" index="0" bw="8" slack="0"/>
<pin id="190" dir="1" index="1" bw="9" slack="0"/>
</pin_list>
<bind>
<opcode="zext(34) " fcode="zext"/>
<opset="tmp_i_i_i_i_cast1/5 "/>
</bind>
</comp>

<comp id="192" class="1004" name="sh_assign_fu_192">
<pin_list>
<pin id="193" dir="0" index="0" bw="8" slack="0"/>
<pin id="194" dir="0" index="1" bw="8" slack="0"/>
<pin id="195" dir="1" index="2" bw="9" slack="0"/>
</pin_list>
<bind>
<opcode="add(8) " fcode="add"/>
<opset="sh_assign/5 "/>
</bind>
</comp>

<comp id="198" class="1004" name="isNeg_fu_198">
<pin_list>
<pin id="199" dir="0" index="0" bw="1" slack="0"/>
<pin id="200" dir="0" index="1" bw="9" slack="0"/>
<pin id="201" dir="0" index="2" bw="5" slack="0"/>
<pin id="202" dir="1" index="3" bw="1" slack="0"/>
</pin_list>
<bind>
<opcode="bitselect(1000) " fcode="bitselect"/>
<opset="isNeg/5 "/>
</bind>
</comp>

<comp id="206" class="1004" name="tmp_2_i_i_i_fu_206">
<pin_list>
<pin id="207" dir="0" index="0" bw="8" slack="0"/>
<pin id="208" dir="0" index="1" bw="8" slack="0"/>
<pin id="209" dir="1" index="2" bw="8" slack="0"/>
</pin_list>
<bind>
<opcode="sub(10) " fcode="sub"/>
<opset="tmp_2_i_i_i/5 "/>
</bind>
</comp>

<comp id="212" class="1004" name="tmp_2_i_i_i_cast_fu_212">
<pin_list>
<pin id="213" dir="0" index="0" bw="8" slack="0"/>
<pin id="214" dir="1" index="1" bw="9" slack="0"/>
</pin_list>
<bind>
<opcode="sext(35) " fcode="sext"/>
<opset="tmp_2_i_i_i_cast/5 "/>
</bind>
</comp>

<comp id="216" class="1004" name="sh_assign_2_fu_216">
<pin_list>
<pin id="217" dir="0" index="0" bw="1" slack="0"/>
<pin id="218" dir="0" index="1" bw="9" slack="0"/>
<pin id="219" dir="0" index="2" bw="9" slack="0"/>
<pin id="220" dir="1" index="3" bw="9" slack="1"/>
</pin_list>
<bind>
<opcode="select(49) " fcode="select"/>
<opset="sh_assign_2/5 "/>
</bind>
</comp>

<comp id="224" class="1004" name="p_Result_2_fu_224">
<pin_list>
<pin id="225" dir="0" index="0" bw="24" slack="0"/>
<pin id="226" dir="0" index="1" bw="1" slack="0"/>
<pin id="227" dir="0" index="2" bw="23" slack="1"/>
<pin id="228" dir="1" index="3" bw="24" slack="0"/>
</pin_list>
<bind>
<opcode="bitconcatenate(1004) " fcode="bitconcatenate"/>
<opset="p_Result_2/6 "/>
</bind>
</comp>

<comp id="231" class="1004" name="tmp_i_i_i_fu_231">
<pin_list>
<pin id="232" dir="0" index="0" bw="24" slack="0"/>
<pin id="233" dir="1" index="1" bw="78" slack="0"/>
</pin_list>
<bind>
<opcode="zext(34) " fcode="zext"/>
<opset="tmp_i_i_i/6 "/>
</bind>
</comp>

<comp id="235" class="1004" name="sh_assign_2_cast_fu_235">
<pin_list>
<pin id="236" dir="0" index="0" bw="9" slack="1"/>
<pin id="237" dir="1" index="1" bw="32" slack="0"/>
</pin_list>
<bind>
<opcode="sext(35) " fcode="sext"/>
<opset="sh_assign_2_cast/6 "/>
</bind>
</comp>

<comp id="238" class="1004" name="sh_assign_2_cast_cast_fu_238">
<pin_list>
<pin id="239" dir="0" index="0" bw="9" slack="1"/>
<pin id="240" dir="1" index="1" bw="24" slack="0"/>
</pin_list>
<bind>
<opcode="sext(35) " fcode="sext"/>
<opset="sh_assign_2_cast_cast/6 "/>
</bind>
</comp>

<comp id="241" class="1004" name="tmp_3_i_i_i_fu_241">
<pin_list>
<pin id="242" dir="0" index="0" bw="9" slack="0"/>
<pin id="243" dir="1" index="1" bw="78" slack="0"/>
</pin_list>
<bind>
<opcode="zext(34) " fcode="zext"/>
<opset="tmp_3_i_i_i/6 "/>
</bind>
</comp>

<comp id="245" class="1004" name="tmp_4_i_i_i_fu_245">
<pin_list>
<pin id="246" dir="0" index="0" bw="24" slack="0"/>
<pin id="247" dir="0" index="1" bw="9" slack="0"/>
<pin id="248" dir="1" index="2" bw="24" slack="0"/>
</pin_list>
<bind>
<opcode="lshr(21) " fcode="lshr"/>
<opset="tmp_4_i_i_i/6 "/>
</bind>
</comp>

<comp id="251" class="1004" name="tmp_6_i_i_i_fu_251">
<pin_list>
<pin id="252" dir="0" index="0" bw="24" slack="0"/>
<pin id="253" dir="0" index="1" bw="32" slack="0"/>
<pin id="254" dir="1" index="2" bw="78" slack="0"/>
</pin_list>
<bind>
<opcode="shl(20) " fcode="shl"/>
<opset="tmp_6_i_i_i/6 "/>
</bind>
</comp>

<comp id="257" class="1004" name="tmp_37_fu_257">
<pin_list>
<pin id="258" dir="0" index="0" bw="1" slack="0"/>
<pin id="259" dir="0" index="1" bw="24" slack="0"/>
<pin id="260" dir="0" index="2" bw="6" slack="0"/>
<pin id="261" dir="1" index="3" bw="1" slack="0"/>
</pin_list>
<bind>
<opcode="bitselect(1000) " fcode="bitselect"/>
<opset="tmp_37/6 "/>
</bind>
</comp>

<comp id="265" class="1004" name="tmp_s_fu_265">
<pin_list>
<pin id="266" dir="0" index="0" bw="1" slack="0"/>
<pin id="267" dir="1" index="1" bw="32" slack="0"/>
</pin_list>
<bind>
<opcode="zext(34) " fcode="zext"/>
<opset="tmp_s/6 "/>
</bind>
</comp>

<comp id="269" class="1004" name="tmp_27_fu_269">
<pin_list>
<pin id="270" dir="0" index="0" bw="32" slack="0"/>
<pin id="271" dir="0" index="1" bw="78" slack="0"/>
<pin id="272" dir="0" index="2" bw="6" slack="0"/>
<pin id="273" dir="0" index="3" bw="7" slack="0"/>
<pin id="274" dir="1" index="4" bw="32" slack="0"/>
</pin_list>
<bind>
<opcode="partselect(1002) " fcode="partselect"/>
<opset="tmp_27/6 "/>
</bind>
</comp>

<comp id="279" class="1004" name="p_Val2_8_fu_279">
<pin_list>
<pin id="280" dir="0" index="0" bw="1" slack="1"/>
<pin id="281" dir="0" index="1" bw="32" slack="0"/>
<pin id="282" dir="0" index="2" bw="32" slack="0"/>
<pin id="283" dir="1" index="3" bw="32" slack="0"/>
</pin_list>
<bind>
<opcode="select(49) " fcode="select"/>
<opset="p_Val2_8/6 "/>
</bind>
</comp>

<comp id="286" class="1004" name="p_Val2_7_i_i_i_fu_286">
<pin_list>
<pin id="287" dir="0" index="0" bw="1" slack="0"/>
<pin id="288" dir="0" index="1" bw="32" slack="0"/>
<pin id="289" dir="1" index="2" bw="32" slack="0"/>
</pin_list>
<bind>
<opcode="sub(10) " fcode="sub"/>
<opset="p_Val2_7_i_i_i/6 "/>
</bind>
</comp>

<comp id="292" class="1004" name="p_Val2_s_fu_292">
<pin_list>
<pin id="293" dir="0" index="0" bw="1" slack="1"/>
<pin id="294" dir="0" index="1" bw="32" slack="0"/>
<pin id="295" dir="0" index="2" bw="32" slack="0"/>
<pin id="296" dir="1" index="3" bw="32" slack="1"/>
</pin_list>
<bind>
<opcode="select(49) " fcode="select"/>
<opset="p_Val2_s/6 "/>
</bind>
</comp>

<comp id="299" class="1004" name="i_3_fu_299">
<pin_list>
<pin id="300" dir="0" index="0" bw="1" slack="0"/>
<pin id="301" dir="0" index="1" bw="7" slack="10"/>
<pin id="302" dir="1" index="2" bw="7" slack="1"/>
</pin_list>
<bind>
<opcode="add(8) " fcode="add"/>
<opset="i_3/14 "/>
</bind>
</comp>

<comp id="308" class="1005" name="i_2_reg_308">
<pin_list>
<pin id="309" dir="0" index="0" bw="6" slack="0"/>
<pin id="310" dir="1" index="1" bw="6" slack="0"/>
</pin_list>
<bind>
<opset="i_2 "/>
</bind>
</comp>

<comp id="313" class="1005" name="A_addr_reg_313">
<pin_list>
<pin id="314" dir="0" index="0" bw="6" slack="1"/>
<pin id="315" dir="1" index="1" bw="6" slack="1"/>
</pin_list>
<bind>
<opset="A_addr "/>
</bind>
</comp>

<comp id="321" class="1005" name="A_addr_6_reg_321">
<pin_list>
<pin id="322" dir="0" index="0" bw="6" slack="1"/>
<pin id="323" dir="1" index="1" bw="6" slack="1"/>
</pin_list>
<bind>
<opset="A_addr_6 "/>
</bind>
</comp>

<comp id="326" class="1005" name="p_Result_s_reg_326">
<pin_list>
<pin id="327" dir="0" index="0" bw="1" slack="1"/>
<pin id="328" dir="1" index="1" bw="1" slack="1"/>
</pin_list>
<bind>
<opset="p_Result_s "/>
</bind>
</comp>

<comp id="331" class="1005" name="loc_V_2_reg_331">
<pin_list>
<pin id="332" dir="0" index="0" bw="23" slack="1"/>
<pin id="333" dir="1" index="1" bw="23" slack="1"/>
</pin_list>
<bind>
<opset="loc_V_2 "/>
</bind>
</comp>

<comp id="336" class="1005" name="isNeg_reg_336">
<pin_list>
<pin id="337" dir="0" index="0" bw="1" slack="1"/>
<pin id="338" dir="1" index="1" bw="1" slack="1"/>
</pin_list>
<bind>
<opset="isNeg "/>
</bind>
</comp>

<comp id="341" class="1005" name="sh_assign_2_reg_341">
<pin_list>
<pin id="342" dir="0" index="0" bw="9" slack="1"/>
<pin id="343" dir="1" index="1" bw="9" slack="1"/>
</pin_list>
<bind>
<opset="sh_assign_2 "/>
</bind>
</comp>

<comp id="347" class="1005" name="p_Val2_s_reg_347">
<pin_list>
<pin id="348" dir="0" index="0" bw="32" slack="1"/>
<pin id="349" dir="1" index="1" bw="32" slack="1"/>
</pin_list>
<bind>
<opset="p_Val2_s "/>
</bind>
</comp>

<comp id="352" class="1005" name="tmp_2_i_reg_352">
<pin_list>
<pin id="353" dir="0" index="0" bw="32" slack="1"/>
<pin id="354" dir="1" index="1" bw="32" slack="1"/>
</pin_list>
<bind>
<opset="tmp_2_i "/>
</bind>
</comp>

<comp id="357" class="1005" name="i_3_reg_357">
<pin_list>
<pin id="358" dir="0" index="0" bw="7" slack="1"/>
<pin id="359" dir="1" index="1" bw="7" slack="1"/>
</pin_list>
<bind>
<opset="i_3 "/>
</bind>
</comp>

</comp_list>

<net_list>
<net id="73"><net_src comp="0" pin="0"/><net_sink comp="68" pin=0"/></net>

<net id="74"><net_src comp="24" pin="0"/><net_sink comp="68" pin=1"/></net>

<net id="75"><net_src comp="24" pin="0"/><net_sink comp="68" pin=2"/></net>

<net id="81"><net_src comp="0" pin="0"/><net_sink comp="76" pin=0"/></net>

<net id="82"><net_src comp="24" pin="0"/><net_sink comp="76" pin=1"/></net>

<net id="87"><net_src comp="76" pin="3"/><net_sink comp="83" pin=0"/></net>

<net id="91"><net_src comp="83" pin="5"/><net_sink comp="83" pin=1"/></net>

<net id="95"><net_src comp="8" pin="0"/><net_sink comp="92" pin=0"/></net>

<net id="102"><net_src comp="92" pin="1"/><net_sink comp="96" pin=0"/></net>

<net id="103"><net_src comp="96" pin="4"/><net_sink comp="92" pin=0"/></net>

<net id="107"><net_src comp="26" pin="0"/><net_sink comp="104" pin=0"/></net>

<net id="114"><net_src comp="104" pin="1"/><net_sink comp="108" pin=2"/></net>

<net id="115"><net_src comp="108" pin="4"/><net_sink comp="104" pin=0"/></net>

<net id="122"><net_src comp="18" pin="0"/><net_sink comp="116" pin=0"/></net>

<net id="123"><net_src comp="0" pin="0"/><net_sink comp="116" pin=1"/></net>

<net id="124"><net_src comp="96" pin="4"/><net_sink comp="116" pin=2"/></net>

<net id="125"><net_src comp="20" pin="0"/><net_sink comp="116" pin=3"/></net>

<net id="126"><net_src comp="64" pin="0"/><net_sink comp="116" pin=2"/></net>

<net id="127"><net_src comp="104" pin="1"/><net_sink comp="116" pin=3"/></net>

<net id="136"><net_src comp="10" pin="0"/><net_sink comp="131" pin=0"/></net>

<net id="137"><net_src comp="96" pin="4"/><net_sink comp="131" pin=1"/></net>

<net id="138"><net_src comp="12" pin="0"/><net_sink comp="131" pin=2"/></net>

<net id="143"><net_src comp="96" pin="4"/><net_sink comp="139" pin=0"/></net>

<net id="144"><net_src comp="22" pin="0"/><net_sink comp="139" pin=1"/></net>

<net id="148"><net_src comp="108" pin="4"/><net_sink comp="145" pin=0"/></net>

<net id="154"><net_src comp="28" pin="0"/><net_sink comp="149" pin=0"/></net>

<net id="155"><net_src comp="108" pin="4"/><net_sink comp="149" pin=1"/></net>

<net id="156"><net_src comp="30" pin="0"/><net_sink comp="149" pin=2"/></net>

<net id="160"><net_src comp="145" pin="1"/><net_sink comp="157" pin=0"/></net>

<net id="161"><net_src comp="157" pin="1"/><net_sink comp="76" pin=2"/></net>

<net id="165"><net_src comp="83" pin="2"/><net_sink comp="162" pin=0"/></net>

<net id="171"><net_src comp="34" pin="0"/><net_sink comp="166" pin=0"/></net>

<net id="172"><net_src comp="162" pin="1"/><net_sink comp="166" pin=1"/></net>

<net id="173"><net_src comp="36" pin="0"/><net_sink comp="166" pin=2"/></net>

<net id="180"><net_src comp="38" pin="0"/><net_sink comp="174" pin=0"/></net>

<net id="181"><net_src comp="162" pin="1"/><net_sink comp="174" pin=1"/></net>

<net id="182"><net_src comp="40" pin="0"/><net_sink comp="174" pin=2"/></net>

<net id="183"><net_src comp="42" pin="0"/><net_sink comp="174" pin=3"/></net>

<net id="187"><net_src comp="162" pin="1"/><net_sink comp="184" pin=0"/></net>

<net id="191"><net_src comp="174" pin="4"/><net_sink comp="188" pin=0"/></net>

<net id="196"><net_src comp="44" pin="0"/><net_sink comp="192" pin=0"/></net>

<net id="197"><net_src comp="188" pin="1"/><net_sink comp="192" pin=1"/></net>

<net id="203"><net_src comp="46" pin="0"/><net_sink comp="198" pin=0"/></net>

<net id="204"><net_src comp="192" pin="2"/><net_sink comp="198" pin=1"/></net>

<net id="205"><net_src comp="48" pin="0"/><net_sink comp="198" pin=2"/></net>

<net id="210"><net_src comp="50" pin="0"/><net_sink comp="206" pin=0"/></net>

<net id="211"><net_src comp="174" pin="4"/><net_sink comp="206" pin=1"/></net>

<net id="215"><net_src comp="206" pin="2"/><net_sink comp="212" pin=0"/></net>

<net id="221"><net_src comp="198" pin="3"/><net_sink comp="216" pin=0"/></net>

<net id="222"><net_src comp="212" pin="1"/><net_sink comp="216" pin=1"/></net>

<net id="223"><net_src comp="192" pin="2"/><net_sink comp="216" pin=2"/></net>

<net id="229"><net_src comp="52" pin="0"/><net_sink comp="224" pin=0"/></net>

<net id="230"><net_src comp="54" pin="0"/><net_sink comp="224" pin=1"/></net>

<net id="234"><net_src comp="224" pin="3"/><net_sink comp="231" pin=0"/></net>

<net id="244"><net_src comp="235" pin="1"/><net_sink comp="241" pin=0"/></net>

<net id="249"><net_src comp="224" pin="3"/><net_sink comp="245" pin=0"/></net>

<net id="250"><net_src comp="238" pin="1"/><net_sink comp="245" pin=1"/></net>

<net id="255"><net_src comp="231" pin="1"/><net_sink comp="251" pin=0"/></net>

<net id="256"><net_src comp="241" pin="1"/><net_sink comp="251" pin=1"/></net>

<net id="262"><net_src comp="56" pin="0"/><net_sink comp="257" pin=0"/></net>

<net id="263"><net_src comp="245" pin="2"/><net_sink comp="257" pin=1"/></net>

<net id="264"><net_src comp="40" pin="0"/><net_sink comp="257" pin=2"/></net>

<net id="268"><net_src comp="257" pin="3"/><net_sink comp="265" pin=0"/></net>

<net id="275"><net_src comp="58" pin="0"/><net_sink comp="269" pin=0"/></net>

<net id="276"><net_src comp="251" pin="2"/><net_sink comp="269" pin=1"/></net>

<net id="277"><net_src comp="40" pin="0"/><net_sink comp="269" pin=2"/></net>

<net id="278"><net_src comp="60" pin="0"/><net_sink comp="269" pin=3"/></net>

<net id="284"><net_src comp="265" pin="1"/><net_sink comp="279" pin=1"/></net>

<net id="285"><net_src comp="269" pin="4"/><net_sink comp="279" pin=2"/></net>

<net id="290"><net_src comp="62" pin="0"/><net_sink comp="286" pin=0"/></net>

<net id="291"><net_src comp="279" pin="3"/><net_sink comp="286" pin=1"/></net>

<net id="297"><net_src comp="286" pin="2"/><net_sink comp="292" pin=1"/></net>

<net id="298"><net_src comp="279" pin="3"/><net_sink comp="292" pin=2"/></net>

<net id="303"><net_src comp="66" pin="0"/><net_sink comp="299" pin=0"/></net>

<net id="304"><net_src comp="104" pin="1"/><net_sink comp="299" pin=1"/></net>

<net id="311"><net_src comp="139" pin="2"/><net_sink comp="308" pin=0"/></net>

<net id="312"><net_src comp="308" pin="1"/><net_sink comp="96" pin=2"/></net>

<net id="316"><net_src comp="68" pin="3"/><net_sink comp="313" pin=0"/></net>

<net id="317"><net_src comp="313" pin="1"/><net_sink comp="83" pin=3"/></net>

<net id="324"><net_src comp="76" pin="3"/><net_sink comp="321" pin=0"/></net>

<net id="325"><net_src comp="321" pin="1"/><net_sink comp="83" pin=0"/></net>

<net id="329"><net_src comp="166" pin="3"/><net_sink comp="326" pin=0"/></net>

<net id="330"><net_src comp="326" pin="1"/><net_sink comp="292" pin=0"/></net>

<net id="334"><net_src comp="184" pin="1"/><net_sink comp="331" pin=0"/></net>

<net id="335"><net_src comp="331" pin="1"/><net_sink comp="224" pin=2"/></net>

<net id="339"><net_src comp="198" pin="3"/><net_sink comp="336" pin=0"/></net>

<net id="340"><net_src comp="336" pin="1"/><net_sink comp="279" pin=0"/></net>

<net id="344"><net_src comp="216" pin="3"/><net_sink comp="341" pin=0"/></net>

<net id="345"><net_src comp="341" pin="1"/><net_sink comp="235" pin=0"/></net>

<net id="346"><net_src comp="341" pin="1"/><net_sink comp="238" pin=0"/></net>

<net id="350"><net_src comp="292" pin="3"/><net_sink comp="347" pin=0"/></net>

<net id="351"><net_src comp="347" pin="1"/><net_sink comp="128" pin=0"/></net>

<net id="355"><net_src comp="128" pin="1"/><net_sink comp="352" pin=0"/></net>

<net id="356"><net_src comp="352" pin="1"/><net_sink comp="83" pin=4"/></net>

<net id="360"><net_src comp="299" pin="2"/><net_sink comp="357" pin=0"/></net>

<net id="361"><net_src comp="357" pin="1"/><net_sink comp="108" pin=0"/></net>

</net_list>

</model> 
---------------- Datapath Model END ------------------

* FSMD analyzer results:
  - Output states:
	Port: A | {2 3 5 13 14 15 }
 - Input state : 
	Port: heapSort_noRecurv : A | {2 3 4 5 14 15 }
  - Chain level:
	State 1
	State 2
		tmp : 1
		stg_22 : 2
		stg_23 : 1
		i_2 : 1
	State 3
	State 4
		i_assign_cast : 1
		tmp_31 : 1
		stg_33 : 2
		tmp_i : 2
		A_addr_6 : 3
		A_load_6 : 4
	State 5
		p_Val2_5 : 1
		p_Result_s : 2
		loc_V : 2
		loc_V_2 : 2
		tmp_i_i_i_i_cast1 : 3
		sh_assign : 4
		isNeg : 5
		tmp_2_i_i_i : 3
		tmp_2_i_i_i_cast : 4
		sh_assign_2 : 6
		stg_51 : 1
	State 6
		tmp_i_i_i : 1
		tmp_3_i_i_i : 1
		tmp_4_i_i_i : 1
		tmp_6_i_i_i : 2
		tmp_37 : 2
		tmp_s : 3
		tmp_27 : 3
		p_Val2_8 : 4
		p_Val2_7_i_i_i : 5
		p_Val2_s : 6
	State 7
	State 8
	State 9
	State 10
	State 11
	State 12
	State 13
	State 14
	State 15


============================================================
+ Verbose Summary: Datapath Resource usage 
============================================================

* Functional unit list:
|----------|--------------------------------------------------|---------|---------|---------|---------|
| Operation|                  Functional Unit                 |  DSP48E |  Delay  |    FF   |   LUT   |
|----------|--------------------------------------------------|---------|---------|---------|---------|
|   call   | grp_heapSort_noRecurv_maxHeapify_noRecurv_fu_116 |    0    |  3.878  |   883   |   994   |
|----------|--------------------------------------------------|---------|---------|---------|---------|
|  sitofp  |                    grp_fu_128                    |    0    |    0    |   339   |   373   |
|----------|--------------------------------------------------|---------|---------|---------|---------|
|    shl   |                tmp_6_i_i_i_fu_251                |    0    |    0    |    0    |    95   |
|----------|--------------------------------------------------|---------|---------|---------|---------|
|          |                sh_assign_2_fu_216                |    0    |    0    |    0    |    9    |
|  select  |                  p_Val2_8_fu_279                 |    0    |    0    |    0    |    32   |
|          |                  p_Val2_s_fu_292                 |    0    |    0    |    0    |    32   |
|----------|--------------------------------------------------|---------|---------|---------|---------|
|   lshr   |                tmp_4_i_i_i_fu_245                |    0    |    0    |    0    |    67   |
|----------|--------------------------------------------------|---------|---------|---------|---------|
|    sub   |                tmp_2_i_i_i_fu_206                |    0    |    0    |    0    |    8    |
|          |               p_Val2_7_i_i_i_fu_286              |    0    |    0    |    0    |    32   |
|----------|--------------------------------------------------|---------|---------|---------|---------|
|          |                    i_2_fu_139                    |    0    |    0    |    0    |    6    |
|    add   |                 sh_assign_fu_192                 |    0    |    0    |    0    |    8    |
|          |                    i_3_fu_299                    |    0    |    0    |    0    |    7    |
|----------|--------------------------------------------------|---------|---------|---------|---------|
|          |                    tmp_fu_131                    |    0    |    0    |    0    |    0    |
|          |                   tmp_31_fu_149                  |    0    |    0    |    0    |    0    |
| bitselect|                 p_Result_s_fu_166                |    0    |    0    |    0    |    0    |
|          |                   isNeg_fu_198                   |    0    |    0    |    0    |    0    |
|          |                   tmp_37_fu_257                  |    0    |    0    |    0    |    0    |
|----------|--------------------------------------------------|---------|---------|---------|---------|
|          |               i_assign_cast_fu_145               |    0    |    0    |    0    |    0    |
|   sext   |              tmp_2_i_i_i_cast_fu_212             |    0    |    0    |    0    |    0    |
|          |              sh_assign_2_cast_fu_235             |    0    |    0    |    0    |    0    |
|          |           sh_assign_2_cast_cast_fu_238           |    0    |    0    |    0    |    0    |
|----------|--------------------------------------------------|---------|---------|---------|---------|
|          |                   tmp_i_fu_157                   |    0    |    0    |    0    |    0    |
|          |             tmp_i_i_i_i_cast1_fu_188             |    0    |    0    |    0    |    0    |
|   zext   |                 tmp_i_i_i_fu_231                 |    0    |    0    |    0    |    0    |
|          |                tmp_3_i_i_i_fu_241                |    0    |    0    |    0    |    0    |
|          |                   tmp_s_fu_265                   |    0    |    0    |    0    |    0    |
|----------|--------------------------------------------------|---------|---------|---------|---------|
|partselect|                   loc_V_fu_174                   |    0    |    0    |    0    |    0    |
|          |                   tmp_27_fu_269                  |    0    |    0    |    0    |    0    |
|----------|--------------------------------------------------|---------|---------|---------|---------|
|   trunc  |                  loc_V_2_fu_184                  |    0    |    0    |    0    |    0    |
|----------|--------------------------------------------------|---------|---------|---------|---------|
|bitconcatenate|                 p_Result_2_fu_224                |    0    |    0    |    0    |    0    |
|----------|--------------------------------------------------|---------|---------|---------|---------|
|   Total  |                                                  |    0    |  3.878  |   1222  |   1663  |
|----------|--------------------------------------------------|---------|---------|---------|---------|

Memories:
N/A

* Register list:
+-------------------+--------+
|                   |   FF   |
+-------------------+--------+
|  A_addr_6_reg_321 |    6   |
|   A_addr_reg_313  |    6   |
|    i_2_reg_308    |    6   |
|    i_3_reg_357    |    7   |
|  i_assign_reg_104 |    7   |
|      i_reg_92     |    6   |
|   isNeg_reg_336   |    1   |
|  loc_V_2_reg_331  |   23   |
| p_Result_s_reg_326|    1   |
|  p_Val2_s_reg_347 |   32   |
|sh_assign_2_reg_341|    9   |
|  tmp_2_i_reg_352  |   32   |
+-------------------+--------+
|       Total       |   136  |
+-------------------+--------+

* Multiplexer (MUX) list: 
|--------------------------------------------------|------|------|------|--------||---------||---------|
|                       Comp                       |  Pin | Size |  BW  | S x BW ||  Delay  ||   LUT   |
|--------------------------------------------------|------|------|------|--------||---------||---------|
|                 grp_access_fu_83                 |  p0  |   2  |   6  |   12   ||    6    |
|                     i_reg_92                     |  p0  |   2  |   6  |   12   ||    6    |
|                 i_assign_reg_104                 |  p0  |   2  |   7  |   14   ||    7    |
| grp_heapSort_noRecurv_maxHeapify_noRecurv_fu_116 |  p2  |   2  |   6  |   12   ||    6    |
| grp_heapSort_noRecurv_maxHeapify_noRecurv_fu_116 |  p3  |   2  |   7  |   14   ||    7    |
|--------------------------------------------------|------|------|------|--------||---------||---------|
|                       Total                      |      |      |      |   64   ||  7.855  ||    32   |
|--------------------------------------------------|------|------|------|--------||---------||---------|



* Summary:
+-----------+--------+--------+--------+--------+
|           | DSP48E |  Delay |   FF   |   LUT  |
+-----------+--------+--------+--------+--------+
|  Function |    0   |    3   |  1222  |  1663  |
|   Memory  |    -   |    -   |    -   |    -   |
|Multiplexer|    -   |    7   |    -   |   32   |
|  Register |    -   |    -   |   136  |    -   |
+-----------+--------+--------+--------+--------+
|   Total   |    0   |   11   |  1358  |  1695  |
+-----------+--------+--------+--------+--------+
