

================================================================
== Vivado HLS Report for 'heapSort'
================================================================
* Date:           Fri Jul 09 21:29:41 2021

* Version:        2016.1 (Build 1538259 on Fri Apr 08 16:12:49 MDT 2016)
* Project:        heapSort
* Solution:       solution1
* Product family: artix7
* Target device:  xc7a100tcsg324-1


================================================================
== Performance Estimates
================================================================
+ Timing (ns): 
    * Summary: 
    +--------+-------+----------+------------+
    |  Clock | Target| Estimated| Uncertainty|
    +--------+-------+----------+------------+
    |ap_clk  |  10.00|      6.85|        1.25|
    +--------+-------+----------+------------+

+ Latency (clock cycles): 
    * Summary: 
    +-----+--------+-----+--------+---------+
    |    Latency   |   Interval   | Pipeline|
    | min |   max  | min |   max  |   Type  |
    +-----+--------+-----+--------+---------+
    |    1|  690052|    2|  690053|   none  |
    +-----+--------+-----+--------+---------+

    + Detail: 
        * Instance: 
        +-----------------------------------------+------------------------------+-----+------+-----+------+---------+
        |                                         |                              |   Latency  |  Interval  | Pipeline|
        |                 Instance                |            Module            | min |  max | min |  max |   Type  |
        +-----------------------------------------+------------------------------+-----+------+-----+------+---------+
        |grp_heapSort_maxHeapify_noRecurv_fu_194  |heapSort_maxHeapify_noRecurv  |    1|  1793|    1|  1793|   none  |
        +-----------------------------------------+------------------------------+-----+------+-----+------+---------+

        * Loop: 
        +----------+------+--------+----------+-----------+-----------+------+----------+
        |          |    Latency    | Iteration|  Initiation Interval  | Trip |          |
        | Loop Name|  min |   max  |  Latency |  achieved |   target  | Count| Pipelined|
        +----------+------+--------+----------+-----------+-----------+------+----------+
        |- Loop 1  |   384|  229760| 3 ~ 1795 |          -|          -|   128|    no    |
        |- Loop 2  |  1536|  460288| 6 ~ 1798 |          -|          -|   256|    no    |
        +----------+------+--------+----------+-----------+-----------+------+----------+



================================================================
== Utilization Estimates
================================================================
* Summary: 
+-----------------+---------+-------+--------+-------+
|       Name      | BRAM_18K| DSP48E|   FF   |  LUT  |
+-----------------+---------+-------+--------+-------+
|DSP              |        -|      -|       -|      -|
|Expression       |        -|      -|       0|    100|
|FIFO             |        -|      -|       -|      -|
|Instance         |        -|      -|     213|    282|
|Memory           |        1|      -|       0|      0|
|Multiplexer      |        -|      -|       -|    109|
|Register         |        -|      -|     131|      -|
+-----------------+---------+-------+--------+-------+
|Total            |        1|      0|     344|    491|
+-----------------+---------+-------+--------+-------+
|Available        |      270|    240|  126800|  63400|
+-----------------+---------+-------+--------+-------+
|Utilization (%)  |    ~0   |      0|   ~0   |   ~0  |
+-----------------+---------+-------+--------+-------+

+ Detail: 
    * Instance: 
    +-----------------------------------------+------------------------------+---------+-------+-----+-----+
    |                 Instance                |            Module            | BRAM_18K| DSP48E|  FF | LUT |
    +-----------------------------------------+------------------------------+---------+-------+-----+-----+
    |grp_heapSort_maxHeapify_noRecurv_fu_194  |heapSort_maxHeapify_noRecurv  |        0|      0|  213|  282|
    +-----------------------------------------+------------------------------+---------+-------+-----+-----+
    |Total                                    |                              |        0|      0|  213|  282|
    +-----------------------------------------+------------------------------+---------+-------+-----+-----+

    * DSP48: 
    N/A

    * Memory: 
    +-------+------------+---------+---+----+------+-----+------+-------------+
    | Memory|   Module   | BRAM_18K| FF| LUT| Words| Bits| Banks| W*Bits*Banks|
    +-------+------------+---------+---+----+------+-----+------+-------------+
    |A_U    |heapSort_A  |        1|  0|   0|   256|   16|     1|         4096|
    +-------+------------+---------+---+----+------+-----+------+-------------+
    |Total  |            |        1|  0|   0|   256|   16|     1|         4096|
    +-------+------------+---------+---+----+------+-----+------+-------------+

    * FIFO: 
    N/A

    * Expression: 
    +---------------------+----------+-------+---+----+------------+------------+
    |    Variable Name    | Operation| DSP48E| FF| LUT| Bitwidth P0| Bitwidth P1|
    +---------------------+----------+-------+---+----+------------+------------+
    |i_2_fu_331_p2        |     +    |      0|  0|   9|           9|           2|
    |i_fu_268_p2          |     +    |      0|  0|   8|           8|           2|
    |tmp_15_fu_244_p2     |     +    |      0|  0|  16|          16|           1|
    |icmp_fu_225_p2       |   icmp   |      0|  0|   3|           8|           1|
    |gepindex2_fu_317_p3  |  select  |      0|  0|  64|           1|           8|
    +---------------------+----------+-------+---+----+------------+------------+
    |Total                |          |      0|  0| 100|          42|          14|
    +---------------------+----------+-------+---+----+------------+------------+

    * Multiplexer: 
    +------------------------------------------------+----+-----------+-----+-----------+
    |                      Name                      | LUT| Input Size| Bits| Total Bits|
    +------------------------------------------------+----+-----------+-----+-----------+
    |A_address0                                      |   8|          5|    8|         40|
    |A_address1                                      |   8|          5|    8|         40|
    |A_ce0                                           |   1|          3|    1|          3|
    |A_ce1                                           |   1|          3|    1|          3|
    |A_d0                                            |  16|          3|   16|         48|
    |A_d1                                            |  16|          4|   16|         64|
    |A_we0                                           |   1|          3|    1|          3|
    |A_we1                                           |   1|          3|    1|          3|
    |ap_NS_fsm                                       |   4|         11|    1|         11|
    |grp_heapSort_maxHeapify_noRecurv_fu_194_endA    |  10|          3|   10|         30|
    |grp_heapSort_maxHeapify_noRecurv_fu_194_startA  |   8|          3|    8|         24|
    |i_1_i_reg_149                                   |   9|          2|    9|         18|
    |i_i_reg_137                                     |   8|          2|    8|         16|
    |sOutData_done_V_loc_reg_161                     |   1|          2|    1|          2|
    |storemerge1_reg_173                             |  16|          2|   16|         32|
    |storemerge_reg_183                              |   1|          2|    1|          2|
    +------------------------------------------------+----+-----------+-----+-----------+
    |Total                                           | 109|         56|  106|        339|
    +------------------------------------------------+----+-----------+-----+-----------+

    * Register: 
    +---------------------------------------------------------+----+----+-----+-----------+
    |                           Name                          | FF | LUT| Bits| Const Bits|
    +---------------------------------------------------------+----+----+-----+-----------+
    |A_addr_6_reg_378                                         |   8|   0|    8|          0|
    |ap_CS_fsm                                                |  10|   0|   10|          0|
    |ap_reg_grp_heapSort_maxHeapify_noRecurv_fu_194_ap_start  |   1|   0|    1|          0|
    |count                                                    |  16|   0|   16|          0|
    |flagFill                                                 |   1|   0|    1|          0|
    |flagFill_load_reg_358                                    |   1|   0|    1|          0|
    |i_1_i_cast_cast_reg_388                                  |   9|   0|   10|          1|
    |i_1_i_reg_149                                            |   9|   0|    9|          0|
    |i_2_reg_393                                              |   9|   0|    9|          0|
    |i_i_reg_137                                              |   8|   0|    8|          0|
    |i_reg_370                                                |   8|   0|    8|          0|
    |reg_205                                                  |  16|   0|   16|          0|
    |sOutData_data                                            |  16|   0|   16|          0|
    |sOutData_done_V                                          |   1|   0|    1|          0|
    |sOutData_done_V_loc_reg_161                              |   1|   0|    1|          0|
    |storemerge1_reg_173                                      |  16|   0|   16|          0|
    |storemerge_reg_183                                       |   1|   0|    1|          0|
    +---------------------------------------------------------+----+----+-----+-----------+
    |Total                                                    | 131|   0|  132|          1|
    +---------------------------------------------------------+----+----+-----+-----------+



================================================================
== Interface
================================================================
* Summary: 
+--------------------------+-----+-----+------------+-------------------+--------------+
|         RTL Ports        | Dir | Bits|  Protocol  |   Source Object   |    C Type    |
+--------------------------+-----+-----+------------+-------------------+--------------+
|ap_clk                    |  in |    1| ap_ctrl_hs |      heapSort     | return value |
|ap_rst                    |  in |    1| ap_ctrl_hs |      heapSort     | return value |
|ap_start                  |  in |    1| ap_ctrl_hs |      heapSort     | return value |
|ap_done                   | out |    1| ap_ctrl_hs |      heapSort     | return value |
|ap_idle                   | out |    1| ap_ctrl_hs |      heapSort     | return value |
|ap_ready                  | out |    1| ap_ctrl_hs |      heapSort     | return value |
|agg_result_data           | out |   16|   ap_vld   |  agg_result_data  |    pointer   |
|agg_result_data_ap_vld    | out |    1|   ap_vld   |  agg_result_data  |    pointer   |
|agg_result_done_V         | out |    1|   ap_vld   | agg_result_done_V |    pointer   |
|agg_result_done_V_ap_vld  | out |    1|   ap_vld   | agg_result_done_V |    pointer   |
|dataIn                    |  in |   16|   ap_none  |       dataIn      |    scalar    |
|posOutData                |  in |    8|   ap_none  |     posOutData    |    scalar    |
+--------------------------+-----+-----+------------+-------------------+--------------+

============================================================
+ Verbose Summary: Synthesis Manager
============================================================
InlineROM: 1
ExposeGlobal: 0
============================================================
+ Verbose Summary: CDFG Model
============================================================
IsTopModel: 1
ResetActiveHigh: 1
IsCombinational: 2
IsDatapathOnly: 2
HasWiredReturn: 1
HasMFsm: 0
HasVarLatency: 1
IsPipeline: 0
IsRtlPipelined: 0
IsInstanceOverlapped: 0
IsDontTouch: 0
HasImplIP: 0
IsGatedGlobalClock: 0


============================================================
+ Verbose Summary: Schedule
============================================================
* Number of FSM states: 10
* Pipeline: 0
* Dataflow Pipeline: 0

* FSM state transitions: 
1 --> 
	2  / (!icmp & !flagFill_load)
	4  / (!icmp & flagFill_load)
	10  / (icmp)
2 --> 
	3  / (!tmp_16)
	4  / (tmp_16)
3 --> 
	2  / true
4 --> 
	5  / (!flagFill_load & !tmp_17)
	9  / (flagFill_load) | (tmp_17)
5 --> 
	6  / true
6 --> 
	7  / true
7 --> 
	8  / true
8 --> 
	4  / true
9 --> 
	10  / true
10 --> 
* FSM state operations: 

 <State 1>: 2.71ns
ST_1: stg_11 [1/1] 0.00ns
codeRepl:0  call void (...)* @_ssdm_op_SpecBitsMap(i16* %agg_result_data), !map !7

ST_1: stg_12 [1/1] 0.00ns
codeRepl:1  call void (...)* @_ssdm_op_SpecBitsMap(i1* %agg_result_done_V), !map !11

ST_1: stg_13 [1/1] 0.00ns
codeRepl:2  call void (...)* @_ssdm_op_SpecBitsMap(i16 %dataIn), !map !15

ST_1: stg_14 [1/1] 0.00ns
codeRepl:3  call void (...)* @_ssdm_op_SpecBitsMap(i8 %posOutData), !map !21

ST_1: posOutData_read [1/1] 0.00ns
codeRepl:4  %posOutData_read = call i8 @_ssdm_op_Read.ap_auto.i8(i8 %posOutData)

ST_1: dataIn_read [1/1] 0.00ns
codeRepl:5  %dataIn_read = call i16 @_ssdm_op_Read.ap_auto.i16(i16 %dataIn)

ST_1: stg_17 [1/1] 0.00ns
codeRepl:6  call void (...)* @_ssdm_op_SpecTopModule([9 x i8]* @heapSort_str) nounwind

ST_1: count_load [1/1] 0.00ns
codeRepl:7  %count_load = load i16* @count, align 2

ST_1: tmp [1/1] 0.00ns
codeRepl:8  %tmp = call i8 @_ssdm_op_PartSelect.i8.i16.i32.i32(i16 %count_load, i32 8, i32 15)

ST_1: icmp [1/1] 2.47ns
codeRepl:9  %icmp = icmp slt i8 %tmp, 1

ST_1: sOutData_done_V_load [1/1] 0.00ns
codeRepl:10  %sOutData_done_V_load = load i1* @sOutData_done_V, align 1

ST_1: stg_22 [1/1] 0.00ns
codeRepl:11  br i1 %icmp, label %0, label %1

ST_1: flagFill_load [1/1] 0.00ns
:0  %flagFill_load = load i1* @flagFill, align 1

ST_1: stg_24 [1/1] 1.57ns
:1  br i1 %flagFill_load, label %._crit_edge7, label %.preheader

ST_1: tmp_s [1/1] 0.00ns
:0  %tmp_s = sext i16 %count_load to i64

ST_1: A_addr [1/1] 0.00ns
:1  %A_addr = getelementptr inbounds [256 x i16]* @A, i64 0, i64 %tmp_s

ST_1: stg_27 [1/1] 2.71ns
:2  store i16 %dataIn_read, i16* %A_addr, align 2

ST_1: tmp_15 [1/1] 1.91ns
:3  %tmp_15 = add i16 %count_load, 1

ST_1: stg_29 [1/1] 0.00ns
:4  store i16 %tmp_15, i16* @count, align 2

ST_1: sOutData_data_load [1/1] 0.00ns
:5  %sOutData_data_load = load i16* @sOutData_data, align 2

ST_1: stg_31 [1/1] 1.57ns
:6  br label %4


 <State 2>: 2.61ns
ST_2: i_i [1/1] 0.00ns
.preheader:0  %i_i = phi i8 [ %i, %2 ], [ 127, %1 ]

ST_2: tmp_16 [1/1] 0.00ns
.preheader:1  %tmp_16 = call i1 @_ssdm_op_BitSelect.i1.i8.i32(i8 %i_i, i32 7)

ST_2: empty [1/1] 0.00ns
.preheader:2  %empty = call i32 (...)* @_ssdm_op_SpecLoopTripCount(i64 128, i64 128, i64 128)

ST_2: stg_35 [1/1] 1.57ns
.preheader:3  br i1 %tmp_16, label %.preheader.i, label %2

ST_2: stg_36 [2/2] 2.61ns
:0  call fastcc void @heapSort_maxHeapify_noRecurv([256 x i16]* @A, i8 signext %i_i, i10 signext 256)

ST_2: i [1/1] 1.67ns
:1  %i = add i8 %i_i, -1


 <State 3>: 0.00ns
ST_3: stg_38 [1/2] 0.00ns
:0  call fastcc void @heapSort_maxHeapify_noRecurv([256 x i16]* @A, i8 signext %i_i, i10 signext 256)

ST_3: stg_39 [1/1] 0.00ns
:2  br label %.preheader


 <State 4>: 4.08ns
ST_4: i_1_i [1/1] 0.00ns
.preheader.i:0  %i_1_i = phi i9 [ %i_2, %3 ], [ 255, %.preheader ]

ST_4: i_1_i_cast [1/1] 0.00ns
.preheader.i:1  %i_1_i_cast = sext i9 %i_1_i to i16

ST_4: tmp_17 [1/1] 0.00ns
.preheader.i:2  %tmp_17 = call i1 @_ssdm_op_BitSelect.i1.i9.i32(i9 %i_1_i, i32 8)

ST_4: empty_5 [1/1] 0.00ns
.preheader.i:3  %empty_5 = call i32 (...)* @_ssdm_op_SpecLoopTripCount(i64 256, i64 256, i64 256)

ST_4: stg_44 [1/1] 0.00ns
.preheader.i:4  br i1 %tmp_17, label %heapSort_noRecurv.exit, label %3

ST_4: temp [2/2] 2.71ns
:0  %temp = load i16* getelementptr inbounds ([256 x i16]* @A, i64 0, i64 0), align 16

ST_4: tmp_16_i [1/1] 0.00ns
:1  %tmp_16_i = zext i16 %i_1_i_cast to i64

ST_4: A_addr_6 [1/1] 0.00ns
:2  %A_addr_6 = getelementptr [256 x i16]* @A, i64 0, i64 %tmp_16_i

ST_4: A_load [2/2] 2.71ns
:3  %A_load = load i16* %A_addr_6, align 2

ST_4: stg_49 [1/1] 0.00ns
heapSort_noRecurv.exit:0  store i1 true, i1* @sOutData_done_V, align 2

ST_4: stg_50 [1/1] 0.00ns
heapSort_noRecurv.exit:1  store i1 true, i1* @flagFill, align 1

ST_4: stg_51 [1/1] 1.57ns
heapSort_noRecurv.exit:2  br label %._crit_edge7

ST_4: mem_index_gep7_cast [1/1] 0.00ns
._crit_edge7:1  %mem_index_gep7_cast = sext i8 %posOutData_read to i11

ST_4: adjSize [1/1] 0.00ns
._crit_edge7:2  %adjSize = zext i11 %mem_index_gep7_cast to i64

ST_4: tmp_18 [1/1] 0.00ns
._crit_edge7:3  %tmp_18 = call i1 @_ssdm_op_BitSelect.i1.i8.i32(i8 %posOutData_read, i32 7)

ST_4: gepindex2 [1/1] 1.37ns
._crit_edge7:4  %gepindex2 = select i1 %tmp_18, i64 255, i64 %adjSize

ST_4: A_addr_7 [1/1] 0.00ns
._crit_edge7:5  %A_addr_7 = getelementptr [256 x i16]* @A, i64 0, i64 %gepindex2

ST_4: A_load_7 [2/2] 2.71ns
._crit_edge7:6  %A_load_7 = load i16* %A_addr_7, align 2


 <State 5>: 5.42ns
ST_5: temp [1/2] 2.71ns
:0  %temp = load i16* getelementptr inbounds ([256 x i16]* @A, i64 0, i64 0), align 16

ST_5: A_load [1/2] 2.71ns
:3  %A_load = load i16* %A_addr_6, align 2

ST_5: stg_60 [1/1] 2.71ns
:4  store i16 %A_load, i16* getelementptr inbounds ([256 x i16]* @A, i64 0, i64 0), align 16


 <State 6>: 2.71ns
ST_6: stg_61 [1/1] 2.71ns
:5  store i16 %temp, i16* %A_addr_6, align 2


 <State 7>: 2.61ns
ST_7: i_1_i_cast_cast [1/1] 0.00ns
:6  %i_1_i_cast_cast = zext i9 %i_1_i to i10

ST_7: stg_63 [2/2] 2.61ns
:7  call fastcc void @heapSort_maxHeapify_noRecurv([256 x i16]* @A, i8 signext 0, i10 signext %i_1_i_cast_cast)

ST_7: i_2 [1/1] 1.79ns
:8  %i_2 = add i9 %i_1_i, -1


 <State 8>: 0.00ns
ST_8: stg_65 [1/2] 0.00ns
:7  call fastcc void @heapSort_maxHeapify_noRecurv([256 x i16]* @A, i8 signext 0, i10 signext %i_1_i_cast_cast)

ST_8: stg_66 [1/1] 0.00ns
:9  br label %.preheader.i


 <State 9>: 4.28ns
ST_9: sOutData_done_V_loc [1/1] 0.00ns
._crit_edge7:0  %sOutData_done_V_loc = phi i1 [ true, %heapSort_noRecurv.exit ], [ %sOutData_done_V_load, %1 ]

ST_9: A_load_7 [1/2] 2.71ns
._crit_edge7:6  %A_load_7 = load i16* %A_addr_7, align 2

ST_9: stg_69 [1/1] 0.00ns
._crit_edge7:7  store i16 %A_load_7, i16* @sOutData_data, align 2

ST_9: stg_70 [1/1] 1.57ns
._crit_edge7:8  br label %4


 <State 10>: 0.00ns
ST_10: storemerge1 [1/1] 0.00ns
:0  %storemerge1 = phi i16 [ %A_load_7, %._crit_edge7 ], [ %sOutData_data_load, %0 ]

ST_10: storemerge [1/1] 0.00ns
:1  %storemerge = phi i1 [ %sOutData_done_V_loc, %._crit_edge7 ], [ %sOutData_done_V_load, %0 ]

ST_10: stg_73 [1/1] 0.00ns
:2  call void @_ssdm_op_Write.ap_auto.i16P(i16* %agg_result_data, i16 %storemerge1)

ST_10: stg_74 [1/1] 0.00ns
:3  call void @_ssdm_op_Write.ap_auto.i1P(i1* %agg_result_done_V, i1 %storemerge)

ST_10: stg_75 [1/1] 0.00ns
:4  ret void



============================================================
+ Verbose Summary: Binding
============================================================
STG Binding: 
---------------- STG Properties BEGIN ----------------
- Is combinational: 0
- Is one-state seq: 0
- Is datapath-only: 0
- Is clock enabled: 0
- Is pipelined: 0
- Is top level: 1
Port [ Return ] is wired: 1; IO mode=ap_ctrl_hs:ce=0
Port [ agg_result_data]:  wired=1; compound=0; hidden=0; nouse=0; global=0; static=0; extern=0; dir=1; type=0; pingpong=0; private_global=0; IO mode=ap_vld:ce=0
Port [ agg_result_done_V]:  wired=1; compound=0; hidden=0; nouse=0; global=0; static=0; extern=0; dir=1; type=0; pingpong=0; private_global=0; IO mode=ap_vld:ce=0
Port [ dataIn]:  wired=1; compound=0; hidden=0; nouse=0; global=0; static=0; extern=0; dir=0; type=0; pingpong=0; private_global=0; IO mode=ap_none:ce=0
Port [ posOutData]:  wired=1; compound=0; hidden=0; nouse=0; global=0; static=0; extern=0; dir=0; type=0; pingpong=0; private_global=0; IO mode=ap_none:ce=0
Port [ count]:  wired=0; compound=0; hidden=1; nouse=0; global=1; static=1; extern=0; dir=2; type=0; pingpong=0; private_global=1; linkage=7; visibility=0; IO mode=ap_ovld:ce=0
Port [ sOutData_done_V]:  wired=0; compound=0; hidden=1; nouse=0; global=1; static=1; extern=0; dir=2; type=0; pingpong=0; private_global=1; linkage=7; visibility=0; IO mode=ap_ovld:ce=0
Port [ A]:  wired=0; compound=1; hidden=1; nouse=0; global=1; static=1; extern=0; dir=2; type=1; pingpong=0; private_global=1; linkage=7; visibility=0; MemPort=[22]; IO mode=ap_memory:ce=0
Port [ sOutData_data]:  wired=0; compound=0; hidden=1; nouse=0; global=1; static=1; extern=0; dir=2; type=0; pingpong=0; private_global=1; linkage=7; visibility=0; IO mode=ap_ovld:ce=0
Port [ flagFill]:  wired=0; compound=0; hidden=1; nouse=0; global=1; static=1; extern=0; dir=2; type=0; pingpong=0; private_global=1; linkage=7; visibility=0; IO mode=ap_ovld:ce=0
---------------- STG Properties END ------------------

---------------- Datapath Model BEGIN ----------------

<LifeTime>
<method=bitvector/>
stg_11               (specbitsmap      ) [ 00000000000]
stg_12               (specbitsmap      ) [ 00000000000]
stg_13               (specbitsmap      ) [ 00000000000]
stg_14               (specbitsmap      ) [ 00000000000]
posOutData_read      (read             ) [ 00111111100]
dataIn_read          (read             ) [ 00000000000]
stg_17               (spectopmodule    ) [ 00000000000]
count_load           (load             ) [ 00000000000]
tmp                  (partselect       ) [ 00000000000]
icmp                 (icmp             ) [ 01000000000]
sOutData_done_V_load (load             ) [ 01111111111]
stg_22               (br               ) [ 00000000000]
flagFill_load        (load             ) [ 01111111100]
stg_24               (br               ) [ 01111111110]
tmp_s                (sext             ) [ 00000000000]
A_addr               (getelementptr    ) [ 00000000000]
stg_27               (store            ) [ 00000000000]
tmp_15               (add              ) [ 00000000000]
stg_29               (store            ) [ 00000000000]
sOutData_data_load   (load             ) [ 01111111111]
stg_31               (br               ) [ 01111111111]
i_i                  (phi              ) [ 00110000000]
tmp_16               (bitselect        ) [ 00110000000]
empty                (speclooptripcount) [ 00000000000]
stg_35               (br               ) [ 00111111100]
i                    (add              ) [ 01110000000]
stg_38               (call             ) [ 00000000000]
stg_39               (br               ) [ 01110000000]
i_1_i                (phi              ) [ 00001111000]
i_1_i_cast           (sext             ) [ 00000000000]
tmp_17               (bitselect        ) [ 00001111100]
empty_5              (speclooptripcount) [ 00000000000]
stg_44               (br               ) [ 00000000000]
tmp_16_i             (zext             ) [ 00000000000]
A_addr_6             (getelementptr    ) [ 00000110000]
stg_49               (store            ) [ 00000000000]
stg_50               (store            ) [ 00000000000]
stg_51               (br               ) [ 01001111110]
mem_index_gep7_cast  (sext             ) [ 00000000000]
adjSize              (zext             ) [ 00000000000]
tmp_18               (bitselect        ) [ 00000000000]
gepindex2            (select           ) [ 00000000000]
A_addr_7             (getelementptr    ) [ 00000000010]
temp                 (load             ) [ 00000010000]
A_load               (load             ) [ 00000000000]
stg_60               (store            ) [ 00000000000]
stg_61               (store            ) [ 00000000000]
i_1_i_cast_cast      (zext             ) [ 00000000100]
i_2                  (add              ) [ 00101000100]
stg_65               (call             ) [ 00000000000]
stg_66               (br               ) [ 00101111100]
sOutData_done_V_loc  (phi              ) [ 01000000011]
A_load_7             (load             ) [ 01000000011]
stg_69               (store            ) [ 00000000000]
stg_70               (br               ) [ 01000000011]
storemerge1          (phi              ) [ 00000000001]
storemerge           (phi              ) [ 00000000001]
stg_73               (write            ) [ 00000000000]
stg_74               (write            ) [ 00000000000]
stg_75               (ret              ) [ 00000000000]
</LifeTime>

<model>

<comp_list>
<comp id="0" class="1000" name="agg_result_data">
<pin_list>
<pin id="1" dir="1" index="0" bw="1" slack="0"/>
</pin_list>
<bind>
<StgValue><ssdm name="agg_result_data"/></StgValue>
</bind>
</comp>

<comp id="2" class="1000" name="agg_result_done_V">
<pin_list>
<pin id="3" dir="1" index="0" bw="1" slack="0"/>
</pin_list>
<bind>
<StgValue><ssdm name="agg_result_done_V"/></StgValue>
</bind>
</comp>

<comp id="4" class="1000" name="dataIn">
<pin_list>
<pin id="5" dir="1" index="0" bw="1" slack="0"/>
</pin_list>
<bind>
<StgValue><ssdm name="dataIn"/></StgValue>
</bind>
</comp>

<comp id="6" class="1000" name="posOutData">
<pin_list>
<pin id="7" dir="1" index="0" bw="1" slack="0"/>
</pin_list>
<bind>
<StgValue><ssdm name="posOutData"/></StgValue>
</bind>
</comp>

<comp id="8" class="1000" name="count">
<pin_list>
<pin id="9" dir="1" index="0" bw="1" slack="0"/>
</pin_list>
<bind>
<StgValue><ssdm name="count"/></StgValue>
</bind>
</comp>

<comp id="10" class="1000" name="sOutData_done_V">
<pin_list>
<pin id="11" dir="1" index="0" bw="1" slack="0"/>
</pin_list>
<bind>
<StgValue><ssdm name="sOutData_done_V"/></StgValue>
</bind>
</comp>

<comp id="12" class="1000" name="A">
<pin_list>
<pin id="13" dir="1" index="0" bw="1" slack="0"/>
</pin_list>
<bind>
<StgValue><ssdm name="A"/><MemPortTyVec>2 2 </MemPortTyVec>
</StgValue>
</bind>
</comp>

<comp id="14" class="1000" name="sOutData_data">
<pin_list>
<pin id="15" dir="1" index="0" bw="1" slack="0"/>
</pin_list>
<bind>
<StgValue><ssdm name="sOutData_data"/></StgValue>
</bind>
</comp>

<comp id="16" class="1000" name="flagFill">
<pin_list>
<pin id="17" dir="1" index="0" bw="1" slack="0"/>
</pin_list>
<bind>
<StgValue><ssdm name="flagFill"/></StgValue>
</bind>
</comp>

<comp id="18" class="1001" name="const_18">
<pin_list>
<pin id="19" dir="1" index="0" bw="1" slack="2147483647"/>
</pin_list>
<bind>
<StgValue><ssdm name="_ssdm_op_SpecBitsMap"/></StgValue>
</bind>
</comp>

<comp id="20" class="1001" name="const_20">
<pin_list>
<pin id="21" dir="1" index="0" bw="1" slack="0"/>
</pin_list>
<bind>
<StgValue><ssdm name="_ssdm_op_Read.ap_auto.i8"/></StgValue>
</bind>
</comp>

<comp id="22" class="1001" name="const_22">
<pin_list>
<pin id="23" dir="1" index="0" bw="1" slack="0"/>
</pin_list>
<bind>
<StgValue><ssdm name="_ssdm_op_Read.ap_auto.i16"/></StgValue>
</bind>
</comp>

<comp id="24" class="1001" name="const_24">
<pin_list>
<pin id="25" dir="1" index="0" bw="1" slack="2147483647"/>
</pin_list>
<bind>
<StgValue><ssdm name="_ssdm_op_SpecTopModule"/></StgValue>
</bind>
</comp>

<comp id="26" class="1001" name="const_26">
<pin_list>
<pin id="27" dir="1" index="0" bw="1" slack="2147483647"/>
</pin_list>
<bind>
<StgValue><ssdm name="heapSort_str"/></StgValue>
</bind>
</comp>

<comp id="28" class="1001" name="const_28">
<pin_list>
<pin id="29" dir="1" index="0" bw="1" slack="0"/>
</pin_list>
<bind>
<StgValue><ssdm name="_ssdm_op_PartSelect.i8.i16.i32.i32"/></StgValue>
</bind>
</comp>

<comp id="30" class="1001" name="const_30">
<pin_list>
<pin id="31" dir="1" index="0" bw="1" slack="0"/>
</pin_list>
<bind>
<StgValue><ssdm name=""/></StgValue>
</bind>
</comp>

<comp id="32" class="1001" name="const_32">
<pin_list>
<pin id="33" dir="1" index="0" bw="1" slack="0"/>
</pin_list>
<bind>
<StgValue><ssdm name=""/></StgValue>
</bind>
</comp>

<comp id="34" class="1001" name="const_34">
<pin_list>
<pin id="35" dir="1" index="0" bw="1" slack="0"/>
</pin_list>
<bind>
<StgValue><ssdm name=""/></StgValue>
</bind>
</comp>

<comp id="36" class="1001" name="const_36">
<pin_list>
<pin id="37" dir="1" index="0" bw="1" slack="0"/>
</pin_list>
<bind>
<StgValue><ssdm name=""/></StgValue>
</bind>
</comp>

<comp id="38" class="1001" name="const_38">
<pin_list>
<pin id="39" dir="1" index="0" bw="1" slack="0"/>
</pin_list>
<bind>
<StgValue><ssdm name=""/></StgValue>
</bind>
</comp>

<comp id="40" class="1001" name="const_40">
<pin_list>
<pin id="41" dir="1" index="0" bw="1" slack="1"/>
</pin_list>
<bind>
<StgValue><ssdm name=""/></StgValue>
</bind>
</comp>

<comp id="42" class="1001" name="const_42">
<pin_list>
<pin id="43" dir="1" index="0" bw="1" slack="0"/>
</pin_list>
<bind>
<StgValue><ssdm name="_ssdm_op_BitSelect.i1.i8.i32"/></StgValue>
</bind>
</comp>

<comp id="44" class="1001" name="const_44">
<pin_list>
<pin id="45" dir="1" index="0" bw="1" slack="0"/>
</pin_list>
<bind>
<StgValue><ssdm name=""/></StgValue>
</bind>
</comp>

<comp id="46" class="1001" name="const_46">
<pin_list>
<pin id="47" dir="1" index="0" bw="1" slack="2147483647"/>
</pin_list>
<bind>
<StgValue><ssdm name="_ssdm_op_SpecLoopTripCount"/></StgValue>
</bind>
</comp>

<comp id="48" class="1001" name="const_48">
<pin_list>
<pin id="49" dir="1" index="0" bw="1" slack="2147483647"/>
</pin_list>
<bind>
<StgValue><ssdm name=""/></StgValue>
</bind>
</comp>

<comp id="50" class="1001" name="const_50">
<pin_list>
<pin id="51" dir="1" index="0" bw="1" slack="0"/>
</pin_list>
<bind>
<StgValue><ssdm name="heapSort_maxHeapify_noRecurv"/></StgValue>
</bind>
</comp>

<comp id="52" class="1001" name="const_52">
<pin_list>
<pin id="53" dir="1" index="0" bw="1" slack="0"/>
</pin_list>
<bind>
<StgValue><ssdm name=""/></StgValue>
</bind>
</comp>

<comp id="54" class="1001" name="const_54">
<pin_list>
<pin id="55" dir="1" index="0" bw="1" slack="0"/>
</pin_list>
<bind>
<StgValue><ssdm name=""/></StgValue>
</bind>
</comp>

<comp id="56" class="1001" name="const_56">
<pin_list>
<pin id="57" dir="1" index="0" bw="1" slack="1"/>
</pin_list>
<bind>
<StgValue><ssdm name=""/></StgValue>
</bind>
</comp>

<comp id="58" class="1001" name="const_58">
<pin_list>
<pin id="59" dir="1" index="0" bw="1" slack="0"/>
</pin_list>
<bind>
<StgValue><ssdm name="_ssdm_op_BitSelect.i1.i9.i32"/></StgValue>
</bind>
</comp>

<comp id="60" class="1001" name="const_60">
<pin_list>
<pin id="61" dir="1" index="0" bw="1" slack="2147483647"/>
</pin_list>
<bind>
<StgValue><ssdm name=""/></StgValue>
</bind>
</comp>

<comp id="62" class="1001" name="const_62">
<pin_list>
<pin id="63" dir="1" index="0" bw="1" slack="0"/>
</pin_list>
<bind>
<StgValue><ssdm name=""/></StgValue>
</bind>
</comp>

<comp id="64" class="1001" name="const_64">
<pin_list>
<pin id="65" dir="1" index="0" bw="1" slack="0"/>
</pin_list>
<bind>
<StgValue><ssdm name=""/></StgValue>
</bind>
</comp>

<comp id="66" class="1001" name="const_66">
<pin_list>
<pin id="67" dir="1" index="0" bw="1" slack="0"/>
</pin_list>
<bind>
<StgValue><ssdm name=""/></StgValue>
</bind>
</comp>

<comp id="68" class="1001" name="const_68">
<pin_list>
<pin id="69" dir="1" index="0" bw="1" slack="0"/>
</pin_list>
<bind>
<StgValue><ssdm name=""/></StgValue>
</bind>
</comp>

<comp id="70" class="1001" name="const_70">
<pin_list>
<pin id="71" dir="1" index="0" bw="1" slack="0"/>
</pin_list>
<bind>
<StgValue><ssdm name=""/></StgValue>
</bind>
</comp>

<comp id="72" class="1001" name="const_72">
<pin_list>
<pin id="73" dir="1" index="0" bw="1" slack="0"/>
</pin_list>
<bind>
<StgValue><ssdm name="_ssdm_op_Write.ap_auto.i16P"/></StgValue>
</bind>
</comp>

<comp id="74" class="1001" name="const_74">
<pin_list>
<pin id="75" dir="1" index="0" bw="1" slack="0"/>
</pin_list>
<bind>
<StgValue><ssdm name="_ssdm_op_Write.ap_auto.i1P"/></StgValue>
</bind>
</comp>

<comp id="76" class="1004" name="posOutData_read_read_fu_76">
<pin_list>
<pin id="77" dir="0" index="0" bw="8" slack="0"/>
<pin id="78" dir="0" index="1" bw="8" slack="0"/>
<pin id="79" dir="1" index="2" bw="8" slack="2"/>
</pin_list>
<bind>
<opcode="read(1150) " fcode="read"/>
<opset="posOutData_read/1 "/>
</bind>
</comp>

<comp id="82" class="1004" name="dataIn_read_read_fu_82">
<pin_list>
<pin id="83" dir="0" index="0" bw="16" slack="0"/>
<pin id="84" dir="0" index="1" bw="16" slack="0"/>
<pin id="85" dir="1" index="2" bw="16" slack="0"/>
</pin_list>
<bind>
<opcode="read(1150) " fcode="read"/>
<opset="dataIn_read/1 "/>
</bind>
</comp>

<comp id="88" class="1004" name="stg_73_write_fu_88">
<pin_list>
<pin id="89" dir="0" index="0" bw="0" slack="0"/>
<pin id="90" dir="0" index="1" bw="16" slack="0"/>
<pin id="91" dir="0" index="2" bw="16" slack="0"/>
<pin id="92" dir="1" index="3" bw="0" slack="2147483647"/>
</pin_list>
<bind>
<opcode="write(1151) " fcode="write"/>
<opset="stg_73/10 "/>
</bind>
</comp>

<comp id="95" class="1004" name="stg_74_write_fu_95">
<pin_list>
<pin id="96" dir="0" index="0" bw="0" slack="0"/>
<pin id="97" dir="0" index="1" bw="1" slack="0"/>
<pin id="98" dir="0" index="2" bw="1" slack="0"/>
<pin id="99" dir="1" index="3" bw="0" slack="2147483647"/>
</pin_list>
<bind>
<opcode="write(1151) " fcode="write"/>
<opset="stg_74/10 "/>
</bind>
</comp>

<comp id="102" class="1004" name="A_addr_gep_fu_102">
<pin_list>
<pin id="103" dir="0" index="0" bw="16" slack="0"/>
<pin id="104" dir="0" index="1" bw="1" slack="0"/>
<pin id="105" dir="0" index="2" bw="16" slack="0"/>
<pin id="106" dir="1" index="3" bw="8" slack="0"/>
</pin_list>
<bind>
<opcode="getelementptr(29) " fcode="getelementptr"/>
<opset="A_addr/1 "/>
</bind>
</comp>

<comp id="109" class="1004" name="grp_access_fu_109">
<pin_list>
<pin id="110" dir="0" index="0" bw="8" slack="0"/>
<pin id="111" dir="0" index="1" bw="16" slack="0"/>
<pin id="123" dir="0" index="3" bw="8" slack="0"/>
<pin id="124" dir="0" index="4" bw="16" slack="0"/>
<pin id="112" dir="1" index="2" bw="16" slack="0"/>
<pin id="125" dir="1" index="5" bw="16" slack="0"/>
</pin_list>
<bind>
<opcode="load(27) store(28) " fcode="store"/>
<opset="stg_27/1 temp/4 A_load/4 A_load_7/4 stg_60/5 stg_61/6 "/>
</bind>
</comp>

<comp id="116" class="1004" name="A_addr_6_gep_fu_116">
<pin_list>
<pin id="117" dir="0" index="0" bw="16" slack="0"/>
<pin id="118" dir="0" index="1" bw="1" slack="0"/>
<pin id="119" dir="0" index="2" bw="16" slack="0"/>
<pin id="120" dir="1" index="3" bw="8" slack="0"/>
</pin_list>
<bind>
<opcode="getelementptr(29) " fcode="getelementptr"/>
<opset="A_addr_6/4 "/>
</bind>
</comp>

<comp id="127" class="1004" name="A_addr_7_gep_fu_127">
<pin_list>
<pin id="128" dir="0" index="0" bw="16" slack="0"/>
<pin id="129" dir="0" index="1" bw="1" slack="0"/>
<pin id="130" dir="0" index="2" bw="10" slack="0"/>
<pin id="131" dir="1" index="3" bw="8" slack="0"/>
</pin_list>
<bind>
<opcode="getelementptr(29) " fcode="getelementptr"/>
<opset="A_addr_7/4 "/>
</bind>
</comp>

<comp id="137" class="1005" name="i_i_reg_137">
<pin_list>
<pin id="138" dir="0" index="0" bw="8" slack="1"/>
<pin id="139" dir="1" index="1" bw="8" slack="1"/>
</pin_list>
<bind>
<opset="i_i (phireg) "/>
</bind>
</comp>

<comp id="141" class="1004" name="i_i_phi_fu_141">
<pin_list>
<pin id="142" dir="0" index="0" bw="8" slack="0"/>
<pin id="143" dir="0" index="1" bw="0" slack="2147483647"/>
<pin id="144" dir="0" index="2" bw="8" slack="1"/>
<pin id="145" dir="0" index="3" bw="0" slack="2147483647"/>
<pin id="146" dir="1" index="4" bw="8" slack="0"/>
</pin_list>
<bind>
<opcode="phi(47) " fcode="phi"/>
<opset="i_i/2 "/>
</bind>
</comp>

<comp id="149" class="1005" name="i_1_i_reg_149">
<pin_list>
<pin id="150" dir="0" index="0" bw="9" slack="1"/>
<pin id="151" dir="1" index="1" bw="9" slack="1"/>
</pin_list>
<bind>
<opset="i_1_i (phireg) "/>
</bind>
</comp>

<comp id="153" class="1004" name="i_1_i_phi_fu_153">
<pin_list>
<pin id="154" dir="0" index="0" bw="9" slack="1"/>
<pin id="155" dir="0" index="1" bw="0" slack="2147483647"/>
<pin id="156" dir="0" index="2" bw="9" slack="1"/>
<pin id="157" dir="0" index="3" bw="0" slack="2147483647"/>
<pin id="158" dir="1" index="4" bw="9" slack="0"/>
</pin_list>
<bind>
<opcode="phi(47) " fcode="phi"/>
<opset="i_1_i/4 "/>
</bind>
</comp>

<comp id="161" class="1005" name="sOutData_done_V_loc_reg_161">
<pin_list>
<pin id="162" dir="0" index="0" bw="1" slack="1"/>
<pin id="163" dir="1" index="1" bw="1" slack="1"/>
</pin_list>
<bind>
<opset="sOutData_done_V_loc (phireg) "/>
</bind>
</comp>

<comp id="165" class="1004" name="sOutData_done_V_loc_phi_fu_165">
<pin_list>
<pin id="166" dir="0" index="0" bw="1" slack="1"/>
<pin id="167" dir="0" index="1" bw="0" slack="2147483647"/>
<pin id="168" dir="0" index="2" bw="1" slack="3"/>
<pin id="169" dir="0" index="3" bw="0" slack="2147483647"/>
<pin id="170" dir="1" index="4" bw="1" slack="1"/>
</pin_list>
<bind>
<opcode="phi(47) " fcode="phi"/>
<opset="sOutData_done_V_loc/9 "/>
</bind>
</comp>

<comp id="173" class="1005" name="storemerge1_reg_173">
<pin_list>
<pin id="174" dir="0" index="0" bw="16" slack="2147483647"/>
<pin id="175" dir="1" index="1" bw="16" slack="2147483647"/>
</pin_list>
<bind>
<opset="storemerge1 (phireg) "/>
</bind>
</comp>

<comp id="176" class="1004" name="storemerge1_phi_fu_176">
<pin_list>
<pin id="177" dir="0" index="0" bw="16" slack="1"/>
<pin id="178" dir="0" index="1" bw="0" slack="2147483647"/>
<pin id="179" dir="0" index="2" bw="16" slack="4"/>
<pin id="180" dir="0" index="3" bw="0" slack="2147483647"/>
<pin id="181" dir="1" index="4" bw="16" slack="0"/>
</pin_list>
<bind>
<opcode="phi(47) " fcode="phi"/>
<opset="storemerge1/10 "/>
</bind>
</comp>

<comp id="183" class="1005" name="storemerge_reg_183">
<pin_list>
<pin id="184" dir="0" index="0" bw="1" slack="2147483647"/>
<pin id="185" dir="1" index="1" bw="1" slack="2147483647"/>
</pin_list>
<bind>
<opset="storemerge (phireg) "/>
</bind>
</comp>

<comp id="186" class="1004" name="storemerge_phi_fu_186">
<pin_list>
<pin id="187" dir="0" index="0" bw="1" slack="1"/>
<pin id="188" dir="0" index="1" bw="0" slack="2147483647"/>
<pin id="189" dir="0" index="2" bw="1" slack="4"/>
<pin id="190" dir="0" index="3" bw="0" slack="2147483647"/>
<pin id="191" dir="1" index="4" bw="1" slack="0"/>
</pin_list>
<bind>
<opcode="phi(47) " fcode="phi"/>
<opset="storemerge/10 "/>
</bind>
</comp>

<comp id="194" class="1004" name="grp_heapSort_maxHeapify_noRecurv_fu_194">
<pin_list>
<pin id="195" dir="0" index="0" bw="0" slack="0"/>
<pin id="196" dir="0" index="1" bw="16" slack="0"/>
<pin id="197" dir="0" index="2" bw="8" slack="0"/>
<pin id="198" dir="0" index="3" bw="10" slack="0"/>
<pin id="199" dir="1" index="4" bw="0" slack="2147483647"/>
</pin_list>
<bind>
<opcode="call(48) " fcode="call"/>
<opset="stg_36/2 stg_63/7 "/>
</bind>
</comp>

<comp id="205" class="1005" name="reg_205">
<pin_list>
<pin id="206" dir="0" index="0" bw="16" slack="1"/>
<pin id="207" dir="1" index="1" bw="16" slack="1"/>
</pin_list>
<bind>
<opset="temp A_load_7 "/>
</bind>
</comp>

<comp id="211" class="1004" name="count_load_load_fu_211">
<pin_list>
<pin id="212" dir="0" index="0" bw="16" slack="0"/>
<pin id="213" dir="1" index="1" bw="16" slack="0"/>
</pin_list>
<bind>
<opcode="load(27) " fcode="load"/>
<opset="count_load/1 "/>
</bind>
</comp>

<comp id="215" class="1004" name="tmp_fu_215">
<pin_list>
<pin id="216" dir="0" index="0" bw="8" slack="0"/>
<pin id="217" dir="0" index="1" bw="16" slack="0"/>
<pin id="218" dir="0" index="2" bw="5" slack="0"/>
<pin id="219" dir="0" index="3" bw="5" slack="0"/>
<pin id="220" dir="1" index="4" bw="8" slack="0"/>
</pin_list>
<bind>
<opcode="partselect(1002) " fcode="partselect"/>
<opset="tmp/1 "/>
</bind>
</comp>

<comp id="225" class="1004" name="icmp_fu_225">
<pin_list>
<pin id="226" dir="0" index="0" bw="8" slack="0"/>
<pin id="227" dir="0" index="1" bw="8" slack="0"/>
<pin id="228" dir="1" index="2" bw="1" slack="2147483647"/>
</pin_list>
<bind>
<opcode="icmp(45) " fcode="icmp"/>
<opset="icmp/1 "/>
</bind>
</comp>

<comp id="231" class="1004" name="sOutData_done_V_load_load_fu_231">
<pin_list>
<pin id="232" dir="0" index="0" bw="1" slack="0"/>
<pin id="233" dir="1" index="1" bw="1" slack="3"/>
</pin_list>
<bind>
<opcode="load(27) " fcode="load"/>
<opset="sOutData_done_V_load/1 "/>
</bind>
</comp>

<comp id="235" class="1004" name="flagFill_load_load_fu_235">
<pin_list>
<pin id="236" dir="0" index="0" bw="1" slack="0"/>
<pin id="237" dir="1" index="1" bw="1" slack="2"/>
</pin_list>
<bind>
<opcode="load(27) " fcode="load"/>
<opset="flagFill_load/1 "/>
</bind>
</comp>

<comp id="239" class="1004" name="tmp_s_fu_239">
<pin_list>
<pin id="240" dir="0" index="0" bw="16" slack="0"/>
<pin id="241" dir="1" index="1" bw="64" slack="0"/>
</pin_list>
<bind>
<opcode="sext(35) " fcode="sext"/>
<opset="tmp_s/1 "/>
</bind>
</comp>

<comp id="244" class="1004" name="tmp_15_fu_244">
<pin_list>
<pin id="245" dir="0" index="0" bw="16" slack="0"/>
<pin id="246" dir="0" index="1" bw="1" slack="0"/>
<pin id="247" dir="1" index="2" bw="16" slack="0"/>
</pin_list>
<bind>
<opcode="add(8) " fcode="add"/>
<opset="tmp_15/1 "/>
</bind>
</comp>

<comp id="250" class="1004" name="stg_29_store_fu_250">
<pin_list>
<pin id="251" dir="0" index="0" bw="16" slack="0"/>
<pin id="252" dir="0" index="1" bw="16" slack="0"/>
<pin id="253" dir="1" index="2" bw="0" slack="2147483647"/>
</pin_list>
<bind>
<opcode="store(28) " fcode="store"/>
<opset="stg_29/1 "/>
</bind>
</comp>

<comp id="256" class="1004" name="sOutData_data_load_load_fu_256">
<pin_list>
<pin id="257" dir="0" index="0" bw="16" slack="0"/>
<pin id="258" dir="1" index="1" bw="16" slack="4"/>
</pin_list>
<bind>
<opcode="load(27) " fcode="load"/>
<opset="sOutData_data_load/1 "/>
</bind>
</comp>

<comp id="260" class="1004" name="tmp_16_fu_260">
<pin_list>
<pin id="261" dir="0" index="0" bw="1" slack="0"/>
<pin id="262" dir="0" index="1" bw="8" slack="0"/>
<pin id="263" dir="0" index="2" bw="4" slack="0"/>
<pin id="264" dir="1" index="3" bw="1" slack="2147483647"/>
</pin_list>
<bind>
<opcode="bitselect(1000) " fcode="bitselect"/>
<opset="tmp_16/2 "/>
</bind>
</comp>

<comp id="268" class="1004" name="i_fu_268">
<pin_list>
<pin id="269" dir="0" index="0" bw="8" slack="0"/>
<pin id="270" dir="0" index="1" bw="1" slack="0"/>
<pin id="271" dir="1" index="2" bw="8" slack="0"/>
</pin_list>
<bind>
<opcode="add(8) " fcode="add"/>
<opset="i/2 "/>
</bind>
</comp>

<comp id="274" class="1004" name="i_1_i_cast_fu_274">
<pin_list>
<pin id="275" dir="0" index="0" bw="9" slack="0"/>
<pin id="276" dir="1" index="1" bw="16" slack="0"/>
</pin_list>
<bind>
<opcode="sext(35) " fcode="sext"/>
<opset="i_1_i_cast/4 "/>
</bind>
</comp>

<comp id="278" class="1004" name="tmp_17_fu_278">
<pin_list>
<pin id="279" dir="0" index="0" bw="1" slack="0"/>
<pin id="280" dir="0" index="1" bw="9" slack="0"/>
<pin id="281" dir="0" index="2" bw="5" slack="0"/>
<pin id="282" dir="1" index="3" bw="1" slack="2147483647"/>
</pin_list>
<bind>
<opcode="bitselect(1000) " fcode="bitselect"/>
<opset="tmp_17/4 "/>
</bind>
</comp>

<comp id="286" class="1004" name="tmp_16_i_fu_286">
<pin_list>
<pin id="287" dir="0" index="0" bw="9" slack="0"/>
<pin id="288" dir="1" index="1" bw="64" slack="0"/>
</pin_list>
<bind>
<opcode="zext(34) " fcode="zext"/>
<opset="tmp_16_i/4 "/>
</bind>
</comp>

<comp id="291" class="1004" name="stg_49_store_fu_291">
<pin_list>
<pin id="292" dir="0" index="0" bw="1" slack="0"/>
<pin id="293" dir="0" index="1" bw="1" slack="0"/>
<pin id="294" dir="1" index="2" bw="0" slack="2147483647"/>
</pin_list>
<bind>
<opcode="store(28) " fcode="store"/>
<opset="stg_49/4 "/>
</bind>
</comp>

<comp id="297" class="1004" name="stg_50_store_fu_297">
<pin_list>
<pin id="298" dir="0" index="0" bw="1" slack="0"/>
<pin id="299" dir="0" index="1" bw="1" slack="0"/>
<pin id="300" dir="1" index="2" bw="0" slack="2147483647"/>
</pin_list>
<bind>
<opcode="store(28) " fcode="store"/>
<opset="stg_50/4 "/>
</bind>
</comp>

<comp id="303" class="1004" name="mem_index_gep7_cast_fu_303">
<pin_list>
<pin id="304" dir="0" index="0" bw="8" slack="2"/>
<pin id="305" dir="1" index="1" bw="11" slack="0"/>
</pin_list>
<bind>
<opcode="sext(35) " fcode="sext"/>
<opset="mem_index_gep7_cast/4 "/>
</bind>
</comp>

<comp id="306" class="1004" name="adjSize_fu_306">
<pin_list>
<pin id="307" dir="0" index="0" bw="8" slack="0"/>
<pin id="308" dir="1" index="1" bw="64" slack="0"/>
</pin_list>
<bind>
<opcode="zext(34) " fcode="zext"/>
<opset="adjSize/4 "/>
</bind>
</comp>

<comp id="310" class="1004" name="tmp_18_fu_310">
<pin_list>
<pin id="311" dir="0" index="0" bw="1" slack="0"/>
<pin id="312" dir="0" index="1" bw="8" slack="2"/>
<pin id="313" dir="0" index="2" bw="4" slack="0"/>
<pin id="314" dir="1" index="3" bw="1" slack="0"/>
</pin_list>
<bind>
<opcode="bitselect(1000) " fcode="bitselect"/>
<opset="tmp_18/4 "/>
</bind>
</comp>

<comp id="317" class="1004" name="gepindex2_fu_317">
<pin_list>
<pin id="318" dir="0" index="0" bw="1" slack="0"/>
<pin id="319" dir="0" index="1" bw="64" slack="0"/>
<pin id="320" dir="0" index="2" bw="64" slack="0"/>
<pin id="321" dir="1" index="3" bw="64" slack="0"/>
</pin_list>
<bind>
<opcode="select(49) " fcode="select"/>
<opset="gepindex2/4 "/>
</bind>
</comp>

<comp id="326" class="1004" name="i_1_i_cast_cast_fu_326">
<pin_list>
<pin id="327" dir="0" index="0" bw="9" slack="3"/>
<pin id="328" dir="1" index="1" bw="10" slack="0"/>
</pin_list>
<bind>
<opcode="zext(34) " fcode="zext"/>
<opset="i_1_i_cast_cast/7 "/>
</bind>
</comp>

<comp id="331" class="1004" name="i_2_fu_331">
<pin_list>
<pin id="332" dir="0" index="0" bw="9" slack="3"/>
<pin id="333" dir="0" index="1" bw="1" slack="0"/>
<pin id="334" dir="1" index="2" bw="9" slack="1"/>
</pin_list>
<bind>
<opcode="add(8) " fcode="add"/>
<opset="i_2/7 "/>
</bind>
</comp>

<comp id="337" class="1004" name="stg_69_store_fu_337">
<pin_list>
<pin id="338" dir="0" index="0" bw="16" slack="0"/>
<pin id="339" dir="0" index="1" bw="16" slack="0"/>
<pin id="340" dir="1" index="2" bw="0" slack="2147483647"/>
</pin_list>
<bind>
<opcode="store(28) " fcode="store"/>
<opset="stg_69/9 "/>
</bind>
</comp>

<comp id="343" class="1005" name="posOutData_read_reg_343">
<pin_list>
<pin id="344" dir="0" index="0" bw="8" slack="2"/>
<pin id="345" dir="1" index="1" bw="8" slack="2"/>
</pin_list>
<bind>
<opset="posOutData_read "/>
</bind>
</comp>

<comp id="352" class="1005" name="sOutData_done_V_load_reg_352">
<pin_list>
<pin id="353" dir="0" index="0" bw="1" slack="3"/>
<pin id="354" dir="1" index="1" bw="1" slack="3"/>
</pin_list>
<bind>
<opset="sOutData_done_V_load "/>
</bind>
</comp>

<comp id="358" class="1005" name="flagFill_load_reg_358">
<pin_list>
<pin id="359" dir="0" index="0" bw="1" slack="2"/>
<pin id="360" dir="1" index="1" bw="1" slack="2147483647"/>
</pin_list>
<bind>
<opset="flagFill_load "/>
</bind>
</comp>

<comp id="362" class="1005" name="sOutData_data_load_reg_362">
<pin_list>
<pin id="363" dir="0" index="0" bw="16" slack="4"/>
<pin id="364" dir="1" index="1" bw="16" slack="4"/>
</pin_list>
<bind>
<opset="sOutData_data_load "/>
</bind>
</comp>

<comp id="370" class="1005" name="i_reg_370">
<pin_list>
<pin id="371" dir="0" index="0" bw="8" slack="0"/>
<pin id="372" dir="1" index="1" bw="8" slack="0"/>
</pin_list>
<bind>
<opset="i "/>
</bind>
</comp>

<comp id="378" class="1005" name="A_addr_6_reg_378">
<pin_list>
<pin id="379" dir="0" index="0" bw="8" slack="1"/>
<pin id="380" dir="1" index="1" bw="8" slack="1"/>
</pin_list>
<bind>
<opset="A_addr_6 "/>
</bind>
</comp>

<comp id="383" class="1005" name="A_addr_7_reg_383">
<pin_list>
<pin id="384" dir="0" index="0" bw="8" slack="1"/>
<pin id="385" dir="1" index="1" bw="8" slack="1"/>
</pin_list>
<bind>
<opset="A_addr_7 "/>
</bind>
</comp>

<comp id="388" class="1005" name="i_1_i_cast_cast_reg_388">
<pin_list>
<pin id="389" dir="0" index="0" bw="10" slack="1"/>
<pin id="390" dir="1" index="1" bw="10" slack="1"/>
</pin_list>
<bind>
<opset="i_1_i_cast_cast "/>
</bind>
</comp>

<comp id="393" class="1005" name="i_2_reg_393">
<pin_list>
<pin id="394" dir="0" index="0" bw="9" slack="1"/>
<pin id="395" dir="1" index="1" bw="9" slack="1"/>
</pin_list>
<bind>
<opset="i_2 "/>
</bind>
</comp>

</comp_list>

<net_list>
<net id="80"><net_src comp="20" pin="0"/><net_sink comp="76" pin=0"/></net>

<net id="81"><net_src comp="6" pin="0"/><net_sink comp="76" pin=1"/></net>

<net id="86"><net_src comp="22" pin="0"/><net_sink comp="82" pin=0"/></net>

<net id="87"><net_src comp="4" pin="0"/><net_sink comp="82" pin=1"/></net>

<net id="93"><net_src comp="72" pin="0"/><net_sink comp="88" pin=0"/></net>

<net id="94"><net_src comp="0" pin="0"/><net_sink comp="88" pin=1"/></net>

<net id="100"><net_src comp="74" pin="0"/><net_sink comp="95" pin=0"/></net>

<net id="101"><net_src comp="2" pin="0"/><net_sink comp="95" pin=1"/></net>

<net id="107"><net_src comp="12" pin="0"/><net_sink comp="102" pin=0"/></net>

<net id="108"><net_src comp="36" pin="0"/><net_sink comp="102" pin=1"/></net>

<net id="113"><net_src comp="82" pin="2"/><net_sink comp="109" pin=1"/></net>

<net id="114"><net_src comp="102" pin="3"/><net_sink comp="109" pin=0"/></net>

<net id="115"><net_src comp="62" pin="0"/><net_sink comp="109" pin=0"/></net>

<net id="121"><net_src comp="12" pin="0"/><net_sink comp="116" pin=0"/></net>

<net id="122"><net_src comp="36" pin="0"/><net_sink comp="116" pin=1"/></net>

<net id="126"><net_src comp="116" pin="3"/><net_sink comp="109" pin=3"/></net>

<net id="132"><net_src comp="12" pin="0"/><net_sink comp="127" pin=0"/></net>

<net id="133"><net_src comp="36" pin="0"/><net_sink comp="127" pin=1"/></net>

<net id="134"><net_src comp="127" pin="3"/><net_sink comp="109" pin=0"/></net>

<net id="135"><net_src comp="109" pin="5"/><net_sink comp="109" pin=4"/></net>

<net id="136"><net_src comp="62" pin="0"/><net_sink comp="109" pin=3"/></net>

<net id="140"><net_src comp="40" pin="0"/><net_sink comp="137" pin=0"/></net>

<net id="147"><net_src comp="137" pin="1"/><net_sink comp="141" pin=2"/></net>

<net id="148"><net_src comp="141" pin="4"/><net_sink comp="137" pin=0"/></net>

<net id="152"><net_src comp="56" pin="0"/><net_sink comp="149" pin=0"/></net>

<net id="159"><net_src comp="149" pin="1"/><net_sink comp="153" pin=2"/></net>

<net id="160"><net_src comp="153" pin="4"/><net_sink comp="149" pin=0"/></net>

<net id="164"><net_src comp="64" pin="0"/><net_sink comp="161" pin=0"/></net>

<net id="171"><net_src comp="161" pin="1"/><net_sink comp="165" pin=0"/></net>

<net id="172"><net_src comp="165" pin="4"/><net_sink comp="161" pin=0"/></net>

<net id="182"><net_src comp="176" pin="4"/><net_sink comp="88" pin=2"/></net>

<net id="192"><net_src comp="161" pin="1"/><net_sink comp="186" pin=0"/></net>

<net id="193"><net_src comp="186" pin="4"/><net_sink comp="95" pin=2"/></net>

<net id="200"><net_src comp="50" pin="0"/><net_sink comp="194" pin=0"/></net>

<net id="201"><net_src comp="12" pin="0"/><net_sink comp="194" pin=1"/></net>

<net id="202"><net_src comp="141" pin="4"/><net_sink comp="194" pin=2"/></net>

<net id="203"><net_src comp="52" pin="0"/><net_sink comp="194" pin=3"/></net>

<net id="204"><net_src comp="68" pin="0"/><net_sink comp="194" pin=2"/></net>

<net id="208"><net_src comp="109" pin="2"/><net_sink comp="205" pin=0"/></net>

<net id="209"><net_src comp="205" pin="1"/><net_sink comp="109" pin=4"/></net>

<net id="210"><net_src comp="205" pin="1"/><net_sink comp="176" pin=0"/></net>

<net id="214"><net_src comp="8" pin="0"/><net_sink comp="211" pin=0"/></net>

<net id="221"><net_src comp="28" pin="0"/><net_sink comp="215" pin=0"/></net>

<net id="222"><net_src comp="211" pin="1"/><net_sink comp="215" pin=1"/></net>

<net id="223"><net_src comp="30" pin="0"/><net_sink comp="215" pin=2"/></net>

<net id="224"><net_src comp="32" pin="0"/><net_sink comp="215" pin=3"/></net>

<net id="229"><net_src comp="215" pin="4"/><net_sink comp="225" pin=0"/></net>

<net id="230"><net_src comp="34" pin="0"/><net_sink comp="225" pin=1"/></net>

<net id="234"><net_src comp="10" pin="0"/><net_sink comp="231" pin=0"/></net>

<net id="238"><net_src comp="16" pin="0"/><net_sink comp="235" pin=0"/></net>

<net id="242"><net_src comp="211" pin="1"/><net_sink comp="239" pin=0"/></net>

<net id="243"><net_src comp="239" pin="1"/><net_sink comp="102" pin=2"/></net>

<net id="248"><net_src comp="211" pin="1"/><net_sink comp="244" pin=0"/></net>

<net id="249"><net_src comp="38" pin="0"/><net_sink comp="244" pin=1"/></net>

<net id="254"><net_src comp="244" pin="2"/><net_sink comp="250" pin=0"/></net>

<net id="255"><net_src comp="8" pin="0"/><net_sink comp="250" pin=1"/></net>

<net id="259"><net_src comp="14" pin="0"/><net_sink comp="256" pin=0"/></net>

<net id="265"><net_src comp="42" pin="0"/><net_sink comp="260" pin=0"/></net>

<net id="266"><net_src comp="141" pin="4"/><net_sink comp="260" pin=1"/></net>

<net id="267"><net_src comp="44" pin="0"/><net_sink comp="260" pin=2"/></net>

<net id="272"><net_src comp="141" pin="4"/><net_sink comp="268" pin=0"/></net>

<net id="273"><net_src comp="54" pin="0"/><net_sink comp="268" pin=1"/></net>

<net id="277"><net_src comp="153" pin="4"/><net_sink comp="274" pin=0"/></net>

<net id="283"><net_src comp="58" pin="0"/><net_sink comp="278" pin=0"/></net>

<net id="284"><net_src comp="153" pin="4"/><net_sink comp="278" pin=1"/></net>

<net id="285"><net_src comp="30" pin="0"/><net_sink comp="278" pin=2"/></net>

<net id="289"><net_src comp="274" pin="1"/><net_sink comp="286" pin=0"/></net>

<net id="290"><net_src comp="286" pin="1"/><net_sink comp="116" pin=2"/></net>

<net id="295"><net_src comp="64" pin="0"/><net_sink comp="291" pin=0"/></net>

<net id="296"><net_src comp="10" pin="0"/><net_sink comp="291" pin=1"/></net>

<net id="301"><net_src comp="64" pin="0"/><net_sink comp="297" pin=0"/></net>

<net id="302"><net_src comp="16" pin="0"/><net_sink comp="297" pin=1"/></net>

<net id="309"><net_src comp="303" pin="1"/><net_sink comp="306" pin=0"/></net>

<net id="315"><net_src comp="42" pin="0"/><net_sink comp="310" pin=0"/></net>

<net id="316"><net_src comp="44" pin="0"/><net_sink comp="310" pin=2"/></net>

<net id="322"><net_src comp="310" pin="3"/><net_sink comp="317" pin=0"/></net>

<net id="323"><net_src comp="66" pin="0"/><net_sink comp="317" pin=1"/></net>

<net id="324"><net_src comp="306" pin="1"/><net_sink comp="317" pin=2"/></net>

<net id="325"><net_src comp="317" pin="3"/><net_sink comp="127" pin=2"/></net>

<net id="329"><net_src comp="149" pin="1"/><net_sink comp="326" pin=0"/></net>

<net id="330"><net_src comp="326" pin="1"/><net_sink comp="194" pin=3"/></net>

<net id="335"><net_src comp="149" pin="1"/><net_sink comp="331" pin=0"/></net>

<net id="336"><net_src comp="70" pin="0"/><net_sink comp="331" pin=1"/></net>

<net id="341"><net_src comp="109" pin="2"/><net_sink comp="337" pin=0"/></net>

<net id="342"><net_src comp="14" pin="0"/><net_sink comp="337" pin=1"/></net>

<net id="346"><net_src comp="76" pin="2"/><net_sink comp="343" pin=0"/></net>

<net id="347"><net_src comp="343" pin="1"/><net_sink comp="303" pin=0"/></net>

<net id="348"><net_src comp="343" pin="1"/><net_sink comp="310" pin=1"/></net>

<net id="355"><net_src comp="231" pin="1"/><net_sink comp="352" pin=0"/></net>

<net id="356"><net_src comp="352" pin="1"/><net_sink comp="165" pin=2"/></net>

<net id="357"><net_src comp="352" pin="1"/><net_sink comp="186" pin=2"/></net>

<net id="361"><net_src comp="235" pin="1"/><net_sink comp="358" pin=0"/></net>

<net id="365"><net_src comp="256" pin="1"/><net_sink comp="362" pin=0"/></net>

<net id="366"><net_src comp="362" pin="1"/><net_sink comp="176" pin=2"/></net>

<net id="373"><net_src comp="268" pin="2"/><net_sink comp="370" pin=0"/></net>

<net id="374"><net_src comp="370" pin="1"/><net_sink comp="141" pin=0"/></net>

<net id="381"><net_src comp="116" pin="3"/><net_sink comp="378" pin=0"/></net>

<net id="382"><net_src comp="378" pin="1"/><net_sink comp="109" pin=3"/></net>

<net id="386"><net_src comp="127" pin="3"/><net_sink comp="383" pin=0"/></net>

<net id="387"><net_src comp="383" pin="1"/><net_sink comp="109" pin=0"/></net>

<net id="391"><net_src comp="326" pin="1"/><net_sink comp="388" pin=0"/></net>

<net id="392"><net_src comp="388" pin="1"/><net_sink comp="194" pin=3"/></net>

<net id="396"><net_src comp="331" pin="2"/><net_sink comp="393" pin=0"/></net>

<net id="397"><net_src comp="393" pin="1"/><net_sink comp="153" pin=0"/></net>

</net_list>

</model> 
---------------- Datapath Model END ------------------

* FSMD analyzer results:
  - Output states:
	Port: agg_result_data | {10 }
	Port: agg_result_done_V | {10 }
	Port: count | {1 }
	Port: sOutData_done_V | {4 }
	Port: A | {1 2 3 5 6 7 8 }
	Port: sOutData_data | {9 }
	Port: flagFill | {4 }
 - Input state : 
	Port: heapSort : dataIn | {1 }
	Port: heapSort : posOutData | {1 }
	Port: heapSort : count | {1 }
	Port: heapSort : sOutData_done_V | {1 }
	Port: heapSort : A | {2 3 4 5 7 8 9 }
	Port: heapSort : sOutData_data | {1 }
	Port: heapSort : flagFill | {1 }
  - Chain level:
	State 1
		tmp : 1
		icmp : 2
		stg_22 : 3
		stg_24 : 1
		tmp_s : 1
		A_addr : 2
		stg_27 : 3
		tmp_15 : 1
		stg_29 : 2
	State 2
		tmp_16 : 1
		stg_35 : 2
		stg_36 : 1
		i : 1
	State 3
	State 4
		i_1_i_cast : 1
		tmp_17 : 1
		stg_44 : 2
		tmp_16_i : 2
		A_addr_6 : 3
		A_load : 4
		adjSize : 1
		gepindex2 : 2
		A_addr_7 : 3
		A_load_7 : 4
	State 5
		stg_60 : 1
	State 6
	State 7
		stg_63 : 1
	State 8
	State 9
		stg_69 : 1
	State 10
		stg_73 : 1
		stg_74 : 1


============================================================
+ Verbose Summary: Datapath Resource usage 
============================================================

* Functional unit list:
|----------|-----------------------------------------|---------|---------|---------|
| Operation|             Functional Unit             |  Delay  |    FF   |   LUT   |
|----------|-----------------------------------------|---------|---------|---------|
|   call   | grp_heapSort_maxHeapify_noRecurv_fu_194 |  3.878  |   287   |   202   |
|----------|-----------------------------------------|---------|---------|---------|
|  select  |             gepindex2_fu_317            |    0    |    0    |    64   |
|----------|-----------------------------------------|---------|---------|---------|
|          |              tmp_15_fu_244              |    0    |    0    |    16   |
|    add   |                 i_fu_268                |    0    |    0    |    8    |
|          |                i_2_fu_331               |    0    |    0    |    9    |
|----------|-----------------------------------------|---------|---------|---------|
|   icmp   |               icmp_fu_225               |    0    |    0    |    3    |
|----------|-----------------------------------------|---------|---------|---------|
|   read   |        posOutData_read_read_fu_76       |    0    |    0    |    0    |
|          |          dataIn_read_read_fu_82         |    0    |    0    |    0    |
|----------|-----------------------------------------|---------|---------|---------|
|   write  |            stg_73_write_fu_88           |    0    |    0    |    0    |
|          |            stg_74_write_fu_95           |    0    |    0    |    0    |
|----------|-----------------------------------------|---------|---------|---------|
|partselect|                tmp_fu_215               |    0    |    0    |    0    |
|----------|-----------------------------------------|---------|---------|---------|
|          |               tmp_s_fu_239              |    0    |    0    |    0    |
|   sext   |            i_1_i_cast_fu_274            |    0    |    0    |    0    |
|          |        mem_index_gep7_cast_fu_303       |    0    |    0    |    0    |
|----------|-----------------------------------------|---------|---------|---------|
|          |              tmp_16_fu_260              |    0    |    0    |    0    |
| bitselect|              tmp_17_fu_278              |    0    |    0    |    0    |
|          |              tmp_18_fu_310              |    0    |    0    |    0    |
|----------|-----------------------------------------|---------|---------|---------|
|          |             tmp_16_i_fu_286             |    0    |    0    |    0    |
|   zext   |              adjSize_fu_306             |    0    |    0    |    0    |
|          |          i_1_i_cast_cast_fu_326         |    0    |    0    |    0    |
|----------|-----------------------------------------|---------|---------|---------|
|   Total  |                                         |  3.878  |   287   |   302   |
|----------|-----------------------------------------|---------|---------|---------|

Memories:
+----+--------+--------+--------+
|    |  BRAM  |   FF   |   LUT  |
+----+--------+--------+--------+
|  A |    1   |    0   |    0   |
+----+--------+--------+--------+
|Total|    1   |    0   |    0   |
+----+--------+--------+--------+

* Register list:
+----------------------------+--------+
|                            |   FF   |
+----------------------------+--------+
|      A_addr_6_reg_378      |    8   |
|      A_addr_7_reg_383      |    8   |
|    flagFill_load_reg_358   |    1   |
|   i_1_i_cast_cast_reg_388  |   10   |
|        i_1_i_reg_149       |    9   |
|         i_2_reg_393        |    9   |
|         i_i_reg_137        |    8   |
|          i_reg_370         |    8   |
|   posOutData_read_reg_343  |    8   |
|           reg_205          |   16   |
| sOutData_data_load_reg_362 |   16   |
|sOutData_done_V_load_reg_352|    1   |
| sOutData_done_V_loc_reg_161|    1   |
|     storemerge1_reg_173    |   16   |
|     storemerge_reg_183     |    1   |
+----------------------------+--------+
|            Total           |   120  |
+----------------------------+--------+

* Multiplexer (MUX) list: 
|-----------------------------------------|------|------|------|--------||---------||---------|
|                   Comp                  |  Pin | Size |  BW  | S x BW ||  Delay  ||   LUT   |
|-----------------------------------------|------|------|------|--------||---------||---------|
|            grp_access_fu_109            |  p0  |   4  |   8  |   32   ||    8    |
|            grp_access_fu_109            |  p3  |   3  |   8  |   24   ||    8    |
|            grp_access_fu_109            |  p4  |   2  |  16  |   32   ||    16   |
|               i_i_reg_137               |  p0  |   2  |   8  |   16   ||    8    |
|              i_1_i_reg_149              |  p0  |   2  |   9  |   18   ||    9    |
|       sOutData_done_V_loc_reg_161       |  p0  |   2  |   1  |    2   ||    1    |
| grp_heapSort_maxHeapify_noRecurv_fu_194 |  p2  |   2  |   8  |   16   ||    8    |
| grp_heapSort_maxHeapify_noRecurv_fu_194 |  p3  |   3  |  10  |   30   ||    10   |
|-----------------------------------------|------|------|------|--------||---------||---------|
|                  Total                  |      |      |      |   170  ||  12.568 ||    68   |
|-----------------------------------------|------|------|------|--------||---------||---------|



* Summary:
+-----------+--------+--------+--------+--------+
|           |  BRAM  |  Delay |   FF   |   LUT  |
+-----------+--------+--------+--------+--------+
|  Function |    -   |    3   |   287  |   302  |
|   Memory  |    1   |    -   |    0   |    0   |
|Multiplexer|    -   |   12   |    -   |   68   |
|  Register |    -   |    -   |   120  |    -   |
+-----------+--------+--------+--------+--------+
|   Total   |    1   |   16   |   407  |   370  |
+-----------+--------+--------+--------+--------+
