@I [HLS-0] Workspace C:/Users/aaron/Desktop/git_article/vivadoProjects/insertion_sort/solution1 opened at Tue Jun 22 15:05:00 -0700 2021
@I [HLS-100] Command "config_clock -quiet -name default -period 10 -default=false "
@I [SYN-201] Setting up clock 'default' with a period of 10ns.
@I [HLS-100] Command 'config_clock' returned 0; elapsed 0Total elapsed time: 1.21 sec.
@I [HLS-100] Command "open_platform DefaultPlatform "
@I [HLS-100] Command 'open_platform' returned 0; elapsed 0Total elapsed time: 1.23 sec.
@I [HLS-100] Command "import_lib C:/Xilinx/Vivado_HLS/2016.1/common/technology/xilinx/artix7/artix7 "
@I [HLS-100] Command "source C:/Xilinx/Vivado_HLS/2016.1/common/technology/xilinx/common/xilinx.lib "
@I [HLS-100] Command "source C:/Xilinx/Vivado_HLS/2016.1/common/technology/xilinx/interface/xilinx_interface.lib "
@I [HLS-100] Command "source C:/Xilinx/Vivado_HLS/2016.1/common/technology/xilinx/interface/plb46.lib "
@I [HLS-100] Command 'ap_source' returned 0; elapsed 0.001Total elapsed time: 1.25 sec.
@I [HLS-100] Command "source C:/Xilinx/Vivado_HLS/2016.1/common/technology/xilinx/interface/fsl.lib "
@I [HLS-100] Command 'ap_source' returned 0; elapsed 0Total elapsed time: 1.25 sec.
@I [HLS-100] Command "source C:/Xilinx/Vivado_HLS/2016.1/common/technology/xilinx/interface/axi4.lib "
@I [HLS-100] Command 'ap_source' returned 0; elapsed 0.001Total elapsed time: 1.26 sec.
@I [HLS-100] Command "source C:/Xilinx/Vivado_HLS/2016.1/common/technology/xilinx/interface/maxi.lib "
@I [HLS-100] Command 'ap_source' returned 0; elapsed 0Total elapsed time: 1.26 sec.
@I [HLS-100] Command "source C:/Xilinx/Vivado_HLS/2016.1/common/technology/xilinx/interface/saxilite.lib "
@I [HLS-100] Command 'ap_source' returned 0; elapsed 0.001Total elapsed time: 1.27 sec.
@I [HLS-100] Command 'ap_source' returned 0; elapsed 0.003Total elapsed time: 1.27 sec.
@I [HLS-100] Command "source C:/Xilinx/Vivado_HLS/2016.1/common/technology/xilinx/common/dsp48.lib "
@I [HLS-100] Command 'ap_source' returned 0; elapsed 0.001Total elapsed time: 1.29 sec.
@I [HLS-100] Command "source C:/Xilinx/Vivado_HLS/2016.1/common/technology/xilinx/ip/dds_compiler.lib "
@I [HLS-100] Command 'ap_source' returned 0; elapsed 0Total elapsed time: 1.30 sec.
@I [HLS-100] Command "source C:/Xilinx/Vivado_HLS/2016.1/common/technology/xilinx/ip/xfft.lib "
@I [HLS-100] Command 'ap_source' returned 0; elapsed 0Total elapsed time: 1.30 sec.
@I [HLS-100] Command "source C:/Xilinx/Vivado_HLS/2016.1/common/technology/xilinx/ip/xfir.lib "
@I [HLS-100] Command 'ap_source' returned 0; elapsed 0.001Total elapsed time: 1.31 sec.
@I [HLS-100] Command 'ap_source' returned 0; elapsed 0.008Total elapsed time: 1.32 sec.
@I [HLS-100] Command "source C:/Xilinx/Vivado_HLS/2016.1/common/technology/xilinx/common/xilinx_old.lib "
@I [HLS-100] Command 'ap_source' returned 0; elapsed 0Total elapsed time: 1.33 sec.
@I [HLS-100] Command "source C:/Xilinx/Vivado_HLS/2016.1/common/technology/xilinx/common/xilinx_vivado.lib "
@I [HLS-100] Command 'ap_source' returned 0; elapsed 0Total elapsed time: 1.34 sec.
@I [HLS-100] Command "source C:/Xilinx/Vivado_HLS/2016.1/common/technology/xilinx/common/xilinx.hlp "
@I [HLS-100] Command "source C:/Xilinx/Vivado_HLS/2016.1/common/technology/xilinx/common/target_info.tcl "
@I [HLS-100] Command 'ap_source' returned 0; elapsed 0Total elapsed time: 1.38 sec.
@I [HLS-100] Command "source C:/Xilinx/Vivado_HLS/2016.1/common/technology/xilinx/interface/xilinx_interface.hlp "
@I [HLS-100] Command "source C:/Xilinx/Vivado_HLS/2016.1/common/technology/xilinx/interface/maxi.hlp "
@I [HLS-100] Command 'ap_source' returned 0; elapsed 0Total elapsed time: 1.39 sec.
@I [HLS-100] Command "source C:/Xilinx/Vivado_HLS/2016.1/common/technology/xilinx/interface/saxilite.hlp "
@I [HLS-100] Command 'ap_source' returned 0; elapsed 0Total elapsed time: 1.40 sec.
@I [HLS-100] Command 'ap_source' returned 0; elapsed 0.001Total elapsed time: 1.40 sec.
@I [HLS-100] Command "source C:/Xilinx/Vivado_HLS/2016.1/common/technology/xilinx/common/dsp48.hlp "
@I [HLS-100] Command 'ap_source' returned 0; elapsed 0.001Total elapsed time: 1.42 sec.
@I [HLS-100] Command 'ap_source' returned 0; elapsed 0.005Total elapsed time: 1.42 sec.
@I [HLS-100] Command "source C:/Xilinx/Vivado_HLS/2016.1/common/technology/xilinx/artix7/dsp48e1.hlp "
@I [HLS-100] Command 'ap_source' returned 0; elapsed 0Total elapsed time: 1.45 sec.
@I [HLS-100] Command "get_default_platform "
@I [HLS-100] Command 'get_default_platform' returned 0; elapsed 0Total elapsed time: 1.47 sec.
@I [HLS-100] Command "config_chip_info -quiet -resource  {SLICE 15850} {LUT 63400}     {FF 126800} {DSP48E 240}    {BRAM 270}  "
@I [HLS-100] Command 'config_chip_info' returned 0; elapsed 0Total elapsed time: 1.47 sec.
@I [HLS-100] Command "config_chip_info -quiet -speed medium "
@I [HLS-100] Command 'config_chip_info' returned 0; elapsed 0Total elapsed time: 1.48 sec.
@I [HLS-100] Command 'import_lib' returned 0; elapsed 0.026Total elapsed time: 1.49 sec.
@I [HLS-100] Command "source C:/Xilinx/Vivado_HLS/2016.1/common/technology/xilinx/artix7/artix7.gen "
@I [HLS-100] Command "source C:/Xilinx/Vivado_HLS/2016.1/common/technology/xilinx/common/virtex.gen "
@I [HLS-100] Command "source C:/Xilinx/Vivado_HLS/2016.1/common/technology/xilinx/common/xilinx.gen "
@I [HLS-100] Command "source C:/Xilinx/Vivado_HLS/2016.1/common/technology/xilinx/interface/plb46.gen "
@I [HLS-100] Command 'ap_source' returned 0; elapsed 0.002Total elapsed time: 1.54 sec.
@I [HLS-100] Command "source C:/Xilinx/Vivado_HLS/2016.1/common/technology/xilinx/interface/fsl.gen "
@I [HLS-100] Command 'ap_source' returned 0; elapsed 0.001Total elapsed time: 1.55 sec.
@I [HLS-100] Command "source C:/Xilinx/Vivado_HLS/2016.1/common/technology/xilinx/interface/axi4.gen "
@I [HLS-100] Command 'ap_source' returned 0; elapsed 0.002Total elapsed time: 1.57 sec.
@I [HLS-100] Command "source C:/Xilinx/Vivado_HLS/2016.1/common/technology/xilinx/interface/nativeAXI4.gen "
@I [HLS-100] Command "source C:/Xilinx/Vivado_HLS/2016.1/common/technology/xilinx/interface/saxilite.gen "
@I [HLS-100] Command 'ap_source' returned 0; elapsed 0.004Total elapsed time: 1.62 sec.
@I [HLS-100] Command "source C:/Xilinx/Vivado_HLS/2016.1/common/technology/xilinx/interface/maxi.gen "
@I [HLS-100] Command 'ap_source' returned 0; elapsed 0.008Total elapsed time: 1.71 sec.
@I [HLS-100] Command 'ap_source' returned 0; elapsed 0.014Total elapsed time: 1.72 sec.
@I [HLS-100] Command "source C:/Xilinx/Vivado_HLS/2016.1/common/technology/xilinx/scripts/xilinxcoregen.gen "
@I [HLS-100] Command 'ap_source' returned 0; elapsed 0.01Total elapsed time: 1.82 sec.
@I [HLS-100] Command "source C:/Xilinx/Vivado_HLS/2016.1/common/technology/xilinx/interface/XilEDKCoreGen.gen "
@I [HLS-100] Command 'ap_source' returned 0; elapsed 0.008Total elapsed time: 1.90 sec.
@I [HLS-100] Command "source C:/Xilinx/Vivado_HLS/2016.1/common/technology/xilinx/ip/dds_compiler.gen "
@I [HLS-100] Command 'ap_source' returned 0; elapsed 0.004Total elapsed time: 1.95 sec.
@I [HLS-100] Command "source C:/Xilinx/Vivado_HLS/2016.1/common/technology/xilinx/ip/util.gen "
@I [HLS-100] Command 'ap_source' returned 0; elapsed 0.001Total elapsed time: 1.96 sec.
@I [HLS-100] Command "source C:/Xilinx/Vivado_HLS/2016.1/common/technology/xilinx/ip/xfft.gen "
@I [HLS-100] Command 'ap_source' returned 0; elapsed 0.094Total elapsed time: 1.189 sec.
@I [HLS-100] Command "source C:/Xilinx/Vivado_HLS/2016.1/common/technology/xilinx/ip/xfir.gen "
@I [HLS-100] Command 'ap_source' returned 0; elapsed 0.001Total elapsed time: 1.191 sec.
@I [HLS-100] Command 'ap_source' returned 0; elapsed 0.14Total elapsed time: 1.191 sec.
@I [HLS-100] Command "source C:/Xilinx/Vivado_HLS/2016.1/common/technology/xilinx/common/dsp48.gen "
@I [HLS-100] Command 'ap_source' returned 0; elapsed 0Total elapsed time: 1.193 sec.
@I [HLS-100] Command 'ap_source' returned 0; elapsed 0.143Total elapsed time: 1.193 sec.
@I [HLS-100] Command 'ap_source' returned 0; elapsed 0.144Total elapsed time: 1.193 sec.
@I [HLS-100] Command "open_platform DefaultPlatform "
@I [HLS-100] Command 'open_platform' returned 0; elapsed 0Total elapsed time: 1.194 sec.
@I [HLS-100] Command "import_lib C:/Xilinx/Vivado_HLS/2016.1/common/technology/xilinx/artix7/artix7_fpv6 "
@I [HLS-100] Command "source C:/Xilinx/Vivado_HLS/2016.1/common/technology/xilinx/common/xilinx_fpv7.lib "
@I [HLS-100] Command "source C:/Xilinx/Vivado_HLS/2016.1/common/technology/xilinx/common/xilinx_hp.lib "
@I [HLS-100] Command 'ap_source' returned 0; elapsed 0.001Total elapsed time: 1.196 sec.
@I [HLS-100] Command 'ap_source' returned 0; elapsed 0.003Total elapsed time: 1.198 sec.
@I [HLS-100] Command "source C:/Xilinx/Vivado_HLS/2016.1/common/technology/xilinx/common/xilinx_fpv.hlp "
@I [HLS-100] Command "source C:/Xilinx/Vivado_HLS/2016.1/common/technology/xilinx/common/xilinx.hlp "
@I [HLS-100] Command "source C:/Xilinx/Vivado_HLS/2016.1/common/technology/xilinx/common/target_info.tcl "
@I [HLS-100] Command 'ap_source' returned 0; elapsed 0.007Total elapsed time: 1.214 sec.
@I [HLS-100] Command "source C:/Xilinx/Vivado_HLS/2016.1/common/technology/xilinx/interface/xilinx_interface.hlp "
@I [HLS-100] Command "source C:/Xilinx/Vivado_HLS/2016.1/common/technology/xilinx/interface/maxi.hlp "
@I [HLS-100] Command 'ap_source' returned 0; elapsed 0.001Total elapsed time: 1.215 sec.
@I [HLS-100] Command "source C:/Xilinx/Vivado_HLS/2016.1/common/technology/xilinx/interface/saxilite.hlp "
@I [HLS-100] Command 'ap_source' returned 0; elapsed 0Total elapsed time: 1.215 sec.
@I [HLS-100] Command 'ap_source' returned 0; elapsed 0.001Total elapsed time: 1.215 sec.
@I [HLS-100] Command "source C:/Xilinx/Vivado_HLS/2016.1/common/technology/xilinx/common/dsp48.hlp "
@I [HLS-100] Command 'ap_source' returned 0; elapsed 0.001Total elapsed time: 1.217 sec.
@I [HLS-100] Command 'ap_source' returned 0; elapsed 0.011Total elapsed time: 1.217 sec.
@I [HLS-100] Command 'ap_source' returned 0; elapsed 0.012Total elapsed time: 1.218 sec.
@I [HLS-100] Command "source C:/Xilinx/Vivado_HLS/2016.1/common/technology/xilinx/artix7/artix7_hp.hlp "
@I [HLS-100] Command 'ap_source' returned 0; elapsed 0.002Total elapsed time: 1.220 sec.
@I [HLS-100] Command 'import_lib' returned 0; elapsed 0.029Total elapsed time: 1.224 sec.
@I [HLS-100] Command "source C:/Xilinx/Vivado_HLS/2016.1/common/technology/xilinx/artix7/artix7_fpv6.gen "
@I [HLS-100] Command "source C:/Xilinx/Vivado_HLS/2016.1/common/technology/xilinx/common/xilinx_fpv6.gen "
@I [HLS-100] Command 'ap_source' returned 0; elapsed 0.001Total elapsed time: 1.226 sec.
@I [HLS-100] Command 'ap_source' returned 0; elapsed 0.005Total elapsed time: 1.230 sec.
@I [HLS-100] Command "set_part xc7a100tcsg324-1 "
@I [HLS-100] Command "add_library xilinx/artix7/artix7:xc7a100t:csg324:-1 "
@I [HLS-100] Command "get_default_platform "
@I [HLS-100] Command 'get_default_platform' returned 0; elapsed 0Total elapsed time: 1.235 sec.
@I [HLS-100] Command "license_isbetapart xc7a100t "
@I [HLS-100] Command 'license_isbetapart' returned 1; elapsed 0.016Total elapsed time: 1.252 sec.
@I [HLS-100] Command "get_default_platform "
@I [HLS-100] Command 'get_default_platform' returned 0; elapsed 0Total elapsed time: 1.254 sec.
@I [HLS-100] Command "config_chip_info -quiet -resource  {SLICE 15850} {LUT 63400}     {FF 126800} {DSP48E 240}    {BRAM 270}  "
@I [HLS-100] Command 'config_chip_info' returned 0; elapsed 0Total elapsed time: 1.255 sec.
@I [HLS-100] Command "config_chip_info -quiet -speed slow "
@I [HLS-100] Command 'config_chip_info' returned 0; elapsed 0Total elapsed time: 1.255 sec.
@I [HLS-100] Command 'add_library' returned 0; elapsed 0.021Total elapsed time: 1.256 sec.
@I [HLS-100] Command "add_library xilinx/artix7/artix7_fpv6 "
@I [HLS-100] Command "get_default_platform "
@I [HLS-100] Command 'get_default_platform' returned 0; elapsed 0Total elapsed time: 1.258 sec.
@I [HLS-100] Command 'add_library' returned 0; elapsed 0.002Total elapsed time: 1.259 sec.
@I [HLS-10] Setting target device to 'xc7a100tcsg324-1'
@I [HLS-100] Command 'set_part' returned 0; elapsed 0.03Total elapsed time: 1.261 sec.
@I [HLS-100] Command "get_default_platform "
@I [HLS-100] Command 'get_default_platform' returned 0; elapsed 0Total elapsed time: 1.262 sec.
@I [HLS-100] Command "config_chip_info -quiet -resource  {SLICE 15850} {LUT 63400}     {FF 126800} {DSP48E 240}    {BRAM 270}  "
@I [HLS-100] Command 'config_chip_info' returned 0; elapsed 0Total elapsed time: 1.264 sec.
@I [HLS-100] Command "config_chip_info -quiet -speed slow "
@I [HLS-100] Command 'config_chip_info' returned 0; elapsed 0Total elapsed time: 1.264 sec.
@I [HLS-100] Command 'open_solution' returned 0; elapsed 0.258Total elapsed time: 1.266 sec.
@I [HLS-100] Command "set_part xc7a100tcsg324-1 -tool vivado "
@I [HLS-100] Command "add_library xilinx/artix7/artix7:xc7a100t:csg324:-1 "
@I [HLS-100] Command "get_default_platform "
@I [HLS-100] Command 'get_default_platform' returned 0; elapsed 0Total elapsed time: 1.278 sec.
@I [HLS-100] Command "license_isbetapart xc7a100t "
@I [HLS-100] Command 'license_isbetapart' returned 1; elapsed 0Total elapsed time: 1.280 sec.
@I [HLS-100] Command "get_default_platform "
@I [HLS-100] Command 'get_default_platform' returned 0; elapsed 0Total elapsed time: 1.283 sec.
@I [HLS-100] Command "config_chip_info -quiet -resource  {SLICE 15850} {LUT 63400}     {FF 126800} {DSP48E 240}    {BRAM 270}  "
@I [HLS-100] Command 'config_chip_info' returned 0; elapsed 0Total elapsed time: 1.283 sec.
@I [HLS-100] Command "config_chip_info -quiet -speed slow "
@I [HLS-100] Command 'config_chip_info' returned 0; elapsed 0Total elapsed time: 1.284 sec.
@I [HLS-100] Command 'add_library' returned 0; elapsed 0.009Total elapsed time: 1.286 sec.
@I [HLS-100] Command "add_library xilinx/artix7/artix7_fpv6 "
@I [HLS-100] Command "get_default_platform "
@I [HLS-100] Command 'get_default_platform' returned 0; elapsed 0Total elapsed time: 1.289 sec.
@I [HLS-100] Command 'add_library' returned 0; elapsed 0.005Total elapsed time: 1.292 sec.
@I [HLS-100] Command 'set_part' returned 0; elapsed 0.027Total elapsed time: 1.294 sec.
@I [HLS-100] Command "create_clock -period 10 -name default "
@I [HLS-100] Command 'create_clock' returned 0; elapsed 0.003Total elapsed time: 1.298 sec.
@I [HLS-100] Command "csynth_design "
@I [HLS-100] Command "elaborate -effort=medium -skip_syncheck=0 -keep_printf=0 -lm=0 -skip_cdt=0 -skip_transform=0 -ng=0 -g=0 -opt_fp=0 "
@I [HLS-10] Analyzing design file 'insertion_sort.c' ... 
@0 [HLS-0] Analyzing design file 'insertion_sort.c' ... 
@I [HLS-0] Compiling one TU...
@I [HLS-0] 
Checking before pre-process: exec clang -fno-limit-debug-info -gcc-toolchain "C:/Xilinx/Vivado_HLS/2016.1/msys" -hls    -fno-math-errno -c -emit-llvm -O0  -mllvm -disable-llvm-optzns -std=gnu89   -DAESL_SYN -D__SYNTHESIS__ -D__HLS_SYN__ -I "C:/Xilinx/Vivado_HLS/2016.1/common/technology/autopilot" -I "C:/Xilinx/Vivado_HLS/2016.1/common/technology/autopilot/ap_sysc" -include etc/autopilot_ssdm_op.h -D__cdecl=  "insertion_sort.c"  -o "C:/Users/aaron/Desktop/git_article/vivadoProjects/insertion_sort/solution1/.autopilot/db/insertion_sort.pp.00.o"

@I [HLS-100] Command "is_encrypted C:/Users/aaron/Desktop/git_article/vivadoProjects/insertion_sort/solution1/.autopilot/db/insertion_sort.pp.00.o "
@I [HLS-100] Command 'is_encrypted' returned 0; elapsed 0.002Total elapsed time: 2.510 sec.
@I [HLS-0] Syntax Checker time: 1 seconds per iteration
@I [HLS-0] 
Source preprocessing: exec clang -fno-limit-debug-info -gcc-toolchain "C:/Xilinx/Vivado_HLS/2016.1/msys" -hls -fno-exceptions  -D__llvm__  -CC -E "insertion_sort.c"     -fno-math-errno -c -emit-llvm -O0  -mllvm -disable-llvm-optzns -std=gnu89   -DAESL_SYN -D__SYNTHESIS__ -D__HLS_SYN__ -I "C:/Xilinx/Vivado_HLS/2016.1/common/technology/autopilot" -I "C:/Xilinx/Vivado_HLS/2016.1/common/technology/autopilot/ap_sysc" -include etc/autopilot_ssdm_op.h -D__cdecl=  -o "C:/Users/aaron/Desktop/git_article/vivadoProjects/insertion_sort/solution1/.autopilot/db/insertion_sort.pp.0.c"

@I [HLS-0] GCC PP time: 1 seconds per iteration
@I [HLS-100] Command "list_core -type functional_unit "
@I [HLS-100] Command 'list_core' returned 0; elapsed 0Total elapsed time: 4.154 sec.
@I [HLS-0] Marker-Pragma convertor: C:/Users/aaron/Desktop/git_article/vivadoProjects/insertion_sort/solution1/.autopilot/db/insertion_sort.pp.0.c C:/Users/aaron/Desktop/git_article/vivadoProjects/insertion_sort/solution1/.autopilot/db/insertion_sort.pp.0.c.ap-line.c C:/Users/aaron/Desktop/git_article/vivadoProjects/insertion_sort/solution1/.autopilot/db/insertion_sort.pp.0.c.ap-line.c.CXX 1
@I [HLS-0] 
Source processor: exec C:/Xilinx/Vivado_HLS/2016.1/tps/win64/jre/bin/java -Xmx512m -classpath   "C:/Xilinx/Vivado_HLS/2016.1/lib/classes/autopilot.sourceprocessor.jar;C:/Xilinx/Vivado_HLS/2016.1/lib/classes/org.eclipse.cdt.core_5.3.0.xilinx_patch.jar;C:/Xilinx/Vivado_HLS/2016.1/lib/classes/org.eclipse.core.runtime_3.7.0.v20110110.jar;C:/Xilinx/Vivado_HLS/2016.1/lib/classes/org.eclipse.equinox.common_3.6.0.v20110523.jar;C:/Xilinx/Vivado_HLS/2016.1/lib/classes/com.ibm.icu_4.4.2.v20110208.jar;C:/Xilinx/Vivado_HLS/2016.1/lib/classes/jargs.jar;C:/Xilinx/Vivado_HLS/2016.1/win64/tools/eclipse/plugins/org.eclipse.emf.common_2.10.1.v20150123-0348.jar;C:/Xilinx/Vivado_HLS/2016.1/win64/tools/eclipse/plugins/org.eclipse.emf.ecore_2.10.2.v20150123-0348.jar;C:/Xilinx/Vivado_HLS/2016.1/win64/tools/eclipse/plugins/org.eclipse.emf.ecore.xmi_2.10.2.v20150123-0348.jar;C:/Xilinx/Vivado_HLS/2016.1/win64/tools/eclipse/plugins/com.autoesl.autopilot.ui.directiveFileModel_1.0.0.jar;C:/Xilinx/Vivado_HLS/2016.1/win64/tools/eclipse/plugins/com.autoesl.autopilot.ui.common_1.0.0.jar"  autopilot.sourceprocessor.CParser  "C:/Users/aaron/Desktop/git_article/vivadoProjects/insertion_sort/solution1/.autopilot/db/insertion_sort.pp.0.c.ap-line.c"  -m "insertion_sort" -o "C:/Users/aaron/Desktop/git_article/vivadoProjects/insertion_sort/solution1/.autopilot/db/insertion_sort.pp.0.c.ap-cdt.c" -c --pp --directive C:/Users/aaron/Desktop/git_article/vivadoProjects/insertion_sort/solution1/solution1.directive --source C:/Users/aaron/Desktop/git_article/vivadoProjects/insertion_sort.c --error C:/Users/aaron/Desktop/git_article/vivadoProjects/insertion_sort/solution1/.autopilot/db --funcunit "AddSub AddSub_DSP AddSubnS DAddSub_fulldsp DAddSub_nodsp DDiv DExp_fulldsp DExp_meddsp DExp_nodsp DLog_fulldsp DLog_meddsp DLog_nodsp DMul_fulldsp DMul_maxdsp DMul_meddsp DMul_nodsp DRSqrt DRecip DSqrt DivnS FAddSub_fulldsp FAddSub_nodsp FDiv FExp_fulldsp FExp_meddsp FExp_nodsp FLog_fulldsp FLog_meddsp FLog_nodsp FMul_fulldsp FMul_maxdsp FMul_meddsp FMul_nodsp FRSqrt_fulldsp FRSqrt_nodsp FRecip_fulldsp FRecip_nodsp FSqrt HAddSub_nodsp HDiv HMul_fulldsp HMul_maxdsp HMul_nodsp HSqrt Mul Mul2S Mul3S Mul4S Mul5S Mul6S Mul_LUT MulnS MuxnS" --ca --gf --pd --p2d C:/Users/aaron/Desktop/git_article/vivadoProjects/insertion_sort/solution1/.autopilot/db --sd --scff C:/Users/aaron/Desktop/git_article/vivadoProjects/insertion_sort/solution1/.autopilot/db/.systemc_flag --ad

@I [HLS-0] Marker-Pragma convertor: C:/Users/aaron/Desktop/git_article/vivadoProjects/insertion_sort/solution1/.autopilot/db/insertion_sort.pp.0.c.ap-cdt.c C:/Users/aaron/Desktop/git_article/vivadoProjects/insertion_sort/solution1/.autopilot/db/insertion_sort.pragma.0.c C:/Users/aaron/Desktop/git_article/vivadoProjects/insertion_sort/solution1/.autopilot/db/insertion_sort.pragma.0.c.ap-line.CXX 0
@I [HLS-100] Command "source C:/Users/aaron/Desktop/git_article/vivadoProjects/insertion_sort/solution1/.autopilot/db/pragma.status.tcl "
@I [HLS-100] Command 'ap_source' returned 0; elapsed 0.001Total elapsed time: 5.107 sec.
@I [HLS-0] CDT processor time: 0 seconds per iteration
@I [HLS-0] Pragma handling time: 0 seconds per iteration
@I [HLS-0] 
Source preprocessing: exec clang -fno-limit-debug-info -gcc-toolchain "C:/Xilinx/Vivado_HLS/2016.1/msys" -hls -fno-exceptions  -D__llvm__  -CC -E "C:/Users/aaron/Desktop/git_article/vivadoProjects/insertion_sort/solution1/.autopilot/db/insertion_sort.pragma.1.c"     -fno-math-errno -c -emit-llvm -O0  -mllvm -disable-llvm-optzns -std=gnu89   -DAESL_SYN -D__SYNTHESIS__ -D__HLS_SYN__ -I "C:/Xilinx/Vivado_HLS/2016.1/common/technology/autopilot" -I "C:/Xilinx/Vivado_HLS/2016.1/common/technology/autopilot/ap_sysc" -include etc/autopilot_ssdm_op.h -D__cdecl=  -o "C:/Users/aaron/Desktop/git_article/vivadoProjects/insertion_sort/solution1/.autopilot/db/insertion_sort.pragma.2.c"

@I [HLS-0] exec clang -fno-limit-debug-info -gcc-toolchain C:/Xilinx/Vivado_HLS/2016.1/msys -hls -hls-analyze-label -hls-analyze-pragma -fno-exceptions  -D__llvm__  -w  "C:/Users/aaron/Desktop/git_article/vivadoProjects/insertion_sort/solution1/.autopilot/db/insertion_sort.pragma.2.c"    -fno-math-errno -c -emit-llvm -O0  -mllvm -disable-llvm-optzns -std=gnu89  -DAESL_SYN -D__SYNTHESIS__ -D__HLS_SYN__ -I "C:/Xilinx/Vivado_HLS/2016.1/common/technology/autopilot" -I "C:/Xilinx/Vivado_HLS/2016.1/common/technology/autopilot/ap_sysc" -include etc/autopilot_ssdm_op.h -g -o "C:/Users/aaron/Desktop/git_article/vivadoProjects/insertion_sort/solution1/.autopilot/db/insertion_sort.g.bc"
@I [HLS-10] Validating synthesis directives ...
@0 [HLS-0] Validating synthesis directives ...
@I [HLS-100] Command "source C:/Users/aaron/Desktop/git_article/vivadoProjects/insertion_sort/solution1/.autopilot/db/pragma.status.tcl "
@I [HLS-100] Command 'ap_source' returned 0; elapsed 0.003Total elapsed time: 7.727 sec.
@I [HLS-0] Linking all ...
@I [HLS-0] exec llvm-ld  "C:/Users/aaron/Desktop/git_article/vivadoProjects/insertion_sort/solution1/.autopilot/db/insertion_sort.bc"  -disable-opt  -LC:/Xilinx/Vivado_HLS/2016.1/win64/lib -lm_basic -o "C:/Users/aaron/Desktop/git_article/vivadoProjects/insertion_sort/solution1/.autopilot/db/a.o.pre"
@I [HLS-0] Link time: 0 seconds per iteration
@I [HLS-0] Linking all ...
@I [HLS-0] exec llvm-ld  "C:/Users/aaron/Desktop/git_article/vivadoProjects/insertion_sort/solution1/.autopilot/db/insertion_sort.g.bc"  -disable-opt  -LC:/Xilinx/Vivado_HLS/2016.1/win64/lib -lm_basic -o "C:/Users/aaron/Desktop/git_article/vivadoProjects/insertion_sort/solution1/.autopilot/db/a.g.pre"
@I [HLS-0] Link time: 0 seconds per iteration
@I [HLS-100] Command "opt_and_import_c a -opt_level=2 -skip_syncheck=0 -ng=0 -keep_printf=0 "
@I [HLS-100] Command "cleanup_all_models "
@I [HLS-100] Command 'cleanup_all_models' returned 0; elapsed 0Total elapsed time: 8.621 sec.
@I [HLS-10] Starting code transformations ...
@0 [HLS-0] Starting code transformations ...
@I [HLS-0] std xform: transform -hls -share-std-xform -always-inline -promote-dbg-pointer  -interface-preproc  -scalarrepl -mem2reg -keep-read-access -instcombine -dce  -promote-dbg-pointer  -bitop-raise  -indvars -loop-simplify -xunroll  -constprop -instcombine -simplifycfg -indvars  -simplifycfg -dce -globaldce  -basicaa  -simplifycfg -mem2reg -globalopt  -global-constprop -deadargelim -instcombine -simplifycfg  -prune-eh -simplifycfg  -scalarrepl -instcombine -reassociate -licm  -simplifycfg -loop-simplify -indvars -instcombine  -simplifycfg -mem2reg -loop-simplify -indvars -instcombine  -gvn -gvn -instcombine -adce  -break-crit-edges  -simplifycfg -loop-delete  -global-array-opt -dce -dse -adce  -find-syn-modules -top insertion_sort  -deadargelim  -mem2reg -instcombine -dce  -presyn-prepare -auto-rom-infer  -interface-preproc  -syn-check -check-rec-only  -find-region -simplifycfg -func-extr -function-inline  -globaldce -mem2reg -instcombine -dce   -gvn -globaldce -adce -adse  -constprop -instcombine -bit-constprop  -instcombine -dce -simplifycfg -bitop-raise  -simplifycfg -dce -loop-delete -reassociate  -globalopt -global-privatize -mem2reg -dce  -global-constprop -pointer-simplify -constprop -dce  -func-inst -deadargelim  -promote-dbg-pointer  -norm-name   C:/Users/aaron/Desktop/git_article/vivadoProjects/insertion_sort/solution1/.autopilot/db/a.g.0.bc -o C:/Users/aaron/Desktop/git_article/vivadoProjects/insertion_sort/solution1/.autopilot/db/a.g.1.bc -f  -phase std-opt
@I [HLS-0] Std xform time: 0 seconds per iteration
@I [HLS-100] Command "is_encrypted C:/Users/aaron/Desktop/git_article/vivadoProjects/insertion_sort/solution1/.autopilot/db/a.g.1.bc "
@I [HLS-100] Command 'is_encrypted' returned 0; elapsed 0Total elapsed time: 8.880 sec.
@I [HLS-10] Checking synthesizability ...
@0 [HLS-0] Checking synthesizability ...
@I [HLS-0] syn check 1/2: transform -hls -syn-check -check-rec-only -disaggr -scalarrepl -norm-name -dce  -mem2reg -instcombine  -function-uniquify -directive-preproc -mem2reg -dse -dce -auto-rom-infer -dce  -array-normalize -instcombine -dce  -array-seg-normalize -instcombine -dce  -array-flatten -instcombine -dce  -array-burst -dce  -deadargelim -promote-global-argument  -simplifycfg -mem2reg -globaldce -resolve-double-ptr  -dce -deadargelim -dce -instcombine  -function-inline -globaldce -dce  -doublePtrSimplify -doublePtrElim -dce  -doublePtrSimplify -promote-dbg-pointer  -dce -scalarrepl -dse -adse -instcombine  -ptrLegalization  -simplifycfg -dce -instcombine  -pointer-simplify -ptrArgReplace -dce -instcombine   -disaggr -scalarrepl -norm-name -dce  -mem2reg -instcombine -ptrLegalization   -simplifycfg -deadargelim  -instcombine -dce -inst-simplify  -function-uniquify -directive-preproc -mem2reg -dse -dce  -globaldce    C:/Users/aaron/Desktop/git_article/vivadoProjects/insertion_sort/solution1/.autopilot/db/a.g.1.bc -o C:/Users/aaron/Desktop/git_article/vivadoProjects/insertion_sort/solution1/.autopilot/db/a.g.2.prechk.bc -f
@I [HLS-0] Syn check 1/2 time: 0 seconds per iteration
@I [HLS-0] syn check 2/2: transform -syn-check   C:/Users/aaron/Desktop/git_article/vivadoProjects/insertion_sort/solution1/.autopilot/db/a.g.2.prechk.bc -o C:/Users/aaron/Desktop/git_article/vivadoProjects/insertion_sort/solution1/.autopilot/db/a.g.2.bc -f  -phase syn-check
@I [HLS-0] Syn check 2/2 time: 0 seconds per iteration
@I [HLS-0] Compiler optimizing ...
@I [HLS-0] Share syncheck's 1.bc for syn flow: copy C:/Users/aaron/Desktop/git_article/vivadoProjects/insertion_sort/solution1/.autopilot/db/a.g.1.bc to C:/Users/aaron/Desktop/git_article/vivadoProjects/insertion_sort/solution1/.autopilot/db/a.o.1.bc
@I [HLS-0] presyn 1: transform -hls -tmp C:/Users/aaron/Desktop/git_article/vivadoProjects/insertion_sort/solution1/.autopilot/db -type-info  -function-uniquify -directive-preproc -mem2reg -dse -dce  -disaggr -scalarrepl -norm-name -deadargelim  -mem2reg -instcombine -dce -auto-rom-infer -dce -function-uniquify  -resource-proc  -simplifycfg -mem2reg -globaldce -resolve-double-ptr -dce -deadargelim -dce -instcombine  -clib-intrinsic-prepare -dce  -func-buffer -dce -array-normalize  -func-legal -instcombine -gvn -constprop -dce   -ptrArgReplace -mem2reg -instcombine -dce  -array-seg-normalize -deadargelim  -instcombine -dce  -pointer-simplify -dce  -port-alignment -dce  -interface-preproc  -data-pack -instcombine -dce   -basicaa -aggr-aa -aggrmodref-aa -aggr-aa -gvn -gvn  -basicaa -aggr-aa -aggrmodref-aa -aggr-aa -dse -adse -adce  -loop-simplify -indvars -instcombine  -gvn -loop-simplify -mem2reg -dce -simplifycfg  -find-region -instcombine  -auto-loop-pipeline  -inst-simplify  -interface-preproc  -indvars -auto-loop-unroll -loop-simplify -loop-bound -xunroll  -constprop -instcombine -simplifycfg -indvars  -simplifycfg -dce -globaldce  -attach-range  -gvn -inst-simplify  -constprop -simplifycfg -dce  -pointer-simplify -dce  -globalopt -constprop -dce  -array-promote -constprop -instcombine -dce  -ptrArgReplace -mem2reg  -instcombine -simplifycfg -dce  -auto-par -instcombine -dce  -array-transform-check  -array-reshape -instcombine -simplifycfg -dce  -ptrArgReplace -deadargelim -mem2reg  -instcombine -simplifycfg -dce   -indvars -loop-simplify -loop-bound -xunroll  -constprop -instcombine -simplifycfg -indvars  -simplifycfg -dce -globaldce  -duplicate-dataflow-processes -globaldce  -array-partition -instcombine -simplifycfg -dce  -ptrArgReplace -global-constprop -deadargelim -mem2reg  -func-legal -instcombine -dce -global-constprop -deadargelim -mem2reg  -instcombine -simplifycfg -dce   -globalopt -constprop -dce  -array-promote -constprop -instcombine -dce  -ptrArgReplace -mem2reg  -instcombine -simplifycfg -dce   -mem-intrinsic-preproc -dce  -global-privatize  -mem2reg -globaldce  -promote-global-argument  -ptrArgReplace -mem2reg -instcombine -dce  -globalopt -mergereturn -simplify-global-access -mem2reg -dce  -pointer-simplify -dce  -functionattrs  -basicaa -aggr-aa -aggrmodref-aa -aggr-aa -gvn -gvn  -basicaa -aggr-aa -aggrmodref-aa -aggr-aa -dse -adse -adce  -inst-simplify -dce -norm-name  -function-inline -globaldce  -func-inst -constprop -instcombine -simplifycfg -dce  -func-legal -dce   -loop-bound  -arraycheck -bitwidthmin -on-by-dataflow  -loop-delete -instcombine -simplifycfg  -globaldce -dce -gvn -deadargelim -dce -loop-simplify -clean-region -simplifycfg -propagate-stable-arguments  -loop-stream -instcombine -simplifycfg -dce -globaldce  -stream-intrinsic-preproc -dce  -check-ap-stream -loop-simplify -eliminate-keepreads  -extract-dataflow-in-loop -loop-simplify -dce -gvn -deadargelim -dse  -check-dataflow-syntax  -legalize-stream-variable -legalize-global -legalize-global-1  -extract-subproc -dce -dead-channel-elimination  -canonicalize-gep -globaldce -dce -gvn -deadargelim  -scalar-propagation -deadargelim -globaldce -mem2reg  -check-dataflow-channels -function-stream -dce -globaldce  -prop-fifo-spec -internal-stream-gen  -canonicalize-gep -globaldce -dce -gvn -deadargelim   -mergereturn -indvars -loop-simplify -instcombine  -array-stream -instcombine -simplifycfg -dce  -bundle-memfifo-ops -deadargelim    -function-uniquify -directive-preproc -mem2reg -dse -dce  -group-axi-access    -licm -simplifycfg -dce -loop-delete  -norm-name  C:/Users/aaron/Desktop/git_article/vivadoProjects/insertion_sort/solution1/.autopilot/db/a.o.1.bc -o C:/Users/aaron/Desktop/git_article/vivadoProjects/insertion_sort/solution1/.autopilot/db/a.o.1.tmp.bc -f
@I [HLS-0] Presyn 1 time: 0 seconds per iteration
@I [HLS-0] presyn 2: transform -hls -keep-callgraph -scalarrepl -mem2reg  -port-alignment -attach-range -dce  -pipe-mux-gen  -indvars -loop-bound  -inst-simplify -instcombine -dce  -merge-array-access -mem2reg -dce  -clean-region -mergereturn -if-conv  -instcombine -dce -constprop  -basicaa -aggr-aa -aggrmodref-aa -aggr-aa -gvn -gvn  -basicaa -aggr-aa -aggrmodref-aa -aggr-aa -dse -adse -adce  -scalarrepl -mem2reg  -global-constprop -deadargelim -deadargelim  -instcombine -dce -simplifycfg    -ptrArgReplace -mem2reg -function-inline  -globaldce -mem2reg -instcombine -dce -expr-balance  -instcombine -dce  -bitwidthmin  -interface-preproc -directive-preproc  -inst-rectify -instcombine -dce  -functionattrs  -constprop -instcombine -bit-constprop  -simplify-global-access  -globalopt -globaldce  -inst-simplify -instcombine -elimdeaddata -dce  -loop-delete -simplifycfg -loop-simplify -auto-burst   -norm-name C:/Users/aaron/Desktop/git_article/vivadoProjects/insertion_sort/solution1/.autopilot/db/a.o.1.tmp.bc -o C:/Users/aaron/Desktop/git_article/vivadoProjects/insertion_sort/solution1/.autopilot/db/a.o.2.bc -f  -phase presyn
@I [HLS-0] Presyn 2 time: 0 seconds per iteration
@I [HLS-100] Command "is_encrypted C:/Users/aaron/Desktop/git_article/vivadoProjects/insertion_sort/solution1/.autopilot/db/a.o.2.bc "
@I [HLS-100] Command 'is_encrypted' returned 0; elapsed 0Total elapsed time: 9.27 sec.
@I [HLS-0] build ssdm: transform -hls  -function-uniquify -auto-function-inline -globaldce  -ptrArgReplace -mem2reg -instcombine -dce  -reset-lda  -loop-simplify -indvars -licm -loop-dep  -loop-bound -licm -loop-simplify -flattenloopnest  -array-flatten -gvn -instcombine -dce  -array-map -dce -func-legal  -gvn -adce -instcombine -cfgopt -simplifycfg -loop-simplify   -array-burst -promote-global-argument -dce  -axi4-lower -array-seg-normalize  -basicaa -aggrmodref-aa -globalsmodref-aa -aggr-aa -gvn -gvn  -basicaa -aggrmodref-aa -globalsmodref-aa -aggr-aa -dse -adse -adce -licm  -inst-simplify -dce  -globaldce -instcombine -array-stream -eliminate-keepreads -instcombine  -dce   -deadargelim -doublePtrSimplify  -doublePtrElim -dce -doublePtrSimplify -promote-dbg-pointer  -dce -scalarrepl -mem2reg -disaggr -norm-name -mem2reg  -instcombine  -dse -adse -adce -ptrLegalization -dce -auto-rom-infer -array-flatten -dce -instcombine  -loop-rot -constprop -cfgopt -simplifycfg -loop-simplify -indvars -pointer-simplify -dce -loop-bound  -loop-simplify -loop-preproc  -constprop -global-constprop -gvn -mem2reg -instcombine -dce  -loop-merge -dce  -bitwidthmin  -deadargelim -dce  -scalar-propagation -deadargelim -globaldce -mem2reg  -interface-preproc -interface-gen  -deadargelim -directive-preproc -inst-simplify -dce  -gvn -mem2reg -instcombine -dce -adse  -loop-bound  -instcombine -cfgopt -simplifycfg -loop-simplify  -clean-region -io-protocol  -find-region -mem2reg  -bitop-raise  -inst-simplify -inst-rectify -instcombine -adce -deadargelim  -loop-simplify -phi-opt -bitop-raise  -cfgopt -simplifycfg -strip-dead-prototypes  -interface-lower -bitop-lower -intrinsic-lower -auto-function-inline  -basicaa -aggrmodref-aa -globalsmodref-aa -aggr-aa  -inst-simplify -simplifycfg   -mergereturn -inst-simplify -inst-rectify  -dce -bitop-lower  -loop-rewind -pointer-simplify -dce -cfgopt  -read-loop-dep -dce -bitwidth -norm-name -legalize    -cdfg-build  C:/Users/aaron/Desktop/git_article/vivadoProjects/insertion_sort/solution1/.autopilot/db/a.o.2.bc -o C:/Users/aaron/Desktop/git_article/vivadoProjects/insertion_sort/solution1/.autopilot/db/a.o.3.bc -f  -phase build-ssdm
@I [HLS-0] Build ssdm time: 0 seconds per iteration
@I [HLS-100] Command "is_encrypted C:/Users/aaron/Desktop/git_article/vivadoProjects/insertion_sort/solution1/.autopilot/db/a.o.3.bc "
@I [HLS-100] Command 'is_encrypted' returned 0; elapsed 0Total elapsed time: 9.145 sec.
@I [HLS-0] Finish building internal data model.
@I [HLS-100] Command 'opt_and_import_c' returned 0; elapsed 0.553Total elapsed time: 9.173 sec.
@I [HLS-111] Elapsed time: 9.183 seconds; current memory usage: 72.1 MB.
@I [HLS-100] Command 'elaborate' returned 0; elapsed 7.881Total elapsed time: 9.181 sec.
@I [HLS-100] Command "autosyn "
@I [HLS-10] Starting hardware synthesis ...
@0 [HLS-0] Starting hardware synthesis ...
@I [HLS-0] Synthesizing C/C++ design ...
@I [HLS-10] Synthesizing 'insertion_sort' ...
@0 [HLS-0] Synthesizing 'insertion_sort' ...
@I [HLS-100] Command "ap_set_top_model insertion_sort "
@I [HLS-100] Command 'ap_set_top_model' returned 0; elapsed 0Total elapsed time: 9.186 sec.
@I [HLS-100] Command "get_model_list insertion_sort -filter all-wo-channel -topdown "
@I [HLS-100] Command 'get_model_list' returned 0; elapsed 0Total elapsed time: 9.187 sec.
@I [HLS-100] Command "preproc_iomode -model insertion_sort "
@I [HLS-100] Command 'preproc_iomode' returned 0; elapsed 0Total elapsed time: 9.188 sec.
@I [HLS-100] Command "get_model_list insertion_sort -filter all-wo-channel "
@I [HLS-100] Command 'get_model_list' returned 0; elapsed 0Total elapsed time: 9.190 sec.
@I [HLS-0] Model list for configure: insertion_sort
@I [HLS-0] Configuring Module : insertion_sort ...
@I [HLS-100] Command "set_default_model insertion_sort "
@I [HLS-100] Command 'set_default_model' returned 0; elapsed 0Total elapsed time: 9.191 sec.
@I [HLS-100] Command "apply_spec_resource_limit insertion_sort "
@I [HLS-100] Command 'apply_spec_resource_limit' returned 0; elapsed 0Total elapsed time: 9.191 sec.
@I [HLS-0] Model list for preprocess: insertion_sort
@I [HLS-0] Preprocessing Module: insertion_sort ...
@I [HLS-100] Command "set_default_model insertion_sort "
@I [HLS-100] Command 'set_default_model' returned 0; elapsed 0Total elapsed time: 9.192 sec.
@I [HLS-100] Command "cdfg_preprocess -model insertion_sort "
@I [HLS-100] Command 'cdfg_preprocess' returned 0; elapsed 0.002Total elapsed time: 9.195 sec.
@I [HLS-100] Command "rtl_gen_preprocess insertion_sort "
@I [HLS-100] Command 'rtl_gen_preprocess' returned 0; elapsed 0Total elapsed time: 9.196 sec.
@I [HLS-0] Model list for synthesis: insertion_sort
@I [HLS-10] ----------------------------------------------------------------
@0 [HLS-0] ----------------------------------------------------------------
@I [HLS-10] -- Scheduling module 'insertion_sort' 
@0 [HLS-0] -- Scheduling module 'insertion_sort' 
@I [HLS-10] ----------------------------------------------------------------
@0 [HLS-0] ----------------------------------------------------------------
@I [HLS-100] Command "set_default_model insertion_sort "
@I [HLS-100] Command 'set_default_model' returned 0; elapsed 0Total elapsed time: 9.199 sec.
@I [HLS-100] Command "schedule -model insertion_sort "
@I [SCHED-11] Starting scheduling ...
@I [SCHED-11] Finished scheduling.
@I [HLS-100] Command 'schedule' returned 0; elapsed 0.032Total elapsed time: 9.232 sec.
@I [HLS-111] Elapsed time: 0.057 seconds; current memory usage: 73 MB.
@I [HLS-100] Command "report -o C:/Users/aaron/Desktop/git_article/vivadoProjects/insertion_sort/solution1/.autopilot/db/insertion_sort.verbose.sched.rpt -verbose -f "
@I [HLS-100] Command 'report' returned 0; elapsed 0.004Total elapsed time: 9.244 sec.
@I [HLS-100] Command "db_write -o C:/Users/aaron/Desktop/git_article/vivadoProjects/insertion_sort/solution1/.autopilot/db/insertion_sort.sched.adb -f "
@I [HLS-100] Command 'db_write' returned 0; elapsed 0.01Total elapsed time: 9.255 sec.
@I [HLS-0] Finish scheduling insertion_sort.
@I [HLS-10] ----------------------------------------------------------------
@0 [HLS-0] ----------------------------------------------------------------
@I [HLS-10] -- Exploring micro-architecture for module 'insertion_sort' 
@0 [HLS-0] -- Exploring micro-architecture for module 'insertion_sort' 
@I [HLS-10] ----------------------------------------------------------------
@0 [HLS-0] ----------------------------------------------------------------
@I [HLS-100] Command "set_default_model insertion_sort "
@I [HLS-100] Command 'set_default_model' returned 0; elapsed 0Total elapsed time: 9.258 sec.
@I [HLS-100] Command "bind -model insertion_sort "
@I [BIND-110] clear=
@I [BIND-110] debug=
@I [BIND-110] drf=
@I [BIND-110] effort=
@I [BIND-110] fast_refine=
@I [BIND-110] fu_weight=[ 0.0 -- 1.0 ]
@I [BIND-110] global_opt=
@I [BIND-110] gsearch=
@I [BIND-110] help=
@I [BIND-110] help-hidden=
@I [BIND-110] min_mem_port=
@I [BIND-110] min_op=
@I [BIND-110] minreg=
@I [BIND-110] ml=
@I [BIND-110] model=insertion_sort
@I [BIND-110] no_false_path=
@I [BIND-110] no_min_op=
@I [BIND-110] normalize=
@I [BIND-110] quiet=
@I [BIND-110] refine=
@I [BIND-110] reg_weight=[ 0.0 -- 1.0 ]
@I [BIND-110] search=
@I [BIND-110] tight_delay=
@I [BIND-110] verbose=
@I [BIND-110] wFF=
@I [BIND-110] wFU=
@I [BIND-110] wMUX=
@I [BIND-110] wNET=
@I [BIND-100] Starting micro-architecture generation ...
@I [BIND-101] Performing variable lifetime analysis.
@I [BIND-101] Exploring resource sharing.
@I [BIND-101] Binding ...
@I [BIND-100] Finished micro-architecture generation.
@I [HLS-100] Command 'bind' returned 0; elapsed 0.01Total elapsed time: 9.269 sec.
@I [HLS-111] Elapsed time: 0.037 seconds; current memory usage: 73 MB.
@I [HLS-100] Command "report -o C:/Users/aaron/Desktop/git_article/vivadoProjects/insertion_sort/solution1/.autopilot/db/insertion_sort.verbose.bind.rpt -verbose -f "
@I [HLS-100] Command 'report' returned 0; elapsed 0.025Total elapsed time: 9.301 sec.
@I [HLS-100] Command "db_write -o C:/Users/aaron/Desktop/git_article/vivadoProjects/insertion_sort/solution1/.autopilot/db/insertion_sort.bind.adb -f "
@I [HLS-100] Command 'db_write' returned 0; elapsed 0.018Total elapsed time: 9.321 sec.
@I [HLS-0] Finish binding insertion_sort.
@I [HLS-100] Command "get_model_list insertion_sort -filter all-wo-channel "
@I [HLS-100] Command 'get_model_list' returned 0; elapsed 0Total elapsed time: 9.322 sec.
@I [HLS-0] Preprocessing for RTLGen ...
@I [HLS-100] Command "rtl_gen_preprocess insertion_sort "
@I [HLS-100] Command 'rtl_gen_preprocess' returned 0; elapsed 0Total elapsed time: 9.323 sec.
@I [HLS-0] Model list for RTL generation: insertion_sort
@I [HLS-10] ----------------------------------------------------------------
@0 [HLS-0] ----------------------------------------------------------------
@I [HLS-10] -- Generating RTL for module 'insertion_sort' 
@0 [HLS-0] -- Generating RTL for module 'insertion_sort' 
@I [HLS-10] ----------------------------------------------------------------
@0 [HLS-0] ----------------------------------------------------------------
@I [HLS-100] Command "create_rtl_model insertion_sort -vendor xilinx -mg_file C:/Users/aaron/Desktop/git_article/vivadoProjects/insertion_sort/solution1/.autopilot/db/insertion_sort.compgen.tcl "
@I [RTGEN-500] Setting interface mode on port 'insertion_sort/A' to 'ap_memory'.
@I [RTGEN-500] Setting interface mode on function 'insertion_sort' to 'ap_ctrl_hs'.
@I [RTGEN-100] Generating core module 'insertion_sort_fcmp_32ns_32ns_1_1': 1 instance(s).
@I [RTGEN-100] Finished creating RTL model for 'insertion_sort'.
@I [HLS-100] Command 'create_rtl_model' returned 0; elapsed 0.014Total elapsed time: 9.344 sec.
@I [HLS-111] Elapsed time: 0.077 seconds; current memory usage: 73 MB.
@I [HLS-100] Command "source C:/Users/aaron/Desktop/git_article/vivadoProjects/insertion_sort/solution1/.autopilot/db/insertion_sort.rtl_wrap.cfg.tcl "
@I [HLS-100] Command 'ap_source' returned 0; elapsed 0.001Total elapsed time: 9.355 sec.
@I [HLS-100] Command "gen_rtl insertion_sort -istop -style xilinx -tracefl mytrace -tracefmt vcd -traceopt all -f -lang sc -o C:/Users/aaron/Desktop/git_article/vivadoProjects/insertion_sort/solution1/syn/systemc/insertion_sort -synmodules insertion_sort "
@I [HLS-100] Command 'gen_rtl' returned 0; elapsed 0.004Total elapsed time: 9.361 sec.
@I [HLS-100] Command "gen_rtl insertion_sort -istop -style xilinx -f -lang vhdl -o C:/Users/aaron/Desktop/git_article/vivadoProjects/insertion_sort/solution1/syn/vhdl/insertion_sort "
@I [HLS-100] Command 'gen_rtl' returned 0; elapsed 0.017Total elapsed time: 9.379 sec.
@I [HLS-100] Command "gen_rtl insertion_sort -istop -style xilinx -f -lang vlog -o C:/Users/aaron/Desktop/git_article/vivadoProjects/insertion_sort/solution1/syn/verilog/insertion_sort "
@I [HLS-100] Command 'gen_rtl' returned 0; elapsed 0.008Total elapsed time: 9.389 sec.
@I [HLS-100] Command "export_constraint_db -o C:/Users/aaron/Desktop/git_article/vivadoProjects/insertion_sort/solution1/.autopilot/db/insertion_sort.constraint.tcl -f -tool general "
@I [HLS-100] Command 'export_constraint_db' returned 0; elapsed 0.001Total elapsed time: 9.391 sec.
@I [HLS-100] Command "report -model insertion_sort -o C:/Users/aaron/Desktop/git_article/vivadoProjects/insertion_sort/solution1/.autopilot/db/insertion_sort.design.xml -verbose -f -dv "
@I [HLS-100] Command 'report' returned 0; elapsed 0.014Total elapsed time: 9.406 sec.
@I [HLS-100] Command "report -model insertion_sort -o C:/Users/aaron/Desktop/git_article/vivadoProjects/insertion_sort/solution1/.autopilot/db/insertion_sort.sdaccel.xml -verbose -f -sdaccel "
@I [HLS-100] Command 'report' returned 0; elapsed 0.023Total elapsed time: 9.430 sec.
@I [HLS-100] Command "gen_tb_info insertion_sort -o C:/Users/aaron/Desktop/git_article/vivadoProjects/insertion_sort/solution1/.autopilot/db/insertion_sort -p C:/Users/aaron/Desktop/git_article/vivadoProjects/insertion_sort/solution1/.autopilot/db "
@I [HLS-100] Command 'gen_tb_info' returned 0; elapsed 0.006Total elapsed time: 9.436 sec.
@I [HLS-100] Command "report -model insertion_sort -o C:/Users/aaron/Desktop/git_article/vivadoProjects/insertion_sort/solution1/syn/report/insertion_sort_csynth.rpt -f "
@I [HLS-100] Command 'report' returned 0; elapsed 0.012Total elapsed time: 9.449 sec.
@I [HLS-100] Command "report -model insertion_sort -o C:/Users/aaron/Desktop/git_article/vivadoProjects/insertion_sort/solution1/syn/report/insertion_sort_csynth.xml -f -x "
@I [HLS-100] Command 'report' returned 0; elapsed 0.008Total elapsed time: 9.459 sec.
@I [HLS-100] Command "report -model insertion_sort -o C:/Users/aaron/Desktop/git_article/vivadoProjects/insertion_sort/solution1/.autopilot/db/insertion_sort.verbose.rpt -verbose -f "
@I [HLS-100] Command 'report' returned 0; elapsed 0.036Total elapsed time: 9.496 sec.
@I [HLS-100] Command "db_write -model insertion_sort -o C:/Users/aaron/Desktop/git_article/vivadoProjects/insertion_sort/solution1/.autopilot/db/insertion_sort.adb -f "
@I [HLS-100] Command 'db_write' returned 0; elapsed 0.02Total elapsed time: 9.517 sec.
@I [HLS-100] Command "sc_get_clocks insertion_sort "
@I [HLS-100] Command 'sc_get_clocks' returned 0; elapsed 0Total elapsed time: 9.593 sec.
@I [HLS-100] Command "sc_get_portdomain insertion_sort "
@I [HLS-100] Command 'sc_get_portdomain' returned 0; elapsed 0Total elapsed time: 9.593 sec.
@I [HLS-0] Model list for RTL component generation: insertion_sort
@I [HLS-0] Handling components in module [insertion_sort] ... 
@I [HLS-100] Command "source C:/Users/aaron/Desktop/git_article/vivadoProjects/insertion_sort/solution1/.autopilot/db/insertion_sort.compgen.tcl "
@I [HLS-0] Found component insertion_sort_fcmp_32ns_32ns_1_1.
@I [HLS-0] Append model insertion_sort_fcmp_32ns_32ns_1_1
@I [HLS-100] Command 'ap_source' returned 0; elapsed 0.002Total elapsed time: 9.606 sec.
@I [HLS-0] Append model insertion_sort
@I [HLS-0] Generating RTL model list ...
@I [HLS-0] All models in this session: insertion_sort_fcmp_32ns_32ns_1_1 insertion_sort
@I [HLS-0] To file: write model insertion_sort_fcmp_32ns_32ns_1_1
@I [HLS-0] To file: write model insertion_sort
@I [HLS-0] Finished generating RTL model list.


@I [HLS-0] RTL Generation done.
@I [HLS-0] CAS Generation done.
@I [HLS-0] CBC Generation done.
@I [HLS-100] Command "export_ssdm C:/Users/aaron/Desktop/git_article/vivadoProjects/insertion_sort/solution1/.autopilot/db/a.export.ll "
@I [HLS-100] Command 'export_ssdm' returned 0; elapsed 0.001Total elapsed time: 9.612 sec.
@I [HLS-100] Command "source C:/Users/aaron/Desktop/git_article/vivadoProjects/insertion_sort/solution1/.autopilot/db/global.setting.tcl "
@I [HLS-100] Command 'ap_source' returned 0; elapsed 0.001Total elapsed time: 9.619 sec.
@I [HLS-100] Command "source C:/Xilinx/Vivado_HLS/2016.1/common/technology/generic/autopilot/common.gen "
@I [HLS-100] Command "source C:/Xilinx/Vivado_HLS/2016.1/common/technology/generic/autopilot/APCoreGen.gen "
@I [HLS-100] Command 'ap_source' returned 0; elapsed 0.001Total elapsed time: 9.622 sec.
@I [HLS-100] Command 'ap_source' returned 0; elapsed 0.002Total elapsed time: 9.623 sec.
@I [HLS-100] Command "source C:/Xilinx/Vivado_HLS/2016.1/common/technology/generic/autopilot/op.gen "
@I [HLS-100] Command 'ap_source' returned 0; elapsed 0Total elapsed time: 9.624 sec.
@I [HLS-100] Command "source C:/Xilinx/Vivado_HLS/2016.1/common/technology/generic/autopilot/op_simcore.gen "
@I [HLS-100] Command 'ap_source' returned 0; elapsed 0.001Total elapsed time: 9.626 sec.
@I [HLS-100] Command "source C:/Xilinx/Vivado_HLS/2016.1/common/technology/generic/autopilot/interface.gen "
@I [HLS-100] Command 'ap_source' returned 0; elapsed 0Total elapsed time: 9.627 sec.
@I [HLS-100] Command "source C:/Users/aaron/Desktop/git_article/vivadoProjects/insertion_sort/solution1/.autopilot/db/global.setting.tcl "
@I [HLS-100] Command 'ap_source' returned 0; elapsed 0.003Total elapsed time: 9.631 sec.
@I [HLS-100] Command "source C:/Xilinx/Vivado_HLS/2016.1/common/technology/xilinx/artix7/artix7.gen "
@I [HLS-100] Command "source C:/Xilinx/Vivado_HLS/2016.1/common/technology/xilinx/common/virtex.gen "
@I [HLS-100] Command "source C:/Xilinx/Vivado_HLS/2016.1/common/technology/xilinx/common/xilinx.gen "
@I [HLS-100] Command "source C:/Xilinx/Vivado_HLS/2016.1/common/technology/xilinx/interface/plb46.gen "
@I [HLS-100] Command 'ap_source' returned 0; elapsed 0.003Total elapsed time: 9.638 sec.
@I [HLS-100] Command "source C:/Xilinx/Vivado_HLS/2016.1/common/technology/xilinx/interface/fsl.gen "
@I [HLS-100] Command 'ap_source' returned 0; elapsed 0.001Total elapsed time: 9.641 sec.
@I [HLS-100] Command "source C:/Xilinx/Vivado_HLS/2016.1/common/technology/xilinx/interface/axi4.gen "
@I [HLS-100] Command 'ap_source' returned 0; elapsed 0.006Total elapsed time: 9.648 sec.
@I [HLS-100] Command "source C:/Xilinx/Vivado_HLS/2016.1/common/technology/xilinx/interface/nativeAXI4.gen "
@I [HLS-100] Command "source C:/Xilinx/Vivado_HLS/2016.1/common/technology/xilinx/interface/saxilite.gen "
@I [HLS-100] Command 'ap_source' returned 0; elapsed 0.006Total elapsed time: 9.656 sec.
@I [HLS-100] Command "source C:/Xilinx/Vivado_HLS/2016.1/common/technology/xilinx/interface/maxi.gen "
@I [HLS-100] Command 'ap_source' returned 0; elapsed 0.009Total elapsed time: 9.666 sec.
@I [HLS-100] Command 'ap_source' returned 0; elapsed 0.017Total elapsed time: 9.667 sec.
@I [HLS-100] Command "source C:/Xilinx/Vivado_HLS/2016.1/common/technology/xilinx/scripts/xilinxcoregen.gen "
@I [HLS-100] Command 'ap_source' returned 0; elapsed 0.011Total elapsed time: 9.678 sec.
@I [HLS-100] Command "source C:/Xilinx/Vivado_HLS/2016.1/common/technology/xilinx/interface/XilEDKCoreGen.gen "
@I [HLS-100] Command 'ap_source' returned 0; elapsed 0.01Total elapsed time: 9.689 sec.
@I [HLS-100] Command "source C:/Xilinx/Vivado_HLS/2016.1/common/technology/xilinx/ip/dds_compiler.gen "
@I [HLS-100] Command 'ap_source' returned 0; elapsed 0.004Total elapsed time: 9.694 sec.
@I [HLS-100] Command "source C:/Xilinx/Vivado_HLS/2016.1/common/technology/xilinx/ip/util.gen "
@I [HLS-100] Command 'ap_source' returned 0; elapsed 0Total elapsed time: 9.695 sec.
@I [HLS-100] Command "source C:/Xilinx/Vivado_HLS/2016.1/common/technology/xilinx/ip/xfft.gen "
@I [HLS-100] Command 'ap_source' returned 0; elapsed 0.234Total elapsed time: 9.931 sec.
@I [HLS-100] Command "source C:/Xilinx/Vivado_HLS/2016.1/common/technology/xilinx/ip/xfir.gen "
@I [HLS-100] Command 'ap_source' returned 0; elapsed 0.001Total elapsed time: 9.932 sec.
@I [HLS-100] Command 'ap_source' returned 0; elapsed 0.297Total elapsed time: 9.933 sec.
@I [HLS-100] Command "source C:/Xilinx/Vivado_HLS/2016.1/common/technology/xilinx/common/dsp48.gen "
@I [HLS-100] Command 'ap_source' returned 0; elapsed 0Total elapsed time: 9.934 sec.
@I [HLS-100] Command 'ap_source' returned 0; elapsed 0.301Total elapsed time: 9.935 sec.
@I [HLS-100] Command 'ap_source' returned 0; elapsed 0.301Total elapsed time: 9.935 sec.
@I [HLS-100] Command "source C:/Xilinx/Vivado_HLS/2016.1/common/technology/xilinx/artix7/artix7_fpv6.gen "
@I [HLS-100] Command "source C:/Xilinx/Vivado_HLS/2016.1/common/technology/xilinx/common/xilinx_fpv6.gen "
@I [HLS-100] Command 'ap_source' returned 0; elapsed 0.001Total elapsed time: 9.937 sec.
@I [HLS-100] Command 'ap_source' returned 0; elapsed 0.003Total elapsed time: 9.938 sec.
@I [HLS-100] Command "source C:/Users/aaron/Desktop/git_article/vivadoProjects/insertion_sort/solution1/.autopilot/db/global.setting.tcl "
@I [HLS-100] Command 'ap_source' returned 0; elapsed 0Total elapsed time: 9.940 sec.
@I [HLS-100] Command "source C:/Users/aaron/Desktop/git_article/vivadoProjects/insertion_sort/solution1/.autopilot/db/global.setting.tcl "
@I [HLS-100] Command 'ap_source' returned 0; elapsed 0.001Total elapsed time: 9.942 sec.
@I [HLS-100] Command "source C:/Users/aaron/Desktop/git_article/vivadoProjects/insertion_sort/solution1/.autopilot/db/global.setting.tcl "
@I [HLS-100] Command 'ap_source' returned 0; elapsed 0.001Total elapsed time: 9.944 sec.
@I [HLS-100] Command "source C:/Users/aaron/Desktop/git_article/vivadoProjects/insertion_sort/solution1/.autopilot/db/global.setting.tcl "
@I [HLS-100] Command 'ap_source' returned 0; elapsed 0.001Total elapsed time: 9.945 sec.
@I [HLS-100] Command "source C:/Users/aaron/Desktop/git_article/vivadoProjects/insertion_sort/solution1/.autopilot/db/insertion_sort.compgen.tcl "
@I [HLS-100] Command 'ap_source' returned 0; elapsed 0.035Total elapsed time: 9.981 sec.
@I [HLS-10] Finished generating all RTL models.
@0 [HLS-0] Finished generating all RTL models.
@I [SYSC-301] Generating SystemC RTL for insertion_sort.
@I [VHDL-304] Generating VHDL RTL for insertion_sort.
@I [VLOG-307] Generating Verilog RTL for insertion_sort.
@I [HLS-100] Command 'autosyn' returned 0; elapsed 0.883Total elapsed time: 10.64 sec.
@I [HLS-100] Command 'csynth_design' returned 0; elapsed 8.765Total elapsed time: 10.65 sec.
@I [HLS-100] Command 'ap_source' returned 0; elapsed 9.079Total elapsed time: 10.66 sec.
@I [HLS-100] Command "cleanup_all "
@I [HLS-100] Command 'cleanup_all' returned 0; elapsed 0.003Total elapsed time: 10.71 sec.
