

================================================================
== Vivado HLS Report for 'insertionSort'
================================================================
* Date:           Fri Jul 09 21:09:17 2021

* Version:        2016.1 (Build 1538259 on Fri Apr 08 16:12:49 MDT 2016)
* Project:        insertion_sort
* Solution:       solution1
* Product family: artix7
* Target device:  xc7a100tcsg324-1


================================================================
== Performance Estimates
================================================================
+ Timing (ns): 
    * Summary: 
    +--------+-------+----------+------------+
    |  Clock | Target| Estimated| Uncertainty|
    +--------+-------+----------+------------+
    |ap_clk  |  10.00|      5.48|        1.25|
    +--------+-------+----------+------------+

+ Latency (clock cycles): 
    * Summary: 
    +-----+--------+-----+--------+---------+
    |    Latency   |   Interval   | Pipeline|
    | min |   max  | min |   max  |   Type  |
    +-----+--------+-----+--------+---------+
    |    1|  130563|    2|  130564|   none  |
    +-----+--------+-----+--------+---------+

    + Detail: 
        * Instance: 
        N/A

        * Loop: 
        +-------------+------+--------+----------+-----------+-----------+---------+----------+
        |             |    Latency    | Iteration|  Initiation Interval  |   Trip  |          |
        |  Loop Name  |  min |   max  |  Latency |  achieved |   target  |  Count  | Pipelined|
        +-------------+------+--------+----------+-----------+-----------+---------+----------+
        |- Loop 1     |  1020|  130560|  4 ~ 512 |          -|          -|      255|    no    |
        | + Loop 1.1  |     2|     510|         2|          -|          -| 1 ~ 255 |    no    |
        +-------------+------+--------+----------+-----------+-----------+---------+----------+

============================================================
+ Verbose Summary: Synthesis Manager
============================================================
InlineROM: 1
ExposeGlobal: 0
============================================================
+ Verbose Summary: CDFG Model
============================================================
IsTopModel: 1
ResetActiveHigh: 1
IsCombinational: 0
IsDatapathOnly: 0
HasWiredReturn: 1
HasMFsm: 0
HasVarLatency: 1
IsPipeline: 0
IsRtlPipelined: 0
IsInstanceOverlapped: 0
IsDontTouch: 0
HasImplIP: 0
IsGatedGlobalClock: 0


============================================================
+ Verbose Summary: Schedule
============================================================
* Number of FSM states: 6
* Pipeline: 0
* Dataflow Pipeline: 0

* FSM state transitions: 
1 --> 
	2  / (!icmp)
	6  / (icmp)
2 --> 
	3  / (!flagFill_load & !exitcond_i)
	5  / (flagFill_load) | (exitcond_i)
3 --> 
	4  / (tmp_i)
	2  / (!tmp_i)
4 --> 
	3  / true
5 --> 
	6  / true
6 --> 
* FSM state operations: 

 <State 1>: 2.71ns
ST_1: stg_7 [1/1] 0.00ns
codeRepl:0  call void (...)* @_ssdm_op_SpecBitsMap(i16* %agg_result_data), !map !7

ST_1: stg_8 [1/1] 0.00ns
codeRepl:1  call void (...)* @_ssdm_op_SpecBitsMap(i1* %agg_result_done_V), !map !11

ST_1: stg_9 [1/1] 0.00ns
codeRepl:2  call void (...)* @_ssdm_op_SpecBitsMap(i16 %dataIn), !map !15

ST_1: stg_10 [1/1] 0.00ns
codeRepl:3  call void (...)* @_ssdm_op_SpecBitsMap(i8 %posOutData), !map !21

ST_1: posOutData_read [1/1] 0.00ns
codeRepl:4  %posOutData_read = call i8 @_ssdm_op_Read.ap_auto.i8(i8 %posOutData)

ST_1: dataIn_read [1/1] 0.00ns
codeRepl:5  %dataIn_read = call i16 @_ssdm_op_Read.ap_auto.i16(i16 %dataIn)

ST_1: stg_13 [1/1] 0.00ns
codeRepl:6  call void (...)* @_ssdm_op_SpecTopModule([14 x i8]* @insertionSort_str) nounwind

ST_1: count_load [1/1] 0.00ns
codeRepl:7  %count_load = load i16* @count, align 2

ST_1: tmp [1/1] 0.00ns
codeRepl:8  %tmp = call i8 @_ssdm_op_PartSelect.i8.i16.i32.i32(i16 %count_load, i32 8, i32 15)

ST_1: icmp [1/1] 2.47ns
codeRepl:9  %icmp = icmp slt i8 %tmp, 1

ST_1: sOutData_done_V_load [1/1] 0.00ns
codeRepl:10  %sOutData_done_V_load = load i1* @sOutData_done_V, align 1

ST_1: stg_18 [1/1] 0.00ns
codeRepl:11  br i1 %icmp, label %0, label %1

ST_1: flagFill_load [1/1] 0.00ns
:0  %flagFill_load = load i1* @flagFill, align 1

ST_1: stg_20 [1/1] 1.57ns
:1  br i1 %flagFill_load, label %._crit_edge7, label %.preheader

ST_1: tmp_1 [1/1] 0.00ns
:0  %tmp_1 = sext i16 %count_load to i64

ST_1: A_addr [1/1] 0.00ns
:1  %A_addr = getelementptr inbounds [256 x i16]* @A, i64 0, i64 %tmp_1

ST_1: stg_23 [1/1] 2.71ns
:2  store i16 %dataIn_read, i16* %A_addr, align 2

ST_1: tmp_2 [1/1] 1.91ns
:3  %tmp_2 = add i16 %count_load, 1

ST_1: stg_25 [1/1] 0.00ns
:4  store i16 %tmp_2, i16* @count, align 2

ST_1: sOutData_data_load [1/1] 0.00ns
:5  %sOutData_data_load = load i16* @sOutData_data, align 2

ST_1: stg_27 [1/1] 1.57ns
:6  br label %5


 <State 2>: 4.08ns
ST_2: i_i [1/1] 0.00ns
.preheader:0  %i_i = phi i9 [ %i, %4 ], [ 1, %1 ]

ST_2: exitcond_i [1/1] 2.51ns
.preheader:1  %exitcond_i = icmp eq i9 %i_i, -256

ST_2: empty [1/1] 0.00ns
.preheader:2  %empty = call i32 (...)* @_ssdm_op_SpecLoopTripCount(i64 255, i64 255, i64 255)

ST_2: stg_31 [1/1] 1.57ns
.preheader:3  br i1 %exitcond_i, label %insertionAlgorithm.exit, label %.preheader.i

ST_2: stg_32 [1/1] 0.00ns
insertionAlgorithm.exit:0  store i1 true, i1* @sOutData_done_V, align 2

ST_2: stg_33 [1/1] 0.00ns
insertionAlgorithm.exit:1  store i1 true, i1* @flagFill, align 1

ST_2: stg_34 [1/1] 1.57ns
insertionAlgorithm.exit:2  br label %._crit_edge7

ST_2: mem_index_gep4_cast [1/1] 0.00ns
._crit_edge7:1  %mem_index_gep4_cast = sext i8 %posOutData_read to i11

ST_2: adjSize [1/1] 0.00ns
._crit_edge7:2  %adjSize = zext i11 %mem_index_gep4_cast to i64

ST_2: tmp_3 [1/1] 0.00ns
._crit_edge7:3  %tmp_3 = call i1 @_ssdm_op_BitSelect.i1.i8.i32(i8 %posOutData_read, i32 7)

ST_2: gepindex2 [1/1] 1.37ns
._crit_edge7:4  %gepindex2 = select i1 %tmp_3, i64 255, i64 %adjSize

ST_2: A_addr_3 [1/1] 0.00ns
._crit_edge7:5  %A_addr_3 = getelementptr [256 x i16]* @A, i64 0, i64 %gepindex2

ST_2: A_load [2/2] 2.71ns
._crit_edge7:6  %A_load = load i16* %A_addr_3, align 2


 <State 3>: 4.50ns
ST_3: j_0_in_i [1/1] 0.00ns
.preheader.i:0  %j_0_in_i = phi i9 [ %j, %._crit_edge.i ], [ %i_i, %.preheader ]

ST_3: j_0_in_i_cast [1/1] 0.00ns
.preheader.i:1  %j_0_in_i_cast = sext i9 %j_0_in_i to i32

ST_3: j [1/1] 1.79ns
.preheader.i:2  %j = add i9 %j_0_in_i, -1

ST_3: j_cast [1/1] 0.00ns
.preheader.i:3  %j_cast = sext i9 %j to i32

ST_3: tmp_i [1/1] 2.51ns
.preheader.i:4  %tmp_i = icmp sgt i9 %j_0_in_i, 0

ST_3: empty_4 [1/1] 0.00ns
.preheader.i:5  %empty_4 = call i32 (...)* @_ssdm_op_SpecLoopTripCount(i64 1, i64 255, i64 0)

ST_3: stg_47 [1/1] 0.00ns
.preheader.i:6  br i1 %tmp_i, label %2, label %4

ST_3: tmp_5_i [1/1] 0.00ns
:0  %tmp_5_i = zext i32 %j_cast to i64

ST_3: A_addr_1 [1/1] 0.00ns
:1  %A_addr_1 = getelementptr [256 x i16]* @A, i64 0, i64 %tmp_5_i

ST_3: temp [2/2] 2.71ns
:2  %temp = load i16* %A_addr_1, align 2

ST_3: tmp_6_i [1/1] 0.00ns
:3  %tmp_6_i = zext i32 %j_0_in_i_cast to i64

ST_3: A_addr_2 [1/1] 0.00ns
:4  %A_addr_2 = getelementptr [256 x i16]* @A, i64 0, i64 %tmp_6_i

ST_3: A_load_1 [2/2] 2.71ns
:5  %A_load_1 = load i16* %A_addr_2, align 2

ST_3: i [1/1] 1.79ns
:0  %i = add i9 %i_i, 1

ST_3: stg_55 [1/1] 0.00ns
:1  br label %.preheader


 <State 4>: 5.48ns
ST_4: temp [1/2] 2.71ns
:2  %temp = load i16* %A_addr_1, align 2

ST_4: A_load_1 [1/2] 2.71ns
:5  %A_load_1 = load i16* %A_addr_2, align 2

ST_4: tmp_7_i [1/1] 2.77ns
:6  %tmp_7_i = icmp sgt i16 %temp, %A_load_1

ST_4: stg_59 [1/1] 0.00ns
:7  br i1 %tmp_7_i, label %3, label %._crit_edge.i

ST_4: stg_60 [1/1] 2.71ns
:0  store i16 %A_load_1, i16* %A_addr_1, align 2

ST_4: stg_61 [1/1] 2.71ns
:1  store i16 %temp, i16* %A_addr_2, align 2

ST_4: stg_62 [1/1] 0.00ns
:2  br label %._crit_edge.i

ST_4: stg_63 [1/1] 0.00ns
._crit_edge.i:0  br label %.preheader.i


 <State 5>: 4.28ns
ST_5: sOutData_done_V_loc [1/1] 0.00ns
._crit_edge7:0  %sOutData_done_V_loc = phi i1 [ true, %insertionAlgorithm.exit ], [ %sOutData_done_V_load, %1 ]

ST_5: A_load [1/2] 2.71ns
._crit_edge7:6  %A_load = load i16* %A_addr_3, align 2

ST_5: stg_66 [1/1] 0.00ns
._crit_edge7:7  store i16 %A_load, i16* @sOutData_data, align 2

ST_5: stg_67 [1/1] 1.57ns
._crit_edge7:8  br label %5


 <State 6>: 0.00ns
ST_6: storemerge1 [1/1] 0.00ns
:0  %storemerge1 = phi i16 [ %A_load, %._crit_edge7 ], [ %sOutData_data_load, %0 ]

ST_6: storemerge [1/1] 0.00ns
:1  %storemerge = phi i1 [ %sOutData_done_V_loc, %._crit_edge7 ], [ %sOutData_done_V_load, %0 ]

ST_6: stg_70 [1/1] 0.00ns
:2  call void @_ssdm_op_Write.ap_auto.i16P(i16* %agg_result_data, i16 %storemerge1)

ST_6: stg_71 [1/1] 0.00ns
:3  call void @_ssdm_op_Write.ap_auto.i1P(i1* %agg_result_done_V, i1 %storemerge)

ST_6: stg_72 [1/1] 0.00ns
:4  ret void



============================================================
+ Verbose Summary: Binding
============================================================
STG Binding: 
---------------- STG Properties BEGIN ----------------
- Is combinational: 0
- Is one-state seq: 0
- Is datapath-only: 0
- Is clock enabled: 0
- Is pipelined: 0
- Is top level: 1
Port [ Return ] is wired: 1; IO mode=ap_ctrl_hs:ce=0
Port [ agg_result_data]:  wired=1; compound=0; hidden=0; nouse=0; global=0; static=0; extern=0; dir=1; type=0; pingpong=0; private_global=0; IO mode=ap_vld:ce=0
Port [ agg_result_done_V]:  wired=1; compound=0; hidden=0; nouse=0; global=0; static=0; extern=0; dir=1; type=0; pingpong=0; private_global=0; IO mode=ap_vld:ce=0
Port [ dataIn]:  wired=1; compound=0; hidden=0; nouse=0; global=0; static=0; extern=0; dir=0; type=0; pingpong=0; private_global=0; IO mode=ap_none:ce=0
Port [ posOutData]:  wired=1; compound=0; hidden=0; nouse=0; global=0; static=0; extern=0; dir=0; type=0; pingpong=0; private_global=0; IO mode=ap_none:ce=0
Port [ count]:  wired=0; compound=0; hidden=1; nouse=0; global=1; static=1; extern=0; dir=2; type=0; pingpong=0; private_global=1; linkage=7; visibility=0; IO mode=ap_ovld:ce=0
Port [ sOutData_done_V]:  wired=0; compound=0; hidden=1; nouse=0; global=1; static=1; extern=0; dir=2; type=0; pingpong=0; private_global=1; linkage=7; visibility=0; IO mode=ap_ovld:ce=0
Port [ A]:  wired=0; compound=1; hidden=1; nouse=0; global=1; static=1; extern=0; dir=2; type=1; pingpong=0; private_global=1; linkage=7; visibility=0; MemPort=[22]; IO mode=ap_memory:ce=0
Port [ sOutData_data]:  wired=0; compound=0; hidden=1; nouse=0; global=1; static=1; extern=0; dir=2; type=0; pingpong=0; private_global=1; linkage=7; visibility=0; IO mode=ap_ovld:ce=0
Port [ flagFill]:  wired=0; compound=0; hidden=1; nouse=0; global=1; static=1; extern=0; dir=2; type=0; pingpong=0; private_global=1; linkage=7; visibility=0; IO mode=ap_ovld:ce=0
---------------- STG Properties END ------------------

---------------- Datapath Model BEGIN ----------------

<LifeTime>
<method=bitvector/>
stg_7                (specbitsmap      ) [ 0000000]
stg_8                (specbitsmap      ) [ 0000000]
stg_9                (specbitsmap      ) [ 0000000]
stg_10               (specbitsmap      ) [ 0000000]
posOutData_read      (read             ) [ 0011100]
dataIn_read          (read             ) [ 0000000]
stg_13               (spectopmodule    ) [ 0000000]
count_load           (load             ) [ 0000000]
tmp                  (partselect       ) [ 0000000]
icmp                 (icmp             ) [ 0100000]
sOutData_done_V_load (load             ) [ 0111111]
stg_18               (br               ) [ 0000000]
flagFill_load        (load             ) [ 0011100]
stg_20               (br               ) [ 0111110]
tmp_1                (sext             ) [ 0000000]
A_addr               (getelementptr    ) [ 0000000]
stg_23               (store            ) [ 0000000]
tmp_2                (add              ) [ 0000000]
stg_25               (store            ) [ 0000000]
sOutData_data_load   (load             ) [ 0111111]
stg_27               (br               ) [ 0111111]
i_i                  (phi              ) [ 0011100]
exitcond_i           (icmp             ) [ 0011100]
empty                (speclooptripcount) [ 0000000]
stg_31               (br               ) [ 0011100]
stg_32               (store            ) [ 0000000]
stg_33               (store            ) [ 0000000]
stg_34               (br               ) [ 0111110]
mem_index_gep4_cast  (sext             ) [ 0000000]
adjSize              (zext             ) [ 0000000]
tmp_3                (bitselect        ) [ 0000000]
gepindex2            (select           ) [ 0000000]
A_addr_3             (getelementptr    ) [ 0000010]
j_0_in_i             (phi              ) [ 0001000]
j_0_in_i_cast        (sext             ) [ 0000000]
j                    (add              ) [ 0011100]
j_cast               (sext             ) [ 0000000]
tmp_i                (icmp             ) [ 0011100]
empty_4              (speclooptripcount) [ 0000000]
stg_47               (br               ) [ 0000000]
tmp_5_i              (zext             ) [ 0000000]
A_addr_1             (getelementptr    ) [ 0000100]
tmp_6_i              (zext             ) [ 0000000]
A_addr_2             (getelementptr    ) [ 0000100]
i                    (add              ) [ 0111100]
stg_55               (br               ) [ 0111100]
temp                 (load             ) [ 0000000]
A_load_1             (load             ) [ 0000000]
tmp_7_i              (icmp             ) [ 0011100]
stg_59               (br               ) [ 0000000]
stg_60               (store            ) [ 0000000]
stg_61               (store            ) [ 0000000]
stg_62               (br               ) [ 0000000]
stg_63               (br               ) [ 0011100]
sOutData_done_V_loc  (phi              ) [ 0100011]
A_load               (load             ) [ 0100011]
stg_66               (store            ) [ 0000000]
stg_67               (br               ) [ 0100011]
storemerge1          (phi              ) [ 0000001]
storemerge           (phi              ) [ 0000001]
stg_70               (write            ) [ 0000000]
stg_71               (write            ) [ 0000000]
stg_72               (ret              ) [ 0000000]
</LifeTime>

<model>

<comp_list>
<comp id="0" class="1000" name="agg_result_data">
<pin_list>
<pin id="1" dir="1" index="0" bw="1" slack="0"/>
</pin_list>
<bind>
<StgValue><ssdm name="agg_result_data"/></StgValue>
</bind>
</comp>

<comp id="2" class="1000" name="agg_result_done_V">
<pin_list>
<pin id="3" dir="1" index="0" bw="1" slack="0"/>
</pin_list>
<bind>
<StgValue><ssdm name="agg_result_done_V"/></StgValue>
</bind>
</comp>

<comp id="4" class="1000" name="dataIn">
<pin_list>
<pin id="5" dir="1" index="0" bw="1" slack="0"/>
</pin_list>
<bind>
<StgValue><ssdm name="dataIn"/></StgValue>
</bind>
</comp>

<comp id="6" class="1000" name="posOutData">
<pin_list>
<pin id="7" dir="1" index="0" bw="1" slack="0"/>
</pin_list>
<bind>
<StgValue><ssdm name="posOutData"/></StgValue>
</bind>
</comp>

<comp id="8" class="1000" name="count">
<pin_list>
<pin id="9" dir="1" index="0" bw="1" slack="0"/>
</pin_list>
<bind>
<StgValue><ssdm name="count"/></StgValue>
</bind>
</comp>

<comp id="10" class="1000" name="sOutData_done_V">
<pin_list>
<pin id="11" dir="1" index="0" bw="1" slack="0"/>
</pin_list>
<bind>
<StgValue><ssdm name="sOutData_done_V"/></StgValue>
</bind>
</comp>

<comp id="12" class="1000" name="A">
<pin_list>
<pin id="13" dir="1" index="0" bw="1" slack="0"/>
</pin_list>
<bind>
<StgValue><ssdm name="A"/><MemPortTyVec>2 2 </MemPortTyVec>
</StgValue>
</bind>
</comp>

<comp id="14" class="1000" name="sOutData_data">
<pin_list>
<pin id="15" dir="1" index="0" bw="1" slack="0"/>
</pin_list>
<bind>
<StgValue><ssdm name="sOutData_data"/></StgValue>
</bind>
</comp>

<comp id="16" class="1000" name="flagFill">
<pin_list>
<pin id="17" dir="1" index="0" bw="1" slack="0"/>
</pin_list>
<bind>
<StgValue><ssdm name="flagFill"/></StgValue>
</bind>
</comp>

<comp id="18" class="1001" name="const_18">
<pin_list>
<pin id="19" dir="1" index="0" bw="1" slack="2147483647"/>
</pin_list>
<bind>
<StgValue><ssdm name="_ssdm_op_SpecBitsMap"/></StgValue>
</bind>
</comp>

<comp id="20" class="1001" name="const_20">
<pin_list>
<pin id="21" dir="1" index="0" bw="1" slack="0"/>
</pin_list>
<bind>
<StgValue><ssdm name="_ssdm_op_Read.ap_auto.i8"/></StgValue>
</bind>
</comp>

<comp id="22" class="1001" name="const_22">
<pin_list>
<pin id="23" dir="1" index="0" bw="1" slack="0"/>
</pin_list>
<bind>
<StgValue><ssdm name="_ssdm_op_Read.ap_auto.i16"/></StgValue>
</bind>
</comp>

<comp id="24" class="1001" name="const_24">
<pin_list>
<pin id="25" dir="1" index="0" bw="1" slack="2147483647"/>
</pin_list>
<bind>
<StgValue><ssdm name="_ssdm_op_SpecTopModule"/></StgValue>
</bind>
</comp>

<comp id="26" class="1001" name="const_26">
<pin_list>
<pin id="27" dir="1" index="0" bw="1" slack="2147483647"/>
</pin_list>
<bind>
<StgValue><ssdm name="insertionSort_str"/></StgValue>
</bind>
</comp>

<comp id="28" class="1001" name="const_28">
<pin_list>
<pin id="29" dir="1" index="0" bw="1" slack="0"/>
</pin_list>
<bind>
<StgValue><ssdm name="_ssdm_op_PartSelect.i8.i16.i32.i32"/></StgValue>
</bind>
</comp>

<comp id="30" class="1001" name="const_30">
<pin_list>
<pin id="31" dir="1" index="0" bw="1" slack="0"/>
</pin_list>
<bind>
<StgValue><ssdm name=""/></StgValue>
</bind>
</comp>

<comp id="32" class="1001" name="const_32">
<pin_list>
<pin id="33" dir="1" index="0" bw="1" slack="0"/>
</pin_list>
<bind>
<StgValue><ssdm name=""/></StgValue>
</bind>
</comp>

<comp id="34" class="1001" name="const_34">
<pin_list>
<pin id="35" dir="1" index="0" bw="1" slack="0"/>
</pin_list>
<bind>
<StgValue><ssdm name=""/></StgValue>
</bind>
</comp>

<comp id="36" class="1001" name="const_36">
<pin_list>
<pin id="37" dir="1" index="0" bw="1" slack="0"/>
</pin_list>
<bind>
<StgValue><ssdm name=""/></StgValue>
</bind>
</comp>

<comp id="38" class="1001" name="const_38">
<pin_list>
<pin id="39" dir="1" index="0" bw="1" slack="0"/>
</pin_list>
<bind>
<StgValue><ssdm name=""/></StgValue>
</bind>
</comp>

<comp id="40" class="1001" name="const_40">
<pin_list>
<pin id="41" dir="1" index="0" bw="1" slack="0"/>
</pin_list>
<bind>
<StgValue><ssdm name=""/></StgValue>
</bind>
</comp>

<comp id="42" class="1001" name="const_42">
<pin_list>
<pin id="43" dir="1" index="0" bw="1" slack="0"/>
</pin_list>
<bind>
<StgValue><ssdm name=""/></StgValue>
</bind>
</comp>

<comp id="44" class="1001" name="const_44">
<pin_list>
<pin id="45" dir="1" index="0" bw="1" slack="2147483647"/>
</pin_list>
<bind>
<StgValue><ssdm name="_ssdm_op_SpecLoopTripCount"/></StgValue>
</bind>
</comp>

<comp id="46" class="1001" name="const_46">
<pin_list>
<pin id="47" dir="1" index="0" bw="1" slack="0"/>
</pin_list>
<bind>
<StgValue><ssdm name=""/></StgValue>
</bind>
</comp>

<comp id="48" class="1001" name="const_48">
<pin_list>
<pin id="49" dir="1" index="0" bw="1" slack="0"/>
</pin_list>
<bind>
<StgValue><ssdm name=""/></StgValue>
</bind>
</comp>

<comp id="50" class="1001" name="const_50">
<pin_list>
<pin id="51" dir="1" index="0" bw="1" slack="0"/>
</pin_list>
<bind>
<StgValue><ssdm name="_ssdm_op_BitSelect.i1.i8.i32"/></StgValue>
</bind>
</comp>

<comp id="52" class="1001" name="const_52">
<pin_list>
<pin id="53" dir="1" index="0" bw="1" slack="0"/>
</pin_list>
<bind>
<StgValue><ssdm name=""/></StgValue>
</bind>
</comp>

<comp id="54" class="1001" name="const_54">
<pin_list>
<pin id="55" dir="1" index="0" bw="1" slack="0"/>
</pin_list>
<bind>
<StgValue><ssdm name=""/></StgValue>
</bind>
</comp>

<comp id="56" class="1001" name="const_56">
<pin_list>
<pin id="57" dir="1" index="0" bw="1" slack="0"/>
</pin_list>
<bind>
<StgValue><ssdm name=""/></StgValue>
</bind>
</comp>

<comp id="58" class="1001" name="const_58">
<pin_list>
<pin id="59" dir="1" index="0" bw="1" slack="2147483647"/>
</pin_list>
<bind>
<StgValue><ssdm name=""/></StgValue>
</bind>
</comp>

<comp id="60" class="1001" name="const_60">
<pin_list>
<pin id="61" dir="1" index="0" bw="1" slack="0"/>
</pin_list>
<bind>
<StgValue><ssdm name="_ssdm_op_Write.ap_auto.i16P"/></StgValue>
</bind>
</comp>

<comp id="62" class="1001" name="const_62">
<pin_list>
<pin id="63" dir="1" index="0" bw="1" slack="0"/>
</pin_list>
<bind>
<StgValue><ssdm name="_ssdm_op_Write.ap_auto.i1P"/></StgValue>
</bind>
</comp>

<comp id="64" class="1004" name="posOutData_read_read_fu_64">
<pin_list>
<pin id="65" dir="0" index="0" bw="8" slack="0"/>
<pin id="66" dir="0" index="1" bw="8" slack="0"/>
<pin id="67" dir="1" index="2" bw="8" slack="1"/>
</pin_list>
<bind>
<opcode="read(1150) " fcode="read"/>
<opset="posOutData_read/1 "/>
</bind>
</comp>

<comp id="70" class="1004" name="dataIn_read_read_fu_70">
<pin_list>
<pin id="71" dir="0" index="0" bw="16" slack="0"/>
<pin id="72" dir="0" index="1" bw="16" slack="0"/>
<pin id="73" dir="1" index="2" bw="16" slack="0"/>
</pin_list>
<bind>
<opcode="read(1150) " fcode="read"/>
<opset="dataIn_read/1 "/>
</bind>
</comp>

<comp id="76" class="1004" name="stg_70_write_fu_76">
<pin_list>
<pin id="77" dir="0" index="0" bw="0" slack="0"/>
<pin id="78" dir="0" index="1" bw="16" slack="0"/>
<pin id="79" dir="0" index="2" bw="16" slack="0"/>
<pin id="80" dir="1" index="3" bw="0" slack="2147483647"/>
</pin_list>
<bind>
<opcode="write(1151) " fcode="write"/>
<opset="stg_70/6 "/>
</bind>
</comp>

<comp id="83" class="1004" name="stg_71_write_fu_83">
<pin_list>
<pin id="84" dir="0" index="0" bw="0" slack="0"/>
<pin id="85" dir="0" index="1" bw="1" slack="0"/>
<pin id="86" dir="0" index="2" bw="1" slack="0"/>
<pin id="87" dir="1" index="3" bw="0" slack="2147483647"/>
</pin_list>
<bind>
<opcode="write(1151) " fcode="write"/>
<opset="stg_71/6 "/>
</bind>
</comp>

<comp id="90" class="1004" name="A_addr_gep_fu_90">
<pin_list>
<pin id="91" dir="0" index="0" bw="16" slack="0"/>
<pin id="92" dir="0" index="1" bw="1" slack="0"/>
<pin id="93" dir="0" index="2" bw="16" slack="0"/>
<pin id="94" dir="1" index="3" bw="8" slack="0"/>
</pin_list>
<bind>
<opcode="getelementptr(29) " fcode="getelementptr"/>
<opset="A_addr/1 "/>
</bind>
</comp>

<comp id="97" class="1004" name="grp_access_fu_97">
<pin_list>
<pin id="98" dir="0" index="0" bw="8" slack="0"/>
<pin id="99" dir="0" index="1" bw="16" slack="0"/>
<pin id="126" dir="0" index="3" bw="8" slack="0"/>
<pin id="127" dir="0" index="4" bw="16" slack="0"/>
<pin id="100" dir="1" index="2" bw="16" slack="0"/>
<pin id="128" dir="1" index="5" bw="16" slack="0"/>
</pin_list>
<bind>
<opcode="load(27) store(28) " fcode="store"/>
<opset="stg_23/1 A_load/2 temp/3 A_load_1/3 stg_60/4 stg_61/4 "/>
</bind>
</comp>

<comp id="103" class="1004" name="A_addr_3_gep_fu_103">
<pin_list>
<pin id="104" dir="0" index="0" bw="16" slack="0"/>
<pin id="105" dir="0" index="1" bw="1" slack="0"/>
<pin id="106" dir="0" index="2" bw="10" slack="0"/>
<pin id="107" dir="1" index="3" bw="8" slack="0"/>
</pin_list>
<bind>
<opcode="getelementptr(29) " fcode="getelementptr"/>
<opset="A_addr_3/2 "/>
</bind>
</comp>

<comp id="111" class="1004" name="A_addr_1_gep_fu_111">
<pin_list>
<pin id="112" dir="0" index="0" bw="16" slack="0"/>
<pin id="113" dir="0" index="1" bw="1" slack="0"/>
<pin id="114" dir="0" index="2" bw="32" slack="0"/>
<pin id="115" dir="1" index="3" bw="8" slack="0"/>
</pin_list>
<bind>
<opcode="getelementptr(29) " fcode="getelementptr"/>
<opset="A_addr_1/3 "/>
</bind>
</comp>

<comp id="119" class="1004" name="A_addr_2_gep_fu_119">
<pin_list>
<pin id="120" dir="0" index="0" bw="16" slack="0"/>
<pin id="121" dir="0" index="1" bw="1" slack="0"/>
<pin id="122" dir="0" index="2" bw="32" slack="0"/>
<pin id="123" dir="1" index="3" bw="8" slack="0"/>
</pin_list>
<bind>
<opcode="getelementptr(29) " fcode="getelementptr"/>
<opset="A_addr_2/3 "/>
</bind>
</comp>

<comp id="132" class="1005" name="i_i_reg_132">
<pin_list>
<pin id="133" dir="0" index="0" bw="9" slack="1"/>
<pin id="134" dir="1" index="1" bw="9" slack="1"/>
</pin_list>
<bind>
<opset="i_i (phireg) "/>
</bind>
</comp>

<comp id="136" class="1004" name="i_i_phi_fu_136">
<pin_list>
<pin id="137" dir="0" index="0" bw="9" slack="1"/>
<pin id="138" dir="0" index="1" bw="0" slack="2147483647"/>
<pin id="139" dir="0" index="2" bw="1" slack="1"/>
<pin id="140" dir="0" index="3" bw="0" slack="2147483647"/>
<pin id="141" dir="1" index="4" bw="9" slack="0"/>
</pin_list>
<bind>
<opcode="phi(47) " fcode="phi"/>
<opset="i_i/2 "/>
</bind>
</comp>

<comp id="144" class="1005" name="j_0_in_i_reg_144">
<pin_list>
<pin id="145" dir="0" index="0" bw="9" slack="2147483647"/>
<pin id="146" dir="1" index="1" bw="9" slack="2147483647"/>
</pin_list>
<bind>
<opset="j_0_in_i (phireg) "/>
</bind>
</comp>

<comp id="147" class="1004" name="j_0_in_i_phi_fu_147">
<pin_list>
<pin id="148" dir="0" index="0" bw="9" slack="0"/>
<pin id="149" dir="0" index="1" bw="0" slack="2147483647"/>
<pin id="150" dir="0" index="2" bw="9" slack="1"/>
<pin id="151" dir="0" index="3" bw="0" slack="2147483647"/>
<pin id="152" dir="1" index="4" bw="9" slack="0"/>
</pin_list>
<bind>
<opcode="phi(47) " fcode="phi"/>
<opset="j_0_in_i/3 "/>
</bind>
</comp>

<comp id="154" class="1005" name="sOutData_done_V_loc_reg_154">
<pin_list>
<pin id="155" dir="0" index="0" bw="1" slack="1"/>
<pin id="156" dir="1" index="1" bw="1" slack="1"/>
</pin_list>
<bind>
<opset="sOutData_done_V_loc (phireg) "/>
</bind>
</comp>

<comp id="158" class="1004" name="sOutData_done_V_loc_phi_fu_158">
<pin_list>
<pin id="159" dir="0" index="0" bw="1" slack="1"/>
<pin id="160" dir="0" index="1" bw="0" slack="2147483647"/>
<pin id="161" dir="0" index="2" bw="1" slack="2"/>
<pin id="162" dir="0" index="3" bw="0" slack="2147483647"/>
<pin id="163" dir="1" index="4" bw="1" slack="1"/>
</pin_list>
<bind>
<opcode="phi(47) " fcode="phi"/>
<opset="sOutData_done_V_loc/5 "/>
</bind>
</comp>

<comp id="166" class="1005" name="storemerge1_reg_166">
<pin_list>
<pin id="167" dir="0" index="0" bw="16" slack="2147483647"/>
<pin id="168" dir="1" index="1" bw="16" slack="2147483647"/>
</pin_list>
<bind>
<opset="storemerge1 (phireg) "/>
</bind>
</comp>

<comp id="169" class="1004" name="storemerge1_phi_fu_169">
<pin_list>
<pin id="170" dir="0" index="0" bw="16" slack="1"/>
<pin id="171" dir="0" index="1" bw="0" slack="2147483647"/>
<pin id="172" dir="0" index="2" bw="16" slack="3"/>
<pin id="173" dir="0" index="3" bw="0" slack="2147483647"/>
<pin id="174" dir="1" index="4" bw="16" slack="0"/>
</pin_list>
<bind>
<opcode="phi(47) " fcode="phi"/>
<opset="storemerge1/6 "/>
</bind>
</comp>

<comp id="176" class="1005" name="storemerge_reg_176">
<pin_list>
<pin id="177" dir="0" index="0" bw="1" slack="2147483647"/>
<pin id="178" dir="1" index="1" bw="1" slack="2147483647"/>
</pin_list>
<bind>
<opset="storemerge (phireg) "/>
</bind>
</comp>

<comp id="179" class="1004" name="storemerge_phi_fu_179">
<pin_list>
<pin id="180" dir="0" index="0" bw="1" slack="1"/>
<pin id="181" dir="0" index="1" bw="0" slack="2147483647"/>
<pin id="182" dir="0" index="2" bw="1" slack="3"/>
<pin id="183" dir="0" index="3" bw="0" slack="2147483647"/>
<pin id="184" dir="1" index="4" bw="1" slack="0"/>
</pin_list>
<bind>
<opcode="phi(47) " fcode="phi"/>
<opset="storemerge/6 "/>
</bind>
</comp>

<comp id="187" class="1004" name="count_load_load_fu_187">
<pin_list>
<pin id="188" dir="0" index="0" bw="16" slack="0"/>
<pin id="189" dir="1" index="1" bw="16" slack="0"/>
</pin_list>
<bind>
<opcode="load(27) " fcode="load"/>
<opset="count_load/1 "/>
</bind>
</comp>

<comp id="191" class="1004" name="tmp_fu_191">
<pin_list>
<pin id="192" dir="0" index="0" bw="8" slack="0"/>
<pin id="193" dir="0" index="1" bw="16" slack="0"/>
<pin id="194" dir="0" index="2" bw="5" slack="0"/>
<pin id="195" dir="0" index="3" bw="5" slack="0"/>
<pin id="196" dir="1" index="4" bw="8" slack="0"/>
</pin_list>
<bind>
<opcode="partselect(1002) " fcode="partselect"/>
<opset="tmp/1 "/>
</bind>
</comp>

<comp id="201" class="1004" name="icmp_fu_201">
<pin_list>
<pin id="202" dir="0" index="0" bw="8" slack="0"/>
<pin id="203" dir="0" index="1" bw="1" slack="0"/>
<pin id="204" dir="1" index="2" bw="1" slack="2147483647"/>
</pin_list>
<bind>
<opcode="icmp(45) " fcode="icmp"/>
<opset="icmp/1 "/>
</bind>
</comp>

<comp id="207" class="1004" name="sOutData_done_V_load_load_fu_207">
<pin_list>
<pin id="208" dir="0" index="0" bw="1" slack="0"/>
<pin id="209" dir="1" index="1" bw="1" slack="2"/>
</pin_list>
<bind>
<opcode="load(27) " fcode="load"/>
<opset="sOutData_done_V_load/1 "/>
</bind>
</comp>

<comp id="211" class="1004" name="flagFill_load_load_fu_211">
<pin_list>
<pin id="212" dir="0" index="0" bw="1" slack="0"/>
<pin id="213" dir="1" index="1" bw="1" slack="1"/>
</pin_list>
<bind>
<opcode="load(27) " fcode="load"/>
<opset="flagFill_load/1 "/>
</bind>
</comp>

<comp id="215" class="1004" name="tmp_1_fu_215">
<pin_list>
<pin id="216" dir="0" index="0" bw="16" slack="0"/>
<pin id="217" dir="1" index="1" bw="64" slack="0"/>
</pin_list>
<bind>
<opcode="sext(35) " fcode="sext"/>
<opset="tmp_1/1 "/>
</bind>
</comp>

<comp id="220" class="1004" name="tmp_2_fu_220">
<pin_list>
<pin id="221" dir="0" index="0" bw="16" slack="0"/>
<pin id="222" dir="0" index="1" bw="1" slack="0"/>
<pin id="223" dir="1" index="2" bw="16" slack="0"/>
</pin_list>
<bind>
<opcode="add(8) " fcode="add"/>
<opset="tmp_2/1 "/>
</bind>
</comp>

<comp id="226" class="1004" name="stg_25_store_fu_226">
<pin_list>
<pin id="227" dir="0" index="0" bw="16" slack="0"/>
<pin id="228" dir="0" index="1" bw="16" slack="0"/>
<pin id="229" dir="1" index="2" bw="0" slack="2147483647"/>
</pin_list>
<bind>
<opcode="store(28) " fcode="store"/>
<opset="stg_25/1 "/>
</bind>
</comp>

<comp id="232" class="1004" name="sOutData_data_load_load_fu_232">
<pin_list>
<pin id="233" dir="0" index="0" bw="16" slack="0"/>
<pin id="234" dir="1" index="1" bw="16" slack="3"/>
</pin_list>
<bind>
<opcode="load(27) " fcode="load"/>
<opset="sOutData_data_load/1 "/>
</bind>
</comp>

<comp id="236" class="1004" name="exitcond_i_fu_236">
<pin_list>
<pin id="237" dir="0" index="0" bw="9" slack="0"/>
<pin id="238" dir="0" index="1" bw="9" slack="0"/>
<pin id="239" dir="1" index="2" bw="1" slack="2147483647"/>
</pin_list>
<bind>
<opcode="icmp(45) " fcode="icmp"/>
<opset="exitcond_i/2 "/>
</bind>
</comp>

<comp id="242" class="1004" name="stg_32_store_fu_242">
<pin_list>
<pin id="243" dir="0" index="0" bw="1" slack="0"/>
<pin id="244" dir="0" index="1" bw="1" slack="0"/>
<pin id="245" dir="1" index="2" bw="0" slack="2147483647"/>
</pin_list>
<bind>
<opcode="store(28) " fcode="store"/>
<opset="stg_32/2 "/>
</bind>
</comp>

<comp id="248" class="1004" name="stg_33_store_fu_248">
<pin_list>
<pin id="249" dir="0" index="0" bw="1" slack="0"/>
<pin id="250" dir="0" index="1" bw="1" slack="0"/>
<pin id="251" dir="1" index="2" bw="0" slack="2147483647"/>
</pin_list>
<bind>
<opcode="store(28) " fcode="store"/>
<opset="stg_33/2 "/>
</bind>
</comp>

<comp id="254" class="1004" name="mem_index_gep4_cast_fu_254">
<pin_list>
<pin id="255" dir="0" index="0" bw="8" slack="1"/>
<pin id="256" dir="1" index="1" bw="11" slack="0"/>
</pin_list>
<bind>
<opcode="sext(35) " fcode="sext"/>
<opset="mem_index_gep4_cast/2 "/>
</bind>
</comp>

<comp id="257" class="1004" name="adjSize_fu_257">
<pin_list>
<pin id="258" dir="0" index="0" bw="8" slack="0"/>
<pin id="259" dir="1" index="1" bw="64" slack="0"/>
</pin_list>
<bind>
<opcode="zext(34) " fcode="zext"/>
<opset="adjSize/2 "/>
</bind>
</comp>

<comp id="261" class="1004" name="tmp_3_fu_261">
<pin_list>
<pin id="262" dir="0" index="0" bw="1" slack="0"/>
<pin id="263" dir="0" index="1" bw="8" slack="1"/>
<pin id="264" dir="0" index="2" bw="4" slack="0"/>
<pin id="265" dir="1" index="3" bw="1" slack="0"/>
</pin_list>
<bind>
<opcode="bitselect(1000) " fcode="bitselect"/>
<opset="tmp_3/2 "/>
</bind>
</comp>

<comp id="268" class="1004" name="gepindex2_fu_268">
<pin_list>
<pin id="269" dir="0" index="0" bw="1" slack="0"/>
<pin id="270" dir="0" index="1" bw="9" slack="0"/>
<pin id="271" dir="0" index="2" bw="11" slack="0"/>
<pin id="272" dir="1" index="3" bw="64" slack="0"/>
</pin_list>
<bind>
<opcode="select(49) " fcode="select"/>
<opset="gepindex2/2 "/>
</bind>
</comp>

<comp id="277" class="1004" name="j_0_in_i_cast_fu_277">
<pin_list>
<pin id="278" dir="0" index="0" bw="9" slack="0"/>
<pin id="279" dir="1" index="1" bw="32" slack="0"/>
</pin_list>
<bind>
<opcode="sext(35) " fcode="sext"/>
<opset="j_0_in_i_cast/3 "/>
</bind>
</comp>

<comp id="281" class="1004" name="j_fu_281">
<pin_list>
<pin id="282" dir="0" index="0" bw="9" slack="0"/>
<pin id="283" dir="0" index="1" bw="1" slack="0"/>
<pin id="284" dir="1" index="2" bw="9" slack="0"/>
</pin_list>
<bind>
<opcode="add(8) " fcode="add"/>
<opset="j/3 "/>
</bind>
</comp>

<comp id="287" class="1004" name="j_cast_fu_287">
<pin_list>
<pin id="288" dir="0" index="0" bw="9" slack="0"/>
<pin id="289" dir="1" index="1" bw="32" slack="0"/>
</pin_list>
<bind>
<opcode="sext(35) " fcode="sext"/>
<opset="j_cast/3 "/>
</bind>
</comp>

<comp id="291" class="1004" name="tmp_i_fu_291">
<pin_list>
<pin id="292" dir="0" index="0" bw="9" slack="0"/>
<pin id="293" dir="0" index="1" bw="1" slack="0"/>
<pin id="294" dir="1" index="2" bw="1" slack="2147483647"/>
</pin_list>
<bind>
<opcode="icmp(45) " fcode="icmp"/>
<opset="tmp_i/3 "/>
</bind>
</comp>

<comp id="297" class="1004" name="tmp_5_i_fu_297">
<pin_list>
<pin id="298" dir="0" index="0" bw="9" slack="0"/>
<pin id="299" dir="1" index="1" bw="64" slack="0"/>
</pin_list>
<bind>
<opcode="zext(34) " fcode="zext"/>
<opset="tmp_5_i/3 "/>
</bind>
</comp>

<comp id="302" class="1004" name="tmp_6_i_fu_302">
<pin_list>
<pin id="303" dir="0" index="0" bw="9" slack="0"/>
<pin id="304" dir="1" index="1" bw="64" slack="0"/>
</pin_list>
<bind>
<opcode="zext(34) " fcode="zext"/>
<opset="tmp_6_i/3 "/>
</bind>
</comp>

<comp id="307" class="1004" name="i_fu_307">
<pin_list>
<pin id="308" dir="0" index="0" bw="9" slack="1"/>
<pin id="309" dir="0" index="1" bw="1" slack="0"/>
<pin id="310" dir="1" index="2" bw="9" slack="1"/>
</pin_list>
<bind>
<opcode="add(8) " fcode="add"/>
<opset="i/3 "/>
</bind>
</comp>

<comp id="313" class="1004" name="tmp_7_i_fu_313">
<pin_list>
<pin id="314" dir="0" index="0" bw="16" slack="0"/>
<pin id="315" dir="0" index="1" bw="16" slack="0"/>
<pin id="316" dir="1" index="2" bw="1" slack="2147483647"/>
</pin_list>
<bind>
<opcode="icmp(45) " fcode="icmp"/>
<opset="tmp_7_i/4 "/>
</bind>
</comp>

<comp id="319" class="1004" name="stg_66_store_fu_319">
<pin_list>
<pin id="320" dir="0" index="0" bw="16" slack="0"/>
<pin id="321" dir="0" index="1" bw="16" slack="0"/>
<pin id="322" dir="1" index="2" bw="0" slack="2147483647"/>
</pin_list>
<bind>
<opcode="store(28) " fcode="store"/>
<opset="stg_66/5 "/>
</bind>
</comp>

<comp id="325" class="1005" name="posOutData_read_reg_325">
<pin_list>
<pin id="326" dir="0" index="0" bw="8" slack="1"/>
<pin id="327" dir="1" index="1" bw="8" slack="1"/>
</pin_list>
<bind>
<opset="posOutData_read "/>
</bind>
</comp>

<comp id="334" class="1005" name="sOutData_done_V_load_reg_334">
<pin_list>
<pin id="335" dir="0" index="0" bw="1" slack="2"/>
<pin id="336" dir="1" index="1" bw="1" slack="2"/>
</pin_list>
<bind>
<opset="sOutData_done_V_load "/>
</bind>
</comp>

<comp id="340" class="1005" name="flagFill_load_reg_340">
<pin_list>
<pin id="341" dir="0" index="0" bw="1" slack="1"/>
<pin id="342" dir="1" index="1" bw="1" slack="2147483647"/>
</pin_list>
<bind>
<opset="flagFill_load "/>
</bind>
</comp>

<comp id="344" class="1005" name="sOutData_data_load_reg_344">
<pin_list>
<pin id="345" dir="0" index="0" bw="16" slack="3"/>
<pin id="346" dir="1" index="1" bw="16" slack="3"/>
</pin_list>
<bind>
<opset="sOutData_data_load "/>
</bind>
</comp>

<comp id="352" class="1005" name="A_addr_3_reg_352">
<pin_list>
<pin id="353" dir="0" index="0" bw="8" slack="1"/>
<pin id="354" dir="1" index="1" bw="8" slack="1"/>
</pin_list>
<bind>
<opset="A_addr_3 "/>
</bind>
</comp>

<comp id="357" class="1005" name="j_reg_357">
<pin_list>
<pin id="358" dir="0" index="0" bw="9" slack="0"/>
<pin id="359" dir="1" index="1" bw="9" slack="0"/>
</pin_list>
<bind>
<opset="j "/>
</bind>
</comp>

<comp id="365" class="1005" name="A_addr_1_reg_365">
<pin_list>
<pin id="366" dir="0" index="0" bw="8" slack="1"/>
<pin id="367" dir="1" index="1" bw="8" slack="1"/>
</pin_list>
<bind>
<opset="A_addr_1 "/>
</bind>
</comp>

<comp id="371" class="1005" name="A_addr_2_reg_371">
<pin_list>
<pin id="372" dir="0" index="0" bw="8" slack="1"/>
<pin id="373" dir="1" index="1" bw="8" slack="1"/>
</pin_list>
<bind>
<opset="A_addr_2 "/>
</bind>
</comp>

<comp id="377" class="1005" name="i_reg_377">
<pin_list>
<pin id="378" dir="0" index="0" bw="9" slack="1"/>
<pin id="379" dir="1" index="1" bw="9" slack="1"/>
</pin_list>
<bind>
<opset="i "/>
</bind>
</comp>

<comp id="385" class="1005" name="A_load_reg_385">
<pin_list>
<pin id="386" dir="0" index="0" bw="16" slack="1"/>
<pin id="387" dir="1" index="1" bw="16" slack="1"/>
</pin_list>
<bind>
<opset="A_load "/>
</bind>
</comp>

</comp_list>

<net_list>
<net id="68"><net_src comp="20" pin="0"/><net_sink comp="64" pin=0"/></net>

<net id="69"><net_src comp="6" pin="0"/><net_sink comp="64" pin=1"/></net>

<net id="74"><net_src comp="22" pin="0"/><net_sink comp="70" pin=0"/></net>

<net id="75"><net_src comp="4" pin="0"/><net_sink comp="70" pin=1"/></net>

<net id="81"><net_src comp="60" pin="0"/><net_sink comp="76" pin=0"/></net>

<net id="82"><net_src comp="0" pin="0"/><net_sink comp="76" pin=1"/></net>

<net id="88"><net_src comp="62" pin="0"/><net_sink comp="83" pin=0"/></net>

<net id="89"><net_src comp="2" pin="0"/><net_sink comp="83" pin=1"/></net>

<net id="95"><net_src comp="12" pin="0"/><net_sink comp="90" pin=0"/></net>

<net id="96"><net_src comp="36" pin="0"/><net_sink comp="90" pin=1"/></net>

<net id="101"><net_src comp="70" pin="2"/><net_sink comp="97" pin=1"/></net>

<net id="102"><net_src comp="90" pin="3"/><net_sink comp="97" pin=0"/></net>

<net id="108"><net_src comp="12" pin="0"/><net_sink comp="103" pin=0"/></net>

<net id="109"><net_src comp="36" pin="0"/><net_sink comp="103" pin=1"/></net>

<net id="110"><net_src comp="103" pin="3"/><net_sink comp="97" pin=0"/></net>

<net id="116"><net_src comp="12" pin="0"/><net_sink comp="111" pin=0"/></net>

<net id="117"><net_src comp="36" pin="0"/><net_sink comp="111" pin=1"/></net>

<net id="118"><net_src comp="111" pin="3"/><net_sink comp="97" pin=0"/></net>

<net id="124"><net_src comp="12" pin="0"/><net_sink comp="119" pin=0"/></net>

<net id="125"><net_src comp="36" pin="0"/><net_sink comp="119" pin=1"/></net>

<net id="129"><net_src comp="119" pin="3"/><net_sink comp="97" pin=3"/></net>

<net id="130"><net_src comp="97" pin="5"/><net_sink comp="97" pin=4"/></net>

<net id="131"><net_src comp="97" pin="2"/><net_sink comp="97" pin=1"/></net>

<net id="135"><net_src comp="40" pin="0"/><net_sink comp="132" pin=0"/></net>

<net id="142"><net_src comp="132" pin="1"/><net_sink comp="136" pin=2"/></net>

<net id="143"><net_src comp="136" pin="4"/><net_sink comp="132" pin=0"/></net>

<net id="153"><net_src comp="132" pin="1"/><net_sink comp="147" pin=2"/></net>

<net id="157"><net_src comp="48" pin="0"/><net_sink comp="154" pin=0"/></net>

<net id="164"><net_src comp="154" pin="1"/><net_sink comp="158" pin=0"/></net>

<net id="165"><net_src comp="158" pin="4"/><net_sink comp="154" pin=0"/></net>

<net id="175"><net_src comp="169" pin="4"/><net_sink comp="76" pin=2"/></net>

<net id="185"><net_src comp="154" pin="1"/><net_sink comp="179" pin=0"/></net>

<net id="186"><net_src comp="179" pin="4"/><net_sink comp="83" pin=2"/></net>

<net id="190"><net_src comp="8" pin="0"/><net_sink comp="187" pin=0"/></net>

<net id="197"><net_src comp="28" pin="0"/><net_sink comp="191" pin=0"/></net>

<net id="198"><net_src comp="187" pin="1"/><net_sink comp="191" pin=1"/></net>

<net id="199"><net_src comp="30" pin="0"/><net_sink comp="191" pin=2"/></net>

<net id="200"><net_src comp="32" pin="0"/><net_sink comp="191" pin=3"/></net>

<net id="205"><net_src comp="191" pin="4"/><net_sink comp="201" pin=0"/></net>

<net id="206"><net_src comp="34" pin="0"/><net_sink comp="201" pin=1"/></net>

<net id="210"><net_src comp="10" pin="0"/><net_sink comp="207" pin=0"/></net>

<net id="214"><net_src comp="16" pin="0"/><net_sink comp="211" pin=0"/></net>

<net id="218"><net_src comp="187" pin="1"/><net_sink comp="215" pin=0"/></net>

<net id="219"><net_src comp="215" pin="1"/><net_sink comp="90" pin=2"/></net>

<net id="224"><net_src comp="187" pin="1"/><net_sink comp="220" pin=0"/></net>

<net id="225"><net_src comp="38" pin="0"/><net_sink comp="220" pin=1"/></net>

<net id="230"><net_src comp="220" pin="2"/><net_sink comp="226" pin=0"/></net>

<net id="231"><net_src comp="8" pin="0"/><net_sink comp="226" pin=1"/></net>

<net id="235"><net_src comp="14" pin="0"/><net_sink comp="232" pin=0"/></net>

<net id="240"><net_src comp="136" pin="4"/><net_sink comp="236" pin=0"/></net>

<net id="241"><net_src comp="42" pin="0"/><net_sink comp="236" pin=1"/></net>

<net id="246"><net_src comp="48" pin="0"/><net_sink comp="242" pin=0"/></net>

<net id="247"><net_src comp="10" pin="0"/><net_sink comp="242" pin=1"/></net>

<net id="252"><net_src comp="48" pin="0"/><net_sink comp="248" pin=0"/></net>

<net id="253"><net_src comp="16" pin="0"/><net_sink comp="248" pin=1"/></net>

<net id="260"><net_src comp="254" pin="1"/><net_sink comp="257" pin=0"/></net>

<net id="266"><net_src comp="50" pin="0"/><net_sink comp="261" pin=0"/></net>

<net id="267"><net_src comp="52" pin="0"/><net_sink comp="261" pin=2"/></net>

<net id="273"><net_src comp="261" pin="3"/><net_sink comp="268" pin=0"/></net>

<net id="274"><net_src comp="46" pin="0"/><net_sink comp="268" pin=1"/></net>

<net id="275"><net_src comp="257" pin="1"/><net_sink comp="268" pin=2"/></net>

<net id="276"><net_src comp="268" pin="3"/><net_sink comp="103" pin=2"/></net>

<net id="280"><net_src comp="147" pin="4"/><net_sink comp="277" pin=0"/></net>

<net id="285"><net_src comp="147" pin="4"/><net_sink comp="281" pin=0"/></net>

<net id="286"><net_src comp="54" pin="0"/><net_sink comp="281" pin=1"/></net>

<net id="290"><net_src comp="281" pin="2"/><net_sink comp="287" pin=0"/></net>

<net id="295"><net_src comp="147" pin="4"/><net_sink comp="291" pin=0"/></net>

<net id="296"><net_src comp="56" pin="0"/><net_sink comp="291" pin=1"/></net>

<net id="300"><net_src comp="287" pin="1"/><net_sink comp="297" pin=0"/></net>

<net id="301"><net_src comp="297" pin="1"/><net_sink comp="111" pin=2"/></net>

<net id="305"><net_src comp="277" pin="1"/><net_sink comp="302" pin=0"/></net>

<net id="306"><net_src comp="302" pin="1"/><net_sink comp="119" pin=2"/></net>

<net id="311"><net_src comp="132" pin="1"/><net_sink comp="307" pin=0"/></net>

<net id="312"><net_src comp="40" pin="0"/><net_sink comp="307" pin=1"/></net>

<net id="317"><net_src comp="97" pin="2"/><net_sink comp="313" pin=0"/></net>

<net id="318"><net_src comp="97" pin="5"/><net_sink comp="313" pin=1"/></net>

<net id="323"><net_src comp="97" pin="2"/><net_sink comp="319" pin=0"/></net>

<net id="324"><net_src comp="14" pin="0"/><net_sink comp="319" pin=1"/></net>

<net id="328"><net_src comp="64" pin="2"/><net_sink comp="325" pin=0"/></net>

<net id="329"><net_src comp="325" pin="1"/><net_sink comp="254" pin=0"/></net>

<net id="330"><net_src comp="325" pin="1"/><net_sink comp="261" pin=1"/></net>

<net id="337"><net_src comp="207" pin="1"/><net_sink comp="334" pin=0"/></net>

<net id="338"><net_src comp="334" pin="1"/><net_sink comp="158" pin=2"/></net>

<net id="339"><net_src comp="334" pin="1"/><net_sink comp="179" pin=2"/></net>

<net id="343"><net_src comp="211" pin="1"/><net_sink comp="340" pin=0"/></net>

<net id="347"><net_src comp="232" pin="1"/><net_sink comp="344" pin=0"/></net>

<net id="348"><net_src comp="344" pin="1"/><net_sink comp="169" pin=2"/></net>

<net id="355"><net_src comp="103" pin="3"/><net_sink comp="352" pin=0"/></net>

<net id="356"><net_src comp="352" pin="1"/><net_sink comp="97" pin=0"/></net>

<net id="360"><net_src comp="281" pin="2"/><net_sink comp="357" pin=0"/></net>

<net id="361"><net_src comp="357" pin="1"/><net_sink comp="147" pin=0"/></net>

<net id="368"><net_src comp="111" pin="3"/><net_sink comp="365" pin=0"/></net>

<net id="369"><net_src comp="365" pin="1"/><net_sink comp="97" pin=0"/></net>

<net id="370"><net_src comp="365" pin="1"/><net_sink comp="97" pin=3"/></net>

<net id="374"><net_src comp="119" pin="3"/><net_sink comp="371" pin=0"/></net>

<net id="375"><net_src comp="371" pin="1"/><net_sink comp="97" pin=3"/></net>

<net id="376"><net_src comp="371" pin="1"/><net_sink comp="97" pin=0"/></net>

<net id="380"><net_src comp="307" pin="2"/><net_sink comp="377" pin=0"/></net>

<net id="381"><net_src comp="377" pin="1"/><net_sink comp="136" pin=0"/></net>

<net id="388"><net_src comp="97" pin="2"/><net_sink comp="385" pin=0"/></net>

<net id="389"><net_src comp="385" pin="1"/><net_sink comp="169" pin=0"/></net>

</net_list>

</model> 
---------------- Datapath Model END ------------------

* FSMD analyzer results:
  - Output states:
	Port: agg_result_data | {6 }
	Port: agg_result_done_V | {6 }
	Port: count | {1 }
	Port: sOutData_done_V | {2 }
	Port: A | {1 4 }
	Port: sOutData_data | {5 }
	Port: flagFill | {2 }
 - Input state : 
	Port: insertionSort : dataIn | {1 }
	Port: insertionSort : posOutData | {1 }
	Port: insertionSort : count | {1 }
	Port: insertionSort : sOutData_done_V | {1 }
	Port: insertionSort : A | {2 3 4 5 }
	Port: insertionSort : sOutData_data | {1 }
	Port: insertionSort : flagFill | {1 }
  - Chain level:
	State 1
		tmp : 1
		icmp : 2
		stg_18 : 3
		stg_20 : 1
		tmp_1 : 1
		A_addr : 2
		stg_23 : 3
		tmp_2 : 1
		stg_25 : 2
	State 2
		exitcond_i : 1
		stg_31 : 2
		adjSize : 1
		gepindex2 : 2
		A_addr_3 : 3
		A_load : 4
	State 3
		j_0_in_i_cast : 1
		j : 1
		j_cast : 2
		tmp_i : 1
		stg_47 : 2
		tmp_5_i : 3
		A_addr_1 : 4
		temp : 5
		tmp_6_i : 2
		A_addr_2 : 3
		A_load_1 : 4
	State 4
		tmp_7_i : 1
		stg_59 : 2
		stg_60 : 1
		stg_61 : 1
	State 5
		stg_66 : 1
	State 6
		stg_70 : 1
		stg_71 : 1


============================================================
+ Verbose Summary: Datapath Resource usage 
============================================================

* Functional unit list:
|----------|----------------------------|---------|---------|
| Operation|       Functional Unit      |    FF   |   LUT   |
|----------|----------------------------|---------|---------|
|          |        tmp_2_fu_220        |    0    |    16   |
|    add   |          j_fu_281          |    0    |    9    |
|          |          i_fu_307          |    0    |    9    |
|----------|----------------------------|---------|---------|
|          |         icmp_fu_201        |    0    |    3    |
|   icmp   |      exitcond_i_fu_236     |    0    |    3    |
|          |        tmp_i_fu_291        |    0    |    3    |
|          |       tmp_7_i_fu_313       |    0    |    6    |
|----------|----------------------------|---------|---------|
|  select  |      gepindex2_fu_268      |    0    |    11   |
|----------|----------------------------|---------|---------|
|   read   | posOutData_read_read_fu_64 |    0    |    0    |
|          |   dataIn_read_read_fu_70   |    0    |    0    |
|----------|----------------------------|---------|---------|
|   write  |     stg_70_write_fu_76     |    0    |    0    |
|          |     stg_71_write_fu_83     |    0    |    0    |
|----------|----------------------------|---------|---------|
|partselect|         tmp_fu_191         |    0    |    0    |
|----------|----------------------------|---------|---------|
|          |        tmp_1_fu_215        |    0    |    0    |
|   sext   | mem_index_gep4_cast_fu_254 |    0    |    0    |
|          |    j_0_in_i_cast_fu_277    |    0    |    0    |
|          |        j_cast_fu_287       |    0    |    0    |
|----------|----------------------------|---------|---------|
|          |       adjSize_fu_257       |    0    |    0    |
|   zext   |       tmp_5_i_fu_297       |    0    |    0    |
|          |       tmp_6_i_fu_302       |    0    |    0    |
|----------|----------------------------|---------|---------|
| bitselect|        tmp_3_fu_261        |    0    |    0    |
|----------|----------------------------|---------|---------|
|   Total  |                            |    0    |    60   |
|----------|----------------------------|---------|---------|

Memories:
+----+--------+--------+--------+
|    |  BRAM  |   FF   |   LUT  |
+----+--------+--------+--------+
|  A |    1   |    0   |    0   |
+----+--------+--------+--------+
|Total|    1   |    0   |    0   |
+----+--------+--------+--------+

* Register list:
+----------------------------+--------+
|                            |   FF   |
+----------------------------+--------+
|      A_addr_1_reg_365      |    8   |
|      A_addr_2_reg_371      |    8   |
|      A_addr_3_reg_352      |    8   |
|       A_load_reg_385       |   16   |
|    flagFill_load_reg_340   |    1   |
|         i_i_reg_132        |    9   |
|          i_reg_377         |    9   |
|      j_0_in_i_reg_144      |    9   |
|          j_reg_357         |    9   |
|   posOutData_read_reg_325  |    8   |
| sOutData_data_load_reg_344 |   16   |
|sOutData_done_V_load_reg_334|    1   |
| sOutData_done_V_loc_reg_154|    1   |
|     storemerge1_reg_166    |   16   |
|     storemerge_reg_176     |    1   |
+----------------------------+--------+
|            Total           |   120  |
+----------------------------+--------+

* Multiplexer (MUX) list: 
|-----------------------------|------|------|------|--------||---------||---------|
|             Comp            |  Pin | Size |  BW  | S x BW ||  Delay  ||   LUT   |
|-----------------------------|------|------|------|--------||---------||---------|
|       grp_access_fu_97      |  p0  |   6  |   8  |   48   ||    8    |
|       grp_access_fu_97      |  p1  |   2  |  16  |   32   ||    16   |
|       grp_access_fu_97      |  p3  |   3  |   8  |   24   ||    8    |
|         i_i_reg_132         |  p0  |   2  |   9  |   18   ||    9    |
| sOutData_done_V_loc_reg_154 |  p0  |   2  |   1  |    2   ||    1    |
|-----------------------------|------|------|------|--------||---------||---------|
|            Total            |      |      |      |   124  ||  8.223  ||    42   |
|-----------------------------|------|------|------|--------||---------||---------|



* Summary:
+-----------+--------+--------+--------+--------+
|           |  BRAM  |  Delay |   FF   |   LUT  |
+-----------+--------+--------+--------+--------+
|  Function |    -   |    -   |    0   |   60   |
|   Memory  |    1   |    -   |    0   |    0   |
|Multiplexer|    -   |    8   |    -   |   42   |
|  Register |    -   |    -   |   120  |    -   |
+-----------+--------+--------+--------+--------+
|   Total   |    1   |    8   |   120  |   102  |
+-----------+--------+--------+--------+--------+
