#-----------------------------------------------------------
# Vivado v2016.1 (64-bit)
# SW Build 1538259 on Fri Apr  8 15:45:27 MDT 2016
# IP Build 1537824 on Fri Apr  8 04:28:57 MDT 2016
# Start of session at: Fri Jul 09 21:04:09 2021
# Process ID: 8616
# Current directory: C:/Users/aaron/Desktop/git_article/vivadoProjects/selectionSort/solution1/sim/verilog
# Command line: vivado.exe -source open_wave.tcl
# Log file: C:/Users/aaron/Desktop/git_article/vivadoProjects/selectionSort/solution1/sim/verilog/vivado.log
# Journal file: C:/Users/aaron/Desktop/git_article/vivadoProjects/selectionSort/solution1/sim/verilog\vivado.jou
#-----------------------------------------------------------
start_gui
source open_wave.tcl
# current_fileset
INFO: [IP_Flow 19-234] Refreshing IP repositories
INFO: [IP_Flow 19-1704] No user IP repositories specified
INFO: [IP_Flow 19-2313] Loaded Vivado IP repository 'C:/Xilinx/Vivado/2016.1/data/ip'.
current_fileset: Time (s): cpu = 00:00:07 ; elapsed = 00:00:06 . Memory (MB): peak = 753.352 ; gain = 160.824
# open_wave_database selectionSort.wdb
open_wave_config C:/Users/aaron/Desktop/git_article/vivadoProjects/selectionSort/solution1/sim/verilog/selectionSort.wcfg
close_sim
INFO: [Simtcl 6-16] Simulation closed
exit
INFO: [Common 17-206] Exiting Vivado at Fri Jul 09 21:06:31 2021...
