#-----------------------------------------------------------
# Vivado v2016.1 (64-bit)
# SW Build 1538259 on Fri Apr  8 15:45:27 MDT 2016
# IP Build 1537824 on Fri Apr  8 04:28:57 MDT 2016
# Start of session at: Wed May 31 19:23:44 2017
# Process ID: 10364
# Current directory: G:/Dropbox/Adaviv_proy/FFT_DIT4_v1/solution1/impl/ip
# Command line: vivado.exe -notrace -mode batch -source run_ippack.tcl
# Log file: G:/Dropbox/Adaviv_proy/FFT_DIT4_v1/solution1/impl/ip/vivado.log
# Journal file: G:/Dropbox/Adaviv_proy/FFT_DIT4_v1/solution1/impl/ip\vivado.jou
#-----------------------------------------------------------
source run_ippack.tcl -notrace
INFO: [IP_Flow 19-234] Refreshing IP repositories
INFO: [IP_Flow 19-1704] No user IP repositories specified
INFO: [IP_Flow 19-2313] Loaded Vivado IP repository 'C:/Xilinx/Vivado/2016.1/data/ip'.
create_ip: Time (s): cpu = 00:00:08 ; elapsed = 00:00:10 . Memory (MB): peak = 256.504 ; gain = 31.984
INFO: [IP_Flow 19-1686] Generating 'Synthesis' target for IP 'FFT_DIT4_FUNC_ap_faddfsub_2_full_dsp_32'...
INFO: [IP_Flow 19-1686] Generating 'Simulation' target for IP 'FFT_DIT4_FUNC_ap_faddfsub_2_full_dsp_32'...
INFO: [IP_Flow 19-1686] Generating 'Synthesis' target for IP 'FFT_DIT4_FUNC_ap_fadd_2_full_dsp_32'...
INFO: [IP_Flow 19-1686] Generating 'Simulation' target for IP 'FFT_DIT4_FUNC_ap_fadd_2_full_dsp_32'...
INFO: [IP_Flow 19-1686] Generating 'Synthesis' target for IP 'FFT_DIT4_FUNC_ap_fmul_0_max_dsp_32'...
INFO: [IP_Flow 19-1686] Generating 'Simulation' target for IP 'FFT_DIT4_FUNC_ap_fmul_0_max_dsp_32'...
INFO: [IP_Flow 19-1686] Generating 'Synthesis' target for IP 'FFT_DIT4_FUNC_ap_fsub_2_full_dsp_32'...
INFO: [IP_Flow 19-1686] Generating 'Simulation' target for IP 'FFT_DIT4_FUNC_ap_fsub_2_full_dsp_32'...
****** Webtalk v2016.1 (64-bit)
  **** SW Build 1538259 on Fri Apr  8 15:45:27 MDT 2016
  **** IP Build 1537824 on Fri Apr  8 04:28:57 MDT 2016
    ** Copyright 1986-2016 Xilinx, Inc. All Rights Reserved.

source G:/Dropbox/Adaviv_proy/FFT_DIT4_v1/solution1/impl/ip/tmp.hw/webtalk/labtool_webtalk.tcl -notrace
INFO: [Common 17-206] Exiting Webtalk at Wed May 31 19:24:49 2017...
close_project: Time (s): cpu = 00:00:01 ; elapsed = 00:00:08 . Memory (MB): peak = 281.863 ; gain = 1.688
INFO: [IP_Flow 19-234] Refreshing IP repositories
INFO: [IP_Flow 19-1704] No user IP repositories specified
INFO: [IP_Flow 19-2313] Loaded Vivado IP repository 'C:/Xilinx/Vivado/2016.1/data/ip'.
INFO: [Common 17-206] Exiting Vivado at Wed May 31 19:24:55 2017...
