

================================================================
== Vivado HLS Report for 'heapSort'
================================================================
* Date:           Fri Jul 09 11:28:08 2021

* Version:        2016.1 (Build 1538259 on Fri Apr 08 16:12:49 MDT 2016)
* Project:        heapSort
* Solution:       solution1
* Product family: artix7
* Target device:  xc7a100tcsg324-1


================================================================
== Performance Estimates
================================================================
+ Timing (ns): 
    * Summary: 
    +--------+-------+----------+------------+
    |  Clock | Target| Estimated| Uncertainty|
    +--------+-------+----------+------------+
    |ap_clk  |  10.00|      6.85|        1.25|
    +--------+-------+----------+------------+

+ Latency (clock cycles): 
    * Summary: 
    +-----+--------+-----+--------+---------+
    |    Latency   |   Interval   | Pipeline|
    | min |   max  | min |   max  |   Type  |
    +-----+--------+-----+--------+---------+
    |    1|  690052|    2|  690053|   none  |
    +-----+--------+-----+--------+---------+

    + Detail: 
        * Instance: 
        +-----------------------------------------+------------------------------+-----+------+-----+------+---------+
        |                                         |                              |   Latency  |  Interval  | Pipeline|
        |                 Instance                |            Module            | min |  max | min |  max |   Type  |
        +-----------------------------------------+------------------------------+-----+------+-----+------+---------+
        |grp_heapSort_maxHeapify_noRecurv_fu_148  |heapSort_maxHeapify_noRecurv  |    1|  1793|    1|  1793|   none  |
        +-----------------------------------------+------------------------------+-----+------+-----+------+---------+

        * Loop: 
        +----------+------+--------+----------+-----------+-----------+------+----------+
        |          |    Latency    | Iteration|  Initiation Interval  | Trip |          |
        | Loop Name|  min |   max  |  Latency |  achieved |   target  | Count| Pipelined|
        +----------+------+--------+----------+-----------+-----------+------+----------+
        |- Loop 1  |   384|  229760| 3 ~ 1795 |          -|          -|   128|    no    |
        |- Loop 2  |  1536|  460288| 6 ~ 1798 |          -|          -|   256|    no    |
        +----------+------+--------+----------+-----------+-----------+------+----------+



================================================================
== Utilization Estimates
================================================================
* Summary: 
+-----------------+---------+-------+--------+-------+
|       Name      | BRAM_18K| DSP48E|   FF   |  LUT  |
+-----------------+---------+-------+--------+-------+
|DSP              |        -|      -|       -|      -|
|Expression       |        -|      -|       0|    122|
|FIFO             |        -|      -|       -|      -|
|Instance         |        -|      -|     213|    282|
|Memory           |        1|      -|       0|      0|
|Multiplexer      |        -|      -|       -|    107|
|Register         |        -|      -|     128|      -|
+-----------------+---------+-------+--------+-------+
|Total            |        1|      0|     341|    511|
+-----------------+---------+-------+--------+-------+
|Available        |      270|    240|  126800|  63400|
+-----------------+---------+-------+--------+-------+
|Utilization (%)  |    ~0   |      0|   ~0   |   ~0  |
+-----------------+---------+-------+--------+-------+

+ Detail: 
    * Instance: 
    +-----------------------------------------+------------------------------+---------+-------+-----+-----+
    |                 Instance                |            Module            | BRAM_18K| DSP48E|  FF | LUT |
    +-----------------------------------------+------------------------------+---------+-------+-----+-----+
    |grp_heapSort_maxHeapify_noRecurv_fu_148  |heapSort_maxHeapify_noRecurv  |        0|      0|  213|  282|
    +-----------------------------------------+------------------------------+---------+-------+-----+-----+
    |Total                                    |                              |        0|      0|  213|  282|
    +-----------------------------------------+------------------------------+---------+-------+-----+-----+

    * DSP48: 
    N/A

    * Memory: 
    +-------+------------+---------+---+----+------+-----+------+-------------+
    | Memory|   Module   | BRAM_18K| FF| LUT| Words| Bits| Banks| W*Bits*Banks|
    +-------+------------+---------+---+----+------+-----+------+-------------+
    |A_U    |heapSort_A  |        1|  0|   0|   256|   16|     1|         4096|
    +-------+------------+---------+---+----+------+-----+------+-------------+
    |Total  |            |        1|  0|   0|   256|   16|     1|         4096|
    +-------+------------+---------+---+----+------+-----+------+-------------+

    * FIFO: 
    N/A

    * Expression: 
    +---------------------+----------+-------+---+----+------------+------------+
    |    Variable Name    | Operation| DSP48E| FF| LUT| Bitwidth P0| Bitwidth P1|
    +---------------------+----------+-------+---+----+------------+------------+
    |i_2_fu_271_p2        |     +    |      0|  0|   9|           9|           2|
    |i_fu_214_p2          |     +    |      0|  0|   8|           8|           2|
    |tmp_15_fu_194_p2     |     +    |      0|  0|  32|          32|           1|
    |icmp_fu_179_p2       |   icmp   |      0|  0|   9|          24|           1|
    |gepindex2_fu_257_p3  |  select  |      0|  0|  64|           1|           8|
    +---------------------+----------+-------+---+----+------------+------------+
    |Total                |          |      0|  0| 122|          74|          14|
    +---------------------+----------+-------+---+----+------------+------------+

    * Multiplexer: 
    +------------------------------------------------+----+-----------+-----+-----------+
    |                      Name                      | LUT| Input Size| Bits| Total Bits|
    +------------------------------------------------+----+-----------+-----+-----------+
    |A_address0                                      |   8|          5|    8|         40|
    |A_address1                                      |   8|          5|    8|         40|
    |A_ce0                                           |   1|          3|    1|          3|
    |A_ce1                                           |   1|          3|    1|          3|
    |A_d0                                            |  16|          3|   16|         48|
    |A_d1                                            |  16|          4|   16|         64|
    |A_we0                                           |   1|          3|    1|          3|
    |A_we1                                           |   1|          3|    1|          3|
    |ap_NS_fsm                                       |   4|         11|    1|         11|
    |grp_heapSort_maxHeapify_noRecurv_fu_148_endA    |  10|          3|   10|         30|
    |grp_heapSort_maxHeapify_noRecurv_fu_148_startA  |   8|          3|    8|         24|
    |i_1_i_reg_125                                   |   9|          2|    9|         18|
    |i_i_reg_113                                     |   8|          2|    8|         16|
    |p_0_reg_137                                     |  16|          2|   16|         32|
    +------------------------------------------------+----+-----------+-----+-----------+
    |Total                                           | 107|         52|  104|        335|
    +------------------------------------------------+----+-----------+-----+-----------+

    * Register: 
    +---------------------------------------------------------+----+----+-----+-----------+
    |                           Name                          | FF | LUT| Bits| Const Bits|
    +---------------------------------------------------------+----+----+-----+-----------+
    |A_addr_6_reg_301                                         |   8|   0|    8|          0|
    |ap_CS_fsm                                                |  10|   0|   10|          0|
    |ap_reg_grp_heapSort_maxHeapify_noRecurv_fu_148_ap_start  |   1|   0|    1|          0|
    |count                                                    |  32|   0|   32|          0|
    |flagFill                                                 |   1|   0|    1|          0|
    |flagFill_load_reg_286                                    |   1|   0|    1|          0|
    |i_1_i_cast_cast_reg_311                                  |   9|   0|   10|          1|
    |i_1_i_reg_125                                            |   9|   0|    9|          0|
    |i_2_reg_316                                              |   9|   0|    9|          0|
    |i_i_reg_113                                              |   8|   0|    8|          0|
    |i_reg_293                                                |   8|   0|    8|          0|
    |p_0_reg_137                                              |  16|   0|   16|          0|
    |reg_159                                                  |  16|   0|   16|          0|
    +---------------------------------------------------------+----+----+-----+-----------+
    |Total                                                    | 128|   0|  129|          1|
    +---------------------------------------------------------+----+----+-----+-----------+



================================================================
== Interface
================================================================
* Summary: 
+------------+-----+-----+------------+--------------+--------------+
|  RTL Ports | Dir | Bits|  Protocol  | Source Object|    C Type    |
+------------+-----+-----+------------+--------------+--------------+
|ap_clk      |  in |    1| ap_ctrl_hs |   heapSort   | return value |
|ap_rst      |  in |    1| ap_ctrl_hs |   heapSort   | return value |
|ap_start    |  in |    1| ap_ctrl_hs |   heapSort   | return value |
|ap_done     | out |    1| ap_ctrl_hs |   heapSort   | return value |
|ap_idle     | out |    1| ap_ctrl_hs |   heapSort   | return value |
|ap_ready    | out |    1| ap_ctrl_hs |   heapSort   | return value |
|ap_return   | out |   16| ap_ctrl_hs |   heapSort   | return value |
|dataIn      |  in |   16|   ap_none  |    dataIn    |    scalar    |
|posOutData  |  in |    8|   ap_none  |  posOutData  |    scalar    |
+------------+-----+-----+------------+--------------+--------------+

