

================================================================
== Vivado HLS Report for 'heapSort_noRecurv_maxHeapify_noRecurv'
================================================================
* Date:           Wed Jun 23 13:52:51 2021

* Version:        2016.1 (Build 1538259 on Fri Apr 08 16:12:49 MDT 2016)
* Project:        heapSort
* Solution:       solution1
* Product family: artix7
* Target device:  xc7a100tcsg324-1


================================================================
== Performance Estimates
================================================================
+ Timing (ns): 
    * Summary: 
    +--------+-------+----------+------------+
    |  Clock | Target| Estimated| Uncertainty|
    +--------+-------+----------+------------+
    |ap_clk  |  10.00|      7.74|        1.25|
    +--------+-------+----------+------------+

+ Latency (clock cycles): 
    * Summary: 
    +-----+-----+-----+-----+---------+
    |  Latency  |  Interval | Pipeline|
    | min | max | min | max |   Type  |
    +-----+-----+-----+-----+---------+
    |    1|  769|    1|  769|   none  |
    +-----+-----+-----+-----+---------+

    + Detail: 
        * Instance: 
        N/A

        * Loop: 
        +----------+-----+-----+----------+-----------+-----------+--------+----------+
        |          |  Latency  | Iteration|  Initiation Interval  |  Trip  |          |
        | Loop Name| min | max |  Latency |  achieved |   target  |  Count | Pipelined|
        +----------+-----+-----+----------+-----------+-----------+--------+----------+
        |- Loop 1  |    0|  768|  8 ~ 16  |          -|          -| 0 ~ 48 |    no    |
        +----------+-----+-----+----------+-----------+-----------+--------+----------+



================================================================
== Utilization Estimates
================================================================
* Summary: 
+-----------------+---------+-------+--------+-------+
|       Name      | BRAM_18K| DSP48E|   FF   |  LUT  |
+-----------------+---------+-------+--------+-------+
|DSP              |        -|      -|       -|      -|
|Expression       |        -|      -|       0|    755|
|FIFO             |        -|      -|       -|      -|
|Instance         |        -|      0|     405|    443|
|Memory           |        -|      -|       -|      -|
|Multiplexer      |        -|      -|       -|     97|
|Register         |        -|      -|     405|      -|
+-----------------+---------+-------+--------+-------+
|Total            |        0|      0|     810|   1295|
+-----------------+---------+-------+--------+-------+
|Available        |      270|    240|  126800|  63400|
+-----------------+---------+-------+--------+-------+
|Utilization (%)  |        0|      0|   ~0   |      2|
+-----------------+---------+-------+--------+-------+

+ Detail: 
    * Instance: 
    +-----------------------------------------+--------------------------------------+---------+-------+-----+-----+
    |                 Instance                |                Module                | BRAM_18K| DSP48E|  FF | LUT |
    +-----------------------------------------+--------------------------------------+---------+-------+-----+-----+
    |heapSort_noRecurv_fcmp_32ns_32ns_1_1_U1  |heapSort_noRecurv_fcmp_32ns_32ns_1_1  |        0|      0|   66|   70|
    |heapSort_noRecurv_sitofp_32ns_32_6_U0    |heapSort_noRecurv_sitofp_32ns_32_6    |        0|      0|  339|  373|
    +-----------------------------------------+--------------------------------------+---------+-------+-----+-----+
    |Total                                    |                                      |        0|      0|  405|  443|
    +-----------------------------------------+--------------------------------------+---------+-------+-----+-----+

    * DSP48: 
    N/A

    * Memory: 
    N/A

    * FIFO: 
    N/A

    * Expression: 
    +--------------------------+----------+-------+---+-----+------------+------------+
    |       Variable Name      | Operation| DSP48E| FF| LUT | Bitwidth P0| Bitwidth P1|
    +--------------------------+----------+-------+---+-----+------------+------------+
    |i_1_fu_190_p2             |     +    |      0|  0|    6|           6|           1|
    |right_fu_208_p2           |     +    |      0|  0|   32|           2|          32|
    |sh_assign_fu_499_p2       |     +    |      0|  0|    9|           8|           9|
    |p_Val2_7_i_i_i_fu_593_p2  |     -    |      0|  0|   32|           1|          32|
    |tmp_2_i_i_i_fu_513_p2     |     -    |      0|  0|    8|           7|           8|
    |sel_tmp4_fu_429_p2        |    and   |      0|  0|    1|           1|           1|
    |sel_tmp_fu_318_p2         |    and   |      0|  0|    1|           1|           1|
    |tmp_13_fu_306_p2          |    and   |      0|  0|    1|           1|           1|
    |tmp_15_fu_312_p2          |    and   |      0|  0|    1|           1|           1|
    |tmp_22_fu_417_p2          |    and   |      0|  0|    1|           1|           1|
    |tmp_24_fu_423_p2          |    and   |      0|  0|    1|           1|           1|
    |exitcond_fu_185_p2        |   icmp   |      0|  0|    3|           7|           7|
    |notlhs2_fu_288_p2         |   icmp   |      0|  0|    3|           8|           2|
    |notlhs4_fu_381_p2         |   icmp   |      0|  0|    3|           8|           2|
    |notlhs6_fu_399_p2         |   icmp   |      0|  0|    3|           8|           2|
    |notlhs_fu_270_p2          |   icmp   |      0|  0|    3|           8|           2|
    |notrhs3_fu_294_p2         |   icmp   |      0|  0|    8|          23|           1|
    |notrhs5_fu_387_p2         |   icmp   |      0|  0|    8|          23|           1|
    |notrhs7_fu_405_p2         |   icmp   |      0|  0|    8|          23|           1|
    |notrhs_fu_276_p2          |   icmp   |      0|  0|    8|          23|           1|
    |tmp_1_fu_448_p2           |   icmp   |      0|  0|   11|          32|          32|
    |tmp_3_fu_214_p2           |   icmp   |      0|  0|   11|          32|          32|
    |tmp_7_fu_229_p2           |   icmp   |      0|  0|   11|          32|          32|
    |tmp_4_i_i_i_fu_552_p2     |   lshr   |      0|  0|   67|          24|          24|
    |left_fu_202_p2            |    or    |      0|  0|   42|          32|           1|
    |tmp_11_fu_282_p2          |    or    |      0|  0|    1|           1|           1|
    |tmp_12_fu_300_p2          |    or    |      0|  0|    1|           1|           1|
    |tmp_20_fu_393_p2          |    or    |      0|  0|    1|           1|           1|
    |tmp_21_fu_411_p2          |    or    |      0|  0|    1|           1|           1|
    |current_1_fu_329_p3       |  select  |      0|  0|   32|           1|          32|
    |current_3_fu_323_p3       |  select  |      0|  0|   32|           1|          32|
    |current_5_fu_437_p3       |  select  |      0|  0|   32|           1|          32|
    |current_6_fu_442_p3       |  select  |      0|  0|   32|           1|          32|
    |p_Val2_4_fu_586_p3        |  select  |      0|  0|   32|           1|          32|
    |p_Val2_s_fu_599_p3        |  select  |      0|  0|   32|           1|          32|
    |sh_assign_1_fu_523_p3     |  select  |      0|  0|    9|           1|           9|
    |tmp_6_i_i_i_fu_558_p2     |    shl   |      0|  0|  268|          78|          78|
    +--------------------------+----------+-------+---+-----+------------+------------+
    |Total                     |          |      0|  0|  755|         402|         511|
    +--------------------------+----------+-------+---+-----+------------+------------+

    * Multiplexer: 
    +-----------------+----+-----------+-----+-----------+
    |       Name      | LUT| Input Size| Bits| Total Bits|
    +-----------------+----+-----------+-----+-----------+
    |A_address0       |   6|          5|    6|         30|
    |A_address1       |   6|          5|    6|         30|
    |ap_NS_fsm        |  15|         18|    1|         18|
    |current_reg_130  |  32|          2|   32|         64|
    |i_reg_140        |   6|          2|    6|         12|
    |j_assign_fu_58   |  32|          2|   32|         64|
    +-----------------+----+-----------+-----+-----------+
    |Total            |  97|         34|   83|        218|
    +-----------------+----+-----------+-----+-----------+

    * Register: 
    +---------------------+----+----+-----+-----------+
    |         Name        | FF | LUT| Bits| Const Bits|
    +---------------------+----+----+-----+-----------+
    |A_addr_4_reg_705     |   6|   0|    6|          0|
    |A_addr_5_reg_710     |   6|   0|    6|          0|
    |ap_CS_fsm            |  17|   0|   17|          0|
    |current_1_reg_675    |  32|   0|   32|          0|
    |current_6_reg_696    |  32|   0|   32|          0|
    |current_reg_130      |  32|   0|   32|          0|
    |endA_cast1_reg_618   |   7|   0|   32|         25|
    |i_1_reg_632          |   6|   0|    6|          0|
    |i_reg_140            |   6|   0|    6|          0|
    |isNeg_reg_725        |   1|   0|    1|          0|
    |j_assign_fu_58       |  32|   0|   32|          0|
    |left_reg_637         |  31|   0|   32|          1|
    |loc_V_1_reg_720      |  23|   0|   23|          0|
    |p_Result_s_reg_715   |   1|   0|    1|          0|
    |p_Val2_s_reg_736     |  32|   0|   32|          0|
    |reg_158              |  32|   0|   32|          0|
    |reg_163              |  32|   0|   32|          0|
    |right_reg_642        |  31|   0|   32|          1|
    |sel_tmp4_reg_691     |   1|   0|    1|          0|
    |sel_tmp_reg_670      |   1|   0|    1|          0|
    |sh_assign_1_reg_730  |   9|   0|    9|          0|
    |tmp_1_reg_701        |   1|   0|    1|          0|
    |tmp_2_i_reg_741      |  32|   0|   32|          0|
    |tmp_3_reg_648        |   1|   0|    1|          0|
    |tmp_7_reg_664        |   1|   0|    1|          0|
    +---------------------+----+----+-----+-----------+
    |Total                | 405|   0|  432|         27|
    +---------------------+----+----+-----+-----------+



================================================================
== Interface
================================================================
* Summary: 
+------------+-----+-----+------------+---------------------------------------+--------------+
|  RTL Ports | Dir | Bits|  Protocol  |             Source Object             |    C Type    |
+------------+-----+-----+------------+---------------------------------------+--------------+
|ap_clk      |  in |    1| ap_ctrl_hs | heapSort_noRecurv_maxHeapify_noRecurv | return value |
|ap_rst      |  in |    1| ap_ctrl_hs | heapSort_noRecurv_maxHeapify_noRecurv | return value |
|ap_start    |  in |    1| ap_ctrl_hs | heapSort_noRecurv_maxHeapify_noRecurv | return value |
|ap_done     | out |    1| ap_ctrl_hs | heapSort_noRecurv_maxHeapify_noRecurv | return value |
|ap_idle     | out |    1| ap_ctrl_hs | heapSort_noRecurv_maxHeapify_noRecurv | return value |
|ap_ready    | out |    1| ap_ctrl_hs | heapSort_noRecurv_maxHeapify_noRecurv | return value |
|A_address0  | out |    6|  ap_memory |                   A                   |     array    |
|A_ce0       | out |    1|  ap_memory |                   A                   |     array    |
|A_we0       | out |    1|  ap_memory |                   A                   |     array    |
|A_d0        | out |   32|  ap_memory |                   A                   |     array    |
|A_q0        |  in |   32|  ap_memory |                   A                   |     array    |
|A_address1  | out |    6|  ap_memory |                   A                   |     array    |
|A_ce1       | out |    1|  ap_memory |                   A                   |     array    |
|A_we1       | out |    1|  ap_memory |                   A                   |     array    |
|A_d1        | out |   32|  ap_memory |                   A                   |     array    |
|A_q1        |  in |   32|  ap_memory |                   A                   |     array    |
|startA      |  in |    6|   ap_none  |                 startA                |    scalar    |
|endA        |  in |    7|   ap_none  |                  endA                 |    scalar    |
+------------+-----+-----+------------+---------------------------------------+--------------+

