

================================================================
== Vivado HLS Report for 'heapSort_noRecurv'
================================================================
* Date:           Wed Jun 23 13:52:52 2021

* Version:        2016.1 (Build 1538259 on Fri Apr 08 16:12:49 MDT 2016)
* Project:        heapSort
* Solution:       solution1
* Product family: artix7
* Target device:  xc7a100tcsg324-1


================================================================
== Performance Estimates
================================================================
+ Timing (ns): 
    * Summary: 
    +--------+-------+----------+------------+
    |  Clock | Target| Estimated| Uncertainty|
    +--------+-------+----------+------------+
    |ap_clk  |  10.00|      7.74|        1.25|
    +--------+-------+----------+------------+

+ Latency (clock cycles): 
    * Summary: 
    +-----+-------+-----+-------+---------+
    |   Latency   |   Interval  | Pipeline|
    | min |  max  | min |  max  |   Type  |
    +-----+-------+-----+-------+---------+
    |  698|  55994|  699|  55995|   none  |
    +-----+-------+-----+-------+---------+

    + Detail: 
        * Instance: 
        +--------------------------------------------------+---------------------------------------+-----+-----+-----+-----+---------+
        |                                                  |                                       |  Latency  |  Interval | Pipeline|
        |                     Instance                     |                 Module                | min | max | min | max |   Type  |
        +--------------------------------------------------+---------------------------------------+-----+-----+-----+-----+---------+
        |grp_heapSort_noRecurv_maxHeapify_noRecurv_fu_116  |heapSort_noRecurv_maxHeapify_noRecurv  |    1|  769|    1|  769|   none  |
        +--------------------------------------------------+---------------------------------------+-----+-----+-----+-----+---------+

        * Loop: 
        +----------+-----+-------+----------+-----------+-----------+------+----------+
        |          |   Latency   | Iteration|  Initiation Interval  | Trip |          |
        | Loop Name| min |  max  |  Latency |  achieved |   target  | Count| Pipelined|
        +----------+-----+-------+----------+-----------+-----------+------+----------+
        |- Loop 1  |   72|  18504|  3 ~ 771 |          -|          -|    24|    no    |
        |- Loop 2  |  624|  37488| 13 ~ 781 |          -|          -|    48|    no    |
        +----------+-----+-------+----------+-----------+-----------+------+----------+



================================================================
== Utilization Estimates
================================================================
* Summary: 
+-----------------+---------+-------+--------+-------+
|       Name      | BRAM_18K| DSP48E|   FF   |  LUT  |
+-----------------+---------+-------+--------+-------+
|DSP              |        -|      -|       -|      -|
|Expression       |        -|      -|       0|    470|
|FIFO             |        -|      -|       -|      -|
|Instance         |        -|      0|    1149|   1668|
|Memory           |        -|      -|       -|      -|
|Multiplexer      |        -|      -|       -|    116|
|Register         |        -|      -|     146|      -|
+-----------------+---------+-------+--------+-------+
|Total            |        0|      0|    1295|   2254|
+-----------------+---------+-------+--------+-------+
|Available        |      270|    240|  126800|  63400|
+-----------------+---------+-------+--------+-------+
|Utilization (%)  |        0|      0|       1|      3|
+-----------------+---------+-------+--------+-------+

+ Detail: 
    * Instance: 
    +--------------------------------------------------+---------------------------------------+---------+-------+-----+------+
    |                     Instance                     |                 Module                | BRAM_18K| DSP48E|  FF |  LUT |
    +--------------------------------------------------+---------------------------------------+---------+-------+-----+------+
    |grp_heapSort_noRecurv_maxHeapify_noRecurv_fu_116  |heapSort_noRecurv_maxHeapify_noRecurv  |        0|      0|  810|  1295|
    |heapSort_noRecurv_sitofp_32ns_32_6_U5             |heapSort_noRecurv_sitofp_32ns_32_6     |        0|      0|  339|   373|
    +--------------------------------------------------+---------------------------------------+---------+-------+-----+------+
    |Total                                             |                                       |        0|      0| 1149|  1668|
    +--------------------------------------------------+---------------------------------------+---------+-------+-----+------+

    * DSP48: 
    N/A

    * Memory: 
    N/A

    * FIFO: 
    N/A

    * Expression: 
    +--------------------------+----------+-------+---+-----+------------+------------+
    |       Variable Name      | Operation| DSP48E| FF| LUT | Bitwidth P0| Bitwidth P1|
    +--------------------------+----------+-------+---+-----+------------+------------+
    |i_2_fu_139_p2             |     +    |      0|  0|    6|           6|           2|
    |i_3_fu_299_p2             |     +    |      0|  0|    7|           2|           7|
    |sh_assign_fu_192_p2       |     +    |      0|  0|    9|           8|           9|
    |p_Val2_7_i_i_i_fu_286_p2  |     -    |      0|  0|   32|           1|          32|
    |tmp_2_i_i_i_fu_206_p2     |     -    |      0|  0|    8|           7|           8|
    |tmp_4_i_i_i_fu_245_p2     |   lshr   |      0|  0|   67|          24|          24|
    |p_Val2_8_fu_279_p3        |  select  |      0|  0|   32|           1|          32|
    |p_Val2_s_fu_292_p3        |  select  |      0|  0|   32|           1|          32|
    |sh_assign_2_fu_216_p3     |  select  |      0|  0|    9|           1|           9|
    |tmp_6_i_i_i_fu_251_p2     |    shl   |      0|  0|  268|          78|          78|
    +--------------------------+----------+-------+---+-----+------------+------------+
    |Total                     |          |      0|  0|  470|         129|         233|
    +--------------------------+----------+-------+---+-----+------------+------------+

    * Multiplexer: 
    +---------------------------------------------------------+----+-----------+-----+-----------+
    |                           Name                          | LUT| Input Size| Bits| Total Bits|
    +---------------------------------------------------------+----+-----------+-----+-----------+
    |A_address0                                               |   6|          4|    6|         24|
    |A_address1                                               |   6|          3|    6|         18|
    |A_ce0                                                    |   1|          3|    1|          3|
    |A_ce1                                                    |   1|          3|    1|          3|
    |A_d0                                                     |  32|          3|   32|         96|
    |A_d1                                                     |  32|          3|   32|         96|
    |A_we0                                                    |   1|          3|    1|          3|
    |A_we1                                                    |   1|          3|    1|          3|
    |ap_NS_fsm                                                |  10|         16|    1|         16|
    |grp_heapSort_noRecurv_maxHeapify_noRecurv_fu_116_endA    |   7|          3|    7|         21|
    |grp_heapSort_noRecurv_maxHeapify_noRecurv_fu_116_startA  |   6|          3|    6|         18|
    |i_assign_reg_104                                         |   7|          2|    7|         14|
    |i_reg_92                                                 |   6|          2|    6|         12|
    +---------------------------------------------------------+----+-----------+-----+-----------+
    |Total                                                    | 116|         51|  107|        327|
    +---------------------------------------------------------+----+-----------+-----+-----------+

    * Register: 
    +------------------------------------------------------------------+----+----+-----+-----------+
    |                               Name                               | FF | LUT| Bits| Const Bits|
    +------------------------------------------------------------------+----+----+-----+-----------+
    |A_addr_6_reg_321                                                  |   6|   0|    6|          0|
    |ap_CS_fsm                                                         |  15|   0|   15|          0|
    |ap_reg_grp_heapSort_noRecurv_maxHeapify_noRecurv_fu_116_ap_start  |   1|   0|    1|          0|
    |i_2_reg_308                                                       |   6|   0|    6|          0|
    |i_3_reg_357                                                       |   7|   0|    7|          0|
    |i_assign_reg_104                                                  |   7|   0|    7|          0|
    |i_reg_92                                                          |   6|   0|    6|          0|
    |isNeg_reg_336                                                     |   1|   0|    1|          0|
    |loc_V_2_reg_331                                                   |  23|   0|   23|          0|
    |p_Result_s_reg_326                                                |   1|   0|    1|          0|
    |p_Val2_s_reg_347                                                  |  32|   0|   32|          0|
    |sh_assign_2_reg_341                                               |   9|   0|    9|          0|
    |tmp_2_i_reg_352                                                   |  32|   0|   32|          0|
    +------------------------------------------------------------------+----+----+-----+-----------+
    |Total                                                             | 146|   0|  146|          0|
    +------------------------------------------------------------------+----+----+-----+-----------+



================================================================
== Interface
================================================================
* Summary: 
+------------+-----+-----+------------+-------------------+--------------+
|  RTL Ports | Dir | Bits|  Protocol  |   Source Object   |    C Type    |
+------------+-----+-----+------------+-------------------+--------------+
|ap_clk      |  in |    1| ap_ctrl_hs | heapSort_noRecurv | return value |
|ap_rst      |  in |    1| ap_ctrl_hs | heapSort_noRecurv | return value |
|ap_start    |  in |    1| ap_ctrl_hs | heapSort_noRecurv | return value |
|ap_done     | out |    1| ap_ctrl_hs | heapSort_noRecurv | return value |
|ap_idle     | out |    1| ap_ctrl_hs | heapSort_noRecurv | return value |
|ap_ready    | out |    1| ap_ctrl_hs | heapSort_noRecurv | return value |
|A_address0  | out |    6|  ap_memory |         A         |     array    |
|A_ce0       | out |    1|  ap_memory |         A         |     array    |
|A_we0       | out |    1|  ap_memory |         A         |     array    |
|A_d0        | out |   32|  ap_memory |         A         |     array    |
|A_q0        |  in |   32|  ap_memory |         A         |     array    |
|A_address1  | out |    6|  ap_memory |         A         |     array    |
|A_ce1       | out |    1|  ap_memory |         A         |     array    |
|A_we1       | out |    1|  ap_memory |         A         |     array    |
|A_d1        | out |   32|  ap_memory |         A         |     array    |
|A_q1        |  in |   32|  ap_memory |         A         |     array    |
+------------+-----+-----+------------+-------------------+--------------+

