                             latency        interval
transaction       0:           65792           65793
transaction       1:               2               3
transaction       2:               2               3
transaction       3:               2               3
transaction       4:               2               3
transaction       5:               2               3
transaction       6:               2               3
transaction       7:               2               3
transaction       8:               2               3
transaction       9:               2               3
transaction      10:               2               3
transaction      11:               2               3
transaction      12:               2               3
transaction      13:               2               3
transaction      14:               2               3
transaction      15:               2               3
transaction      16:               2               3
transaction      17:               2               3
transaction      18:               2               3
transaction      19:               2               3
transaction      20:               2               3
transaction      21:               2               3
transaction      22:               2               3
transaction      23:               2               3
transaction      24:               2               3
transaction      25:               2               3
transaction      26:               2               3
transaction      27:               2               3
transaction      28:               2               3
transaction      29:               2               3
transaction      30:               2               3
transaction      31:               2               3
transaction      32:               2               3
transaction      33:               2               3
transaction      34:               2               3
transaction      35:               2               3
transaction      36:               2               3
transaction      37:               2               3
transaction      38:               2               3
transaction      39:               2               3
transaction      40:               2               3
transaction      41:               2               3
transaction      42:               2               3
transaction      43:               2               3
transaction      44:               2               3
transaction      45:               2               3
transaction      46:               2               3
transaction      47:               2               3
transaction      48:               2               3
transaction      49:               2               3
transaction      50:               2               3
transaction      51:               2               3
transaction      52:               2               3
transaction      53:               2               3
transaction      54:               2               3
transaction      55:               2               3
transaction      56:               2               3
transaction      57:               2               3
transaction      58:               2               3
transaction      59:               2               3
transaction      60:               2               3
transaction      61:               2               3
transaction      62:               2               3
transaction      63:               2               3
transaction      64:               2               3
transaction      65:               2               3
transaction      66:               2               3
transaction      67:               2               3
transaction      68:               2               3
transaction      69:               2               3
transaction      70:               2               3
transaction      71:               2               3
transaction      72:               2               3
transaction      73:               2               3
transaction      74:               2               3
transaction      75:               2               3
transaction      76:               2               3
transaction      77:               2               3
transaction      78:               2               3
transaction      79:               2               3
transaction      80:               2               3
transaction      81:               2               3
transaction      82:               2               3
transaction      83:               2               3
transaction      84:               2               3
transaction      85:               2               3
transaction      86:               2               3
transaction      87:               2               3
transaction      88:               2               3
transaction      89:               2               3
transaction      90:               2               3
transaction      91:               2               3
transaction      92:               2               3
transaction      93:               2               3
transaction      94:               2               3
transaction      95:               2               3
transaction      96:               2               3
transaction      97:               2               3
transaction      98:               2               3
transaction      99:               2               3
transaction     100:               2               3
transaction     101:               2               3
transaction     102:               2               3
transaction     103:               2               3
transaction     104:               2               3
transaction     105:               2               3
transaction     106:               2               3
transaction     107:               2               3
transaction     108:               2               3
transaction     109:               2               3
transaction     110:               2               3
transaction     111:               2               3
transaction     112:               2               3
transaction     113:               2               3
transaction     114:               2               3
transaction     115:               2               3
transaction     116:               2               3
transaction     117:               2               3
transaction     118:               2               3
transaction     119:               2               3
transaction     120:               2               3
transaction     121:               2               3
transaction     122:               2               3
transaction     123:               2               3
transaction     124:               2               3
transaction     125:               2               3
transaction     126:               2               3
transaction     127:               2               3
transaction     128:               2               3
transaction     129:               2               3
transaction     130:               2               3
transaction     131:               2               3
transaction     132:               2               3
transaction     133:               2               3
transaction     134:               2               3
transaction     135:               2               3
transaction     136:               2               3
transaction     137:               2               3
transaction     138:               2               3
transaction     139:               2               3
transaction     140:               2               3
transaction     141:               2               3
transaction     142:               2               3
transaction     143:               2               3
transaction     144:               2               3
transaction     145:               2               3
transaction     146:               2               3
transaction     147:               2               3
transaction     148:               2               3
transaction     149:               2               3
transaction     150:               2               3
transaction     151:               2               3
transaction     152:               2               3
transaction     153:               2               3
transaction     154:               2               3
transaction     155:               2               3
transaction     156:               2               3
transaction     157:               2               3
transaction     158:               2               3
transaction     159:               2               3
transaction     160:               2               3
transaction     161:               2               3
transaction     162:               2               3
transaction     163:               2               3
transaction     164:               2               3
transaction     165:               2               3
transaction     166:               2               3
transaction     167:               2               3
transaction     168:               2               3
transaction     169:               2               3
transaction     170:               2               3
transaction     171:               2               3
transaction     172:               2               3
transaction     173:               2               3
transaction     174:               2               3
transaction     175:               2               3
transaction     176:               2               3
transaction     177:               2               3
transaction     178:               2               3
transaction     179:               2               3
transaction     180:               2               3
transaction     181:               2               3
transaction     182:               2               3
transaction     183:               2               3
transaction     184:               2               3
transaction     185:               2               3
transaction     186:               2               3
transaction     187:               2               3
transaction     188:               2               3
transaction     189:               2               3
transaction     190:               2               3
transaction     191:               2               3
transaction     192:               2               3
transaction     193:               2               3
transaction     194:               2               3
transaction     195:               2               3
transaction     196:               2               3
transaction     197:               2               3
transaction     198:               2               3
transaction     199:               2               3
transaction     200:               2               3
transaction     201:               2               3
transaction     202:               2               3
transaction     203:               2               3
transaction     204:               2               3
transaction     205:               2               3
transaction     206:               2               3
transaction     207:               2               3
transaction     208:               2               3
transaction     209:               2               3
transaction     210:               2               3
transaction     211:               2               3
transaction     212:               2               3
transaction     213:               2               3
transaction     214:               2               3
transaction     215:               2               3
transaction     216:               2               3
transaction     217:               2               3
transaction     218:               2               3
transaction     219:               2               3
transaction     220:               2               3
transaction     221:               2               3
transaction     222:               2               3
transaction     223:               2               3
transaction     224:               2               3
transaction     225:               2               3
transaction     226:               2               3
transaction     227:               2               3
transaction     228:               2               3
transaction     229:               2               3
transaction     230:               2               3
transaction     231:               2               3
transaction     232:               2               3
transaction     233:               2               3
transaction     234:               2               3
transaction     235:               2               3
transaction     236:               2               3
transaction     237:               2               3
transaction     238:               2               3
transaction     239:               2               3
transaction     240:               2               3
transaction     241:               2               3
transaction     242:               2               3
transaction     243:               2               3
transaction     244:               2               3
transaction     245:               2               3
transaction     246:               2               3
transaction     247:               2               3
transaction     248:               2               3
transaction     249:               2               3
transaction     250:               2               3
transaction     251:               2               3
transaction     252:               2               3
transaction     253:               2               3
transaction     254:               2               3
transaction     255:               2               3
transaction     256:               2               x
