#-----------------------------------------------------------
# Vivado v2016.1 (64-bit)
# SW Build 1538259 on Fri Apr  8 15:45:27 MDT 2016
# IP Build 1537824 on Fri Apr  8 04:28:57 MDT 2016
# Start of session at: Thu Jul 08 11:50:28 2021
# Process ID: 14580
# Current directory: C:/Users/aaron/Desktop/git_article/vivadoProjects/insertion_sort/solution1/sim/verilog
# Command line: vivado.exe -source open_wave.tcl
# Log file: C:/Users/aaron/Desktop/git_article/vivadoProjects/insertion_sort/solution1/sim/verilog/vivado.log
# Journal file: C:/Users/aaron/Desktop/git_article/vivadoProjects/insertion_sort/solution1/sim/verilog\vivado.jou
#-----------------------------------------------------------
start_gui
source open_wave.tcl
# current_fileset
INFO: [IP_Flow 19-234] Refreshing IP repositories
INFO: [IP_Flow 19-1704] No user IP repositories specified
INFO: [IP_Flow 19-2313] Loaded Vivado IP repository 'C:/Xilinx/Vivado/2016.1/data/ip'.
# open_wave_database insertionSort.wdb
open_wave_config C:/Users/aaron/Desktop/git_article/vivadoProjects/insertion_sort/solution1/sim/verilog/insertionSort.wcfg
close_sim
INFO: [Simtcl 6-16] Simulation closed
exit
INFO: [Common 17-206] Exiting Vivado at Thu Jul 08 11:54:49 2021...
