Vivado Simulator 2016.1
Copyright 1986-1999, 2001-2016 Xilinx, Inc. All Rights Reserved.
Running: C:/Xilinx/Vivado/2016.1/bin/unwrapped/win64.o/xelab.exe xil_defaultlib.apatb_insertionSort_top -prj insertionSort.prj --lib ieee_proposed=./ieee_proposed -s insertionSort -debug wave 
Multi-threading is on. Using 6 slave threads.
INFO: [VRFC 10-2263] Analyzing Verilog file "C:/Users/aaron/Desktop/git_article/vivadoProjects/insertion_sort/solution1/sim/verilog/insertionSort.autotb.v" into library xil_defaultlib
INFO: [VRFC 10-311] analyzing module apatb_insertionSort_top
INFO: [VRFC 10-2458] undeclared symbol ap_clk, assumed default net type wire [C:/Users/aaron/Desktop/git_article/vivadoProjects/insertion_sort/solution1/sim/verilog/insertionSort.autotb.v:83]
INFO: [VRFC 10-2458] undeclared symbol ap_rst, assumed default net type wire [C:/Users/aaron/Desktop/git_article/vivadoProjects/insertion_sort/solution1/sim/verilog/insertionSort.autotb.v:84]
INFO: [VRFC 10-2458] undeclared symbol ap_rst_n, assumed default net type wire [C:/Users/aaron/Desktop/git_article/vivadoProjects/insertion_sort/solution1/sim/verilog/insertionSort.autotb.v:96]
INFO: [VRFC 10-2263] Analyzing Verilog file "C:/Users/aaron/Desktop/git_article/vivadoProjects/insertion_sort/solution1/sim/verilog/insertionSort.v" into library xil_defaultlib
INFO: [VRFC 10-311] analyzing module insertionSort
INFO: [VRFC 10-2263] Analyzing Verilog file "C:/Users/aaron/Desktop/git_article/vivadoProjects/insertion_sort/solution1/sim/verilog/insertionSort_A.v" into library xil_defaultlib
INFO: [VRFC 10-311] analyzing module insertionSort_A_ram
INFO: [VRFC 10-311] analyzing module insertionSort_A
Starting static elaboration
Completed static elaboration
Starting simulation data flow analysis
Completed simulation data flow analysis
Time Resolution for simulation is 1ps
Compiling module xil_defaultlib.insertionSort_A_ram
Compiling module xil_defaultlib.insertionSort_A(DataWidth=16,Add...
Compiling module xil_defaultlib.insertionSort
Compiling module xil_defaultlib.apatb_insertionSort_top
Built simulation snapshot insertionSort
